2024-01-30 11:38:27.822 [info] Log level: Info
2024-01-30 11:38:27.822 [info] Validating found git in: "git"
2024-01-30 11:38:27.822 [info] Using git "2.30.2" from "git"
2024-01-30 11:38:27.822 [info] > git rev-parse --show-toplevel [120ms]
2024-01-30 11:38:27.822 [info] > git rev-parse --git-dir --git-common-dir [70ms]
2024-01-30 11:38:27.822 [info] Open repository: /home/jagaimo
2024-01-30 11:38:27.867 [info] > git config --get commit.template [34ms]
2024-01-30 11:38:27.890 [info] > git rev-parse --show-toplevel [48ms]
2024-01-30 11:38:27.890 [info] fatal: this operation must be run in a work tree
2024-01-30 11:38:27.911 [info] > git rev-parse --show-toplevel [2ms]
2024-01-30 11:38:27.912 [info] > git for-each-ref --format=%(refname)%00%(upstream:short)%00%(objectname)%00%(upstream:track)%00%(upstream:remotename)%00%(upstream:remoteref) refs/heads/feature-product-index refs/remotes/feature-product-index [12ms]
2024-01-30 11:38:28.002 [info] > git status -z -uall [83ms]
2024-01-30 11:38:28.017 [info] > git rev-parse --show-toplevel [88ms]
2024-01-30 11:38:28.048 [info] > git config --get commit.template [4ms]
2024-01-30 11:38:28.048 [info] > git rev-parse --show-toplevel [11ms]
2024-01-30 11:38:28.068 [info] > git rev-parse --show-toplevel [12ms]
2024-01-30 11:38:28.084 [info] > git for-each-ref --format=%(refname)%00%(upstream:short)%00%(objectname)%00%(upstream:track)%00%(upstream:remotename)%00%(upstream:remoteref) refs/heads/feature-product-index refs/remotes/feature-product-index [20ms]
2024-01-30 11:38:28.100 [info] > git rev-parse --show-toplevel [22ms]
2024-01-30 11:38:28.209 [info] > git status -z -uall [120ms]
2024-01-30 11:38:28.210 [info] > git rev-parse --show-toplevel [63ms]
2024-01-30 11:38:28.219 [info] > git rev-parse --show-toplevel [0ms]
2024-01-30 11:38:28.229 [info] > git rev-parse --show-toplevel [2ms]
2024-01-30 11:38:28.237 [info] > git rev-parse --show-toplevel [1ms]
2024-01-30 11:38:28.244 [info] > git rev-parse --show-toplevel [1ms]
2024-01-30 11:38:28.251 [info] > git rev-parse --show-toplevel [0ms]
2024-01-30 11:38:28.257 [info] > git rev-parse --show-toplevel [0ms]
2024-01-30 11:38:28.265 [info] > git rev-parse --show-toplevel [0ms]
2024-01-30 11:38:28.276 [info] > git rev-parse --show-toplevel [5ms]
2024-01-30 11:38:28.283 [info] > git rev-parse --show-toplevel [1ms]
2024-01-30 11:38:28.447 [info] > git check-ignore -v -z --stdin [7ms]
2024-01-30 11:38:28.548 [info] > git show --textconv :.git/config [7ms]
2024-01-30 11:38:28.549 [info] > git ls-files --stage -- /home/jagaimo/.git/config [2ms]
2024-01-30 11:38:29.605 [info] > git config --get commit.template [1ms]
2024-01-30 11:38:29.614 [info] > git for-each-ref --format=%(refname)%00%(upstream:short)%00%(objectname)%00%(upstream:track)%00%(upstream:remotename)%00%(upstream:remoteref) refs/heads/feature-product-index refs/remotes/feature-product-index [1ms]
2024-01-30 11:38:29.643 [info] > git status -z -uall [23ms]
2024-01-30 11:40:23.773 [info] > git show --textconv :.github/workflows/reviewdog.yml [9ms]
2024-01-30 11:40:23.777 [info] > git ls-files --stage -- /home/jagaimo/.github/workflows/reviewdog.yml [3ms]
2024-01-30 11:40:23.786 [info] > git cat-file -s 127b0d3867e45c71667235193116a5e09c971338 [1ms]
2024-01-30 11:40:24.363 [info] > git show --textconv :.git/config [12ms]
2024-01-30 11:40:24.365 [info] > git ls-files --stage -- /home/jagaimo/.git/config [5ms]
2024-01-30 11:40:24.702 [info] > git check-ignore -v -z --stdin [5ms]
2024-01-30 11:40:53.457 [info] > git config --get commit.template [3ms]
2024-01-30 11:40:53.467 [info] > git for-each-ref --format=%(refname)%00%(upstream:short)%00%(objectname)%00%(upstream:track)%00%(upstream:remotename)%00%(upstream:remoteref) refs/heads/feature-product-index refs/remotes/feature-product-index [1ms]
2024-01-30 11:40:53.503 [info] > git status -z -uall [24ms]
2024-01-30 11:40:58.524 [info] > git config --get commit.template [7ms]
2024-01-30 11:40:58.524 [info] > git for-each-ref --format=%(refname)%00%(upstream:short)%00%(objectname)%00%(upstream:track)%00%(upstream:remotename)%00%(upstream:remoteref) refs/heads/feature-product-index refs/remotes/feature-product-index [1ms]
2024-01-30 11:40:58.551 [info] > git status -z -uall [20ms]
2024-01-30 11:41:20.454 [info] > git config --get commit.template [33ms]
2024-01-30 11:41:20.455 [info] > git for-each-ref --format=%(refname)%00%(upstream:short)%00%(objectname)%00%(upstream:track)%00%(upstream:remotename)%00%(upstream:remoteref) refs/heads/feature-product-index refs/remotes/feature-product-index [3ms]
2024-01-30 11:41:20.573 [info] > git status -z -uall [83ms]
2024-01-30 11:41:25.597 [info] > git config --get commit.template [1ms]
2024-01-30 11:41:25.606 [info] > git for-each-ref --format=%(refname)%00%(upstream:short)%00%(objectname)%00%(upstream:track)%00%(upstream:remotename)%00%(upstream:remoteref) refs/heads/feature-product-index refs/remotes/feature-product-index [1ms]
2024-01-30 11:41:25.631 [info] > git status -z -uall [19ms]
2024-01-30 11:50:55.530 [info] > git config --get commit.template [1ms]
2024-01-30 11:50:55.548 [info] > git for-each-ref --format=%(refname)%00%(upstream:short)%00%(objectname)%00%(upstream:track)%00%(upstream:remotename)%00%(upstream:remoteref) refs/heads/feature-product-index refs/remotes/feature-product-index [10ms]
2024-01-30 11:50:55.558 [info] > git ls-files --stage -- /home/jagaimo/.git/config [12ms]
2024-01-30 11:50:55.574 [info] > git show --textconv :.git/config [3ms]
2024-01-30 11:50:55.578 [info] > git status -z -uall [21ms]
2024-01-30 12:48:28.373 [info] > git config --get commit.template [15ms]
2024-01-30 12:48:28.384 [info] > git ls-files --stage -- /home/jagaimo/.git/config [16ms]
2024-01-30 12:48:28.386 [info] > git for-each-ref --format=%(refname)%00%(upstream:short)%00%(objectname)%00%(upstream:track)%00%(upstream:remotename)%00%(upstream:remoteref) refs/heads/feature-product-index refs/remotes/feature-product-index [5ms]
2024-01-30 12:48:28.415 [info] > git show --textconv :.git/config [3ms]
2024-01-30 12:48:28.423 [info] > git status -z -uall [28ms]
2024-01-30 12:49:08.395 [info] > git check-ignore -v -z --stdin [4ms]
2024-01-30 12:49:12.048 [info] > git config --get commit.template [7ms]
2024-01-30 12:49:12.064 [info] > git for-each-ref --format=%(refname)%00%(upstream:short)%00%(objectname)%00%(upstream:track)%00%(upstream:remotename)%00%(upstream:remoteref) refs/heads/feature-product-index refs/remotes/feature-product-index [2ms]
2024-01-30 12:49:12.105 [info] > git status -z -uall [27ms]
2024-01-30 12:51:41.045 [info] > git config --get commit.template [1ms]
2024-01-30 12:51:41.053 [info] > git for-each-ref --format=%(refname)%00%(upstream:short)%00%(objectname)%00%(upstream:track)%00%(upstream:remotename)%00%(upstream:remoteref) refs/heads/feature-product-index refs/remotes/feature-product-index [1ms]
2024-01-30 12:51:41.084 [info] > git status -z -uall [23ms]
2024-01-30 12:51:48.057 [info] > git config --get commit.template [9ms]
2024-01-30 12:51:48.058 [info] > git for-each-ref --format=%(refname)%00%(upstream:short)%00%(objectname)%00%(upstream:track)%00%(upstream:remotename)%00%(upstream:remoteref) refs/heads/feature-product-index refs/remotes/feature-product-index [2ms]
2024-01-30 12:51:48.086 [info] > git status -z -uall [20ms]
2024-01-30 12:51:53.098 [info] > git config --get commit.template [1ms]
2024-01-30 12:51:53.106 [info] > git for-each-ref --format=%(refname)%00%(upstream:short)%00%(objectname)%00%(upstream:track)%00%(upstream:remotename)%00%(upstream:remoteref) refs/heads/feature-product-index refs/remotes/feature-product-index [1ms]
2024-01-30 12:51:53.130 [info] > git status -z -uall [17ms]
2024-01-30 12:51:58.151 [info] > git config --get commit.template [9ms]
2024-01-30 12:51:58.152 [info] > git for-each-ref --format=%(refname)%00%(upstream:short)%00%(objectname)%00%(upstream:track)%00%(upstream:remotename)%00%(upstream:remoteref) refs/heads/feature-product-index refs/remotes/feature-product-index [1ms]
2024-01-30 12:51:58.177 [info] > git status -z -uall [19ms]
2024-01-30 12:52:05.260 [info] > git config --get commit.template [1ms]
2024-01-30 12:52:05.274 [info] > git for-each-ref --format=%(refname)%00%(upstream:short)%00%(objectname)%00%(upstream:track)%00%(upstream:remotename)%00%(upstream:remoteref) refs/heads/feature-product-index refs/remotes/feature-product-index [2ms]
2024-01-30 12:52:05.311 [info] > git status -z -uall [25ms]
2024-01-30 12:52:10.323 [info] > git config --get commit.template [0ms]
2024-01-30 12:52:10.331 [info] > git for-each-ref --format=%(refname)%00%(upstream:short)%00%(objectname)%00%(upstream:track)%00%(upstream:remotename)%00%(upstream:remoteref) refs/heads/feature-product-index refs/remotes/feature-product-index [1ms]
2024-01-30 12:52:10.358 [info] > git status -z -uall [19ms]
2024-01-30 12:52:15.380 [info] > git config --get commit.template [9ms]
2024-01-30 12:52:15.381 [info] > git for-each-ref --format=%(refname)%00%(upstream:short)%00%(objectname)%00%(upstream:track)%00%(upstream:remotename)%00%(upstream:remoteref) refs/heads/feature-product-index refs/remotes/feature-product-index [1ms]
2024-01-30 12:52:15.416 [info] > git status -z -uall [25ms]
2024-01-30 12:52:20.427 [info] > git config --get commit.template [1ms]
2024-01-30 12:52:20.435 [info] > git for-each-ref --format=%(refname)%00%(upstream:short)%00%(objectname)%00%(upstream:track)%00%(upstream:remotename)%00%(upstream:remoteref) refs/heads/feature-product-index refs/remotes/feature-product-index [1ms]
2024-01-30 12:52:20.461 [info] > git status -z -uall [20ms]
2024-01-30 12:52:25.475 [info] > git config --get commit.template [1ms]
2024-01-30 12:52:25.483 [info] > git for-each-ref --format=%(refname)%00%(upstream:short)%00%(objectname)%00%(upstream:track)%00%(upstream:remotename)%00%(upstream:remoteref) refs/heads/feature-product-index refs/remotes/feature-product-index [1ms]
2024-01-30 12:52:25.511 [info] > git status -z -uall [20ms]
2024-01-30 12:52:30.531 [info] > git config --get commit.template [9ms]
2024-01-30 12:52:30.531 [info] > git for-each-ref --format=%(refname)%00%(upstream:short)%00%(objectname)%00%(upstream:track)%00%(upstream:remotename)%00%(upstream:remoteref) refs/heads/feature-product-index refs/remotes/feature-product-index [1ms]
2024-01-30 12:52:30.562 [info] > git status -z -uall [23ms]
2024-01-30 12:52:35.577 [info] > git config --get commit.template [1ms]
2024-01-30 12:52:35.585 [info] > git for-each-ref --format=%(refname)%00%(upstream:short)%00%(objectname)%00%(upstream:track)%00%(upstream:remotename)%00%(upstream:remoteref) refs/heads/feature-product-index refs/remotes/feature-product-index [1ms]
2024-01-30 12:52:35.611 [info] > git status -z -uall [20ms]
2024-01-30 12:55:33.380 [info] > git config --get commit.template [21ms]
2024-01-30 12:55:33.381 [info] > git for-each-ref --format=%(refname)%00%(upstream:short)%00%(objectname)%00%(upstream:track)%00%(upstream:remotename)%00%(upstream:remoteref) refs/heads/feature-product-index refs/remotes/feature-product-index [3ms]
2024-01-30 12:55:33.431 [info] > git status -z -uall [38ms]
2024-01-30 12:55:38.450 [info] > git config --get commit.template [8ms]
2024-01-30 12:55:38.450 [info] > git for-each-ref --format=%(refname)%00%(upstream:short)%00%(objectname)%00%(upstream:track)%00%(upstream:remotename)%00%(upstream:remoteref) refs/heads/feature-product-index refs/remotes/feature-product-index [1ms]
2024-01-30 12:55:38.476 [info] > git status -z -uall [17ms]
2024-01-30 12:55:43.494 [info] > git config --get commit.template [8ms]
2024-01-30 12:55:43.494 [info] > git for-each-ref --format=%(refname)%00%(upstream:short)%00%(objectname)%00%(upstream:track)%00%(upstream:remotename)%00%(upstream:remoteref) refs/heads/feature-product-index refs/remotes/feature-product-index [1ms]
2024-01-30 12:55:43.523 [info] > git status -z -uall [21ms]
2024-01-30 12:55:48.535 [info] > git config --get commit.template [1ms]
2024-01-30 12:55:48.543 [info] > git for-each-ref --format=%(refname)%00%(upstream:short)%00%(objectname)%00%(upstream:track)%00%(upstream:remotename)%00%(upstream:remoteref) refs/heads/feature-product-index refs/remotes/feature-product-index [0ms]
2024-01-30 12:55:48.571 [info] > git status -z -uall [20ms]
2024-01-30 12:55:53.590 [info] > git config --get commit.template [7ms]
2024-01-30 12:55:53.590 [info] > git for-each-ref --format=%(refname)%00%(upstream:short)%00%(objectname)%00%(upstream:track)%00%(upstream:remotename)%00%(upstream:remoteref) refs/heads/feature-product-index refs/remotes/feature-product-index [1ms]
2024-01-30 12:55:53.617 [info] > git status -z -uall [21ms]
2024-01-30 12:55:58.636 [info] > git config --get commit.template [8ms]
2024-01-30 12:55:58.637 [info] > git for-each-ref --format=%(refname)%00%(upstream:short)%00%(objectname)%00%(upstream:track)%00%(upstream:remotename)%00%(upstream:remoteref) refs/heads/feature-product-index refs/remotes/feature-product-index [1ms]
2024-01-30 12:55:58.663 [info] > git status -z -uall [19ms]
2024-01-30 12:56:03.675 [info] > git config --get commit.template [1ms]
2024-01-30 12:56:03.683 [info] > git for-each-ref --format=%(refname)%00%(upstream:short)%00%(objectname)%00%(upstream:track)%00%(upstream:remotename)%00%(upstream:remoteref) refs/heads/feature-product-index refs/remotes/feature-product-index [1ms]
2024-01-30 12:56:03.708 [info] > git status -z -uall [18ms]
2024-01-30 12:56:08.719 [info] > git config --get commit.template [1ms]
2024-01-30 12:56:08.728 [info] > git for-each-ref --format=%(refname)%00%(upstream:short)%00%(objectname)%00%(upstream:track)%00%(upstream:remotename)%00%(upstream:remoteref) refs/heads/feature-product-index refs/remotes/feature-product-index [0ms]
2024-01-30 12:56:08.755 [info] > git status -z -uall [20ms]
2024-01-30 12:56:13.777 [info] > git config --get commit.template [8ms]
2024-01-30 12:56:13.778 [info] > git for-each-ref --format=%(refname)%00%(upstream:short)%00%(objectname)%00%(upstream:track)%00%(upstream:remotename)%00%(upstream:remoteref) refs/heads/feature-product-index refs/remotes/feature-product-index [1ms]
2024-01-30 12:56:13.814 [info] > git status -z -uall [27ms]
2024-01-30 12:56:18.839 [info] > git config --get commit.template [11ms]
2024-01-30 12:56:18.839 [info] > git for-each-ref --format=%(refname)%00%(upstream:short)%00%(objectname)%00%(upstream:track)%00%(upstream:remotename)%00%(upstream:remoteref) refs/heads/feature-product-index refs/remotes/feature-product-index [1ms]
2024-01-30 12:56:18.864 [info] > git status -z -uall [18ms]
2024-01-30 12:56:23.886 [info] > git config --get commit.template [7ms]
2024-01-30 12:56:23.887 [info] > git for-each-ref --format=%(refname)%00%(upstream:short)%00%(objectname)%00%(upstream:track)%00%(upstream:remotename)%00%(upstream:remoteref) refs/heads/feature-product-index refs/remotes/feature-product-index [1ms]
2024-01-30 12:56:23.913 [info] > git status -z -uall [21ms]
2024-01-30 12:56:28.926 [info] > git config --get commit.template [1ms]
2024-01-30 12:56:28.935 [info] > git for-each-ref --format=%(refname)%00%(upstream:short)%00%(objectname)%00%(upstream:track)%00%(upstream:remotename)%00%(upstream:remoteref) refs/heads/feature-product-index refs/remotes/feature-product-index [1ms]
2024-01-30 12:56:28.959 [info] > git status -z -uall [19ms]
2024-01-30 12:56:34.012 [info] > git config --get commit.template [22ms]
2024-01-30 12:56:34.015 [info] > git for-each-ref --format=%(refname)%00%(upstream:short)%00%(objectname)%00%(upstream:track)%00%(upstream:remotename)%00%(upstream:remoteref) refs/heads/feature-product-index refs/remotes/feature-product-index [5ms]
2024-01-30 12:56:34.097 [info] > git status -z -uall [61ms]
2024-01-30 12:56:47.280 [info] > git config --get commit.template [1ms]
2024-01-30 12:56:47.287 [info] > git for-each-ref --format=%(refname)%00%(upstream:short)%00%(objectname)%00%(upstream:track)%00%(upstream:remotename)%00%(upstream:remoteref) refs/heads/feature-product-index refs/remotes/feature-product-index [1ms]
2024-01-30 12:56:47.312 [info] > git status -z -uall [17ms]
2024-01-30 12:56:52.333 [info] > git config --get commit.template [8ms]
2024-01-30 12:56:52.333 [info] > git for-each-ref --format=%(refname)%00%(upstream:short)%00%(objectname)%00%(upstream:track)%00%(upstream:remotename)%00%(upstream:remoteref) refs/heads/feature-product-index refs/remotes/feature-product-index [1ms]
2024-01-30 12:56:52.356 [info] > git status -z -uall [17ms]
2024-01-30 13:37:23.470 [info] > git config --get commit.template [12ms]
2024-01-30 13:37:23.471 [info] > git for-each-ref --format=%(refname)%00%(upstream:short)%00%(objectname)%00%(upstream:track)%00%(upstream:remotename)%00%(upstream:remoteref) refs/heads/feature-product-index refs/remotes/feature-product-index [2ms]
2024-01-30 13:37:23.502 [info] > git status -z -uall [23ms]
2024-01-30 13:37:31.033 [info] > git config --get commit.template [2ms]
2024-01-30 13:37:31.049 [info] > git for-each-ref --format=%(refname)%00%(upstream:short)%00%(objectname)%00%(upstream:track)%00%(upstream:remotename)%00%(upstream:remoteref) refs/heads/feature-product-index refs/remotes/feature-product-index [2ms]
2024-01-30 13:37:31.089 [info] > git status -z -uall [28ms]
2024-01-30 13:37:36.142 [info] > git config --get commit.template [24ms]
2024-01-30 13:37:36.146 [info] > git for-each-ref --format=%(refname)%00%(upstream:short)%00%(objectname)%00%(upstream:track)%00%(upstream:remotename)%00%(upstream:remoteref) refs/heads/feature-product-index refs/remotes/feature-product-index [6ms]
2024-01-30 13:37:36.194 [info] > git status -z -uall [25ms]
2024-01-30 13:37:45.868 [info] > git check-ignore -v -z --stdin [6ms]
2024-01-30 13:37:46.147 [info] > git config --get commit.template [18ms]
2024-01-30 13:37:46.148 [info] > git for-each-ref --format=%(refname)%00%(upstream:short)%00%(objectname)%00%(upstream:track)%00%(upstream:remotename)%00%(upstream:remoteref) refs/heads/feature-product-index refs/remotes/feature-product-index [2ms]
2024-01-30 13:37:46.203 [info] > git status -z -uall [48ms]
2024-01-30 13:37:48.426 [info] > git check-ignore -v -z --stdin [2ms]
2024-01-30 13:37:49.486 [info] > git check-ignore -v -z --stdin [4ms]
2024-01-30 13:37:50.876 [info] > git check-ignore -v -z --stdin [3ms]
2024-01-30 13:37:51.226 [info] > git config --get commit.template [8ms]
2024-01-30 13:37:51.226 [info] > git for-each-ref --format=%(refname)%00%(upstream:short)%00%(objectname)%00%(upstream:track)%00%(upstream:remotename)%00%(upstream:remoteref) refs/heads/feature-product-index refs/remotes/feature-product-index [1ms]
2024-01-30 13:37:51.249 [info] > git status -z -uall [17ms]
2024-01-30 13:37:51.640 [info] > git check-ignore -v -z --stdin [3ms]
2024-01-30 13:37:52.205 [info] > git check-ignore -v -z --stdin [4ms]
2024-01-30 13:37:54.796 [info] > git check-ignore -v -z --stdin [2ms]
2024-01-30 13:37:56.269 [info] > git config --get commit.template [8ms]
2024-01-30 13:37:56.269 [info] > git for-each-ref --format=%(refname)%00%(upstream:short)%00%(objectname)%00%(upstream:track)%00%(upstream:remotename)%00%(upstream:remoteref) refs/heads/feature-product-index refs/remotes/feature-product-index [1ms]
2024-01-30 13:37:56.295 [info] > git status -z -uall [19ms]
2024-01-30 13:37:56.863 [info] > git check-ignore -v -z --stdin [3ms]
2024-01-30 13:54:53.901 [info] > git show --textconv :jagaimo/.ssh/known_hosts [10ms]
2024-01-30 13:54:53.905 [info] > git ls-files --stage -- /home/jagaimo/jagaimo/.ssh/known_hosts [5ms]
2024-01-30 13:54:53.917 [info] > git cat-file -s a1b487526bb73c10df3574e8694fb722b62ecf19 [3ms]
