2024-02-01 09:08:36.953 [info] Log level: Info
2024-02-01 09:08:36.953 [info] Validating found git in: "git"
2024-02-01 09:08:36.953 [info] Using git "2.30.2" from "git"
2024-02-01 09:08:36.953 [info] > git rev-parse --show-toplevel [6ms]
2024-02-01 09:08:36.954 [info] > git rev-parse --git-dir --git-common-dir [5ms]
2024-02-01 09:08:36.963 [info] Open repository: /home/jagaimo
2024-02-01 09:08:37.007 [info] > git rev-parse --show-toplevel [26ms]
2024-02-01 09:08:37.008 [info] > git config --get commit.template [34ms]
2024-02-01 09:08:37.053 [info] > git rev-parse --show-toplevel [35ms]
2024-02-01 09:08:37.060 [info] > git for-each-ref --format=%(refname)%00%(upstream:short)%00%(objectname)%00%(upstream:track)%00%(upstream:remotename)%00%(upstream:remoteref) refs/heads/feature-product-index refs/remotes/feature-product-index [15ms]
2024-02-01 09:08:37.068 [info] > git rev-parse --show-toplevel [10ms]
2024-02-01 09:08:37.084 [info] > git rev-parse --show-toplevel [6ms]
2024-02-01 09:08:37.091 [info] > git rev-parse --show-toplevel [1ms]
2024-02-01 09:08:37.101 [info] > git rev-parse --show-toplevel [1ms]
2024-02-01 09:08:37.109 [info] > git status -z -uall [44ms]
2024-02-01 09:08:37.110 [info] > git rev-parse --show-toplevel [2ms]
2024-02-01 09:08:37.180 [info] > git config --get commit.template [49ms]
2024-02-01 09:08:37.180 [info] > git rev-parse --show-toplevel [54ms]
2024-02-01 09:08:37.203 [info] > git for-each-ref --format=%(refname)%00%(upstream:short)%00%(objectname)%00%(upstream:track)%00%(upstream:remotename)%00%(upstream:remoteref) refs/heads/feature-product-index refs/remotes/feature-product-index [2ms]
2024-02-01 09:08:37.208 [info] > git rev-parse --show-toplevel [15ms]
2024-02-01 09:08:37.244 [info] > git status -z -uall [36ms]
2024-02-01 09:08:37.244 [info] > git rev-parse --show-toplevel [28ms]
2024-02-01 09:08:37.255 [info] > git rev-parse --show-toplevel [1ms]
2024-02-01 09:08:37.263 [info] > git rev-parse --show-toplevel [1ms]
2024-02-01 09:08:37.270 [info] > git rev-parse --show-toplevel [0ms]
2024-02-01 09:08:37.276 [info] > git rev-parse --show-toplevel [1ms]
2024-02-01 09:08:37.282 [info] > git rev-parse --show-toplevel [1ms]
2024-02-01 09:08:37.289 [info] > git rev-parse --show-toplevel [0ms]
2024-02-01 09:08:37.295 [info] > git rev-parse --show-toplevel [1ms]
2024-02-01 09:08:37.309 [info] > git config --get commit.template [1ms]
2024-02-01 09:08:37.315 [info] > git for-each-ref --format=%(refname)%00%(upstream:short)%00%(objectname)%00%(upstream:track)%00%(upstream:remotename)%00%(upstream:remoteref) refs/heads/feature-product-index refs/remotes/feature-product-index [1ms]
2024-02-01 09:08:37.337 [info] > git status -z -uall [17ms]
2024-02-01 09:08:37.482 [info] > git show --textconv :.github/workflows/docker.yml [8ms]
2024-02-01 09:08:37.483 [info] > git ls-files --stage -- /home/jagaimo/.github/workflows/docker.yml [3ms]
2024-02-01 09:08:37.489 [info] > git cat-file -s 3170aaa8e25efe7e763f5bf88e43df9a419da0db [0ms]
2024-02-01 09:08:37.545 [info] > git check-ignore -v -z --stdin [9ms]
2024-02-01 09:08:38.354 [info] > git config --get commit.template [3ms]
2024-02-01 09:08:38.364 [info] > git for-each-ref --format=%(refname)%00%(upstream:short)%00%(objectname)%00%(upstream:track)%00%(upstream:remotename)%00%(upstream:remoteref) refs/heads/feature-product-index refs/remotes/feature-product-index [1ms]
2024-02-01 09:08:38.397 [info] > git status -z -uall [25ms]
2024-02-01 09:08:45.347 [info] > git config --get commit.template [1ms]
2024-02-01 09:08:45.354 [info] > git for-each-ref --format=%(refname)%00%(upstream:short)%00%(objectname)%00%(upstream:track)%00%(upstream:remotename)%00%(upstream:remoteref) refs/heads/feature-product-index refs/remotes/feature-product-index [1ms]
2024-02-01 09:08:45.380 [info] > git status -z -uall [19ms]
2024-02-01 09:08:50.401 [info] > git config --get commit.template [6ms]
2024-02-01 09:08:50.401 [info] > git for-each-ref --format=%(refname)%00%(upstream:short)%00%(objectname)%00%(upstream:track)%00%(upstream:remotename)%00%(upstream:remoteref) refs/heads/feature-product-index refs/remotes/feature-product-index [1ms]
2024-02-01 09:08:50.426 [info] > git status -z -uall [17ms]
2024-02-01 09:08:55.441 [info] > git config --get commit.template [2ms]
2024-02-01 09:08:55.451 [info] > git for-each-ref --format=%(refname)%00%(upstream:short)%00%(objectname)%00%(upstream:track)%00%(upstream:remotename)%00%(upstream:remoteref) refs/heads/feature-product-index refs/remotes/feature-product-index [1ms]
2024-02-01 09:08:55.479 [info] > git status -z -uall [21ms]
