2024-01-26 06:54:31.329 [info] Log level: Info
2024-01-26 06:54:31.329 [info] Validating found git in: "git"
2024-01-26 06:54:31.329 [info] Using git "2.30.2" from "git"
2024-01-26 06:54:31.329 [info] > git rev-parse --show-toplevel [13ms]
2024-01-26 06:54:31.333 [info] > git rev-parse --git-dir --git-common-dir [363ms]
2024-01-26 06:54:31.353 [info] Open repository: /home/jagaimo
2024-01-26 06:54:31.493 [info] > git rev-parse --show-toplevel [121ms]
2024-01-26 06:54:31.495 [info] > git config --get commit.template [129ms]
2024-01-26 06:54:31.520 [info] > git rev-parse --show-toplevel [15ms]
2024-01-26 06:54:31.625 [info] > git for-each-ref --format=%(refname)%00%(upstream:short)%00%(objectname)%00%(upstream:track)%00%(upstream:remotename)%00%(upstream:remoteref) refs/heads/feature-product-index refs/remotes/feature-product-index [106ms]
2024-01-26 06:54:31.763 [info] > git rev-parse --show-toplevel [143ms]
2024-01-26 06:54:31.837 [info] > git status -z -uall [204ms]
2024-01-26 06:54:31.837 [info] > git rev-parse --show-toplevel [39ms]
2024-01-26 06:54:33.032 [info] > git check-ignore -v -z --stdin [980ms]
2024-01-26 06:54:33.071 [info] > git rev-parse --show-toplevel [1224ms]
2024-01-26 06:54:33.126 [info] > git config --get commit.template [117ms]
2024-01-26 06:54:33.130 [info] > git rev-parse --show-toplevel [9ms]
2024-01-26 06:54:33.175 [info] > git for-each-ref --format=%(refname)%00%(upstream:short)%00%(objectname)%00%(upstream:track)%00%(upstream:remotename)%00%(upstream:remoteref) refs/heads/feature-product-index refs/remotes/feature-product-index [17ms]
2024-01-26 06:54:33.188 [info] > git rev-parse --show-toplevel [18ms]
2024-01-26 06:54:33.205 [info] > git rev-parse --show-toplevel [3ms]
2024-01-26 06:54:33.222 [info] > git rev-parse --show-toplevel [2ms]
2024-01-26 06:54:33.240 [info] > git rev-parse --show-toplevel [5ms]
2024-01-26 06:54:33.260 [info] > git status -z -uall [73ms]
2024-01-26 06:54:33.261 [info] > git rev-parse --show-toplevel [4ms]
2024-01-26 06:54:34.449 [info] > git check-ignore -v -z --stdin [4ms]
2024-01-26 06:54:34.450 [info] > git rev-parse --show-toplevel [31ms]
2024-01-26 06:54:34.465 [info] > git rev-parse --show-toplevel [3ms]
2024-01-26 06:54:34.476 [info] > git rev-parse --show-toplevel [2ms]
2024-01-26 06:54:34.492 [info] > git rev-parse --show-toplevel [7ms]
2024-01-26 06:54:35.274 [info] > git check-ignore -v -z --stdin [2ms]
2024-01-26 06:54:40.487 [info] > git check-ignore -v -z --stdin [1ms]
2024-01-26 06:54:40.567 [info] > git config --get commit.template [11ms]
2024-01-26 06:54:40.568 [info] > git for-each-ref --format=%(refname)%00%(upstream:short)%00%(objectname)%00%(upstream:track)%00%(upstream:remotename)%00%(upstream:remoteref) refs/heads/feature-product-index refs/remotes/feature-product-index [3ms]
2024-01-26 06:54:40.613 [info] > git status -z -uall [37ms]
2024-01-26 06:54:42.935 [info] > git check-ignore -v -z --stdin [1ms]
2024-01-26 06:54:43.777 [info] > git check-ignore -v -z --stdin [1ms]
2024-01-26 06:54:44.856 [info] > git check-ignore -v -z --stdin [3ms]
2024-01-26 06:54:45.749 [info] > git config --get commit.template [13ms]
2024-01-26 06:54:45.751 [info] > git for-each-ref --format=%(refname)%00%(upstream:short)%00%(objectname)%00%(upstream:track)%00%(upstream:remotename)%00%(upstream:remoteref) refs/heads/feature-product-index refs/remotes/feature-product-index [4ms]
2024-01-26 06:54:45.806 [info] > git status -z -uall [45ms]
2024-01-26 06:54:47.128 [info] > git show --textconv :app/assets/builds/application.css [13ms]
2024-01-26 06:54:47.131 [info] > git ls-files --stage -- /home/jagaimo/app/assets/builds/application.css [5ms]
2024-01-26 06:54:48.681 [info] > git show --textconv :app/assets/builds/application.js [18ms]
2024-01-26 06:54:48.682 [info] > git ls-files --stage -- /home/jagaimo/app/assets/builds/application.js [4ms]
2024-01-26 06:54:49.510 [info] > git show --textconv :app/assets/builds/application.js.map [44ms]
2024-01-26 06:54:49.511 [info] > git ls-files --stage -- /home/jagaimo/app/assets/builds/application.js.map [26ms]
2024-01-26 06:54:50.948 [info] > git config --get commit.template [2ms]
2024-01-26 06:54:50.962 [info] > git for-each-ref --format=%(refname)%00%(upstream:short)%00%(objectname)%00%(upstream:track)%00%(upstream:remotename)%00%(upstream:remoteref) refs/heads/feature-product-index refs/remotes/feature-product-index [2ms]
2024-01-26 06:54:51.021 [info] > git status -z -uall [46ms]
2024-01-26 06:54:52.425 [info] > git check-ignore -v -z --stdin [2ms]
2024-01-26 06:54:54.164 [info] > git check-ignore -v -z --stdin [3ms]
2024-01-26 06:54:56.164 [info] > git config --get commit.template [3ms]
2024-01-26 06:54:56.178 [info] > git for-each-ref --format=%(refname)%00%(upstream:short)%00%(objectname)%00%(upstream:track)%00%(upstream:remotename)%00%(upstream:remoteref) refs/heads/feature-product-index refs/remotes/feature-product-index [2ms]
2024-01-26 06:54:56.232 [info] > git status -z -uall [41ms]
2024-01-26 06:54:57.666 [info] > git check-ignore -v -z --stdin [2ms]
2024-01-26 06:55:00.913 [info] > git show --textconv :app/assets/builds/application.css [16ms]
2024-01-26 06:55:00.916 [info] > git ls-files --stage -- /home/jagaimo/app/assets/builds/application.css [5ms]
2024-01-26 06:55:01.360 [info] > git config --get commit.template [2ms]
2024-01-26 06:55:01.373 [info] > git for-each-ref --format=%(refname)%00%(upstream:short)%00%(objectname)%00%(upstream:track)%00%(upstream:remotename)%00%(upstream:remoteref) refs/heads/feature-product-index refs/remotes/feature-product-index [2ms]
2024-01-26 06:55:01.415 [info] > git status -z -uall [30ms]
2024-01-26 06:55:02.690 [info] > git show --textconv :app/assets/builds/application.js [19ms]
2024-01-26 06:55:02.694 [info] > git ls-files --stage -- /home/jagaimo/app/assets/builds/application.js [6ms]
2024-01-26 06:55:53.672 [info] > git config --get commit.template [21ms]
2024-01-26 06:55:53.673 [info] > git for-each-ref --format=%(refname)%00%(upstream:short)%00%(objectname)%00%(upstream:track)%00%(upstream:remotename)%00%(upstream:remoteref) refs/heads/feature-product-index refs/remotes/feature-product-index [3ms]
2024-01-26 06:55:53.753 [info] > git status -z -uall [61ms]
2024-01-26 06:55:55.217 [info] > git show --textconv :app/assets/builds/application.js.map [14ms]
2024-01-26 06:55:55.219 [info] > git ls-files --stage -- /home/jagaimo/app/assets/builds/application.js.map [3ms]
2024-01-26 06:55:56.911 [info] > git show --textconv :app/assets/builds/application.js [15ms]
2024-01-26 06:55:56.914 [info] > git ls-files --stage -- /home/jagaimo/app/assets/builds/application.js [5ms]
2024-01-26 06:55:58.931 [info] > git config --get commit.template [3ms]
2024-01-26 06:55:58.946 [info] > git for-each-ref --format=%(refname)%00%(upstream:short)%00%(objectname)%00%(upstream:track)%00%(upstream:remotename)%00%(upstream:remoteref) refs/heads/feature-product-index refs/remotes/feature-product-index [1ms]
2024-01-26 06:55:58.992 [info] > git status -z -uall [35ms]
2024-01-26 06:56:03.988 [info] > git show --textconv :app/assets/builds/application.js.map [16ms]
2024-01-26 06:56:03.989 [info] > git ls-files --stage -- /home/jagaimo/app/assets/builds/application.js.map [3ms]
2024-01-26 06:56:04.139 [info] > git config --get commit.template [15ms]
2024-01-26 06:56:04.140 [info] > git for-each-ref --format=%(refname)%00%(upstream:short)%00%(objectname)%00%(upstream:track)%00%(upstream:remotename)%00%(upstream:remoteref) refs/heads/feature-product-index refs/remotes/feature-product-index [2ms]
2024-01-26 06:56:04.193 [info] > git status -z -uall [39ms]
2024-01-26 06:56:05.167 [info] > git show --textconv :app/assets/builds/application.js [16ms]
2024-01-26 06:56:05.169 [info] > git ls-files --stage -- /home/jagaimo/app/assets/builds/application.js [5ms]
2024-01-26 06:56:07.609 [info] > git show --textconv :app/assets/builds/application.js.map [14ms]
2024-01-26 06:56:07.611 [info] > git ls-files --stage -- /home/jagaimo/app/assets/builds/application.js.map [3ms]
2024-01-26 06:56:09.328 [info] > git config --get commit.template [21ms]
2024-01-26 06:56:09.329 [info] > git for-each-ref --format=%(refname)%00%(upstream:short)%00%(objectname)%00%(upstream:track)%00%(upstream:remotename)%00%(upstream:remoteref) refs/heads/feature-product-index refs/remotes/feature-product-index [3ms]
2024-01-26 06:56:09.386 [info] > git status -z -uall [40ms]
2024-01-26 06:56:11.029 [info] > git show --textconv :app/assets/builds/application.css [12ms]
2024-01-26 06:56:11.029 [info] > git ls-files --stage -- /home/jagaimo/app/assets/builds/application.css [2ms]
2024-01-26 06:56:12.478 [info] > git show --textconv :app/assets/builds/.keep [13ms]
2024-01-26 06:56:12.481 [info] > git ls-files --stage -- /home/jagaimo/app/assets/builds/.keep [4ms]
2024-01-26 06:56:12.496 [info] > git cat-file -s e69de29bb2d1d6434b8b29ae775ad8c2e48c5391 [1ms]
2024-01-26 06:56:14.518 [info] > git config --get commit.template [18ms]
2024-01-26 06:56:14.520 [info] > git for-each-ref --format=%(refname)%00%(upstream:short)%00%(objectname)%00%(upstream:track)%00%(upstream:remotename)%00%(upstream:remoteref) refs/heads/feature-product-index refs/remotes/feature-product-index [3ms]
2024-01-26 06:56:14.595 [info] > git status -z -uall [52ms]
2024-01-26 06:56:21.033 [info] > git config --get commit.template [16ms]
2024-01-26 06:56:21.034 [info] > git for-each-ref --format=%(refname)%00%(upstream:short)%00%(objectname)%00%(upstream:track)%00%(upstream:remotename)%00%(upstream:remoteref) refs/heads/feature-product-index refs/remotes/feature-product-index [2ms]
2024-01-26 06:56:21.087 [info] > git status -z -uall [39ms]
2024-01-26 06:56:26.214 [info] > git config --get commit.template [16ms]
2024-01-26 06:56:26.215 [info] > git for-each-ref --format=%(refname)%00%(upstream:short)%00%(objectname)%00%(upstream:track)%00%(upstream:remotename)%00%(upstream:remoteref) refs/heads/feature-product-index refs/remotes/feature-product-index [2ms]
2024-01-26 06:56:26.262 [info] > git status -z -uall [34ms]
2024-01-26 06:56:31.375 [info] > git config --get commit.template [6ms]
2024-01-26 06:56:31.390 [info] > git for-each-ref --format=%(refname)%00%(upstream:short)%00%(objectname)%00%(upstream:track)%00%(upstream:remotename)%00%(upstream:remoteref) refs/heads/feature-product-index refs/remotes/feature-product-index [2ms]
2024-01-26 06:56:31.439 [info] > git status -z -uall [34ms]
2024-01-26 06:56:36.587 [info] > git config --get commit.template [21ms]
2024-01-26 06:56:36.589 [info] > git for-each-ref --format=%(refname)%00%(upstream:short)%00%(objectname)%00%(upstream:track)%00%(upstream:remotename)%00%(upstream:remoteref) refs/heads/feature-product-index refs/remotes/feature-product-index [2ms]
2024-01-26 06:56:36.640 [info] > git status -z -uall [33ms]
2024-01-26 06:56:41.779 [info] > git config --get commit.template [17ms]
2024-01-26 06:56:41.780 [info] > git for-each-ref --format=%(refname)%00%(upstream:short)%00%(objectname)%00%(upstream:track)%00%(upstream:remotename)%00%(upstream:remoteref) refs/heads/feature-product-index refs/remotes/feature-product-index [2ms]
2024-01-26 06:56:41.825 [info] > git status -z -uall [30ms]
2024-01-26 06:56:47.001 [info] > git config --get commit.template [24ms]
2024-01-26 06:56:47.002 [info] > git for-each-ref --format=%(refname)%00%(upstream:short)%00%(objectname)%00%(upstream:track)%00%(upstream:remotename)%00%(upstream:remoteref) refs/heads/feature-product-index refs/remotes/feature-product-index [2ms]
2024-01-26 06:56:47.060 [info] > git status -z -uall [36ms]
2024-01-26 06:56:52.199 [info] > git config --get commit.template [5ms]
2024-01-26 06:56:52.217 [info] > git for-each-ref --format=%(refname)%00%(upstream:short)%00%(objectname)%00%(upstream:track)%00%(upstream:remotename)%00%(upstream:remoteref) refs/heads/feature-product-index refs/remotes/feature-product-index [1ms]
2024-01-26 06:56:52.261 [info] > git status -z -uall [30ms]
2024-01-26 06:56:57.392 [info] > git config --get commit.template [23ms]
2024-01-26 06:56:57.393 [info] > git for-each-ref --format=%(refname)%00%(upstream:short)%00%(objectname)%00%(upstream:track)%00%(upstream:remotename)%00%(upstream:remoteref) refs/heads/feature-product-index refs/remotes/feature-product-index [2ms]
2024-01-26 06:56:57.451 [info] > git status -z -uall [36ms]
2024-01-26 06:57:04.456 [info] > git config --get commit.template [18ms]
2024-01-26 06:57:04.457 [info] > git for-each-ref --format=%(refname)%00%(upstream:short)%00%(objectname)%00%(upstream:track)%00%(upstream:remotename)%00%(upstream:remoteref) refs/heads/feature-product-index refs/remotes/feature-product-index [2ms]
2024-01-26 06:57:04.516 [info] > git status -z -uall [39ms]
2024-01-26 06:57:09.677 [info] > git config --get commit.template [25ms]
2024-01-26 06:57:09.678 [info] > git for-each-ref --format=%(refname)%00%(upstream:short)%00%(objectname)%00%(upstream:track)%00%(upstream:remotename)%00%(upstream:remoteref) refs/heads/feature-product-index refs/remotes/feature-product-index [2ms]
2024-01-26 06:57:09.735 [info] > git status -z -uall [33ms]
2024-01-26 06:57:15.748 [info] > git config --get commit.template [3ms]
2024-01-26 06:57:15.773 [info] > git for-each-ref --format=%(refname)%00%(upstream:short)%00%(objectname)%00%(upstream:track)%00%(upstream:remotename)%00%(upstream:remoteref) refs/heads/feature-product-index refs/remotes/feature-product-index [2ms]
2024-01-26 06:57:15.835 [info] > git status -z -uall [41ms]
2024-01-26 07:04:12.952 [info] > git config --get commit.template [7ms]
2024-01-26 07:04:12.985 [info] > git for-each-ref --format=%(refname)%00%(upstream:short)%00%(objectname)%00%(upstream:track)%00%(upstream:remotename)%00%(upstream:remoteref) refs/heads/feature-product-index refs/remotes/feature-product-index [9ms]
2024-01-26 07:04:13.080 [info] > git status -z -uall [74ms]
2024-01-26 07:04:18.265 [info] > git config --get commit.template [16ms]
2024-01-26 07:04:18.267 [info] > git for-each-ref --format=%(refname)%00%(upstream:short)%00%(objectname)%00%(upstream:track)%00%(upstream:remotename)%00%(upstream:remoteref) refs/heads/feature-product-index refs/remotes/feature-product-index [4ms]
2024-01-26 07:04:18.315 [info] > git status -z -uall [36ms]
2024-01-26 07:04:19.363 [info] > git show --textconv :app/assets/stylesheets/application.scss [21ms]
2024-01-26 07:04:19.365 [info] > git ls-files --stage -- /home/jagaimo/app/assets/stylesheets/application.scss [5ms]
2024-01-26 07:04:22.287 [info] > git check-ignore -v -z --stdin [1ms]
2024-01-26 07:04:23.167 [info] > git check-ignore -v -z --stdin [2ms]
2024-01-26 07:04:23.440 [info] > git config --get commit.template [11ms]
2024-01-26 07:04:23.441 [info] > git for-each-ref --format=%(refname)%00%(upstream:short)%00%(objectname)%00%(upstream:track)%00%(upstream:remotename)%00%(upstream:remoteref) refs/heads/feature-product-index refs/remotes/feature-product-index [2ms]
2024-01-26 07:04:23.483 [info] > git status -z -uall [30ms]
2024-01-26 07:04:24.386 [info] > git check-ignore -v -z --stdin [3ms]
2024-01-26 07:04:24.608 [info] > git show --textconv :app/views/layouts/application.html.slim [13ms]
2024-01-26 07:04:24.611 [info] > git ls-files --stage -- /home/jagaimo/app/views/layouts/application.html.slim [4ms]
2024-01-26 07:04:24.625 [info] > git cat-file -s d60952698b1de6bf44471958d7eab72b9cf0b115 [2ms]
2024-01-26 07:04:25.400 [info] > git show --textconv :app/views/layouts/mailer.html.slim [12ms]
2024-01-26 07:04:25.402 [info] > git ls-files --stage -- /home/jagaimo/app/views/layouts/mailer.html.slim [4ms]
2024-01-26 07:04:25.418 [info] > git cat-file -s aa4c616c478f57144c267229a69de9640e29528e [2ms]
2024-01-26 07:04:26.297 [info] > git show --textconv :app/views/layouts/mailer.text.slim [11ms]
2024-01-26 07:04:26.298 [info] > git ls-files --stage -- /home/jagaimo/app/views/layouts/mailer.text.slim [2ms]
2024-01-26 07:04:26.313 [info] > git cat-file -s 0a90f092c5b3e76310ce4ed12814f0cb316b9200 [2ms]
2024-01-26 07:04:27.406 [info] > git check-ignore -v -z --stdin [2ms]
2024-01-26 07:04:27.838 [info] > git show --textconv :app/views/products/index.html.slim [15ms]
2024-01-26 07:04:27.840 [info] > git ls-files --stage -- /home/jagaimo/app/views/products/index.html.slim [2ms]
2024-01-26 07:04:27.856 [info] > git cat-file -s 12e6a7bbfd005cc16212d23a2cd4e026281c9498 [2ms]
2024-01-26 07:04:28.604 [info] > git config --get commit.template [11ms]
2024-01-26 07:04:28.604 [info] > git for-each-ref --format=%(refname)%00%(upstream:short)%00%(objectname)%00%(upstream:track)%00%(upstream:remotename)%00%(upstream:remoteref) refs/heads/feature-product-index refs/remotes/feature-product-index [2ms]
2024-01-26 07:04:28.646 [info] > git status -z -uall [32ms]
2024-01-26 07:04:29.660 [info] > git show --textconv :app/views/products/show.html.slim [17ms]
2024-01-26 07:04:29.676 [info] > git ls-files --stage -- /home/jagaimo/app/views/products/show.html.slim [18ms]
2024-01-26 07:04:29.694 [info] > git cat-file -s 4ca55050eee1fd68418b766675b5943cb3df5aca [3ms]
2024-01-26 07:04:30.683 [info] > git show --textconv :app/views/layouts/application.html.slim [12ms]
2024-01-26 07:04:30.686 [info] > git ls-files --stage -- /home/jagaimo/app/views/layouts/application.html.slim [4ms]
2024-01-26 07:04:30.700 [info] > git cat-file -s d60952698b1de6bf44471958d7eab72b9cf0b115 [2ms]
2024-01-26 07:04:33.770 [info] > git config --get commit.template [18ms]
2024-01-26 07:04:33.771 [info] > git for-each-ref --format=%(refname)%00%(upstream:short)%00%(objectname)%00%(upstream:track)%00%(upstream:remotename)%00%(upstream:remoteref) refs/heads/feature-product-index refs/remotes/feature-product-index [3ms]
2024-01-26 07:04:33.856 [info] > git status -z -uall [72ms]
2024-01-26 07:04:39.033 [info] > git config --get commit.template [18ms]
2024-01-26 07:04:39.035 [info] > git for-each-ref --format=%(refname)%00%(upstream:short)%00%(objectname)%00%(upstream:track)%00%(upstream:remotename)%00%(upstream:remoteref) refs/heads/feature-product-index refs/remotes/feature-product-index [3ms]
2024-01-26 07:04:39.122 [info] > git status -z -uall [68ms]
2024-01-26 07:04:44.300 [info] > git config --get commit.template [14ms]
2024-01-26 07:04:44.301 [info] > git for-each-ref --format=%(refname)%00%(upstream:short)%00%(objectname)%00%(upstream:track)%00%(upstream:remotename)%00%(upstream:remoteref) refs/heads/feature-product-index refs/remotes/feature-product-index [2ms]
2024-01-26 07:04:44.350 [info] > git status -z -uall [37ms]
2024-01-26 07:04:49.509 [info] > git config --get commit.template [28ms]
2024-01-26 07:04:49.511 [info] > git for-each-ref --format=%(refname)%00%(upstream:short)%00%(objectname)%00%(upstream:track)%00%(upstream:remotename)%00%(upstream:remoteref) refs/heads/feature-product-index refs/remotes/feature-product-index [5ms]
2024-01-26 07:04:49.614 [info] > git status -z -uall [73ms]
2024-01-26 07:04:54.786 [info] > git config --get commit.template [1ms]
2024-01-26 07:04:54.801 [info] > git for-each-ref --format=%(refname)%00%(upstream:short)%00%(objectname)%00%(upstream:track)%00%(upstream:remotename)%00%(upstream:remoteref) refs/heads/feature-product-index refs/remotes/feature-product-index [1ms]
2024-01-26 07:04:54.848 [info] > git status -z -uall [34ms]
2024-01-26 07:05:39.618 [info] > git config --get commit.template [20ms]
2024-01-26 07:05:39.619 [info] > git for-each-ref --format=%(refname)%00%(upstream:short)%00%(objectname)%00%(upstream:track)%00%(upstream:remotename)%00%(upstream:remoteref) refs/heads/feature-product-index refs/remotes/feature-product-index [5ms]
2024-01-26 07:05:39.685 [info] > git status -z -uall [54ms]
2024-01-26 07:05:44.822 [info] > git config --get commit.template [1ms]
2024-01-26 07:05:44.835 [info] > git for-each-ref --format=%(refname)%00%(upstream:short)%00%(objectname)%00%(upstream:track)%00%(upstream:remotename)%00%(upstream:remoteref) refs/heads/feature-product-index refs/remotes/feature-product-index [2ms]
2024-01-26 07:05:44.887 [info] > git status -z -uall [40ms]
2024-01-26 07:05:50.040 [info] > git config --get commit.template [13ms]
2024-01-26 07:05:50.041 [info] > git for-each-ref --format=%(refname)%00%(upstream:short)%00%(objectname)%00%(upstream:track)%00%(upstream:remotename)%00%(upstream:remoteref) refs/heads/feature-product-index refs/remotes/feature-product-index [2ms]
2024-01-26 07:05:50.086 [info] > git status -z -uall [34ms]
2024-01-26 07:05:56.145 [info] > git config --get commit.template [2ms]
2024-01-26 07:05:56.157 [info] > git for-each-ref --format=%(refname)%00%(upstream:short)%00%(objectname)%00%(upstream:track)%00%(upstream:remotename)%00%(upstream:remoteref) refs/heads/feature-product-index refs/remotes/feature-product-index [1ms]
2024-01-26 07:05:56.201 [info] > git status -z -uall [34ms]
2024-01-26 07:06:01.315 [info] > git config --get commit.template [13ms]
2024-01-26 07:06:01.316 [info] > git for-each-ref --format=%(refname)%00%(upstream:short)%00%(objectname)%00%(upstream:track)%00%(upstream:remotename)%00%(upstream:remoteref) refs/heads/feature-product-index refs/remotes/feature-product-index [3ms]
2024-01-26 07:06:01.360 [info] > git status -z -uall [31ms]
2024-01-26 07:07:38.185 [info] > git config --get commit.template [13ms]
2024-01-26 07:07:38.193 [info] > git for-each-ref --format=%(refname)%00%(upstream:short)%00%(objectname)%00%(upstream:track)%00%(upstream:remotename)%00%(upstream:remoteref) refs/heads/feature-product-index refs/remotes/feature-product-index [13ms]
2024-01-26 07:07:38.402 [info] > git status -z -uall [177ms]
2024-01-26 07:07:44.076 [info] > git config --get commit.template [18ms]
2024-01-26 07:07:44.078 [info] > git for-each-ref --format=%(refname)%00%(upstream:short)%00%(objectname)%00%(upstream:track)%00%(upstream:remotename)%00%(upstream:remoteref) refs/heads/feature-product-index refs/remotes/feature-product-index [3ms]
2024-01-26 07:07:44.136 [info] > git status -z -uall [43ms]
2024-01-26 07:07:52.409 [info] > git config --get commit.template [17ms]
2024-01-26 07:07:52.410 [info] > git for-each-ref --format=%(refname)%00%(upstream:short)%00%(objectname)%00%(upstream:track)%00%(upstream:remotename)%00%(upstream:remoteref) refs/heads/feature-product-index refs/remotes/feature-product-index [2ms]
2024-01-26 07:07:52.461 [info] > git status -z -uall [38ms]
2024-01-26 07:07:57.590 [info] > git config --get commit.template [12ms]
2024-01-26 07:07:57.592 [info] > git for-each-ref --format=%(refname)%00%(upstream:short)%00%(objectname)%00%(upstream:track)%00%(upstream:remotename)%00%(upstream:remoteref) refs/heads/feature-product-index refs/remotes/feature-product-index [2ms]
2024-01-26 07:07:57.633 [info] > git status -z -uall [30ms]
2024-01-26 07:09:04.320 [info] > git config --get commit.template [28ms]
2024-01-26 07:09:04.327 [info] > git for-each-ref --format=%(refname)%00%(upstream:short)%00%(objectname)%00%(upstream:track)%00%(upstream:remotename)%00%(upstream:remoteref) refs/heads/feature-product-index refs/remotes/feature-product-index [10ms]
2024-01-26 07:09:04.426 [info] > git status -z -uall [77ms]
2024-01-26 07:09:12.597 [info] > git config --get commit.template [23ms]
2024-01-26 07:09:12.599 [info] > git for-each-ref --format=%(refname)%00%(upstream:short)%00%(objectname)%00%(upstream:track)%00%(upstream:remotename)%00%(upstream:remoteref) refs/heads/feature-product-index refs/remotes/feature-product-index [4ms]
2024-01-26 07:09:12.656 [info] > git status -z -uall [41ms]
2024-01-26 07:09:44.414 [info] > git config --get commit.template [3ms]
2024-01-26 07:09:44.436 [info] > git for-each-ref --format=%(refname)%00%(upstream:short)%00%(objectname)%00%(upstream:track)%00%(upstream:remotename)%00%(upstream:remoteref) refs/heads/feature-product-index refs/remotes/feature-product-index [2ms]
2024-01-26 07:09:44.493 [info] > git status -z -uall [44ms]
2024-01-26 07:09:52.580 [info] > git config --get commit.template [27ms]
2024-01-26 07:09:52.589 [info] > git for-each-ref --format=%(refname)%00%(upstream:short)%00%(objectname)%00%(upstream:track)%00%(upstream:remotename)%00%(upstream:remoteref) refs/heads/feature-product-index refs/remotes/feature-product-index [10ms]
2024-01-26 07:09:52.675 [info] > git status -z -uall [59ms]
2024-01-26 07:10:05.028 [info] > git config --get commit.template [23ms]
2024-01-26 07:10:05.029 [info] > git for-each-ref --format=%(refname)%00%(upstream:short)%00%(objectname)%00%(upstream:track)%00%(upstream:remotename)%00%(upstream:remoteref) refs/heads/feature-product-index refs/remotes/feature-product-index [4ms]
2024-01-26 07:10:05.097 [info] > git status -z -uall [41ms]
2024-01-26 07:10:10.232 [info] > git config --get commit.template [14ms]
2024-01-26 07:10:10.233 [info] > git for-each-ref --format=%(refname)%00%(upstream:short)%00%(objectname)%00%(upstream:track)%00%(upstream:remotename)%00%(upstream:remoteref) refs/heads/feature-product-index refs/remotes/feature-product-index [3ms]
2024-01-26 07:10:10.287 [info] > git status -z -uall [42ms]
2024-01-26 07:10:16.283 [info] > git config --get commit.template [3ms]
2024-01-26 07:10:16.299 [info] > git for-each-ref --format=%(refname)%00%(upstream:short)%00%(objectname)%00%(upstream:track)%00%(upstream:remotename)%00%(upstream:remoteref) refs/heads/feature-product-index refs/remotes/feature-product-index [2ms]
2024-01-26 07:10:16.349 [info] > git status -z -uall [36ms]
2024-01-26 07:10:32.202 [info] > git config --get commit.template [18ms]
2024-01-26 07:10:32.204 [info] > git for-each-ref --format=%(refname)%00%(upstream:short)%00%(objectname)%00%(upstream:track)%00%(upstream:remotename)%00%(upstream:remoteref) refs/heads/feature-product-index refs/remotes/feature-product-index [3ms]
2024-01-26 07:10:32.284 [info] > git status -z -uall [62ms]
2024-01-26 07:11:16.972 [info] > git config --get commit.template [3ms]
2024-01-26 07:11:16.998 [info] > git for-each-ref --format=%(refname)%00%(upstream:short)%00%(objectname)%00%(upstream:track)%00%(upstream:remotename)%00%(upstream:remoteref) refs/heads/feature-product-index refs/remotes/feature-product-index [3ms]
2024-01-26 07:11:17.094 [info] > git status -z -uall [78ms]
2024-01-26 07:11:22.298 [info] > git config --get commit.template [19ms]
2024-01-26 07:11:22.299 [info] > git for-each-ref --format=%(refname)%00%(upstream:short)%00%(objectname)%00%(upstream:track)%00%(upstream:remotename)%00%(upstream:remoteref) refs/heads/feature-product-index refs/remotes/feature-product-index [3ms]
2024-01-26 07:11:22.357 [info] > git status -z -uall [42ms]
2024-01-26 07:14:55.936 [info] > git config --get commit.template [26ms]
2024-01-26 07:14:55.937 [info] > git for-each-ref --format=%(refname)%00%(upstream:short)%00%(objectname)%00%(upstream:track)%00%(upstream:remotename)%00%(upstream:remoteref) refs/heads/feature-product-index refs/remotes/feature-product-index [12ms]
2024-01-26 07:14:56.028 [info] > git status -z -uall [75ms]
2024-01-26 07:15:01.187 [info] > git config --get commit.template [13ms]
2024-01-26 07:15:01.188 [info] > git for-each-ref --format=%(refname)%00%(upstream:short)%00%(objectname)%00%(upstream:track)%00%(upstream:remotename)%00%(upstream:remoteref) refs/heads/feature-product-index refs/remotes/feature-product-index [2ms]
2024-01-26 07:15:01.233 [info] > git status -z -uall [34ms]
2024-01-26 07:15:02.638 [info] > git check-ignore -v -z --stdin [1ms]
2024-01-26 07:15:06.349 [info] > git config --get commit.template [13ms]
2024-01-26 07:15:06.350 [info] > git for-each-ref --format=%(refname)%00%(upstream:short)%00%(objectname)%00%(upstream:track)%00%(upstream:remotename)%00%(upstream:remoteref) refs/heads/feature-product-index refs/remotes/feature-product-index [2ms]
2024-01-26 07:15:06.394 [info] > git status -z -uall [34ms]
2024-01-26 07:15:07.368 [info] > git show --textconv :app/views/products/index.html.slim [15ms]
2024-01-26 07:15:07.370 [info] > git ls-files --stage -- /home/jagaimo/app/views/products/index.html.slim [3ms]
2024-01-26 07:15:07.385 [info] > git cat-file -s 12e6a7bbfd005cc16212d23a2cd4e026281c9498 [2ms]
2024-01-26 07:15:13.433 [info] > git config --get commit.template [2ms]
2024-01-26 07:15:13.449 [info] > git for-each-ref --format=%(refname)%00%(upstream:short)%00%(objectname)%00%(upstream:track)%00%(upstream:remotename)%00%(upstream:remoteref) refs/heads/feature-product-index refs/remotes/feature-product-index [3ms]
2024-01-26 07:15:13.498 [info] > git status -z -uall [36ms]
2024-01-26 07:15:15.152 [info] > git check-ignore -v -z --stdin [2ms]
2024-01-26 07:15:16.662 [info] > git show --textconv :app/views/admin/products/index.html.slim [12ms]
2024-01-26 07:15:16.664 [info] > git ls-files --stage -- /home/jagaimo/app/views/admin/products/index.html.slim [3ms]
2024-01-26 07:15:18.638 [info] > git config --get commit.template [15ms]
2024-01-26 07:15:18.639 [info] > git for-each-ref --format=%(refname)%00%(upstream:short)%00%(objectname)%00%(upstream:track)%00%(upstream:remotename)%00%(upstream:remoteref) refs/heads/feature-product-index refs/remotes/feature-product-index [3ms]
2024-01-26 07:15:18.694 [info] > git status -z -uall [41ms]
2024-01-26 07:15:23.830 [info] > git config --get commit.template [14ms]
2024-01-26 07:15:23.831 [info] > git for-each-ref --format=%(refname)%00%(upstream:short)%00%(objectname)%00%(upstream:track)%00%(upstream:remotename)%00%(upstream:remoteref) refs/heads/feature-product-index refs/remotes/feature-product-index [2ms]
2024-01-26 07:15:23.879 [info] > git status -z -uall [35ms]
2024-01-26 07:15:29.027 [info] > git config --get commit.template [18ms]
2024-01-26 07:15:29.028 [info] > git for-each-ref --format=%(refname)%00%(upstream:short)%00%(objectname)%00%(upstream:track)%00%(upstream:remotename)%00%(upstream:remoteref) refs/heads/feature-product-index refs/remotes/feature-product-index [2ms]
2024-01-26 07:15:29.082 [info] > git status -z -uall [37ms]
2024-01-26 07:15:34.232 [info] > git config --get commit.template [16ms]
2024-01-26 07:15:34.233 [info] > git for-each-ref --format=%(refname)%00%(upstream:short)%00%(objectname)%00%(upstream:track)%00%(upstream:remotename)%00%(upstream:remoteref) refs/heads/feature-product-index refs/remotes/feature-product-index [2ms]
2024-01-26 07:15:34.292 [info] > git status -z -uall [45ms]
2024-01-26 07:15:39.430 [info] > git config --get commit.template [16ms]
2024-01-26 07:15:39.431 [info] > git for-each-ref --format=%(refname)%00%(upstream:short)%00%(objectname)%00%(upstream:track)%00%(upstream:remotename)%00%(upstream:remoteref) refs/heads/feature-product-index refs/remotes/feature-product-index [2ms]
2024-01-26 07:15:39.482 [info] > git status -z -uall [36ms]
2024-01-26 07:15:44.629 [info] > git config --get commit.template [1ms]
2024-01-26 07:15:44.646 [info] > git for-each-ref --format=%(refname)%00%(upstream:short)%00%(objectname)%00%(upstream:track)%00%(upstream:remotename)%00%(upstream:remoteref) refs/heads/feature-product-index refs/remotes/feature-product-index [1ms]
2024-01-26 07:15:44.703 [info] > git status -z -uall [40ms]
2024-01-26 07:16:06.216 [info] > git config --get commit.template [38ms]
2024-01-26 07:16:06.217 [info] > git for-each-ref --format=%(refname)%00%(upstream:short)%00%(objectname)%00%(upstream:track)%00%(upstream:remotename)%00%(upstream:remoteref) refs/heads/feature-product-index refs/remotes/feature-product-index [2ms]
2024-01-26 07:16:06.279 [info] > git status -z -uall [38ms]
2024-01-26 07:16:19.469 [info] > git config --get commit.template [2ms]
2024-01-26 07:16:19.489 [info] > git for-each-ref --format=%(refname)%00%(upstream:short)%00%(objectname)%00%(upstream:track)%00%(upstream:remotename)%00%(upstream:remoteref) refs/heads/feature-product-index refs/remotes/feature-product-index [2ms]
2024-01-26 07:16:19.539 [info] > git status -z -uall [31ms]
2024-01-26 07:16:26.577 [info] > git config --get commit.template [3ms]
2024-01-26 07:16:26.613 [info] > git for-each-ref --format=%(refname)%00%(upstream:short)%00%(objectname)%00%(upstream:track)%00%(upstream:remotename)%00%(upstream:remoteref) refs/heads/feature-product-index refs/remotes/feature-product-index [3ms]
2024-01-26 07:16:26.688 [info] > git status -z -uall [53ms]
2024-01-26 07:16:55.178 [info] > git for-each-ref --format=%(refname)%00%(upstream:short)%00%(objectname)%00%(upstream:track)%00%(upstream:remotename)%00%(upstream:remoteref) refs/heads/feature-product-index refs/remotes/feature-product-index [5ms]
2024-01-26 07:16:55.179 [info] > git config --get commit.template [31ms]
2024-01-26 07:16:55.244 [info] > git status -z -uall [49ms]
2024-01-26 07:17:00.383 [info] > git config --get commit.template [15ms]
2024-01-26 07:17:00.385 [info] > git for-each-ref --format=%(refname)%00%(upstream:short)%00%(objectname)%00%(upstream:track)%00%(upstream:remotename)%00%(upstream:remoteref) refs/heads/feature-product-index refs/remotes/feature-product-index [3ms]
2024-01-26 07:17:00.428 [info] > git status -z -uall [31ms]
2024-01-26 07:17:05.572 [info] > git config --get commit.template [17ms]
2024-01-26 07:17:05.573 [info] > git for-each-ref --format=%(refname)%00%(upstream:short)%00%(objectname)%00%(upstream:track)%00%(upstream:remotename)%00%(upstream:remoteref) refs/heads/feature-product-index refs/remotes/feature-product-index [3ms]
2024-01-26 07:17:05.630 [info] > git status -z -uall [42ms]
2024-01-26 07:17:20.121 [info] > git config --get commit.template [18ms]
2024-01-26 07:17:20.122 [info] > git for-each-ref --format=%(refname)%00%(upstream:short)%00%(objectname)%00%(upstream:track)%00%(upstream:remotename)%00%(upstream:remoteref) refs/heads/feature-product-index refs/remotes/feature-product-index [2ms]
2024-01-26 07:17:20.166 [info] > git status -z -uall [30ms]
2024-01-26 07:17:25.298 [info] > git config --get commit.template [15ms]
2024-01-26 07:17:25.299 [info] > git for-each-ref --format=%(refname)%00%(upstream:short)%00%(objectname)%00%(upstream:track)%00%(upstream:remotename)%00%(upstream:remoteref) refs/heads/feature-product-index refs/remotes/feature-product-index [2ms]
2024-01-26 07:17:25.350 [info] > git status -z -uall [32ms]
2024-01-26 07:18:25.758 [info] > git config --get commit.template [17ms]
2024-01-26 07:18:25.759 [info] > git for-each-ref --format=%(refname)%00%(upstream:short)%00%(objectname)%00%(upstream:track)%00%(upstream:remotename)%00%(upstream:remoteref) refs/heads/feature-product-index refs/remotes/feature-product-index [3ms]
2024-01-26 07:18:25.822 [info] > git status -z -uall [50ms]
2024-01-26 07:18:30.967 [info] > git config --get commit.template [13ms]
2024-01-26 07:18:30.968 [info] > git for-each-ref --format=%(refname)%00%(upstream:short)%00%(objectname)%00%(upstream:track)%00%(upstream:remotename)%00%(upstream:remoteref) refs/heads/feature-product-index refs/remotes/feature-product-index [2ms]
2024-01-26 07:18:31.024 [info] > git status -z -uall [43ms]
2024-01-26 07:18:36.171 [info] > git config --get commit.template [14ms]
2024-01-26 07:18:36.172 [info] > git for-each-ref --format=%(refname)%00%(upstream:short)%00%(objectname)%00%(upstream:track)%00%(upstream:remotename)%00%(upstream:remoteref) refs/heads/feature-product-index refs/remotes/feature-product-index [2ms]
2024-01-26 07:18:36.217 [info] > git status -z -uall [34ms]
2024-01-26 07:18:43.292 [info] > git config --get commit.template [2ms]
2024-01-26 07:18:43.309 [info] > git for-each-ref --format=%(refname)%00%(upstream:short)%00%(objectname)%00%(upstream:track)%00%(upstream:remotename)%00%(upstream:remoteref) refs/heads/feature-product-index refs/remotes/feature-product-index [2ms]
2024-01-26 07:18:43.353 [info] > git status -z -uall [32ms]
2024-01-26 07:18:48.465 [info] > git config --get commit.template [2ms]
2024-01-26 07:18:48.480 [info] > git for-each-ref --format=%(refname)%00%(upstream:short)%00%(objectname)%00%(upstream:track)%00%(upstream:remotename)%00%(upstream:remoteref) refs/heads/feature-product-index refs/remotes/feature-product-index [2ms]
2024-01-26 07:18:48.536 [info] > git status -z -uall [40ms]
2024-01-26 07:18:53.671 [info] > git config --get commit.template [14ms]
2024-01-26 07:18:53.672 [info] > git for-each-ref --format=%(refname)%00%(upstream:short)%00%(objectname)%00%(upstream:track)%00%(upstream:remotename)%00%(upstream:remoteref) refs/heads/feature-product-index refs/remotes/feature-product-index [2ms]
2024-01-26 07:18:53.719 [info] > git status -z -uall [33ms]
2024-01-26 07:18:58.856 [info] > git config --get commit.template [18ms]
2024-01-26 07:18:58.857 [info] > git for-each-ref --format=%(refname)%00%(upstream:short)%00%(objectname)%00%(upstream:track)%00%(upstream:remotename)%00%(upstream:remoteref) refs/heads/feature-product-index refs/remotes/feature-product-index [2ms]
2024-01-26 07:18:58.904 [info] > git status -z -uall [33ms]
2024-01-26 07:19:04.038 [info] > git config --get commit.template [15ms]
2024-01-26 07:19:04.038 [info] > git for-each-ref --format=%(refname)%00%(upstream:short)%00%(objectname)%00%(upstream:track)%00%(upstream:remotename)%00%(upstream:remoteref) refs/heads/feature-product-index refs/remotes/feature-product-index [2ms]
2024-01-26 07:19:04.087 [info] > git status -z -uall [35ms]
2024-01-26 07:19:09.221 [info] > git config --get commit.template [14ms]
2024-01-26 07:19:09.222 [info] > git for-each-ref --format=%(refname)%00%(upstream:short)%00%(objectname)%00%(upstream:track)%00%(upstream:remotename)%00%(upstream:remoteref) refs/heads/feature-product-index refs/remotes/feature-product-index [2ms]
2024-01-26 07:19:09.279 [info] > git status -z -uall [38ms]
2024-01-26 07:19:17.376 [info] > git config --get commit.template [15ms]
2024-01-26 07:19:17.377 [info] > git for-each-ref --format=%(refname)%00%(upstream:short)%00%(objectname)%00%(upstream:track)%00%(upstream:remotename)%00%(upstream:remoteref) refs/heads/feature-product-index refs/remotes/feature-product-index [4ms]
2024-01-26 07:19:17.436 [info] > git status -z -uall [41ms]
2024-01-26 07:19:22.599 [info] > git config --get commit.template [17ms]
2024-01-26 07:19:22.600 [info] > git for-each-ref --format=%(refname)%00%(upstream:short)%00%(objectname)%00%(upstream:track)%00%(upstream:remotename)%00%(upstream:remoteref) refs/heads/feature-product-index refs/remotes/feature-product-index [2ms]
2024-01-26 07:19:22.650 [info] > git status -z -uall [36ms]
2024-01-26 07:19:30.854 [info] > git config --get commit.template [3ms]
2024-01-26 07:19:30.872 [info] > git for-each-ref --format=%(refname)%00%(upstream:short)%00%(objectname)%00%(upstream:track)%00%(upstream:remotename)%00%(upstream:remoteref) refs/heads/feature-product-index refs/remotes/feature-product-index [2ms]
2024-01-26 07:19:30.928 [info] > git status -z -uall [41ms]
2024-01-26 07:19:53.544 [info] > git config --get commit.template [17ms]
2024-01-26 07:19:53.545 [info] > git for-each-ref --format=%(refname)%00%(upstream:short)%00%(objectname)%00%(upstream:track)%00%(upstream:remotename)%00%(upstream:remoteref) refs/heads/feature-product-index refs/remotes/feature-product-index [2ms]
2024-01-26 07:19:53.608 [info] > git status -z -uall [42ms]
2024-01-26 07:19:58.769 [info] > git config --get commit.template [18ms]
2024-01-26 07:19:58.774 [info] > git for-each-ref --format=%(refname)%00%(upstream:short)%00%(objectname)%00%(upstream:track)%00%(upstream:remotename)%00%(upstream:remoteref) refs/heads/feature-product-index refs/remotes/feature-product-index [6ms]
2024-01-26 07:19:58.822 [info] > git status -z -uall [32ms]
2024-01-26 07:20:03.949 [info] > git config --get commit.template [14ms]
2024-01-26 07:20:03.950 [info] > git for-each-ref --format=%(refname)%00%(upstream:short)%00%(objectname)%00%(upstream:track)%00%(upstream:remotename)%00%(upstream:remoteref) refs/heads/feature-product-index refs/remotes/feature-product-index [2ms]
2024-01-26 07:20:04.004 [info] > git status -z -uall [41ms]
2024-01-26 07:20:15.256 [info] > git config --get commit.template [2ms]
2024-01-26 07:20:15.278 [info] > git for-each-ref --format=%(refname)%00%(upstream:short)%00%(objectname)%00%(upstream:track)%00%(upstream:remotename)%00%(upstream:remoteref) refs/heads/feature-product-index refs/remotes/feature-product-index [2ms]
2024-01-26 07:20:15.324 [info] > git status -z -uall [31ms]
2024-01-26 07:20:20.460 [info] > git config --get commit.template [19ms]
2024-01-26 07:20:20.461 [info] > git for-each-ref --format=%(refname)%00%(upstream:short)%00%(objectname)%00%(upstream:track)%00%(upstream:remotename)%00%(upstream:remoteref) refs/heads/feature-product-index refs/remotes/feature-product-index [2ms]
2024-01-26 07:20:20.516 [info] > git status -z -uall [35ms]
2024-01-26 07:20:25.665 [info] > git config --get commit.template [25ms]
2024-01-26 07:20:25.672 [info] > git for-each-ref --format=%(refname)%00%(upstream:short)%00%(objectname)%00%(upstream:track)%00%(upstream:remotename)%00%(upstream:remoteref) refs/heads/feature-product-index refs/remotes/feature-product-index [9ms]
2024-01-26 07:20:25.743 [info] > git status -z -uall [47ms]
2024-01-26 07:20:30.909 [info] > git config --get commit.template [26ms]
2024-01-26 07:20:30.910 [info] > git for-each-ref --format=%(refname)%00%(upstream:short)%00%(objectname)%00%(upstream:track)%00%(upstream:remotename)%00%(upstream:remoteref) refs/heads/feature-product-index refs/remotes/feature-product-index [2ms]
2024-01-26 07:20:30.970 [info] > git status -z -uall [38ms]
2024-01-26 07:20:36.194 [info] > git config --get commit.template [90ms]
2024-01-26 07:20:36.195 [info] > git for-each-ref --format=%(refname)%00%(upstream:short)%00%(objectname)%00%(upstream:track)%00%(upstream:remotename)%00%(upstream:remoteref) refs/heads/feature-product-index refs/remotes/feature-product-index [4ms]
2024-01-26 07:20:36.248 [info] > git status -z -uall [36ms]
2024-01-26 07:20:43.236 [info] > git config --get commit.template [28ms]
2024-01-26 07:20:43.237 [info] > git for-each-ref --format=%(refname)%00%(upstream:short)%00%(objectname)%00%(upstream:track)%00%(upstream:remotename)%00%(upstream:remoteref) refs/heads/feature-product-index refs/remotes/feature-product-index [2ms]
2024-01-26 07:20:43.300 [info] > git status -z -uall [43ms]
2024-01-26 07:20:48.412 [info] > git config --get commit.template [3ms]
2024-01-26 07:20:48.439 [info] > git for-each-ref --format=%(refname)%00%(upstream:short)%00%(objectname)%00%(upstream:track)%00%(upstream:remotename)%00%(upstream:remoteref) refs/heads/feature-product-index refs/remotes/feature-product-index [2ms]
2024-01-26 07:20:48.513 [info] > git status -z -uall [50ms]
2024-01-26 07:20:53.674 [info] > git config --get commit.template [23ms]
2024-01-26 07:20:53.675 [info] > git for-each-ref --format=%(refname)%00%(upstream:short)%00%(objectname)%00%(upstream:track)%00%(upstream:remotename)%00%(upstream:remoteref) refs/heads/feature-product-index refs/remotes/feature-product-index [1ms]
2024-01-26 07:20:53.725 [info] > git status -z -uall [32ms]
2024-01-26 07:21:03.798 [info] > git config --get commit.template [2ms]
2024-01-26 07:21:03.826 [info] > git for-each-ref --format=%(refname)%00%(upstream:short)%00%(objectname)%00%(upstream:track)%00%(upstream:remotename)%00%(upstream:remoteref) refs/heads/feature-product-index refs/remotes/feature-product-index [3ms]
2024-01-26 07:21:03.896 [info] > git status -z -uall [45ms]
2024-01-26 07:21:09.035 [info] > git config --get commit.template [20ms]
2024-01-26 07:21:09.036 [info] > git for-each-ref --format=%(refname)%00%(upstream:short)%00%(objectname)%00%(upstream:track)%00%(upstream:remotename)%00%(upstream:remoteref) refs/heads/feature-product-index refs/remotes/feature-product-index [2ms]
2024-01-26 07:21:09.089 [info] > git status -z -uall [29ms]
2024-01-26 07:28:57.755 [info] > git config --get commit.template [4ms]
2024-01-26 07:28:57.772 [info] > git for-each-ref --format=%(refname)%00%(upstream:short)%00%(objectname)%00%(upstream:track)%00%(upstream:remotename)%00%(upstream:remoteref) refs/heads/feature-product-index refs/remotes/feature-product-index [2ms]
2024-01-26 07:28:57.835 [info] > git status -z -uall [49ms]
