2024-01-31 07:55:34.635 [info] Log level: Info
2024-01-31 07:55:34.635 [info] Validating found git in: "git"
2024-01-31 07:55:34.635 [info] Using git "2.30.2" from "git"
2024-01-31 07:55:34.635 [info] > git rev-parse --show-toplevel [11ms]
2024-01-31 07:55:34.635 [info] > git rev-parse --git-dir --git-common-dir [151ms]
2024-01-31 07:55:34.635 [info] Open repository: /home/jagaimo
2024-01-31 07:55:34.694 [info] > git rev-parse --show-toplevel [28ms]
2024-01-31 07:55:34.701 [info] > git config --get commit.template [43ms]
2024-01-31 07:55:34.911 [info] > git for-each-ref --format=%(refname)%00%(upstream:short)%00%(objectname)%00%(upstream:track)%00%(upstream:remotename)%00%(upstream:remoteref) refs/heads/feature-product-index refs/remotes/feature-product-index [105ms]
2024-01-31 07:55:34.925 [info] > git rev-parse --show-toplevel [202ms]
2024-01-31 07:55:35.137 [info] > git status -z -uall [213ms]
2024-01-31 07:55:35.138 [info] > git rev-parse --show-toplevel [163ms]
2024-01-31 07:55:35.369 [info] > git check-ignore -v -z --stdin [169ms]
2024-01-31 07:55:35.375 [info] > git config --get commit.template [127ms]
2024-01-31 07:55:35.376 [info] > git rev-parse --show-toplevel [152ms]
2024-01-31 07:55:35.435 [info] > git rev-parse --show-toplevel [45ms]
2024-01-31 07:55:35.502 [info] > git for-each-ref --format=%(refname)%00%(upstream:short)%00%(objectname)%00%(upstream:track)%00%(upstream:remotename)%00%(upstream:remoteref) refs/heads/feature-product-index refs/remotes/feature-product-index [75ms]
2024-01-31 07:55:35.539 [info] > git rev-parse --show-toplevel [92ms]
2024-01-31 07:55:35.557 [info] > git rev-parse --show-toplevel [4ms]
2024-01-31 07:55:35.590 [info] > git status -z -uall [78ms]
2024-01-31 07:55:35.593 [info] > git rev-parse --show-toplevel [23ms]
2024-01-31 07:55:35.637 [info] > git rev-parse --show-toplevel [22ms]
2024-01-31 07:55:35.752 [info] > git rev-parse --show-toplevel [100ms]
2024-01-31 07:55:35.765 [info] > git rev-parse --show-toplevel [2ms]
2024-01-31 07:55:35.781 [info] > git rev-parse --show-toplevel [3ms]
2024-01-31 07:55:35.793 [info] > git rev-parse --show-toplevel [1ms]
2024-01-31 07:55:35.805 [info] > git rev-parse --show-toplevel [2ms]
2024-01-31 07:55:35.816 [info] > git rev-parse --show-toplevel [2ms]
2024-01-31 07:55:35.825 [info] > git rev-parse --show-toplevel [1ms]
2024-01-31 07:55:35.855 [info] > git show --textconv :tmp/local_secret.txt [12ms]
2024-01-31 07:55:35.862 [info] > git ls-files --stage -- /home/jagaimo/tmp/local_secret.txt [7ms]
2024-01-31 07:55:36.382 [info] > git config --get commit.template [1ms]
2024-01-31 07:55:36.394 [info] > git for-each-ref --format=%(refname)%00%(upstream:short)%00%(objectname)%00%(upstream:track)%00%(upstream:remotename)%00%(upstream:remoteref) refs/heads/feature-product-index refs/remotes/feature-product-index [2ms]
2024-01-31 07:55:36.446 [info] > git status -z -uall [43ms]
2024-01-31 08:11:58.819 [info] > git check-ignore -v -z --stdin [8ms]
2024-01-31 08:12:05.214 [info] > git check-ignore -v -z --stdin [2ms]
2024-01-31 08:12:07.438 [info] > git check-ignore -v -z --stdin [5ms]
2024-01-31 08:12:08.483 [info] > git check-ignore -v -z --stdin [3ms]
2024-01-31 08:12:08.953 [info] > git show --textconv :config/environments/development.rb [14ms]
2024-01-31 08:12:08.956 [info] > git ls-files --stage -- /home/jagaimo/config/environments/development.rb [4ms]
2024-01-31 08:12:08.969 [info] > git cat-file -s 89ed34458be20c9db1b0c39607b3b500b010780f [1ms]
2024-01-31 08:12:25.627 [info] > git show --textconv :config/environments/production.rb [9ms]
2024-01-31 08:12:25.629 [info] > git ls-files --stage -- /home/jagaimo/config/environments/production.rb [4ms]
2024-01-31 08:12:25.641 [info] > git cat-file -s 11d13ce49fabc5b508d2564c61055a8e5d6e87bb [2ms]
2024-01-31 08:12:32.151 [info] > git show --textconv :config/environments/test.rb [9ms]
2024-01-31 08:12:32.153 [info] > git ls-files --stage -- /home/jagaimo/config/environments/test.rb [2ms]
2024-01-31 08:12:32.163 [info] > git cat-file -s e67797f21c87f98db3dd730380596bd7fe224982 [2ms]
2024-01-31 08:12:35.501 [info] > git check-ignore -v -z --stdin [3ms]
2024-01-31 08:12:35.867 [info] > git show --textconv :config/initializers/content_security_policy.rb [8ms]
2024-01-31 08:12:35.869 [info] > git ls-files --stage -- /home/jagaimo/config/initializers/content_security_policy.rb [2ms]
2024-01-31 08:12:35.879 [info] > git cat-file -s f37ed8de48db56080ca021c0f1853f2ec30f92bf [2ms]
2024-01-31 08:12:44.218 [info] > git show --textconv :config/initializers/dartsass.rb [10ms]
2024-01-31 08:12:44.221 [info] > git ls-files --stage -- /home/jagaimo/config/initializers/dartsass.rb [4ms]
2024-01-31 08:12:44.231 [info] > git cat-file -s 574fb7253e52714962b78ff7d5931671d51a09bb [1ms]
2024-01-31 08:12:47.620 [info] > git show --textconv :config/initializers/devise.rb [13ms]
2024-01-31 08:12:47.622 [info] > git ls-files --stage -- /home/jagaimo/config/initializers/devise.rb [3ms]
2024-01-31 08:12:47.633 [info] > git cat-file -s 4f4eb778286037e5c5015141f17d74d38e51c882 [1ms]
2024-01-31 08:14:07.449 [info] > git show --textconv :config/initializers/filter_parameter_logging.rb [9ms]
2024-01-31 08:14:07.451 [info] > git ls-files --stage -- /home/jagaimo/config/initializers/filter_parameter_logging.rb [3ms]
2024-01-31 08:14:07.460 [info] > git cat-file -s 3babc73f00cd46d72e87932bdb2281839c6caf0d [1ms]
2024-01-31 08:14:14.289 [info] > git show --textconv :config/initializers/inflections.rb [9ms]
2024-01-31 08:14:14.291 [info] > git ls-files --stage -- /home/jagaimo/config/initializers/inflections.rb [3ms]
2024-01-31 08:14:14.304 [info] > git cat-file -s 6c78420e7120fdfc39a57f4b1b3be36a73499bb2 [1ms]
2024-01-31 08:14:16.114 [info] > git check-ignore -v -z --stdin [2ms]
2024-01-31 08:14:16.837 [info] > git show --textconv :config/initializers/permissions_policy.rb [8ms]
2024-01-31 08:14:16.838 [info] > git ls-files --stage -- /home/jagaimo/config/initializers/permissions_policy.rb [2ms]
2024-01-31 08:14:16.848 [info] > git cat-file -s 50bcf4eadec581136f1eb4a06de0b122ad747dbb [2ms]
2024-01-31 08:14:20.304 [info] > git check-ignore -v -z --stdin [3ms]
2024-01-31 08:14:23.734 [info] > git check-ignore -v -z --stdin [2ms]
2024-01-31 08:14:26.516 [info] > git check-ignore -v -z --stdin [3ms]
2024-01-31 08:14:29.152 [info] > git show --textconv :config/application.rb [9ms]
2024-01-31 08:14:29.153 [info] > git ls-files --stage -- /home/jagaimo/config/application.rb [2ms]
2024-01-31 08:14:29.162 [info] > git cat-file -s 44d68d758c5f002f483a917daeddff0d39446e37 [2ms]
2024-01-31 08:14:31.598 [info] > git show --textconv :config/boot.rb [12ms]
2024-01-31 08:14:31.600 [info] > git ls-files --stage -- /home/jagaimo/config/boot.rb [4ms]
2024-01-31 08:14:31.609 [info] > git cat-file -s c04863fa7dbe449f872f5911a7ec2283a401c527 [2ms]
2024-01-31 08:14:33.717 [info] > git show --textconv :config/credentials.yml.enc [7ms]
2024-01-31 08:14:33.719 [info] > git ls-files --stage -- /home/jagaimo/config/credentials.yml.enc [3ms]
2024-01-31 08:14:33.728 [info] > git cat-file -s 859225986add5907451b20fd046df776cefc40d9 [2ms]
2024-01-31 08:14:34.377 [info] > git show --textconv :config/cable.yml [8ms]
2024-01-31 08:14:34.380 [info] > git ls-files --stage -- /home/jagaimo/config/cable.yml [4ms]
2024-01-31 08:14:34.389 [info] > git cat-file -s b2bb97bfae037505585e59965cc2016e7a859b0f [1ms]
2024-01-31 08:14:35.695 [info] > git show --textconv :config/credentials.yml.enc [8ms]
2024-01-31 08:14:35.697 [info] > git ls-files --stage -- /home/jagaimo/config/credentials.yml.enc [3ms]
2024-01-31 08:14:35.705 [info] > git cat-file -s 859225986add5907451b20fd046df776cefc40d9 [0ms]
2024-01-31 08:14:36.314 [info] > git check-ignore -v -z --stdin [4ms]
2024-01-31 08:14:37.328 [info] > git show --textconv :config/database.yml [9ms]
2024-01-31 08:14:37.330 [info] > git ls-files --stage -- /home/jagaimo/config/database.yml [2ms]
2024-01-31 08:14:37.338 [info] > git cat-file -s e3f639dd57c2924d83eb3e0e70b72924111da774 [2ms]
2024-01-31 08:14:38.642 [info] > git show --textconv :config/environment.rb [9ms]
2024-01-31 08:14:38.644 [info] > git ls-files --stage -- /home/jagaimo/config/environment.rb [4ms]
2024-01-31 08:14:38.655 [info] > git cat-file -s d5abe55806c256100cc029c834f52830829aefc6 [3ms]
2024-01-31 08:14:41.368 [info] > git show --textconv :config/importmap.rb [8ms]
2024-01-31 08:14:41.370 [info] > git ls-files --stage -- /home/jagaimo/config/importmap.rb [3ms]
2024-01-31 08:14:41.378 [info] > git cat-file -s 2bf638f4af5e9f7399cd9f7cbda407d80050a23d [1ms]
2024-01-31 08:14:43.456 [info] > git show --textconv :config/puma.rb [9ms]
2024-01-31 08:14:43.457 [info] > git ls-files --stage -- /home/jagaimo/config/puma.rb [2ms]
2024-01-31 08:14:43.464 [info] > git cat-file -s 1713441e5ac43dcba8a7d29c0bceb3bf1a0033c4 [1ms]
2024-01-31 08:14:45.178 [info] > git check-ignore -v -z --stdin [3ms]
2024-01-31 08:14:46.300 [info] > git show --textconv :config/rails_best_practices.yml [7ms]
2024-01-31 08:14:46.303 [info] > git ls-files --stage -- /home/jagaimo/config/rails_best_practices.yml [2ms]
2024-01-31 08:14:46.311 [info] > git cat-file -s 262fc90d57c88a39aeabf59d5c1409b1ce9673a5 [1ms]
2024-01-31 08:14:46.980 [info] > git show --textconv :config/routes.rb [8ms]
2024-01-31 08:14:46.982 [info] > git ls-files --stage -- /home/jagaimo/config/routes.rb [2ms]
2024-01-31 08:14:46.989 [info] > git cat-file -s 4e9af5f79a5ce2ce13da1fd74c3b7a52706aedea [1ms]
2024-01-31 08:14:47.654 [info] > git show --textconv :config/storage.yml [8ms]
2024-01-31 08:14:47.656 [info] > git ls-files --stage -- /home/jagaimo/config/storage.yml [3ms]
2024-01-31 08:14:47.665 [info] > git cat-file -s 4942ab66948b7fbb64de6600664e2159c243f9a9 [1ms]
2024-01-31 08:15:12.113 [info] > git show --textconv :config/routes.rb [8ms]
2024-01-31 08:15:12.115 [info] > git ls-files --stage -- /home/jagaimo/config/routes.rb [2ms]
2024-01-31 08:15:12.124 [info] > git cat-file -s 4e9af5f79a5ce2ce13da1fd74c3b7a52706aedea [1ms]
2024-01-31 08:15:12.486 [info] > git show --textconv :config/rails_best_practices.yml [9ms]
2024-01-31 08:15:12.488 [info] > git ls-files --stage -- /home/jagaimo/config/rails_best_practices.yml [3ms]
2024-01-31 08:15:12.496 [info] > git cat-file -s 262fc90d57c88a39aeabf59d5c1409b1ce9673a5 [0ms]
2024-01-31 08:15:12.916 [info] > git show --textconv :config/puma.rb [9ms]
2024-01-31 08:15:12.917 [info] > git ls-files --stage -- /home/jagaimo/config/puma.rb [2ms]
2024-01-31 08:15:12.926 [info] > git cat-file -s 1713441e5ac43dcba8a7d29c0bceb3bf1a0033c4 [1ms]
2024-01-31 08:15:13.348 [info] > git show --textconv :config/importmap.rb [7ms]
2024-01-31 08:15:13.351 [info] > git ls-files --stage -- /home/jagaimo/config/importmap.rb [2ms]
2024-01-31 08:15:13.361 [info] > git cat-file -s 2bf638f4af5e9f7399cd9f7cbda407d80050a23d [1ms]
2024-01-31 08:15:13.883 [info] > git show --textconv :config/environment.rb [10ms]
2024-01-31 08:15:13.885 [info] > git ls-files --stage -- /home/jagaimo/config/environment.rb [3ms]
2024-01-31 08:15:13.894 [info] > git cat-file -s d5abe55806c256100cc029c834f52830829aefc6 [1ms]
2024-01-31 08:15:19.770 [info] > git show --textconv :config/initializers/devise.rb [10ms]
2024-01-31 08:15:19.772 [info] > git ls-files --stage -- /home/jagaimo/config/initializers/devise.rb [4ms]
2024-01-31 08:15:19.781 [info] > git cat-file -s 4f4eb778286037e5c5015141f17d74d38e51c882 [1ms]
2024-01-31 08:18:01.895 [info] > git show --textconv :config/credentials.yml.enc [7ms]
2024-01-31 08:18:01.897 [info] > git ls-files --stage -- /home/jagaimo/config/credentials.yml.enc [2ms]
2024-01-31 08:18:01.907 [info] > git cat-file -s 859225986add5907451b20fd046df776cefc40d9 [1ms]
2024-01-31 08:19:17.162 [info] > git show --textconv :config/storage.yml [8ms]
2024-01-31 08:19:17.163 [info] > git ls-files --stage -- /home/jagaimo/config/storage.yml [2ms]
2024-01-31 08:19:17.172 [info] > git cat-file -s 4942ab66948b7fbb64de6600664e2159c243f9a9 [1ms]
2024-01-31 08:19:21.408 [info] > git show --textconv :config/credentials.yml.enc [7ms]
2024-01-31 08:19:21.410 [info] > git ls-files --stage -- /home/jagaimo/config/credentials.yml.enc [2ms]
2024-01-31 08:19:21.418 [info] > git cat-file -s 859225986add5907451b20fd046df776cefc40d9 [2ms]
2024-01-31 08:19:28.318 [info] > git check-ignore -v -z --stdin [4ms]
2024-01-31 08:19:55.425 [info] > git check-ignore -v -z --stdin [2ms]
2024-01-31 08:19:55.998 [info] > git check-ignore -v -z --stdin [4ms]
2024-01-31 08:19:59.353 [info] > git check-ignore -v -z --stdin [3ms]
2024-01-31 08:20:09.381 [info] > git check-ignore -v -z --stdin [3ms]
2024-01-31 08:20:12.005 [info] > git check-ignore -v -z --stdin [8ms]
2024-01-31 08:20:16.388 [info] > git check-ignore -v -z --stdin [2ms]
2024-01-31 08:20:18.031 [info] > git check-ignore -v -z --stdin [3ms]
2024-01-31 08:20:21.541 [info] > git check-ignore -v -z --stdin [3ms]
2024-01-31 08:20:23.000 [info] > git check-ignore -v -z --stdin [6ms]
2024-01-31 08:20:28.849 [info] > git show --textconv :tmp/development_secret.txt [7ms]
2024-01-31 08:20:28.851 [info] > git ls-files --stage -- /home/jagaimo/tmp/development_secret.txt [2ms]
2024-01-31 08:20:29.980 [info] > git show --textconv :tmp/local_secret.txt [7ms]
2024-01-31 08:20:29.981 [info] > git ls-files --stage -- /home/jagaimo/tmp/local_secret.txt [2ms]
2024-01-31 08:20:35.448 [info] > git check-ignore -v -z --stdin [3ms]
2024-01-31 08:20:37.218 [info] > git check-ignore -v -z --stdin [2ms]
2024-01-31 08:20:43.980 [info] > git show --textconv :tmp/development_secret.txt [10ms]
2024-01-31 08:20:43.983 [info] > git ls-files --stage -- /home/jagaimo/tmp/development_secret.txt [3ms]
2024-01-31 08:20:44.815 [info] > git show --textconv :tmp/local_secret.txt [10ms]
2024-01-31 08:20:44.817 [info] > git ls-files --stage -- /home/jagaimo/tmp/local_secret.txt [3ms]
2024-01-31 08:20:45.725 [info] > git show --textconv :tmp/development_secret.txt [7ms]
2024-01-31 08:20:45.727 [info] > git ls-files --stage -- /home/jagaimo/tmp/development_secret.txt [3ms]
2024-01-31 08:20:54.853 [info] > git show --textconv :config/credentials.yml.enc [8ms]
2024-01-31 08:20:54.854 [info] > git ls-files --stage -- /home/jagaimo/config/credentials.yml.enc [2ms]
2024-01-31 08:20:54.862 [info] > git cat-file -s 859225986add5907451b20fd046df776cefc40d9 [1ms]
2024-01-31 08:24:10.350 [info] > git show --textconv :tmp/.keep [8ms]
2024-01-31 08:24:10.352 [info] > git ls-files --stage -- /home/jagaimo/tmp/.keep [3ms]
2024-01-31 08:24:10.361 [info] > git cat-file -s e69de29bb2d1d6434b8b29ae775ad8c2e48c5391 [1ms]
2024-01-31 08:24:10.729 [info] > git show --textconv :tmp/development_secret.txt [9ms]
2024-01-31 08:24:10.734 [info] > git ls-files --stage -- /home/jagaimo/tmp/development_secret.txt [6ms]
2024-01-31 09:40:55.549 [info] > git config --get commit.template [11ms]
2024-01-31 09:40:55.551 [info] > git for-each-ref --format=%(refname)%00%(upstream:short)%00%(objectname)%00%(upstream:track)%00%(upstream:remotename)%00%(upstream:remoteref) refs/heads/feature-product-index refs/remotes/feature-product-index [5ms]
2024-01-31 09:40:55.706 [info] > git status -z -uall [145ms]
2024-01-31 09:41:01.226 [info] > git config --get commit.template [18ms]
2024-01-31 09:41:01.227 [info] > git for-each-ref --format=%(refname)%00%(upstream:short)%00%(objectname)%00%(upstream:track)%00%(upstream:remotename)%00%(upstream:remoteref) refs/heads/feature-product-index refs/remotes/feature-product-index [3ms]
2024-01-31 09:41:01.272 [info] > git status -z -uall [31ms]
2024-01-31 09:41:01.704 [info] > git show --textconv :tmp/.keep [10ms]
2024-01-31 09:41:01.706 [info] > git ls-files --stage -- /home/jagaimo/tmp/.keep [3ms]
2024-01-31 09:41:01.717 [info] > git cat-file -s e69de29bb2d1d6434b8b29ae775ad8c2e48c5391 [1ms]
2024-01-31 09:41:03.875 [info] > git show --textconv :tmp/local_secret.txt [8ms]
2024-01-31 09:41:03.877 [info] > git ls-files --stage -- /home/jagaimo/tmp/local_secret.txt [2ms]
2024-01-31 09:42:44.539 [info] > git ls-files --stage -- /home/jagaimo/tmp/local_secret.txt [4ms]
2024-01-31 09:42:44.557 [info] > git show --textconv :tmp/local_secret.txt [3ms]
2024-01-31 09:42:49.266 [info] > git show --textconv :config/credentials.yml.enc [10ms]
2024-01-31 09:42:49.268 [info] > git ls-files --stage -- /home/jagaimo/config/credentials.yml.enc [3ms]
2024-01-31 09:42:49.279 [info] > git cat-file -s 859225986add5907451b20fd046df776cefc40d9 [1ms]
2024-01-31 09:45:53.695 [info] > git check-ignore -v -z --stdin [12ms]
2024-01-31 09:50:07.768 [info] > git config --get commit.template [12ms]
2024-01-31 09:50:07.770 [info] > git for-each-ref --format=%(refname)%00%(upstream:short)%00%(objectname)%00%(upstream:track)%00%(upstream:remotename)%00%(upstream:remoteref) refs/heads/feature-product-index refs/remotes/feature-product-index [4ms]
2024-01-31 09:50:07.804 [info] > git status -z -uall [24ms]
2024-01-31 09:50:10.043 [info] > git show --textconv :config/master.key [9ms]
2024-01-31 09:50:10.045 [info] > git ls-files --stage -- /home/jagaimo/config/master.key [3ms]
2024-01-31 09:51:27.586 [info] > git config --get commit.template [21ms]
2024-01-31 09:51:27.587 [info] > git for-each-ref --format=%(refname)%00%(upstream:short)%00%(objectname)%00%(upstream:track)%00%(upstream:remotename)%00%(upstream:remoteref) refs/heads/feature-product-index refs/remotes/feature-product-index [3ms]
2024-01-31 09:51:27.628 [info] > git status -z -uall [31ms]
2024-01-31 09:51:32.529 [info] > git show --textconv :config/environments/production.rb [9ms]
2024-01-31 09:51:32.531 [info] > git ls-files --stage -- /home/jagaimo/config/environments/production.rb [3ms]
2024-01-31 09:51:32.543 [info] > git cat-file -s 11d13ce49fabc5b508d2564c61055a8e5d6e87bb [1ms]
2024-01-31 09:54:04.674 [info] > git show --textconv :tmp/local_secret.txt [10ms]
2024-01-31 09:54:04.676 [info] > git ls-files --stage -- /home/jagaimo/tmp/local_secret.txt [3ms]
2024-01-31 09:54:05.530 [info] > git show --textconv :config/credentials.yml.enc [10ms]
2024-01-31 09:54:05.532 [info] > git ls-files --stage -- /home/jagaimo/config/credentials.yml.enc [4ms]
2024-01-31 09:54:05.542 [info] > git cat-file -s 859225986add5907451b20fd046df776cefc40d9 [1ms]
2024-01-31 09:54:08.941 [info] > git show --textconv :tmp/local_secret.txt [10ms]
2024-01-31 09:54:08.943 [info] > git ls-files --stage -- /home/jagaimo/tmp/local_secret.txt [2ms]
2024-01-31 09:54:09.857 [info] > git show --textconv :config/credentials.yml.enc [12ms]
2024-01-31 09:54:09.859 [info] > git ls-files --stage -- /home/jagaimo/config/credentials.yml.enc [3ms]
2024-01-31 09:54:09.872 [info] > git cat-file -s 859225986add5907451b20fd046df776cefc40d9 [1ms]
2024-01-31 09:56:44.704 [info] > git config --get commit.template [2ms]
2024-01-31 09:56:44.716 [info] > git for-each-ref --format=%(refname)%00%(upstream:short)%00%(objectname)%00%(upstream:track)%00%(upstream:remotename)%00%(upstream:remoteref) refs/heads/feature-product-index refs/remotes/feature-product-index [2ms]
2024-01-31 09:56:44.751 [info] > git status -z -uall [25ms]
2024-01-31 09:56:49.768 [info] > git config --get commit.template [1ms]
2024-01-31 09:56:49.776 [info] > git for-each-ref --format=%(refname)%00%(upstream:short)%00%(objectname)%00%(upstream:track)%00%(upstream:remotename)%00%(upstream:remoteref) refs/heads/feature-product-index refs/remotes/feature-product-index [1ms]
2024-01-31 09:56:49.807 [info] > git status -z -uall [23ms]
2024-01-31 10:20:28.586 [info] > git config --get commit.template [1ms]
2024-01-31 10:20:28.596 [info] > git for-each-ref --format=%(refname)%00%(upstream:short)%00%(objectname)%00%(upstream:track)%00%(upstream:remotename)%00%(upstream:remoteref) refs/heads/feature-product-index refs/remotes/feature-product-index [3ms]
2024-01-31 10:20:28.639 [info] > git status -z -uall [32ms]
2024-01-31 10:20:33.658 [info] > git config --get commit.template [1ms]
2024-01-31 10:20:33.666 [info] > git for-each-ref --format=%(refname)%00%(upstream:short)%00%(objectname)%00%(upstream:track)%00%(upstream:remotename)%00%(upstream:remoteref) refs/heads/feature-product-index refs/remotes/feature-product-index [1ms]
2024-01-31 10:20:33.705 [info] > git status -z -uall [31ms]
2024-01-31 10:20:38.729 [info] > git config --get commit.template [10ms]
2024-01-31 10:20:38.730 [info] > git for-each-ref --format=%(refname)%00%(upstream:short)%00%(objectname)%00%(upstream:track)%00%(upstream:remotename)%00%(upstream:remoteref) refs/heads/feature-product-index refs/remotes/feature-product-index [2ms]
2024-01-31 10:20:38.769 [info] > git status -z -uall [26ms]
2024-01-31 10:20:43.786 [info] > git config --get commit.template [1ms]
2024-01-31 10:20:43.794 [info] > git for-each-ref --format=%(refname)%00%(upstream:short)%00%(objectname)%00%(upstream:track)%00%(upstream:remotename)%00%(upstream:remoteref) refs/heads/feature-product-index refs/remotes/feature-product-index [1ms]
2024-01-31 10:20:43.833 [info] > git status -z -uall [29ms]
2024-01-31 10:20:48.858 [info] > git config --get commit.template [10ms]
2024-01-31 10:20:48.859 [info] > git for-each-ref --format=%(refname)%00%(upstream:short)%00%(objectname)%00%(upstream:track)%00%(upstream:remotename)%00%(upstream:remoteref) refs/heads/feature-product-index refs/remotes/feature-product-index [2ms]
2024-01-31 10:20:48.911 [info] > git status -z -uall [23ms]
2024-01-31 10:21:09.527 [info] > git config --get commit.template [3ms]
2024-01-31 10:21:09.542 [info] > git for-each-ref --format=%(refname)%00%(upstream:short)%00%(objectname)%00%(upstream:track)%00%(upstream:remotename)%00%(upstream:remoteref) refs/heads/feature-product-index refs/remotes/feature-product-index [2ms]
2024-01-31 10:21:09.579 [info] > git status -z -uall [25ms]
2024-01-31 10:21:14.612 [info] > git config --get commit.template [14ms]
2024-01-31 10:21:14.613 [info] > git for-each-ref --format=%(refname)%00%(upstream:short)%00%(objectname)%00%(upstream:track)%00%(upstream:remotename)%00%(upstream:remoteref) refs/heads/feature-product-index refs/remotes/feature-product-index [3ms]
2024-01-31 10:21:14.647 [info] > git status -z -uall [24ms]
2024-01-31 10:21:19.670 [info] > git config --get commit.template [9ms]
2024-01-31 10:21:19.671 [info] > git for-each-ref --format=%(refname)%00%(upstream:short)%00%(objectname)%00%(upstream:track)%00%(upstream:remotename)%00%(upstream:remoteref) refs/heads/feature-product-index refs/remotes/feature-product-index [2ms]
2024-01-31 10:21:19.699 [info] > git status -z -uall [21ms]
2024-01-31 10:21:24.725 [info] > git config --get commit.template [11ms]
2024-01-31 10:21:24.726 [info] > git for-each-ref --format=%(refname)%00%(upstream:short)%00%(objectname)%00%(upstream:track)%00%(upstream:remotename)%00%(upstream:remoteref) refs/heads/feature-product-index refs/remotes/feature-product-index [2ms]
2024-01-31 10:21:24.755 [info] > git status -z -uall [21ms]
2024-01-31 10:21:29.772 [info] > git config --get commit.template [1ms]
2024-01-31 10:21:29.780 [info] > git for-each-ref --format=%(refname)%00%(upstream:short)%00%(objectname)%00%(upstream:track)%00%(upstream:remotename)%00%(upstream:remoteref) refs/heads/feature-product-index refs/remotes/feature-product-index [1ms]
2024-01-31 10:21:29.816 [info] > git status -z -uall [28ms]
2024-01-31 10:21:34.841 [info] > git config --get commit.template [9ms]
2024-01-31 10:21:34.842 [info] > git for-each-ref --format=%(refname)%00%(upstream:short)%00%(objectname)%00%(upstream:track)%00%(upstream:remotename)%00%(upstream:remoteref) refs/heads/feature-product-index refs/remotes/feature-product-index [2ms]
2024-01-31 10:21:34.875 [info] > git status -z -uall [24ms]
2024-01-31 10:21:39.902 [info] > git config --get commit.template [11ms]
2024-01-31 10:21:39.902 [info] > git for-each-ref --format=%(refname)%00%(upstream:short)%00%(objectname)%00%(upstream:track)%00%(upstream:remotename)%00%(upstream:remoteref) refs/heads/feature-product-index refs/remotes/feature-product-index [2ms]
2024-01-31 10:21:39.933 [info] > git status -z -uall [22ms]
2024-01-31 10:21:44.959 [info] > git config --get commit.template [11ms]
2024-01-31 10:21:44.960 [info] > git for-each-ref --format=%(refname)%00%(upstream:short)%00%(objectname)%00%(upstream:track)%00%(upstream:remotename)%00%(upstream:remoteref) refs/heads/feature-product-index refs/remotes/feature-product-index [2ms]
2024-01-31 10:21:44.986 [info] > git status -z -uall [19ms]
2024-01-31 10:21:50.010 [info] > git config --get commit.template [8ms]
2024-01-31 10:21:50.010 [info] > git for-each-ref --format=%(refname)%00%(upstream:short)%00%(objectname)%00%(upstream:track)%00%(upstream:remotename)%00%(upstream:remoteref) refs/heads/feature-product-index refs/remotes/feature-product-index [1ms]
2024-01-31 10:21:50.037 [info] > git status -z -uall [20ms]
2024-01-31 10:21:55.050 [info] > git config --get commit.template [1ms]
2024-01-31 10:21:55.060 [info] > git for-each-ref --format=%(refname)%00%(upstream:short)%00%(objectname)%00%(upstream:track)%00%(upstream:remotename)%00%(upstream:remoteref) refs/heads/feature-product-index refs/remotes/feature-product-index [1ms]
2024-01-31 10:21:55.093 [info] > git status -z -uall [24ms]
2024-01-31 10:22:00.116 [info] > git config --get commit.template [9ms]
2024-01-31 10:22:00.117 [info] > git for-each-ref --format=%(refname)%00%(upstream:short)%00%(objectname)%00%(upstream:track)%00%(upstream:remotename)%00%(upstream:remoteref) refs/heads/feature-product-index refs/remotes/feature-product-index [2ms]
2024-01-31 10:22:00.143 [info] > git status -z -uall [18ms]
2024-01-31 10:22:05.172 [info] > git config --get commit.template [11ms]
2024-01-31 10:22:05.172 [info] > git for-each-ref --format=%(refname)%00%(upstream:short)%00%(objectname)%00%(upstream:track)%00%(upstream:remotename)%00%(upstream:remoteref) refs/heads/feature-product-index refs/remotes/feature-product-index [1ms]
2024-01-31 10:22:05.202 [info] > git status -z -uall [22ms]
2024-01-31 10:22:10.220 [info] > git config --get commit.template [1ms]
2024-01-31 10:22:10.229 [info] > git for-each-ref --format=%(refname)%00%(upstream:short)%00%(objectname)%00%(upstream:track)%00%(upstream:remotename)%00%(upstream:remoteref) refs/heads/feature-product-index refs/remotes/feature-product-index [1ms]
2024-01-31 10:22:10.256 [info] > git status -z -uall [19ms]
2024-01-31 10:22:15.163 [info] > git show --textconv :.bundle/config [9ms]
2024-01-31 10:22:15.165 [info] > git ls-files --stage -- /home/jagaimo/.bundle/config [3ms]
2024-01-31 10:22:15.271 [info] > git config --get commit.template [1ms]
2024-01-31 10:22:15.281 [info] > git for-each-ref --format=%(refname)%00%(upstream:short)%00%(objectname)%00%(upstream:track)%00%(upstream:remotename)%00%(upstream:remoteref) refs/heads/feature-product-index refs/remotes/feature-product-index [1ms]
2024-01-31 10:22:15.314 [info] > git status -z -uall [25ms]
2024-01-31 10:22:15.519 [info] > git check-ignore -v -z --stdin [78ms]
2024-01-31 10:22:20.340 [info] > git config --get commit.template [1ms]
2024-01-31 10:22:20.359 [info] > git for-each-ref --format=%(refname)%00%(upstream:short)%00%(objectname)%00%(upstream:track)%00%(upstream:remotename)%00%(upstream:remoteref) refs/heads/feature-product-index refs/remotes/feature-product-index [1ms]
2024-01-31 10:22:20.395 [info] > git status -z -uall [25ms]
2024-01-31 10:22:25.455 [info] > git config --get commit.template [23ms]
2024-01-31 10:22:25.456 [info] > git for-each-ref --format=%(refname)%00%(upstream:short)%00%(objectname)%00%(upstream:track)%00%(upstream:remotename)%00%(upstream:remoteref) refs/heads/feature-product-index refs/remotes/feature-product-index [2ms]
2024-01-31 10:22:25.529 [info] > git status -z -uall [49ms]
2024-01-31 10:22:30.568 [info] > git config --get commit.template [11ms]
2024-01-31 10:22:30.569 [info] > git for-each-ref --format=%(refname)%00%(upstream:short)%00%(objectname)%00%(upstream:track)%00%(upstream:remotename)%00%(upstream:remoteref) refs/heads/feature-product-index refs/remotes/feature-product-index [2ms]
2024-01-31 10:22:30.598 [info] > git status -z -uall [21ms]
2024-01-31 10:22:35.627 [info] > git config --get commit.template [1ms]
2024-01-31 10:22:35.643 [info] > git for-each-ref --format=%(refname)%00%(upstream:short)%00%(objectname)%00%(upstream:track)%00%(upstream:remotename)%00%(upstream:remoteref) refs/heads/feature-product-index refs/remotes/feature-product-index [2ms]
2024-01-31 10:22:35.677 [info] > git status -z -uall [23ms]
2024-01-31 10:22:44.456 [info] > git config --get commit.template [10ms]
2024-01-31 10:22:44.457 [info] > git for-each-ref --format=%(refname)%00%(upstream:short)%00%(objectname)%00%(upstream:track)%00%(upstream:remotename)%00%(upstream:remoteref) refs/heads/feature-product-index refs/remotes/feature-product-index [2ms]
2024-01-31 10:22:44.497 [info] > git status -z -uall [29ms]
