2024-01-31 19:34:15.966 [info] Log level: Info
2024-01-31 19:34:15.966 [info] Validating found git in: "git"
2024-01-31 19:34:15.966 [info] Using git "2.30.2" from "git"
2024-01-31 19:34:15.966 [info] > git rev-parse --show-toplevel [99ms]
2024-01-31 19:34:15.966 [info] > git rev-parse --git-dir --git-common-dir [61ms]
2024-01-31 19:34:15.966 [info] Open repository: /home/jagaimo
2024-01-31 19:34:15.999 [info] > git rev-parse --show-toplevel [15ms]
2024-01-31 19:34:16.001 [info] > git config --get commit.template [23ms]
2024-01-31 19:34:16.099 [info] > git rev-parse --show-toplevel [75ms]
2024-01-31 19:34:16.109 [info] > git rev-parse --show-toplevel [2ms]
2024-01-31 19:34:16.109 [info] > git for-each-ref --format=%(refname)%00%(upstream:short)%00%(objectname)%00%(upstream:track)%00%(upstream:remotename)%00%(upstream:remoteref) refs/heads/feature-product-index refs/remotes/feature-product-index [12ms]
2024-01-31 19:34:16.143 [info] > git rev-parse --show-toplevel [17ms]
2024-01-31 19:34:16.215 [info] > git rev-parse --show-toplevel [63ms]
2024-01-31 19:34:16.232 [info] > git rev-parse --show-toplevel [6ms]
2024-01-31 19:34:16.249 [info] > git rev-parse --show-toplevel [8ms]
2024-01-31 19:34:16.258 [info] > git rev-parse --show-toplevel [1ms]
2024-01-31 19:34:16.267 [info] > git status -z -uall [149ms]
2024-01-31 19:34:16.268 [info] > git rev-parse --show-toplevel [3ms]
2024-01-31 19:34:16.370 [info] > git config --get commit.template [55ms]
2024-01-31 19:34:16.371 [info] > git rev-parse --show-toplevel [66ms]
2024-01-31 19:34:16.497 [info] > git rev-parse --show-toplevel [16ms]
2024-01-31 19:34:16.509 [info] > git for-each-ref --format=%(refname)%00%(upstream:short)%00%(objectname)%00%(upstream:track)%00%(upstream:remotename)%00%(upstream:remoteref) refs/heads/feature-product-index refs/remotes/feature-product-index [12ms]
2024-01-31 19:34:16.526 [info] > git rev-parse --show-toplevel [18ms]
2024-01-31 19:34:16.545 [info] > git rev-parse --show-toplevel [3ms]
2024-01-31 19:34:16.562 [info] > git status -z -uall [40ms]
2024-01-31 19:34:16.563 [info] > git rev-parse --show-toplevel [3ms]
2024-01-31 19:34:16.607 [info] > git rev-parse --show-toplevel [18ms]
2024-01-31 19:34:16.619 [info] > git check-ignore -v -z --stdin [17ms]
2024-01-31 19:34:16.622 [info] > git rev-parse --show-toplevel [5ms]
2024-01-31 19:34:16.806 [info] > git show --textconv :compose.yaml [11ms]
2024-01-31 19:34:16.809 [info] > git ls-files --stage -- /home/jagaimo/compose.yaml [4ms]
2024-01-31 19:34:16.818 [info] > git cat-file -s 4baf1e76d30e2d12c1835d4ce92d2a3169ecd275 [2ms]
2024-01-31 19:34:19.544 [info] > git config --get commit.template [3ms]
2024-01-31 19:34:19.556 [info] > git for-each-ref --format=%(refname)%00%(upstream:short)%00%(objectname)%00%(upstream:track)%00%(upstream:remotename)%00%(upstream:remoteref) refs/heads/feature-product-index refs/remotes/feature-product-index [2ms]
2024-01-31 19:34:19.622 [info] > git status -z -uall [56ms]
2024-01-31 19:34:19.820 [info] > git config --get commit.template [1ms]
2024-01-31 19:34:19.828 [info] > git for-each-ref --format=%(refname)%00%(upstream:short)%00%(objectname)%00%(upstream:track)%00%(upstream:remotename)%00%(upstream:remoteref) refs/heads/feature-product-index refs/remotes/feature-product-index [1ms]
2024-01-31 19:34:19.857 [info] > git status -z -uall [22ms]
2024-01-31 19:34:20.224 [info] > git check-ignore -v -z --stdin [8ms]
2024-01-31 19:34:22.360 [info] > git check-ignore -v -z --stdin [6ms]
2024-01-31 19:34:23.730 [info] > git check-ignore -v -z --stdin [5ms]
2024-01-31 19:34:24.881 [info] > git config --get commit.template [2ms]
2024-01-31 19:34:24.890 [info] > git for-each-ref --format=%(refname)%00%(upstream:short)%00%(objectname)%00%(upstream:track)%00%(upstream:remotename)%00%(upstream:remoteref) refs/heads/feature-product-index refs/remotes/feature-product-index [1ms]
2024-01-31 19:34:24.919 [info] > git status -z -uall [22ms]
2024-01-31 19:34:25.001 [info] > git check-ignore -v -z --stdin [4ms]
2024-01-31 19:34:26.542 [info] > git show --textconv :.github/workflows/docker.yml [9ms]
2024-01-31 19:34:26.545 [info] > git ls-files --stage -- /home/jagaimo/.github/workflows/docker.yml [3ms]
2024-01-31 19:34:26.554 [info] > git cat-file -s e758b6b2e1b12a39f7925ab2d6259a2ab100371f [1ms]
2024-01-31 19:34:29.942 [info] > git config --get commit.template [1ms]
2024-01-31 19:34:29.953 [info] > git for-each-ref --format=%(refname)%00%(upstream:short)%00%(objectname)%00%(upstream:track)%00%(upstream:remotename)%00%(upstream:remoteref) refs/heads/feature-product-index refs/remotes/feature-product-index [1ms]
2024-01-31 19:34:29.985 [info] > git status -z -uall [24ms]
2024-01-31 19:34:35.006 [info] > git config --get commit.template [1ms]
2024-01-31 19:34:35.016 [info] > git for-each-ref --format=%(refname)%00%(upstream:short)%00%(objectname)%00%(upstream:track)%00%(upstream:remotename)%00%(upstream:remoteref) refs/heads/feature-product-index refs/remotes/feature-product-index [1ms]
2024-01-31 19:34:35.051 [info] > git status -z -uall [26ms]
2024-01-31 19:34:40.075 [info] > git config --get commit.template [1ms]
2024-01-31 19:34:40.085 [info] > git for-each-ref --format=%(refname)%00%(upstream:short)%00%(objectname)%00%(upstream:track)%00%(upstream:remotename)%00%(upstream:remoteref) refs/heads/feature-product-index refs/remotes/feature-product-index [1ms]
2024-01-31 19:34:40.118 [info] > git status -z -uall [24ms]
2024-01-31 19:34:45.144 [info] > git config --get commit.template [1ms]
2024-01-31 19:34:45.154 [info] > git for-each-ref --format=%(refname)%00%(upstream:short)%00%(objectname)%00%(upstream:track)%00%(upstream:remotename)%00%(upstream:remoteref) refs/heads/feature-product-index refs/remotes/feature-product-index [1ms]
2024-01-31 19:34:45.190 [info] > git status -z -uall [28ms]
2024-01-31 19:34:50.211 [info] > git config --get commit.template [1ms]
2024-01-31 19:34:50.220 [info] > git for-each-ref --format=%(refname)%00%(upstream:short)%00%(objectname)%00%(upstream:track)%00%(upstream:remotename)%00%(upstream:remoteref) refs/heads/feature-product-index refs/remotes/feature-product-index [1ms]
2024-01-31 19:34:50.248 [info] > git status -z -uall [21ms]
2024-01-31 19:34:55.268 [info] > git config --get commit.template [1ms]
2024-01-31 19:34:55.277 [info] > git for-each-ref --format=%(refname)%00%(upstream:short)%00%(objectname)%00%(upstream:track)%00%(upstream:remotename)%00%(upstream:remoteref) refs/heads/feature-product-index refs/remotes/feature-product-index [1ms]
2024-01-31 19:34:55.306 [info] > git status -z -uall [22ms]
2024-01-31 19:35:07.198 [info] > git config --get commit.template [25ms]
2024-01-31 19:35:07.201 [info] > git for-each-ref --format=%(refname)%00%(upstream:short)%00%(objectname)%00%(upstream:track)%00%(upstream:remotename)%00%(upstream:remoteref) refs/heads/feature-product-index refs/remotes/feature-product-index [4ms]
2024-01-31 19:35:07.251 [info] > git status -z -uall [32ms]
2024-01-31 19:35:12.290 [info] > git config --get commit.template [2ms]
2024-01-31 19:35:12.308 [info] > git for-each-ref --format=%(refname)%00%(upstream:short)%00%(objectname)%00%(upstream:track)%00%(upstream:remotename)%00%(upstream:remoteref) refs/heads/feature-product-index refs/remotes/feature-product-index [3ms]
2024-01-31 19:35:12.361 [info] > git status -z -uall [40ms]
2024-01-31 19:35:18.292 [info] > git config --get commit.template [2ms]
2024-01-31 19:35:18.306 [info] > git for-each-ref --format=%(refname)%00%(upstream:short)%00%(objectname)%00%(upstream:track)%00%(upstream:remotename)%00%(upstream:remoteref) refs/heads/feature-product-index refs/remotes/feature-product-index [2ms]
2024-01-31 19:35:18.342 [info] > git status -z -uall [25ms]
2024-01-31 19:35:28.992 [info] > git config --get commit.template [33ms]
2024-01-31 19:35:28.994 [info] > git for-each-ref --format=%(refname)%00%(upstream:short)%00%(objectname)%00%(upstream:track)%00%(upstream:remotename)%00%(upstream:remoteref) refs/heads/feature-product-index refs/remotes/feature-product-index [3ms]
2024-01-31 19:35:29.081 [info] > git status -z -uall [74ms]
2024-01-31 19:35:34.119 [info] > git config --get commit.template [1ms]
2024-01-31 19:35:34.133 [info] > git for-each-ref --format=%(refname)%00%(upstream:short)%00%(objectname)%00%(upstream:track)%00%(upstream:remotename)%00%(upstream:remoteref) refs/heads/feature-product-index refs/remotes/feature-product-index [3ms]
2024-01-31 19:35:34.169 [info] > git status -z -uall [25ms]
2024-01-31 19:35:39.209 [info] > git config --get commit.template [15ms]
2024-01-31 19:35:39.210 [info] > git for-each-ref --format=%(refname)%00%(upstream:short)%00%(objectname)%00%(upstream:track)%00%(upstream:remotename)%00%(upstream:remoteref) refs/heads/feature-product-index refs/remotes/feature-product-index [2ms]
2024-01-31 19:35:39.250 [info] > git status -z -uall [30ms]
2024-01-31 19:36:05.913 [info] > git config --get commit.template [3ms]
2024-01-31 19:36:05.931 [info] > git for-each-ref --format=%(refname)%00%(upstream:short)%00%(objectname)%00%(upstream:track)%00%(upstream:remotename)%00%(upstream:remoteref) refs/heads/feature-product-index refs/remotes/feature-product-index [2ms]
2024-01-31 19:36:05.976 [info] > git status -z -uall [34ms]
2024-01-31 19:36:21.432 [info] > git config --get commit.template [3ms]
2024-01-31 19:36:21.449 [info] > git for-each-ref --format=%(refname)%00%(upstream:short)%00%(objectname)%00%(upstream:track)%00%(upstream:remotename)%00%(upstream:remoteref) refs/heads/feature-product-index refs/remotes/feature-product-index [2ms]
2024-01-31 19:36:21.491 [info] > git status -z -uall [29ms]
2024-01-31 19:36:26.520 [info] > git config --get commit.template [1ms]
2024-01-31 19:36:26.529 [info] > git for-each-ref --format=%(refname)%00%(upstream:short)%00%(objectname)%00%(upstream:track)%00%(upstream:remotename)%00%(upstream:remoteref) refs/heads/feature-product-index refs/remotes/feature-product-index [2ms]
2024-01-31 19:36:26.569 [info] > git status -z -uall [31ms]
2024-01-31 19:36:31.594 [info] > git config --get commit.template [2ms]
2024-01-31 19:36:31.603 [info] > git for-each-ref --format=%(refname)%00%(upstream:short)%00%(objectname)%00%(upstream:track)%00%(upstream:remotename)%00%(upstream:remoteref) refs/heads/feature-product-index refs/remotes/feature-product-index [1ms]
2024-01-31 19:36:31.638 [info] > git status -z -uall [27ms]
2024-01-31 19:36:36.667 [info] > git config --get commit.template [2ms]
2024-01-31 19:36:36.676 [info] > git for-each-ref --format=%(refname)%00%(upstream:short)%00%(objectname)%00%(upstream:track)%00%(upstream:remotename)%00%(upstream:remoteref) refs/heads/feature-product-index refs/remotes/feature-product-index [1ms]
2024-01-31 19:36:36.708 [info] > git status -z -uall [22ms]
2024-01-31 19:36:41.742 [info] > git config --get commit.template [9ms]
2024-01-31 19:36:41.744 [info] > git for-each-ref --format=%(refname)%00%(upstream:short)%00%(objectname)%00%(upstream:track)%00%(upstream:remotename)%00%(upstream:remoteref) refs/heads/feature-product-index refs/remotes/feature-product-index [2ms]
2024-01-31 19:36:41.778 [info] > git status -z -uall [25ms]
2024-01-31 19:36:55.163 [info] > git config --get commit.template [2ms]
2024-01-31 19:36:55.177 [info] > git for-each-ref --format=%(refname)%00%(upstream:short)%00%(objectname)%00%(upstream:track)%00%(upstream:remotename)%00%(upstream:remoteref) refs/heads/feature-product-index refs/remotes/feature-product-index [3ms]
2024-01-31 19:36:55.215 [info] > git status -z -uall [28ms]
2024-01-31 19:37:00.248 [info] > git config --get commit.template [9ms]
2024-01-31 19:37:00.248 [info] > git for-each-ref --format=%(refname)%00%(upstream:short)%00%(objectname)%00%(upstream:track)%00%(upstream:remotename)%00%(upstream:remoteref) refs/heads/feature-product-index refs/remotes/feature-product-index [1ms]
2024-01-31 19:37:00.282 [info] > git status -z -uall [23ms]
2024-01-31 19:37:05.313 [info] > git config --get commit.template [10ms]
2024-01-31 19:37:05.314 [info] > git for-each-ref --format=%(refname)%00%(upstream:short)%00%(objectname)%00%(upstream:track)%00%(upstream:remotename)%00%(upstream:remoteref) refs/heads/feature-product-index refs/remotes/feature-product-index [2ms]
2024-01-31 19:37:05.352 [info] > git status -z -uall [29ms]
2024-01-31 19:37:10.374 [info] > git config --get commit.template [2ms]
2024-01-31 19:37:10.382 [info] > git for-each-ref --format=%(refname)%00%(upstream:short)%00%(objectname)%00%(upstream:track)%00%(upstream:remotename)%00%(upstream:remoteref) refs/heads/feature-product-index refs/remotes/feature-product-index [1ms]
2024-01-31 19:37:10.425 [info] > git status -z -uall [35ms]
2024-01-31 19:37:15.448 [info] > git config --get commit.template [1ms]
2024-01-31 19:37:15.459 [info] > git for-each-ref --format=%(refname)%00%(upstream:short)%00%(objectname)%00%(upstream:track)%00%(upstream:remotename)%00%(upstream:remoteref) refs/heads/feature-product-index refs/remotes/feature-product-index [1ms]
2024-01-31 19:37:15.497 [info] > git status -z -uall [29ms]
2024-01-31 19:37:20.532 [info] > git config --get commit.template [1ms]
2024-01-31 19:37:20.540 [info] > git for-each-ref --format=%(refname)%00%(upstream:short)%00%(objectname)%00%(upstream:track)%00%(upstream:remotename)%00%(upstream:remoteref) refs/heads/feature-product-index refs/remotes/feature-product-index [1ms]
2024-01-31 19:37:20.580 [info] > git status -z -uall [33ms]
2024-01-31 19:37:25.607 [info] > git config --get commit.template [2ms]
2024-01-31 19:37:25.615 [info] > git for-each-ref --format=%(refname)%00%(upstream:short)%00%(objectname)%00%(upstream:track)%00%(upstream:remotename)%00%(upstream:remoteref) refs/heads/feature-product-index refs/remotes/feature-product-index [1ms]
2024-01-31 19:37:25.648 [info] > git status -z -uall [26ms]
2024-01-31 19:37:30.671 [info] > git config --get commit.template [1ms]
2024-01-31 19:37:30.681 [info] > git for-each-ref --format=%(refname)%00%(upstream:short)%00%(objectname)%00%(upstream:track)%00%(upstream:remotename)%00%(upstream:remoteref) refs/heads/feature-product-index refs/remotes/feature-product-index [1ms]
2024-01-31 19:37:30.712 [info] > git status -z -uall [24ms]
2024-01-31 19:37:35.734 [info] > git config --get commit.template [1ms]
2024-01-31 19:37:35.744 [info] > git for-each-ref --format=%(refname)%00%(upstream:short)%00%(objectname)%00%(upstream:track)%00%(upstream:remotename)%00%(upstream:remoteref) refs/heads/feature-product-index refs/remotes/feature-product-index [0ms]
2024-01-31 19:37:35.778 [info] > git status -z -uall [26ms]
2024-01-31 19:38:20.570 [info] > git config --get commit.template [26ms]
2024-01-31 19:38:20.572 [info] > git for-each-ref --format=%(refname)%00%(upstream:short)%00%(objectname)%00%(upstream:track)%00%(upstream:remotename)%00%(upstream:remoteref) refs/heads/feature-product-index refs/remotes/feature-product-index [5ms]
2024-01-31 19:38:20.628 [info] > git status -z -uall [34ms]
2024-01-31 19:38:25.670 [info] > git config --get commit.template [9ms]
2024-01-31 19:38:25.671 [info] > git for-each-ref --format=%(refname)%00%(upstream:short)%00%(objectname)%00%(upstream:track)%00%(upstream:remotename)%00%(upstream:remoteref) refs/heads/feature-product-index refs/remotes/feature-product-index [2ms]
2024-01-31 19:38:25.719 [info] > git status -z -uall [41ms]
2024-01-31 19:38:30.745 [info] > git config --get commit.template [2ms]
2024-01-31 19:38:30.754 [info] > git for-each-ref --format=%(refname)%00%(upstream:short)%00%(objectname)%00%(upstream:track)%00%(upstream:remotename)%00%(upstream:remoteref) refs/heads/feature-product-index refs/remotes/feature-product-index [1ms]
2024-01-31 19:38:30.784 [info] > git status -z -uall [22ms]
2024-01-31 19:38:35.805 [info] > git config --get commit.template [1ms]
2024-01-31 19:38:35.815 [info] > git for-each-ref --format=%(refname)%00%(upstream:short)%00%(objectname)%00%(upstream:track)%00%(upstream:remotename)%00%(upstream:remoteref) refs/heads/feature-product-index refs/remotes/feature-product-index [1ms]
2024-01-31 19:38:35.858 [info] > git status -z -uall [23ms]
2024-01-31 19:38:40.884 [info] > git config --get commit.template [2ms]
2024-01-31 19:38:40.895 [info] > git for-each-ref --format=%(refname)%00%(upstream:short)%00%(objectname)%00%(upstream:track)%00%(upstream:remotename)%00%(upstream:remoteref) refs/heads/feature-product-index refs/remotes/feature-product-index [2ms]
2024-01-31 19:38:40.939 [info] > git status -z -uall [21ms]
2024-01-31 19:38:45.961 [info] > git config --get commit.template [1ms]
2024-01-31 19:38:45.970 [info] > git for-each-ref --format=%(refname)%00%(upstream:short)%00%(objectname)%00%(upstream:track)%00%(upstream:remotename)%00%(upstream:remoteref) refs/heads/feature-product-index refs/remotes/feature-product-index [1ms]
2024-01-31 19:38:46.011 [info] > git status -z -uall [33ms]
2024-01-31 19:38:51.041 [info] > git config --get commit.template [7ms]
2024-01-31 19:38:51.042 [info] > git for-each-ref --format=%(refname)%00%(upstream:short)%00%(objectname)%00%(upstream:track)%00%(upstream:remotename)%00%(upstream:remoteref) refs/heads/feature-product-index refs/remotes/feature-product-index [1ms]
2024-01-31 19:38:51.107 [info] > git status -z -uall [57ms]
2024-01-31 19:38:56.130 [info] > git config --get commit.template [2ms]
2024-01-31 19:38:56.139 [info] > git for-each-ref --format=%(refname)%00%(upstream:short)%00%(objectname)%00%(upstream:track)%00%(upstream:remotename)%00%(upstream:remoteref) refs/heads/feature-product-index refs/remotes/feature-product-index [1ms]
2024-01-31 19:38:56.178 [info] > git status -z -uall [31ms]
2024-01-31 19:39:01.214 [info] > git config --get commit.template [10ms]
2024-01-31 19:39:01.215 [info] > git for-each-ref --format=%(refname)%00%(upstream:short)%00%(objectname)%00%(upstream:track)%00%(upstream:remotename)%00%(upstream:remoteref) refs/heads/feature-product-index refs/remotes/feature-product-index [2ms]
2024-01-31 19:39:01.254 [info] > git status -z -uall [31ms]
2024-01-31 19:39:06.287 [info] > git config --get commit.template [9ms]
2024-01-31 19:39:06.287 [info] > git for-each-ref --format=%(refname)%00%(upstream:short)%00%(objectname)%00%(upstream:track)%00%(upstream:remotename)%00%(upstream:remoteref) refs/heads/feature-product-index refs/remotes/feature-product-index [1ms]
2024-01-31 19:39:06.325 [info] > git status -z -uall [30ms]
2024-01-31 19:39:11.347 [info] > git config --get commit.template [2ms]
2024-01-31 19:39:11.356 [info] > git for-each-ref --format=%(refname)%00%(upstream:short)%00%(objectname)%00%(upstream:track)%00%(upstream:remotename)%00%(upstream:remoteref) refs/heads/feature-product-index refs/remotes/feature-product-index [1ms]
2024-01-31 19:39:11.388 [info] > git status -z -uall [23ms]
2024-01-31 19:39:17.988 [info] > git config --get commit.template [2ms]
2024-01-31 19:39:17.999 [info] > git for-each-ref --format=%(refname)%00%(upstream:short)%00%(objectname)%00%(upstream:track)%00%(upstream:remotename)%00%(upstream:remoteref) refs/heads/feature-product-index refs/remotes/feature-product-index [3ms]
2024-01-31 19:39:18.039 [info] > git status -z -uall [33ms]
2024-01-31 19:39:23.059 [info] > git config --get commit.template [1ms]
2024-01-31 19:39:23.069 [info] > git for-each-ref --format=%(refname)%00%(upstream:short)%00%(objectname)%00%(upstream:track)%00%(upstream:remotename)%00%(upstream:remoteref) refs/heads/feature-product-index refs/remotes/feature-product-index [1ms]
2024-01-31 19:39:23.101 [info] > git status -z -uall [23ms]
2024-01-31 19:39:28.121 [info] > git config --get commit.template [2ms]
2024-01-31 19:39:28.131 [info] > git for-each-ref --format=%(refname)%00%(upstream:short)%00%(objectname)%00%(upstream:track)%00%(upstream:remotename)%00%(upstream:remoteref) refs/heads/feature-product-index refs/remotes/feature-product-index [1ms]
2024-01-31 19:39:28.162 [info] > git status -z -uall [21ms]
2024-01-31 19:39:33.183 [info] > git config --get commit.template [1ms]
2024-01-31 19:39:33.193 [info] > git for-each-ref --format=%(refname)%00%(upstream:short)%00%(objectname)%00%(upstream:track)%00%(upstream:remotename)%00%(upstream:remoteref) refs/heads/feature-product-index refs/remotes/feature-product-index [1ms]
2024-01-31 19:39:33.224 [info] > git status -z -uall [23ms]
2024-01-31 19:39:38.998 [info] > git config --get commit.template [2ms]
2024-01-31 19:39:39.013 [info] > git for-each-ref --format=%(refname)%00%(upstream:short)%00%(objectname)%00%(upstream:track)%00%(upstream:remotename)%00%(upstream:remoteref) refs/heads/feature-product-index refs/remotes/feature-product-index [2ms]
2024-01-31 19:39:39.050 [info] > git status -z -uall [26ms]
2024-01-31 19:39:40.755 [info] > git show --textconv :Gemfile [14ms]
2024-01-31 19:39:40.758 [info] > git ls-files --stage -- /home/jagaimo/Gemfile [5ms]
2024-01-31 19:39:40.776 [info] > git cat-file -s 0a77098cc176a98d00e4355a618b22abca548d03 [4ms]
2024-01-31 19:39:44.074 [info] > git config --get commit.template [2ms]
2024-01-31 19:39:44.083 [info] > git for-each-ref --format=%(refname)%00%(upstream:short)%00%(objectname)%00%(upstream:track)%00%(upstream:remotename)%00%(upstream:remoteref) refs/heads/feature-product-index refs/remotes/feature-product-index [1ms]
2024-01-31 19:39:44.131 [info] > git status -z -uall [38ms]
2024-01-31 19:39:49.162 [info] > git config --get commit.template [9ms]
2024-01-31 19:39:49.162 [info] > git for-each-ref --format=%(refname)%00%(upstream:short)%00%(objectname)%00%(upstream:track)%00%(upstream:remotename)%00%(upstream:remoteref) refs/heads/feature-product-index refs/remotes/feature-product-index [1ms]
2024-01-31 19:39:49.307 [info] > git status -z -uall [137ms]
2024-01-31 19:39:49.393 [info] > git ls-files --stage -- /home/jagaimo/Gemfile [3ms]
2024-01-31 19:39:49.402 [info] > git cat-file -s 0a77098cc176a98d00e4355a618b22abca548d03 [1ms]
2024-01-31 19:39:49.437 [info] > git show --textconv :Gemfile [22ms]
2024-01-31 19:39:54.338 [info] > git config --get commit.template [10ms]
2024-01-31 19:39:54.338 [info] > git for-each-ref --format=%(refname)%00%(upstream:short)%00%(objectname)%00%(upstream:track)%00%(upstream:remotename)%00%(upstream:remoteref) refs/heads/feature-product-index refs/remotes/feature-product-index [1ms]
2024-01-31 19:39:54.394 [info] > git status -z -uall [48ms]
2024-01-31 19:39:59.411 [info] > git config --get commit.template [1ms]
2024-01-31 19:39:59.419 [info] > git for-each-ref --format=%(refname)%00%(upstream:short)%00%(objectname)%00%(upstream:track)%00%(upstream:remotename)%00%(upstream:remoteref) refs/heads/feature-product-index refs/remotes/feature-product-index [1ms]
2024-01-31 19:39:59.487 [info] > git status -z -uall [60ms]
2024-01-31 19:40:04.505 [info] > git config --get commit.template [1ms]
2024-01-31 19:40:04.514 [info] > git for-each-ref --format=%(refname)%00%(upstream:short)%00%(objectname)%00%(upstream:track)%00%(upstream:remotename)%00%(upstream:remoteref) refs/heads/feature-product-index refs/remotes/feature-product-index [1ms]
2024-01-31 19:40:04.579 [info] > git status -z -uall [56ms]
2024-01-31 19:40:09.618 [info] > git config --get commit.template [13ms]
2024-01-31 19:40:09.620 [info] > git for-each-ref --format=%(refname)%00%(upstream:short)%00%(objectname)%00%(upstream:track)%00%(upstream:remotename)%00%(upstream:remoteref) refs/heads/feature-product-index refs/remotes/feature-product-index [2ms]
2024-01-31 19:40:09.655 [info] > git status -z -uall [25ms]
2024-01-31 19:40:10.721 [info] > git ls-files --stage -- /home/jagaimo/Gemfile [4ms]
2024-01-31 19:40:10.735 [info] > git cat-file -s 0a77098cc176a98d00e4355a618b22abca548d03 [2ms]
2024-01-31 19:40:10.754 [info] > git show --textconv :Gemfile [4ms]
2024-01-31 19:40:14.706 [info] > git config --get commit.template [15ms]
2024-01-31 19:40:14.707 [info] > git for-each-ref --format=%(refname)%00%(upstream:short)%00%(objectname)%00%(upstream:track)%00%(upstream:remotename)%00%(upstream:remoteref) refs/heads/feature-product-index refs/remotes/feature-product-index [2ms]
2024-01-31 19:40:14.750 [info] > git status -z -uall [31ms]
2024-01-31 19:40:19.763 [info] > git config --get commit.template [1ms]
2024-01-31 19:40:19.778 [info] > git for-each-ref --format=%(refname)%00%(upstream:short)%00%(objectname)%00%(upstream:track)%00%(upstream:remotename)%00%(upstream:remoteref) refs/heads/feature-product-index refs/remotes/feature-product-index [2ms]
2024-01-31 19:40:19.818 [info] > git status -z -uall [27ms]
2024-01-31 19:40:24.832 [info] > git config --get commit.template [1ms]
2024-01-31 19:40:24.842 [info] > git for-each-ref --format=%(refname)%00%(upstream:short)%00%(objectname)%00%(upstream:track)%00%(upstream:remotename)%00%(upstream:remoteref) refs/heads/feature-product-index refs/remotes/feature-product-index [0ms]
2024-01-31 19:40:24.875 [info] > git status -z -uall [23ms]
2024-01-31 19:40:29.890 [info] > git config --get commit.template [1ms]
2024-01-31 19:40:29.901 [info] > git for-each-ref --format=%(refname)%00%(upstream:short)%00%(objectname)%00%(upstream:track)%00%(upstream:remotename)%00%(upstream:remoteref) refs/heads/feature-product-index refs/remotes/feature-product-index [2ms]
2024-01-31 19:40:29.937 [info] > git status -z -uall [26ms]
2024-01-31 19:40:34.950 [info] > git config --get commit.template [1ms]
2024-01-31 19:40:34.960 [info] > git for-each-ref --format=%(refname)%00%(upstream:short)%00%(objectname)%00%(upstream:track)%00%(upstream:remotename)%00%(upstream:remoteref) refs/heads/feature-product-index refs/remotes/feature-product-index [1ms]
2024-01-31 19:40:35.005 [info] > git status -z -uall [36ms]
2024-01-31 19:42:30.975 [info] > git config --get commit.template [24ms]
2024-01-31 19:42:30.978 [info] > git for-each-ref --format=%(refname)%00%(upstream:short)%00%(objectname)%00%(upstream:track)%00%(upstream:remotename)%00%(upstream:remoteref) refs/heads/feature-product-index refs/remotes/feature-product-index [8ms]
2024-01-31 19:42:31.119 [info] > git status -z -uall [117ms]
2024-01-31 19:42:44.247 [info] > git config --get commit.template [25ms]
2024-01-31 19:42:44.248 [info] > git for-each-ref --format=%(refname)%00%(upstream:short)%00%(objectname)%00%(upstream:track)%00%(upstream:remotename)%00%(upstream:remoteref) refs/heads/feature-product-index refs/remotes/feature-product-index [3ms]
2024-01-31 19:42:44.339 [info] > git status -z -uall [62ms]
2024-01-31 19:42:48.898 [info] > git show --textconv :compose.yaml [45ms]
2024-01-31 19:42:48.905 [info] > git ls-files --stage -- /home/jagaimo/compose.yaml [31ms]
2024-01-31 19:42:48.929 [info] > git cat-file -s e0d3a680b0ddb95d65a45dcbd57a63ed34136740 [8ms]
2024-01-31 19:42:49.366 [info] > git config --get commit.template [3ms]
2024-01-31 19:42:49.383 [info] > git for-each-ref --format=%(refname)%00%(upstream:short)%00%(objectname)%00%(upstream:track)%00%(upstream:remotename)%00%(upstream:remoteref) refs/heads/feature-product-index refs/remotes/feature-product-index [3ms]
2024-01-31 19:42:49.504 [info] > git status -z -uall [108ms]
2024-01-31 19:42:54.536 [info] > git config --get commit.template [4ms]
2024-01-31 19:42:54.552 [info] > git for-each-ref --format=%(refname)%00%(upstream:short)%00%(objectname)%00%(upstream:track)%00%(upstream:remotename)%00%(upstream:remoteref) refs/heads/feature-product-index refs/remotes/feature-product-index [3ms]
2024-01-31 19:42:54.602 [info] > git status -z -uall [36ms]
2024-01-31 19:43:07.911 [info] > git config --get commit.template [2ms]
2024-01-31 19:43:07.952 [info] > git for-each-ref --format=%(refname)%00%(upstream:short)%00%(objectname)%00%(upstream:track)%00%(upstream:remotename)%00%(upstream:remoteref) refs/heads/feature-product-index refs/remotes/feature-product-index [16ms]
2024-01-31 19:43:08.071 [info] > git status -z -uall [85ms]
2024-01-31 19:43:13.093 [info] > git config --get commit.template [8ms]
2024-01-31 19:43:13.094 [info] > git for-each-ref --format=%(refname)%00%(upstream:short)%00%(objectname)%00%(upstream:track)%00%(upstream:remotename)%00%(upstream:remoteref) refs/heads/feature-product-index refs/remotes/feature-product-index [2ms]
2024-01-31 19:43:13.134 [info] > git status -z -uall [33ms]
2024-01-31 19:43:24.559 [info] > git config --get commit.template [5ms]
2024-01-31 19:43:24.575 [info] > git for-each-ref --format=%(refname)%00%(upstream:short)%00%(objectname)%00%(upstream:track)%00%(upstream:remotename)%00%(upstream:remoteref) refs/heads/feature-product-index refs/remotes/feature-product-index [2ms]
2024-01-31 19:43:24.621 [info] > git status -z -uall [32ms]
2024-01-31 19:43:29.484 [info] > git show --textconv :.github/workflows/docker.yml [17ms]
2024-01-31 19:43:29.487 [info] > git ls-files --stage -- /home/jagaimo/.github/workflows/docker.yml [7ms]
2024-01-31 19:43:29.501 [info] > git cat-file -s 1c2e1bdf0c986762df77433dacc258cc78160471 [2ms]
2024-01-31 19:43:29.632 [info] > git config --get commit.template [1ms]
2024-01-31 19:43:29.643 [info] > git for-each-ref --format=%(refname)%00%(upstream:short)%00%(objectname)%00%(upstream:track)%00%(upstream:remotename)%00%(upstream:remoteref) refs/heads/feature-product-index refs/remotes/feature-product-index [2ms]
2024-01-31 19:43:29.680 [info] > git status -z -uall [27ms]
2024-01-31 19:43:34.692 [info] > git config --get commit.template [1ms]
2024-01-31 19:43:34.700 [info] > git for-each-ref --format=%(refname)%00%(upstream:short)%00%(objectname)%00%(upstream:track)%00%(upstream:remotename)%00%(upstream:remoteref) refs/heads/feature-product-index refs/remotes/feature-product-index [1ms]
2024-01-31 19:43:34.744 [info] > git status -z -uall [30ms]
2024-01-31 19:43:39.759 [info] > git config --get commit.template [2ms]
2024-01-31 19:43:39.769 [info] > git for-each-ref --format=%(refname)%00%(upstream:short)%00%(objectname)%00%(upstream:track)%00%(upstream:remotename)%00%(upstream:remoteref) refs/heads/feature-product-index refs/remotes/feature-product-index [1ms]
2024-01-31 19:43:39.803 [info] > git status -z -uall [26ms]
2024-01-31 20:14:27.388 [info] > git config --get commit.template [74ms]
2024-01-31 20:14:27.405 [info] > git for-each-ref --format=%(refname)%00%(upstream:short)%00%(objectname)%00%(upstream:track)%00%(upstream:remotename)%00%(upstream:remoteref) refs/heads/feature-product-index refs/remotes/feature-product-index [77ms]
2024-01-31 20:14:28.041 [info] > git status -z -uall [625ms]
2024-01-31 20:14:46.753 [info] > git config --get commit.template [5ms]
2024-01-31 20:14:46.780 [info] > git for-each-ref --format=%(refname)%00%(upstream:short)%00%(objectname)%00%(upstream:track)%00%(upstream:remotename)%00%(upstream:remoteref) refs/heads/feature-product-index refs/remotes/feature-product-index [2ms]
2024-01-31 20:14:46.864 [info] > git status -z -uall [45ms]
2024-01-31 20:17:30.447 [info] > git config --get commit.template [32ms]
2024-01-31 20:17:30.457 [info] > git for-each-ref --format=%(refname)%00%(upstream:short)%00%(objectname)%00%(upstream:track)%00%(upstream:remotename)%00%(upstream:remoteref) refs/heads/feature-product-index refs/remotes/feature-product-index [22ms]
2024-01-31 20:17:30.737 [info] > git status -z -uall [255ms]
2024-01-31 20:17:34.191 [info] > git show --textconv :compose.yaml [22ms]
2024-01-31 20:17:34.204 [info] > git ls-files --stage -- /home/jagaimo/compose.yaml [14ms]
2024-01-31 20:17:34.225 [info] > git cat-file -s e0d3a680b0ddb95d65a45dcbd57a63ed34136740 [4ms]
2024-01-31 20:17:35.764 [info] > git config --get commit.template [12ms]
2024-01-31 20:17:35.765 [info] > git for-each-ref --format=%(refname)%00%(upstream:short)%00%(objectname)%00%(upstream:track)%00%(upstream:remotename)%00%(upstream:remoteref) refs/heads/feature-product-index refs/remotes/feature-product-index [2ms]
2024-01-31 20:17:35.812 [info] > git status -z -uall [36ms]
2024-01-31 20:17:40.837 [info] > git config --get commit.template [3ms]
2024-01-31 20:17:40.852 [info] > git for-each-ref --format=%(refname)%00%(upstream:short)%00%(objectname)%00%(upstream:track)%00%(upstream:remotename)%00%(upstream:remoteref) refs/heads/feature-product-index refs/remotes/feature-product-index [2ms]
2024-01-31 20:17:40.906 [info] > git status -z -uall [38ms]
2024-01-31 20:17:45.921 [info] > git config --get commit.template [1ms]
2024-01-31 20:17:45.934 [info] > git for-each-ref --format=%(refname)%00%(upstream:short)%00%(objectname)%00%(upstream:track)%00%(upstream:remotename)%00%(upstream:remoteref) refs/heads/feature-product-index refs/remotes/feature-product-index [2ms]
2024-01-31 20:17:45.975 [info] > git status -z -uall [24ms]
2024-01-31 20:17:50.988 [info] > git config --get commit.template [1ms]
2024-01-31 20:17:50.998 [info] > git for-each-ref --format=%(refname)%00%(upstream:short)%00%(objectname)%00%(upstream:track)%00%(upstream:remotename)%00%(upstream:remoteref) refs/heads/feature-product-index refs/remotes/feature-product-index [1ms]
2024-01-31 20:17:51.033 [info] > git status -z -uall [23ms]
2024-01-31 20:17:56.061 [info] > git config --get commit.template [14ms]
2024-01-31 20:17:56.062 [info] > git for-each-ref --format=%(refname)%00%(upstream:short)%00%(objectname)%00%(upstream:track)%00%(upstream:remotename)%00%(upstream:remoteref) refs/heads/feature-product-index refs/remotes/feature-product-index [1ms]
2024-01-31 20:17:56.094 [info] > git status -z -uall [23ms]
2024-01-31 20:18:01.120 [info] > git config --get commit.template [14ms]
2024-01-31 20:18:01.121 [info] > git for-each-ref --format=%(refname)%00%(upstream:short)%00%(objectname)%00%(upstream:track)%00%(upstream:remotename)%00%(upstream:remoteref) refs/heads/feature-product-index refs/remotes/feature-product-index [2ms]
2024-01-31 20:18:01.151 [info] > git status -z -uall [21ms]
2024-01-31 20:18:06.175 [info] > git config --get commit.template [10ms]
2024-01-31 20:18:06.176 [info] > git for-each-ref --format=%(refname)%00%(upstream:short)%00%(objectname)%00%(upstream:track)%00%(upstream:remotename)%00%(upstream:remoteref) refs/heads/feature-product-index refs/remotes/feature-product-index [2ms]
2024-01-31 20:18:06.213 [info] > git status -z -uall [28ms]
2024-01-31 20:18:23.468 [info] > git config --get commit.template [10ms]
2024-01-31 20:18:23.483 [info] > git for-each-ref --format=%(refname)%00%(upstream:short)%00%(objectname)%00%(upstream:track)%00%(upstream:remotename)%00%(upstream:remoteref) refs/heads/feature-product-index refs/remotes/feature-product-index [2ms]
2024-01-31 20:18:23.528 [info] > git status -z -uall [29ms]
2024-01-31 20:23:08.084 [info] > git config --get commit.template [38ms]
2024-01-31 20:23:08.090 [info] > git for-each-ref --format=%(refname)%00%(upstream:short)%00%(objectname)%00%(upstream:track)%00%(upstream:remotename)%00%(upstream:remoteref) refs/heads/feature-product-index refs/remotes/feature-product-index [24ms]
2024-01-31 20:23:08.336 [info] > git status -z -uall [234ms]
2024-01-31 20:23:13.375 [info] > git config --get commit.template [10ms]
2024-01-31 20:23:13.376 [info] > git for-each-ref --format=%(refname)%00%(upstream:short)%00%(objectname)%00%(upstream:track)%00%(upstream:remotename)%00%(upstream:remoteref) refs/heads/feature-product-index refs/remotes/feature-product-index [1ms]
2024-01-31 20:23:13.422 [info] > git status -z -uall [20ms]
2024-01-31 20:23:14.559 [info] > git show --textconv :.github/workflows/docker.yml [14ms]
2024-01-31 20:23:14.564 [info] > git ls-files --stage -- /home/jagaimo/.github/workflows/docker.yml [6ms]
2024-01-31 20:23:14.584 [info] > git cat-file -s 1c2e1bdf0c986762df77433dacc258cc78160471 [3ms]
2024-01-31 20:23:18.447 [info] > git config --get commit.template [9ms]
2024-01-31 20:23:18.451 [info] > git for-each-ref --format=%(refname)%00%(upstream:short)%00%(objectname)%00%(upstream:track)%00%(upstream:remotename)%00%(upstream:remoteref) refs/heads/feature-product-index refs/remotes/feature-product-index [4ms]
2024-01-31 20:23:18.482 [info] > git status -z -uall [22ms]
2024-01-31 20:23:23.498 [info] > git config --get commit.template [3ms]
2024-01-31 20:23:23.511 [info] > git for-each-ref --format=%(refname)%00%(upstream:short)%00%(objectname)%00%(upstream:track)%00%(upstream:remotename)%00%(upstream:remoteref) refs/heads/feature-product-index refs/remotes/feature-product-index [2ms]
2024-01-31 20:23:23.549 [info] > git status -z -uall [28ms]
2024-01-31 20:23:25.272 [info] > git show --textconv :.github/workflows/danger.yml [24ms]
2024-01-31 20:23:25.279 [info] > git ls-files --stage -- /home/jagaimo/.github/workflows/danger.yml [13ms]
2024-01-31 20:23:25.305 [info] > git cat-file -s c1b0c5bbecb67baeb8fce494c1a6450bd1f21d5b [5ms]
2024-01-31 20:23:28.569 [info] > git config --get commit.template [9ms]
2024-01-31 20:23:28.569 [info] > git for-each-ref --format=%(refname)%00%(upstream:short)%00%(objectname)%00%(upstream:track)%00%(upstream:remotename)%00%(upstream:remoteref) refs/heads/feature-product-index refs/remotes/feature-product-index [1ms]
2024-01-31 20:23:28.598 [info] > git status -z -uall [20ms]
2024-01-31 20:23:33.627 [info] > git config --get commit.template [13ms]
2024-01-31 20:23:33.628 [info] > git for-each-ref --format=%(refname)%00%(upstream:short)%00%(objectname)%00%(upstream:track)%00%(upstream:remotename)%00%(upstream:remoteref) refs/heads/feature-product-index refs/remotes/feature-product-index [1ms]
2024-01-31 20:23:33.666 [info] > git status -z -uall [27ms]
2024-01-31 20:23:35.191 [info] > git show --textconv :.github/workflows/docker.yml [34ms]
2024-01-31 20:23:35.204 [info] > git ls-files --stage -- /home/jagaimo/.github/workflows/docker.yml [15ms]
2024-01-31 20:23:35.232 [info] > git cat-file -s 1c2e1bdf0c986762df77433dacc258cc78160471 [3ms]
2024-01-31 20:23:38.690 [info] > git config --get commit.template [11ms]
2024-01-31 20:23:38.690 [info] > git for-each-ref --format=%(refname)%00%(upstream:short)%00%(objectname)%00%(upstream:track)%00%(upstream:remotename)%00%(upstream:remoteref) refs/heads/feature-product-index refs/remotes/feature-product-index [1ms]
2024-01-31 20:23:38.723 [info] > git status -z -uall [24ms]
2024-01-31 20:23:43.739 [info] > git config --get commit.template [1ms]
2024-01-31 20:23:43.748 [info] > git for-each-ref --format=%(refname)%00%(upstream:short)%00%(objectname)%00%(upstream:track)%00%(upstream:remotename)%00%(upstream:remoteref) refs/heads/feature-product-index refs/remotes/feature-product-index [1ms]
2024-01-31 20:23:43.782 [info] > git status -z -uall [26ms]
2024-01-31 20:23:48.843 [info] > git config --get commit.template [32ms]
2024-01-31 20:23:48.846 [info] > git for-each-ref --format=%(refname)%00%(upstream:short)%00%(objectname)%00%(upstream:track)%00%(upstream:remotename)%00%(upstream:remoteref) refs/heads/feature-product-index refs/remotes/feature-product-index [5ms]
2024-01-31 20:23:48.897 [info] > git status -z -uall [33ms]
2024-01-31 20:23:53.924 [info] > git config --get commit.template [10ms]
2024-01-31 20:23:53.926 [info] > git for-each-ref --format=%(refname)%00%(upstream:short)%00%(objectname)%00%(upstream:track)%00%(upstream:remotename)%00%(upstream:remoteref) refs/heads/feature-product-index refs/remotes/feature-product-index [2ms]
2024-01-31 20:23:53.973 [info] > git status -z -uall [29ms]
2024-01-31 20:23:58.999 [info] > git config --get commit.template [10ms]
2024-01-31 20:23:59.000 [info] > git for-each-ref --format=%(refname)%00%(upstream:short)%00%(objectname)%00%(upstream:track)%00%(upstream:remotename)%00%(upstream:remoteref) refs/heads/feature-product-index refs/remotes/feature-product-index [1ms]
2024-01-31 20:23:59.034 [info] > git status -z -uall [25ms]
2024-01-31 20:24:04.048 [info] > git config --get commit.template [1ms]
2024-01-31 20:24:04.056 [info] > git for-each-ref --format=%(refname)%00%(upstream:short)%00%(objectname)%00%(upstream:track)%00%(upstream:remotename)%00%(upstream:remoteref) refs/heads/feature-product-index refs/remotes/feature-product-index [1ms]
2024-01-31 20:24:04.086 [info] > git status -z -uall [20ms]
2024-01-31 20:24:09.106 [info] > git config --get commit.template [9ms]
2024-01-31 20:24:09.107 [info] > git for-each-ref --format=%(refname)%00%(upstream:short)%00%(objectname)%00%(upstream:track)%00%(upstream:remotename)%00%(upstream:remoteref) refs/heads/feature-product-index refs/remotes/feature-product-index [1ms]
2024-01-31 20:24:09.138 [info] > git status -z -uall [23ms]
2024-01-31 20:24:14.151 [info] > git config --get commit.template [1ms]
2024-01-31 20:24:14.160 [info] > git for-each-ref --format=%(refname)%00%(upstream:short)%00%(objectname)%00%(upstream:track)%00%(upstream:remotename)%00%(upstream:remoteref) refs/heads/feature-product-index refs/remotes/feature-product-index [0ms]
2024-01-31 20:24:14.186 [info] > git status -z -uall [19ms]
2024-01-31 20:24:19.207 [info] > git config --get commit.template [8ms]
2024-01-31 20:24:19.207 [info] > git for-each-ref --format=%(refname)%00%(upstream:short)%00%(objectname)%00%(upstream:track)%00%(upstream:remotename)%00%(upstream:remoteref) refs/heads/feature-product-index refs/remotes/feature-product-index [2ms]
2024-01-31 20:24:19.240 [info] > git status -z -uall [24ms]
2024-01-31 20:24:24.252 [info] > git config --get commit.template [1ms]
2024-01-31 20:24:24.263 [info] > git for-each-ref --format=%(refname)%00%(upstream:short)%00%(objectname)%00%(upstream:track)%00%(upstream:remotename)%00%(upstream:remoteref) refs/heads/feature-product-index refs/remotes/feature-product-index [1ms]
2024-01-31 20:24:24.291 [info] > git status -z -uall [20ms]
2024-01-31 20:24:29.303 [info] > git config --get commit.template [1ms]
2024-01-31 20:24:29.312 [info] > git for-each-ref --format=%(refname)%00%(upstream:short)%00%(objectname)%00%(upstream:track)%00%(upstream:remotename)%00%(upstream:remoteref) refs/heads/feature-product-index refs/remotes/feature-product-index [0ms]
2024-01-31 20:24:29.340 [info] > git status -z -uall [21ms]
2024-01-31 20:24:34.362 [info] > git config --get commit.template [9ms]
2024-01-31 20:24:34.364 [info] > git for-each-ref --format=%(refname)%00%(upstream:short)%00%(objectname)%00%(upstream:track)%00%(upstream:remotename)%00%(upstream:remoteref) refs/heads/feature-product-index refs/remotes/feature-product-index [1ms]
2024-01-31 20:24:34.400 [info] > git status -z -uall [29ms]
2024-01-31 20:24:39.420 [info] > git config --get commit.template [8ms]
2024-01-31 20:24:39.421 [info] > git for-each-ref --format=%(refname)%00%(upstream:short)%00%(objectname)%00%(upstream:track)%00%(upstream:remotename)%00%(upstream:remoteref) refs/heads/feature-product-index refs/remotes/feature-product-index [1ms]
2024-01-31 20:24:39.451 [info] > git status -z -uall [23ms]
2024-01-31 20:24:44.463 [info] > git config --get commit.template [1ms]
2024-01-31 20:24:44.475 [info] > git for-each-ref --format=%(refname)%00%(upstream:short)%00%(objectname)%00%(upstream:track)%00%(upstream:remotename)%00%(upstream:remoteref) refs/heads/feature-product-index refs/remotes/feature-product-index [3ms]
2024-01-31 20:24:44.506 [info] > git status -z -uall [20ms]
2024-01-31 20:24:49.524 [info] > git config --get commit.template [4ms]
2024-01-31 20:24:49.534 [info] > git for-each-ref --format=%(refname)%00%(upstream:short)%00%(objectname)%00%(upstream:track)%00%(upstream:remotename)%00%(upstream:remoteref) refs/heads/feature-product-index refs/remotes/feature-product-index [1ms]
2024-01-31 20:24:49.600 [info] > git status -z -uall [57ms]
2024-01-31 20:24:54.616 [info] > git config --get commit.template [2ms]
2024-01-31 20:24:54.626 [info] > git for-each-ref --format=%(refname)%00%(upstream:short)%00%(objectname)%00%(upstream:track)%00%(upstream:remotename)%00%(upstream:remoteref) refs/heads/feature-product-index refs/remotes/feature-product-index [1ms]
2024-01-31 20:24:54.657 [info] > git status -z -uall [23ms]
2024-01-31 20:24:59.673 [info] > git config --get commit.template [2ms]
2024-01-31 20:24:59.685 [info] > git for-each-ref --format=%(refname)%00%(upstream:short)%00%(objectname)%00%(upstream:track)%00%(upstream:remotename)%00%(upstream:remoteref) refs/heads/feature-product-index refs/remotes/feature-product-index [1ms]
2024-01-31 20:24:59.720 [info] > git status -z -uall [24ms]
2024-01-31 20:25:06.255 [info] > git config --get commit.template [30ms]
2024-01-31 20:25:06.264 [info] > git for-each-ref --format=%(refname)%00%(upstream:short)%00%(objectname)%00%(upstream:track)%00%(upstream:remotename)%00%(upstream:remoteref) refs/heads/feature-product-index refs/remotes/feature-product-index [11ms]
2024-01-31 20:25:06.325 [info] > git status -z -uall [44ms]
2024-01-31 20:25:11.356 [info] > git config --get commit.template [13ms]
2024-01-31 20:25:11.357 [info] > git for-each-ref --format=%(refname)%00%(upstream:short)%00%(objectname)%00%(upstream:track)%00%(upstream:remotename)%00%(upstream:remoteref) refs/heads/feature-product-index refs/remotes/feature-product-index [2ms]
2024-01-31 20:25:11.391 [info] > git status -z -uall [24ms]
2024-01-31 20:25:17.200 [info] > git config --get commit.template [1ms]
2024-01-31 20:25:17.209 [info] > git for-each-ref --format=%(refname)%00%(upstream:short)%00%(objectname)%00%(upstream:track)%00%(upstream:remotename)%00%(upstream:remoteref) refs/heads/feature-product-index refs/remotes/feature-product-index [1ms]
2024-01-31 20:25:17.237 [info] > git status -z -uall [20ms]
2024-01-31 20:25:22.249 [info] > git config --get commit.template [1ms]
2024-01-31 20:25:22.260 [info] > git for-each-ref --format=%(refname)%00%(upstream:short)%00%(objectname)%00%(upstream:track)%00%(upstream:remotename)%00%(upstream:remoteref) refs/heads/feature-product-index refs/remotes/feature-product-index [2ms]
2024-01-31 20:25:22.288 [info] > git status -z -uall [20ms]
2024-01-31 20:25:27.304 [info] > git config --get commit.template [1ms]
2024-01-31 20:25:27.312 [info] > git for-each-ref --format=%(refname)%00%(upstream:short)%00%(objectname)%00%(upstream:track)%00%(upstream:remotename)%00%(upstream:remoteref) refs/heads/feature-product-index refs/remotes/feature-product-index [1ms]
2024-01-31 20:25:27.341 [info] > git status -z -uall [23ms]
2024-01-31 20:25:32.367 [info] > git config --get commit.template [12ms]
2024-01-31 20:25:32.368 [info] > git for-each-ref --format=%(refname)%00%(upstream:short)%00%(objectname)%00%(upstream:track)%00%(upstream:remotename)%00%(upstream:remoteref) refs/heads/feature-product-index refs/remotes/feature-product-index [2ms]
2024-01-31 20:25:32.400 [info] > git status -z -uall [24ms]
2024-01-31 20:25:35.544 [info] > git show --textconv :.github/workflows/danger.yml [9ms]
2024-01-31 20:25:35.546 [info] > git ls-files --stage -- /home/jagaimo/.github/workflows/danger.yml [2ms]
2024-01-31 20:25:35.556 [info] > git cat-file -s c1b0c5bbecb67baeb8fce494c1a6450bd1f21d5b [1ms]
2024-01-31 20:25:36.109 [info] > git show --textconv :.github/workflows/docker.yml [10ms]
2024-01-31 20:25:36.111 [info] > git ls-files --stage -- /home/jagaimo/.github/workflows/docker.yml [3ms]
2024-01-31 20:25:36.121 [info] > git cat-file -s 1c2e1bdf0c986762df77433dacc258cc78160471 [2ms]
2024-01-31 20:25:36.566 [info] > git show --textconv :.github/workflows/reviewdog.yml [8ms]
2024-01-31 20:25:36.569 [info] > git ls-files --stage -- /home/jagaimo/.github/workflows/reviewdog.yml [3ms]
2024-01-31 20:25:36.581 [info] > git cat-file -s 127b0d3867e45c71667235193116a5e09c971338 [2ms]
2024-01-31 20:25:37.180 [info] > git show --textconv :.github/workflows/docker.yml [9ms]
2024-01-31 20:25:37.182 [info] > git ls-files --stage -- /home/jagaimo/.github/workflows/docker.yml [3ms]
2024-01-31 20:25:37.192 [info] > git cat-file -s 1c2e1bdf0c986762df77433dacc258cc78160471 [1ms]
2024-01-31 20:25:37.417 [info] > git config --get commit.template [6ms]
2024-01-31 20:25:37.429 [info] > git for-each-ref --format=%(refname)%00%(upstream:short)%00%(objectname)%00%(upstream:track)%00%(upstream:remotename)%00%(upstream:remoteref) refs/heads/feature-product-index refs/remotes/feature-product-index [2ms]
2024-01-31 20:25:37.463 [info] > git status -z -uall [24ms]
2024-01-31 20:25:37.634 [info] > git show --textconv :.github/workflows/danger.yml [19ms]
2024-01-31 20:25:37.639 [info] > git ls-files --stage -- /home/jagaimo/.github/workflows/danger.yml [9ms]
2024-01-31 20:25:37.652 [info] > git cat-file -s c1b0c5bbecb67baeb8fce494c1a6450bd1f21d5b [1ms]
2024-01-31 20:25:39.373 [info] > git show --textconv :.github/workflows/docker.yml [10ms]
2024-01-31 20:25:39.376 [info] > git ls-files --stage -- /home/jagaimo/.github/workflows/docker.yml [3ms]
2024-01-31 20:25:39.387 [info] > git cat-file -s 1c2e1bdf0c986762df77433dacc258cc78160471 [1ms]
2024-01-31 20:25:42.477 [info] > git config --get commit.template [1ms]
2024-01-31 20:25:42.486 [info] > git for-each-ref --format=%(refname)%00%(upstream:short)%00%(objectname)%00%(upstream:track)%00%(upstream:remotename)%00%(upstream:remoteref) refs/heads/feature-product-index refs/remotes/feature-product-index [1ms]
2024-01-31 20:25:42.518 [info] > git status -z -uall [23ms]
2024-01-31 20:25:47.544 [info] > git config --get commit.template [12ms]
2024-01-31 20:25:47.545 [info] > git for-each-ref --format=%(refname)%00%(upstream:short)%00%(objectname)%00%(upstream:track)%00%(upstream:remotename)%00%(upstream:remoteref) refs/heads/feature-product-index refs/remotes/feature-product-index [3ms]
2024-01-31 20:25:47.594 [info] > git status -z -uall [39ms]
2024-01-31 20:25:52.618 [info] > git config --get commit.template [10ms]
2024-01-31 20:25:52.619 [info] > git for-each-ref --format=%(refname)%00%(upstream:short)%00%(objectname)%00%(upstream:track)%00%(upstream:remotename)%00%(upstream:remoteref) refs/heads/feature-product-index refs/remotes/feature-product-index [2ms]
2024-01-31 20:25:52.651 [info] > git status -z -uall [24ms]
2024-01-31 20:25:57.695 [info] > git config --get commit.template [19ms]
2024-01-31 20:25:57.696 [info] > git for-each-ref --format=%(refname)%00%(upstream:short)%00%(objectname)%00%(upstream:track)%00%(upstream:remotename)%00%(upstream:remoteref) refs/heads/feature-product-index refs/remotes/feature-product-index [3ms]
2024-01-31 20:25:57.756 [info] > git status -z -uall [44ms]
2024-01-31 20:26:02.777 [info] > git config --get commit.template [9ms]
2024-01-31 20:26:02.778 [info] > git for-each-ref --format=%(refname)%00%(upstream:short)%00%(objectname)%00%(upstream:track)%00%(upstream:remotename)%00%(upstream:remoteref) refs/heads/feature-product-index refs/remotes/feature-product-index [1ms]
2024-01-31 20:26:02.807 [info] > git status -z -uall [21ms]
2024-01-31 20:26:07.828 [info] > git config --get commit.template [9ms]
2024-01-31 20:26:07.829 [info] > git for-each-ref --format=%(refname)%00%(upstream:short)%00%(objectname)%00%(upstream:track)%00%(upstream:remotename)%00%(upstream:remoteref) refs/heads/feature-product-index refs/remotes/feature-product-index [2ms]
2024-01-31 20:26:07.859 [info] > git status -z -uall [21ms]
2024-01-31 20:26:19.268 [info] > git config --get commit.template [2ms]
2024-01-31 20:26:19.281 [info] > git for-each-ref --format=%(refname)%00%(upstream:short)%00%(objectname)%00%(upstream:track)%00%(upstream:remotename)%00%(upstream:remoteref) refs/heads/feature-product-index refs/remotes/feature-product-index [2ms]
2024-01-31 20:26:19.314 [info] > git status -z -uall [24ms]
2024-01-31 20:26:24.350 [info] > git config --get commit.template [4ms]
2024-01-31 20:26:24.363 [info] > git for-each-ref --format=%(refname)%00%(upstream:short)%00%(objectname)%00%(upstream:track)%00%(upstream:remotename)%00%(upstream:remoteref) refs/heads/feature-product-index refs/remotes/feature-product-index [1ms]
2024-01-31 20:26:24.423 [info] > git status -z -uall [50ms]
2024-01-31 20:26:29.440 [info] > git config --get commit.template [1ms]
2024-01-31 20:26:29.448 [info] > git for-each-ref --format=%(refname)%00%(upstream:short)%00%(objectname)%00%(upstream:track)%00%(upstream:remotename)%00%(upstream:remoteref) refs/heads/feature-product-index refs/remotes/feature-product-index [1ms]
2024-01-31 20:26:29.475 [info] > git status -z -uall [19ms]
2024-01-31 20:26:34.496 [info] > git config --get commit.template [9ms]
2024-01-31 20:26:34.496 [info] > git for-each-ref --format=%(refname)%00%(upstream:short)%00%(objectname)%00%(upstream:track)%00%(upstream:remotename)%00%(upstream:remoteref) refs/heads/feature-product-index refs/remotes/feature-product-index [1ms]
2024-01-31 20:26:34.523 [info] > git status -z -uall [20ms]
2024-01-31 20:26:39.544 [info] > git config --get commit.template [10ms]
2024-01-31 20:26:39.545 [info] > git for-each-ref --format=%(refname)%00%(upstream:short)%00%(objectname)%00%(upstream:track)%00%(upstream:remotename)%00%(upstream:remoteref) refs/heads/feature-product-index refs/remotes/feature-product-index [2ms]
2024-01-31 20:26:39.574 [info] > git status -z -uall [21ms]
2024-01-31 20:26:44.590 [info] > git config --get commit.template [1ms]
2024-01-31 20:26:44.604 [info] > git for-each-ref --format=%(refname)%00%(upstream:short)%00%(objectname)%00%(upstream:track)%00%(upstream:remotename)%00%(upstream:remoteref) refs/heads/feature-product-index refs/remotes/feature-product-index [1ms]
2024-01-31 20:26:44.647 [info] > git status -z -uall [31ms]
2024-01-31 20:26:49.661 [info] > git config --get commit.template [2ms]
2024-01-31 20:26:49.669 [info] > git for-each-ref --format=%(refname)%00%(upstream:short)%00%(objectname)%00%(upstream:track)%00%(upstream:remotename)%00%(upstream:remoteref) refs/heads/feature-product-index refs/remotes/feature-product-index [1ms]
2024-01-31 20:26:49.696 [info] > git status -z -uall [20ms]
2024-01-31 20:26:54.709 [info] > git config --get commit.template [2ms]
2024-01-31 20:26:54.718 [info] > git for-each-ref --format=%(refname)%00%(upstream:short)%00%(objectname)%00%(upstream:track)%00%(upstream:remotename)%00%(upstream:remoteref) refs/heads/feature-product-index refs/remotes/feature-product-index [1ms]
2024-01-31 20:26:54.746 [info] > git status -z -uall [21ms]
2024-01-31 20:26:59.766 [info] > git config --get commit.template [9ms]
2024-01-31 20:26:59.767 [info] > git for-each-ref --format=%(refname)%00%(upstream:short)%00%(objectname)%00%(upstream:track)%00%(upstream:remotename)%00%(upstream:remoteref) refs/heads/feature-product-index refs/remotes/feature-product-index [2ms]
2024-01-31 20:26:59.795 [info] > git status -z -uall [20ms]
2024-01-31 20:27:01.904 [info] > git show --textconv :compose.yaml [11ms]
2024-01-31 20:27:01.908 [info] > git ls-files --stage -- /home/jagaimo/compose.yaml [4ms]
2024-01-31 20:27:01.920 [info] > git cat-file -s e0d3a680b0ddb95d65a45dcbd57a63ed34136740 [2ms]
2024-01-31 20:27:04.822 [info] > git config --get commit.template [11ms]
2024-01-31 20:27:04.823 [info] > git for-each-ref --format=%(refname)%00%(upstream:short)%00%(objectname)%00%(upstream:track)%00%(upstream:remotename)%00%(upstream:remoteref) refs/heads/feature-product-index refs/remotes/feature-product-index [2ms]
2024-01-31 20:27:04.855 [info] > git status -z -uall [19ms]
2024-01-31 20:27:48.187 [info] > git config --get commit.template [16ms]
2024-01-31 20:27:48.188 [info] > git for-each-ref --format=%(refname)%00%(upstream:short)%00%(objectname)%00%(upstream:track)%00%(upstream:remotename)%00%(upstream:remoteref) refs/heads/feature-product-index refs/remotes/feature-product-index [8ms]
2024-01-31 20:27:48.325 [info] > git status -z -uall [128ms]
2024-01-31 20:27:53.361 [info] > git config --get commit.template [10ms]
2024-01-31 20:27:53.362 [info] > git for-each-ref --format=%(refname)%00%(upstream:short)%00%(objectname)%00%(upstream:track)%00%(upstream:remotename)%00%(upstream:remoteref) refs/heads/feature-product-index refs/remotes/feature-product-index [7ms]
2024-01-31 20:27:53.418 [info] > git status -z -uall [48ms]
2024-01-31 20:27:54.855 [info] > git show --textconv :.github/workflows/docker.yml [12ms]
2024-01-31 20:27:54.872 [info] > git ls-files --stage -- /home/jagaimo/.github/workflows/docker.yml [18ms]
2024-01-31 20:27:54.884 [info] > git cat-file -s 1c2e1bdf0c986762df77433dacc258cc78160471 [1ms]
2024-01-31 20:27:58.438 [info] > git config --get commit.template [1ms]
2024-01-31 20:27:58.447 [info] > git for-each-ref --format=%(refname)%00%(upstream:short)%00%(objectname)%00%(upstream:track)%00%(upstream:remotename)%00%(upstream:remoteref) refs/heads/feature-product-index refs/remotes/feature-product-index [1ms]
2024-01-31 20:27:58.477 [info] > git status -z -uall [22ms]
2024-01-31 20:28:03.492 [info] > git config --get commit.template [1ms]
2024-01-31 20:28:03.503 [info] > git for-each-ref --format=%(refname)%00%(upstream:short)%00%(objectname)%00%(upstream:track)%00%(upstream:remotename)%00%(upstream:remoteref) refs/heads/feature-product-index refs/remotes/feature-product-index [1ms]
2024-01-31 20:28:03.535 [info] > git status -z -uall [23ms]
2024-01-31 20:28:08.547 [info] > git config --get commit.template [2ms]
2024-01-31 20:28:08.556 [info] > git for-each-ref --format=%(refname)%00%(upstream:short)%00%(objectname)%00%(upstream:track)%00%(upstream:remotename)%00%(upstream:remoteref) refs/heads/feature-product-index refs/remotes/feature-product-index [1ms]
2024-01-31 20:28:08.588 [info] > git status -z -uall [21ms]
2024-01-31 20:38:30.837 [info] > git config --get commit.template [30ms]
2024-01-31 20:38:30.840 [info] > git for-each-ref --format=%(refname)%00%(upstream:short)%00%(objectname)%00%(upstream:track)%00%(upstream:remotename)%00%(upstream:remoteref) refs/heads/feature-product-index refs/remotes/feature-product-index [26ms]
2024-01-31 20:38:31.072 [info] > git status -z -uall [222ms]
2024-01-31 20:42:05.945 [info] > git config --get commit.template [16ms]
2024-01-31 20:42:05.947 [info] > git for-each-ref --format=%(refname)%00%(upstream:short)%00%(objectname)%00%(upstream:track)%00%(upstream:remotename)%00%(upstream:remoteref) refs/heads/feature-product-index refs/remotes/feature-product-index [10ms]
2024-01-31 20:42:06.157 [info] > git status -z -uall [197ms]
2024-01-31 20:51:31.086 [info] > git config --get commit.template [59ms]
2024-01-31 20:51:31.097 [info] > git for-each-ref --format=%(refname)%00%(upstream:short)%00%(objectname)%00%(upstream:track)%00%(upstream:remotename)%00%(upstream:remoteref) refs/heads/feature-product-index refs/remotes/feature-product-index [57ms]
2024-01-31 20:51:31.482 [info] > git status -z -uall [376ms]
2024-01-31 20:51:36.513 [info] > git config --get commit.template [11ms]
2024-01-31 20:51:36.514 [info] > git for-each-ref --format=%(refname)%00%(upstream:short)%00%(objectname)%00%(upstream:track)%00%(upstream:remotename)%00%(upstream:remoteref) refs/heads/feature-product-index refs/remotes/feature-product-index [2ms]
2024-01-31 20:51:36.552 [info] > git status -z -uall [22ms]
2024-01-31 20:53:15.705 [info] > git config --get commit.template [34ms]
2024-01-31 20:53:15.710 [info] > git for-each-ref --format=%(refname)%00%(upstream:short)%00%(objectname)%00%(upstream:track)%00%(upstream:remotename)%00%(upstream:remoteref) refs/heads/feature-product-index refs/remotes/feature-product-index [12ms]
2024-01-31 20:53:15.907 [info] > git status -z -uall [164ms]
2024-01-31 20:54:30.343 [info] > git config --get commit.template [19ms]
2024-01-31 20:54:30.345 [info] > git for-each-ref --format=%(refname)%00%(upstream:short)%00%(objectname)%00%(upstream:track)%00%(upstream:remotename)%00%(upstream:remoteref) refs/heads/feature-product-index refs/remotes/feature-product-index [2ms]
2024-01-31 20:54:30.385 [info] > git status -z -uall [26ms]
2024-01-31 20:54:35.399 [info] > git config --get commit.template [1ms]
2024-01-31 20:54:35.407 [info] > git for-each-ref --format=%(refname)%00%(upstream:short)%00%(objectname)%00%(upstream:track)%00%(upstream:remotename)%00%(upstream:remoteref) refs/heads/feature-product-index refs/remotes/feature-product-index [1ms]
2024-01-31 20:54:35.434 [info] > git status -z -uall [20ms]
2024-01-31 20:54:40.447 [info] > git config --get commit.template [1ms]
2024-01-31 20:54:40.456 [info] > git for-each-ref --format=%(refname)%00%(upstream:short)%00%(objectname)%00%(upstream:track)%00%(upstream:remotename)%00%(upstream:remoteref) refs/heads/feature-product-index refs/remotes/feature-product-index [1ms]
2024-01-31 20:54:40.483 [info] > git status -z -uall [20ms]
2024-01-31 20:54:45.507 [info] > git config --get commit.template [10ms]
2024-01-31 20:54:45.508 [info] > git for-each-ref --format=%(refname)%00%(upstream:short)%00%(objectname)%00%(upstream:track)%00%(upstream:remotename)%00%(upstream:remoteref) refs/heads/feature-product-index refs/remotes/feature-product-index [1ms]
2024-01-31 20:54:45.540 [info] > git status -z -uall [24ms]
2024-01-31 20:54:50.562 [info] > git config --get commit.template [9ms]
2024-01-31 20:54:50.563 [info] > git for-each-ref --format=%(refname)%00%(upstream:short)%00%(objectname)%00%(upstream:track)%00%(upstream:remotename)%00%(upstream:remoteref) refs/heads/feature-product-index refs/remotes/feature-product-index [1ms]
2024-01-31 20:54:50.589 [info] > git status -z -uall [19ms]
2024-01-31 20:54:55.596 [info] > git config --get commit.template [2ms]
2024-01-31 20:54:55.605 [info] > git for-each-ref --format=%(refname)%00%(upstream:short)%00%(objectname)%00%(upstream:track)%00%(upstream:remotename)%00%(upstream:remoteref) refs/heads/feature-product-index refs/remotes/feature-product-index [1ms]
2024-01-31 20:54:55.639 [info] > git status -z -uall [27ms]
2024-01-31 20:54:57.413 [info] > git show --textconv :.github/workflows/danger.yml [10ms]
2024-01-31 20:54:57.416 [info] > git ls-files --stage -- /home/jagaimo/.github/workflows/danger.yml [4ms]
2024-01-31 20:54:57.427 [info] > git cat-file -s c1b0c5bbecb67baeb8fce494c1a6450bd1f21d5b [2ms]
2024-01-31 20:54:57.881 [info] > git show --textconv :.github/workflows/docker.yml [11ms]
2024-01-31 20:54:57.884 [info] > git ls-files --stage -- /home/jagaimo/.github/workflows/docker.yml [3ms]
2024-01-31 20:54:57.895 [info] > git cat-file -s 1c2e1bdf0c986762df77433dacc258cc78160471 [1ms]
2024-01-31 20:54:58.340 [info] > git show --textconv :.github/workflows/reviewdog.yml [9ms]
2024-01-31 20:54:58.348 [info] > git ls-files --stage -- /home/jagaimo/.github/workflows/reviewdog.yml [10ms]
2024-01-31 20:54:58.359 [info] > git cat-file -s 127b0d3867e45c71667235193116a5e09c971338 [2ms]
2024-01-31 20:54:58.875 [info] > git show --textconv :.github/workflows/docker.yml [9ms]
2024-01-31 20:54:58.884 [info] > git ls-files --stage -- /home/jagaimo/.github/workflows/docker.yml [10ms]
2024-01-31 20:54:58.893 [info] > git cat-file -s 1c2e1bdf0c986762df77433dacc258cc78160471 [1ms]
2024-01-31 20:54:59.419 [info] > git show --textconv :.github/workflows/danger.yml [9ms]
2024-01-31 20:54:59.421 [info] > git ls-files --stage -- /home/jagaimo/.github/workflows/danger.yml [2ms]
2024-01-31 20:54:59.431 [info] > git cat-file -s c1b0c5bbecb67baeb8fce494c1a6450bd1f21d5b [1ms]
2024-01-31 20:55:00.329 [info] > git show --textconv :.github/workflows/docker.yml [10ms]
2024-01-31 20:55:00.331 [info] > git ls-files --stage -- /home/jagaimo/.github/workflows/docker.yml [3ms]
2024-01-31 20:55:00.340 [info] > git cat-file -s 1c2e1bdf0c986762df77433dacc258cc78160471 [1ms]
2024-01-31 20:55:00.659 [info] > git config --get commit.template [8ms]
2024-01-31 20:55:00.659 [info] > git for-each-ref --format=%(refname)%00%(upstream:short)%00%(objectname)%00%(upstream:track)%00%(upstream:remotename)%00%(upstream:remoteref) refs/heads/feature-product-index refs/remotes/feature-product-index [1ms]
2024-01-31 20:55:00.688 [info] > git status -z -uall [21ms]
2024-01-31 20:55:05.705 [info] > git config --get commit.template [1ms]
2024-01-31 20:55:05.714 [info] > git for-each-ref --format=%(refname)%00%(upstream:short)%00%(objectname)%00%(upstream:track)%00%(upstream:remotename)%00%(upstream:remoteref) refs/heads/feature-product-index refs/remotes/feature-product-index [2ms]
2024-01-31 20:55:05.741 [info] > git status -z -uall [20ms]
2024-01-31 20:55:25.718 [info] > git config --get commit.template [3ms]
2024-01-31 20:55:25.737 [info] > git for-each-ref --format=%(refname)%00%(upstream:short)%00%(objectname)%00%(upstream:track)%00%(upstream:remotename)%00%(upstream:remoteref) refs/heads/feature-product-index refs/remotes/feature-product-index [3ms]
2024-01-31 20:55:25.784 [info] > git status -z -uall [33ms]
2024-01-31 20:55:30.813 [info] > git config --get commit.template [9ms]
2024-01-31 20:55:30.813 [info] > git for-each-ref --format=%(refname)%00%(upstream:short)%00%(objectname)%00%(upstream:track)%00%(upstream:remotename)%00%(upstream:remoteref) refs/heads/feature-product-index refs/remotes/feature-product-index [1ms]
2024-01-31 20:55:30.859 [info] > git status -z -uall [37ms]
2024-01-31 20:55:39.734 [info] > git config --get commit.template [2ms]
2024-01-31 20:55:39.745 [info] > git for-each-ref --format=%(refname)%00%(upstream:short)%00%(objectname)%00%(upstream:track)%00%(upstream:remotename)%00%(upstream:remoteref) refs/heads/feature-product-index refs/remotes/feature-product-index [1ms]
2024-01-31 20:55:39.784 [info] > git status -z -uall [28ms]
2024-01-31 20:55:44.810 [info] > git config --get commit.template [11ms]
2024-01-31 20:55:44.810 [info] > git for-each-ref --format=%(refname)%00%(upstream:short)%00%(objectname)%00%(upstream:track)%00%(upstream:remotename)%00%(upstream:remoteref) refs/heads/feature-product-index refs/remotes/feature-product-index [1ms]
2024-01-31 20:55:44.866 [info] > git status -z -uall [35ms]
2024-01-31 20:55:51.875 [info] > git config --get commit.template [6ms]
2024-01-31 20:55:51.899 [info] > git for-each-ref --format=%(refname)%00%(upstream:short)%00%(objectname)%00%(upstream:track)%00%(upstream:remotename)%00%(upstream:remoteref) refs/heads/feature-product-index refs/remotes/feature-product-index [2ms]
2024-01-31 20:55:52.062 [info] > git status -z -uall [152ms]
2024-01-31 20:56:13.535 [info] > git config --get commit.template [15ms]
2024-01-31 20:56:13.535 [info] > git for-each-ref --format=%(refname)%00%(upstream:short)%00%(objectname)%00%(upstream:track)%00%(upstream:remotename)%00%(upstream:remoteref) refs/heads/feature-product-index refs/remotes/feature-product-index [1ms]
2024-01-31 20:56:13.578 [info] > git status -z -uall [29ms]
2024-01-31 20:56:18.594 [info] > git config --get commit.template [4ms]
2024-01-31 20:56:18.602 [info] > git for-each-ref --format=%(refname)%00%(upstream:short)%00%(objectname)%00%(upstream:track)%00%(upstream:remotename)%00%(upstream:remoteref) refs/heads/feature-product-index refs/remotes/feature-product-index [1ms]
2024-01-31 20:56:18.632 [info] > git status -z -uall [23ms]
2024-01-31 20:56:23.646 [info] > git config --get commit.template [1ms]
2024-01-31 20:56:23.656 [info] > git for-each-ref --format=%(refname)%00%(upstream:short)%00%(objectname)%00%(upstream:track)%00%(upstream:remotename)%00%(upstream:remoteref) refs/heads/feature-product-index refs/remotes/feature-product-index [2ms]
2024-01-31 20:56:23.683 [info] > git status -z -uall [19ms]
2024-01-31 20:56:30.029 [info] > git config --get commit.template [2ms]
2024-01-31 20:56:30.040 [info] > git for-each-ref --format=%(refname)%00%(upstream:short)%00%(objectname)%00%(upstream:track)%00%(upstream:remotename)%00%(upstream:remoteref) refs/heads/feature-product-index refs/remotes/feature-product-index [1ms]
2024-01-31 20:56:30.071 [info] > git status -z -uall [22ms]
2024-01-31 20:56:35.087 [info] > git config --get commit.template [0ms]
2024-01-31 20:56:35.097 [info] > git for-each-ref --format=%(refname)%00%(upstream:short)%00%(objectname)%00%(upstream:track)%00%(upstream:remotename)%00%(upstream:remoteref) refs/heads/feature-product-index refs/remotes/feature-product-index [1ms]
2024-01-31 20:56:35.128 [info] > git status -z -uall [20ms]
2024-01-31 20:56:40.160 [info] > git config --get commit.template [16ms]
2024-01-31 20:56:40.161 [info] > git for-each-ref --format=%(refname)%00%(upstream:short)%00%(objectname)%00%(upstream:track)%00%(upstream:remotename)%00%(upstream:remoteref) refs/heads/feature-product-index refs/remotes/feature-product-index [2ms]
2024-01-31 20:56:40.205 [info] > git status -z -uall [31ms]
2024-01-31 20:56:45.225 [info] > git config --get commit.template [1ms]
2024-01-31 20:56:45.232 [info] > git for-each-ref --format=%(refname)%00%(upstream:short)%00%(objectname)%00%(upstream:track)%00%(upstream:remotename)%00%(upstream:remoteref) refs/heads/feature-product-index refs/remotes/feature-product-index [0ms]
2024-01-31 20:56:45.261 [info] > git status -z -uall [21ms]
2024-01-31 20:56:50.276 [info] > git config --get commit.template [1ms]
2024-01-31 20:56:50.285 [info] > git for-each-ref --format=%(refname)%00%(upstream:short)%00%(objectname)%00%(upstream:track)%00%(upstream:remotename)%00%(upstream:remoteref) refs/heads/feature-product-index refs/remotes/feature-product-index [1ms]
2024-01-31 20:56:50.319 [info] > git status -z -uall [27ms]
2024-01-31 20:56:56.683 [info] > git config --get commit.template [1ms]
2024-01-31 20:56:56.697 [info] > git for-each-ref --format=%(refname)%00%(upstream:short)%00%(objectname)%00%(upstream:track)%00%(upstream:remotename)%00%(upstream:remoteref) refs/heads/feature-product-index refs/remotes/feature-product-index [2ms]
2024-01-31 20:56:56.734 [info] > git status -z -uall [26ms]
2024-01-31 20:57:01.747 [info] > git config --get commit.template [1ms]
2024-01-31 20:57:01.762 [info] > git for-each-ref --format=%(refname)%00%(upstream:short)%00%(objectname)%00%(upstream:track)%00%(upstream:remotename)%00%(upstream:remoteref) refs/heads/feature-product-index refs/remotes/feature-product-index [5ms]
2024-01-31 20:57:01.795 [info] > git status -z -uall [24ms]
2024-01-31 20:57:06.814 [info] > git config --get commit.template [3ms]
2024-01-31 20:57:06.825 [info] > git for-each-ref --format=%(refname)%00%(upstream:short)%00%(objectname)%00%(upstream:track)%00%(upstream:remotename)%00%(upstream:remoteref) refs/heads/feature-product-index refs/remotes/feature-product-index [3ms]
2024-01-31 20:57:06.861 [info] > git status -z -uall [26ms]
