2024-01-26 07:39:33.421 [info] Extension host with pid 278 started
2024-01-26 07:39:33.421 [error] Error: EEXIST: file already exists, open '/home/jagaimo/jagaimo/.vscode-server/data/User/workspaceStorage/b0670bd9501272b8415ef5b27d7ea4aa/vscode.lock'
2024-01-26 07:39:33.428 [info] Lock '/home/jagaimo/jagaimo/.vscode-server/data/User/workspaceStorage/b0670bd9501272b8415ef5b27d7ea4aa/vscode.lock': Could not acquire lock, checking if the file is stale.
2024-01-26 07:39:33.444 [info] Lock '/home/jagaimo/jagaimo/.vscode-server/data/User/workspaceStorage/b0670bd9501272b8415ef5b27d7ea4aa/vscode.lock': The pid 1057 appears to be gone.
2024-01-26 07:39:33.444 [info] Lock '/home/jagaimo/jagaimo/.vscode-server/data/User/workspaceStorage/b0670bd9501272b8415ef5b27d7ea4aa/vscode.lock': Deleting a stale lock.
2024-01-26 07:39:33.453 [info] Lock '/home/jagaimo/jagaimo/.vscode-server/data/User/workspaceStorage/b0670bd9501272b8415ef5b27d7ea4aa/vscode.lock': Lock acquired.
2024-01-26 07:39:33.589 [info] ExtensionService#_doActivateExtension vscode.emmet, startup: false, activationEvent: 'onLanguage'
2024-01-26 07:39:33.685 [info] ExtensionService#_doActivateExtension vscode.git-base, startup: true, activationEvent: '*', root cause: vscode.git
2024-01-26 07:39:33.824 [info] ExtensionService#_doActivateExtension vscode.git, startup: true, activationEvent: '*'
2024-01-26 07:39:33.825 [info] ExtensionService#_doActivateExtension vscode.github, startup: true, activationEvent: '*'
2024-01-26 07:39:34.235 [info] Eager extensions activated
2024-01-26 07:39:34.235 [info] ExtensionService#_doActivateExtension vscode.debug-auto-launch, startup: false, activationEvent: 'onStartupFinished'
2024-01-26 07:39:34.236 [info] ExtensionService#_doActivateExtension vscode.merge-conflict, startup: false, activationEvent: 'onStartupFinished'
2024-01-26 07:39:34.475 [info] ExtensionService#_doActivateExtension vscode.json-language-features, startup: false, activationEvent: 'onLanguage:jsonc'
2024-01-26 07:39:34.476 [info] ExtensionService#_doActivateExtension vscode.typescript-language-features, startup: false, activationEvent: 'onLanguage:jsonc'
2024-01-26 07:39:35.274 [warning] [Decorations] CAPPING events from decorations provider vscode.git 4895
2024-01-26 07:39:36.623 [warning] [Decorations] CAPPING events from decorations provider vscode.git 4897
2024-01-26 07:41:09.976 [warning] [Decorations] CAPPING events from decorations provider vscode.git 4897
2024-01-26 07:41:15.078 [warning] [Decorations] CAPPING events from decorations provider vscode.git 4897
2024-01-26 07:43:10.732 [warning] [Decorations] CAPPING events from decorations provider vscode.git 4897
2024-01-26 07:43:15.825 [warning] [Decorations] CAPPING events from decorations provider vscode.git 4897
2024-01-26 07:43:20.918 [warning] [Decorations] CAPPING events from decorations provider vscode.git 4897
2024-01-26 07:43:26.836 [warning] [Decorations] CAPPING events from decorations provider vscode.git 4898
2024-01-26 07:43:31.954 [warning] [Decorations] CAPPING events from decorations provider vscode.git 4898
2024-01-26 07:43:38.293 [warning] [Decorations] CAPPING events from decorations provider vscode.git 4899
2024-01-26 07:43:53.909 [warning] [Decorations] CAPPING events from decorations provider vscode.git 4899
2024-01-26 07:43:59.004 [warning] [Decorations] CAPPING events from decorations provider vscode.git 4899
2024-01-26 07:44:04.672 [warning] [Decorations] CAPPING events from decorations provider vscode.git 4899
2024-01-26 07:44:10.974 [warning] [Decorations] CAPPING events from decorations provider vscode.git 4899
2024-01-26 07:44:16.080 [warning] [Decorations] CAPPING events from decorations provider vscode.git 4899
2024-01-26 07:44:21.177 [warning] [Decorations] CAPPING events from decorations provider vscode.git 4899
2024-01-26 07:44:26.279 [warning] [Decorations] CAPPING events from decorations provider vscode.git 4899
2024-01-26 07:44:31.388 [warning] [Decorations] CAPPING events from decorations provider vscode.git 4899
2024-01-26 07:44:36.499 [warning] [Decorations] CAPPING events from decorations provider vscode.git 4899
2024-01-26 07:44:43.456 [warning] [Decorations] CAPPING events from decorations provider vscode.git 4900
2024-01-26 07:44:52.301 [warning] [Decorations] CAPPING events from decorations provider vscode.git 4901
2024-01-26 07:44:58.065 [warning] [Decorations] CAPPING events from decorations provider vscode.git 4902
2024-01-26 07:45:13.889 [warning] [Decorations] CAPPING events from decorations provider vscode.git 4902
2024-01-26 07:45:26.708 [warning] [Decorations] CAPPING events from decorations provider vscode.git 4903
2024-01-26 07:45:32.310 [warning] [Decorations] CAPPING events from decorations provider vscode.git 4903
2024-01-26 07:45:44.867 [warning] [Decorations] CAPPING events from decorations provider vscode.git 4903
2024-01-26 07:46:31.724 [warning] [Decorations] CAPPING events from decorations provider vscode.git 4903
2024-01-26 07:46:36.823 [warning] [Decorations] CAPPING events from decorations provider vscode.git 4903
2024-01-26 07:46:42.025 [warning] [Decorations] CAPPING events from decorations provider vscode.git 4903
2024-01-26 07:46:47.129 [warning] [Decorations] CAPPING events from decorations provider vscode.git 4903
2024-01-26 07:46:52.223 [warning] [Decorations] CAPPING events from decorations provider vscode.git 4903
2024-01-26 07:46:57.327 [warning] [Decorations] CAPPING events from decorations provider vscode.git 4903
2024-01-26 07:48:23.033 [warning] [Decorations] CAPPING events from decorations provider vscode.git 4903
2024-01-26 07:48:28.130 [warning] [Decorations] CAPPING events from decorations provider vscode.git 4903
2024-01-26 07:48:33.224 [warning] [Decorations] CAPPING events from decorations provider vscode.git 4903
2024-01-26 07:48:38.321 [warning] [Decorations] CAPPING events from decorations provider vscode.git 4903
2024-01-26 07:48:43.416 [warning] [Decorations] CAPPING events from decorations provider vscode.git 4903
2024-01-26 07:48:48.509 [warning] [Decorations] CAPPING events from decorations provider vscode.git 4903
2024-01-26 07:48:53.600 [warning] [Decorations] CAPPING events from decorations provider vscode.git 4903
2024-01-26 07:49:02.456 [warning] [Decorations] CAPPING events from decorations provider vscode.git 4903
2024-01-26 07:49:07.556 [warning] [Decorations] CAPPING events from decorations provider vscode.git 4905
2024-01-26 07:49:12.663 [warning] [Decorations] CAPPING events from decorations provider vscode.git 4905
2024-01-26 07:50:07.668 [warning] [Decorations] CAPPING events from decorations provider vscode.git 4905
2024-01-26 07:51:43.014 [warning] [Decorations] CAPPING events from decorations provider vscode.git 4905
2024-01-26 07:51:48.113 [warning] [Decorations] CAPPING events from decorations provider vscode.git 4905
2024-01-26 07:51:53.215 [warning] [Decorations] CAPPING events from decorations provider vscode.git 4906
2024-01-26 07:51:58.310 [warning] [Decorations] CAPPING events from decorations provider vscode.git 4906
2024-01-26 07:52:03.405 [warning] [Decorations] CAPPING events from decorations provider vscode.git 4906
2024-01-26 07:52:08.506 [warning] [Decorations] CAPPING events from decorations provider vscode.git 4906
2024-01-26 07:52:13.602 [warning] [Decorations] CAPPING events from decorations provider vscode.git 4907
2024-01-26 07:55:06.549 [warning] [Decorations] CAPPING events from decorations provider vscode.git 4907
2024-01-26 07:55:13.324 [warning] [Decorations] CAPPING events from decorations provider vscode.git 4907
2024-01-26 07:55:35.489 [warning] [Decorations] CAPPING events from decorations provider vscode.git 4907
2024-01-26 07:55:40.581 [warning] [Decorations] CAPPING events from decorations provider vscode.git 4907
2024-01-26 07:55:45.681 [warning] [Decorations] CAPPING events from decorations provider vscode.git 4908
2024-01-26 07:56:22.166 [warning] [Decorations] CAPPING events from decorations provider vscode.git 4908
2024-01-26 07:56:28.078 [warning] [Decorations] CAPPING events from decorations provider vscode.git 4909
2024-01-26 07:56:35.669 [warning] [Decorations] CAPPING events from decorations provider vscode.git 4909
2024-01-26 07:56:40.775 [warning] [Decorations] CAPPING events from decorations provider vscode.git 4909
2024-01-26 07:56:46.646 [warning] [Decorations] CAPPING events from decorations provider vscode.git 4910
2024-01-26 07:57:00.210 [warning] [Decorations] CAPPING events from decorations provider vscode.git 4910
2024-01-26 07:57:11.693 [warning] [Decorations] CAPPING events from decorations provider vscode.git 4911
2024-01-26 07:57:27.054 [warning] [Decorations] CAPPING events from decorations provider vscode.git 4912
2024-01-26 08:01:20.217 [warning] [Decorations] CAPPING events from decorations provider vscode.git 4912
2024-01-26 08:02:30.232 [warning] [Decorations] CAPPING events from decorations provider vscode.git 4912
2024-01-26 08:02:35.335 [warning] [Decorations] CAPPING events from decorations provider vscode.git 4912
2024-01-26 08:02:40.444 [warning] [Decorations] CAPPING events from decorations provider vscode.git 4912
2024-01-26 08:02:45.556 [warning] [Decorations] CAPPING events from decorations provider vscode.git 4912
2024-01-26 08:02:50.668 [warning] [Decorations] CAPPING events from decorations provider vscode.git 4912
2024-01-26 08:02:55.767 [warning] [Decorations] CAPPING events from decorations provider vscode.git 4912
2024-01-26 08:03:00.865 [warning] [Decorations] CAPPING events from decorations provider vscode.git 4912
2024-01-26 08:03:05.962 [warning] [Decorations] CAPPING events from decorations provider vscode.git 4912
2024-01-26 08:04:47.041 [warning] [Decorations] CAPPING events from decorations provider vscode.git 4912
2024-01-26 08:04:52.160 [warning] [Decorations] CAPPING events from decorations provider vscode.git 4912
2024-01-26 08:04:57.267 [warning] [Decorations] CAPPING events from decorations provider vscode.git 4912
2024-01-26 08:05:02.378 [warning] [Decorations] CAPPING events from decorations provider vscode.git 4912
2024-01-26 08:05:07.481 [warning] [Decorations] CAPPING events from decorations provider vscode.git 4912
2024-01-26 08:05:12.590 [warning] [Decorations] CAPPING events from decorations provider vscode.git 4912
2024-01-26 08:05:19.472 [warning] [Decorations] CAPPING events from decorations provider vscode.git 4912
2024-01-26 08:05:24.572 [warning] [Decorations] CAPPING events from decorations provider vscode.git 4912
2024-01-26 08:05:29.683 [warning] [Decorations] CAPPING events from decorations provider vscode.git 4914
2024-01-26 08:05:34.788 [warning] [Decorations] CAPPING events from decorations provider vscode.git 4914
2024-01-26 08:06:10.431 [warning] [Decorations] CAPPING events from decorations provider vscode.git 4914
2024-01-26 08:06:15.972 [warning] [Decorations] CAPPING events from decorations provider vscode.git 4914
2024-01-26 08:06:21.074 [warning] [Decorations] CAPPING events from decorations provider vscode.git 4914
2024-01-26 08:06:26.719 [warning] [Decorations] CAPPING events from decorations provider vscode.git 4914
2024-01-26 08:06:32.276 [warning] [Decorations] CAPPING events from decorations provider vscode.git 4914
2024-01-26 08:06:38.444 [warning] [Decorations] CAPPING events from decorations provider vscode.git 4914
2024-01-26 08:06:43.553 [warning] [Decorations] CAPPING events from decorations provider vscode.git 4914
2024-01-26 08:06:48.754 [warning] [Decorations] CAPPING events from decorations provider vscode.git 4914
2024-01-26 08:06:53.868 [warning] [Decorations] CAPPING events from decorations provider vscode.git 4914
2024-01-26 08:06:59.474 [warning] [Decorations] CAPPING events from decorations provider vscode.git 4914
2024-01-26 08:07:04.586 [warning] [Decorations] CAPPING events from decorations provider vscode.git 4914
2024-01-26 08:07:16.934 [warning] [Decorations] CAPPING events from decorations provider vscode.git 4914
2024-01-26 08:07:22.044 [warning] [Decorations] CAPPING events from decorations provider vscode.git 4914
2024-01-26 08:07:27.164 [warning] [Decorations] CAPPING events from decorations provider vscode.git 4914
2024-01-26 08:07:32.277 [warning] [Decorations] CAPPING events from decorations provider vscode.git 4914
2024-01-26 08:08:00.853 [warning] [Decorations] CAPPING events from decorations provider vscode.git 4915
2024-01-26 08:08:07.320 [warning] [Decorations] CAPPING events from decorations provider vscode.git 4915
2024-01-26 08:08:19.173 [warning] [Decorations] CAPPING events from decorations provider vscode.git 4915
2024-01-26 08:08:33.819 [warning] [Decorations] CAPPING events from decorations provider vscode.git 4915
2024-01-26 08:08:38.912 [warning] [Decorations] CAPPING events from decorations provider vscode.git 4915
2024-01-26 08:08:44.011 [warning] [Decorations] CAPPING events from decorations provider vscode.git 4915
2024-01-26 08:08:52.567 [warning] [Decorations] CAPPING events from decorations provider vscode.git 4915
2024-01-26 08:08:57.666 [warning] [Decorations] CAPPING events from decorations provider vscode.git 4915
2024-01-26 08:09:05.499 [warning] [Decorations] CAPPING events from decorations provider vscode.git 4915
2024-01-26 08:09:10.609 [warning] [Decorations] CAPPING events from decorations provider vscode.git 4916
2024-01-26 08:09:15.706 [warning] [Decorations] CAPPING events from decorations provider vscode.git 4918
2024-01-26 08:09:40.650 [warning] [Decorations] CAPPING events from decorations provider vscode.git 4918
2024-01-26 08:10:07.831 [warning] [Decorations] CAPPING events from decorations provider vscode.git 4918
2024-01-26 08:10:12.927 [warning] [Decorations] CAPPING events from decorations provider vscode.git 4918
2024-01-26 08:12:09.718 [warning] [Decorations] CAPPING events from decorations provider vscode.git 4918
2024-01-26 08:12:14.823 [warning] [Decorations] CAPPING events from decorations provider vscode.git 4918
2024-01-26 08:12:19.922 [warning] [Decorations] CAPPING events from decorations provider vscode.git 4918
2024-01-26 08:12:25.021 [warning] [Decorations] CAPPING events from decorations provider vscode.git 4918
2024-01-26 08:12:30.119 [warning] [Decorations] CAPPING events from decorations provider vscode.git 4918
2024-01-26 08:12:35.220 [warning] [Decorations] CAPPING events from decorations provider vscode.git 4918
2024-01-26 08:12:40.320 [warning] [Decorations] CAPPING events from decorations provider vscode.git 4918
2024-01-26 08:12:45.421 [warning] [Decorations] CAPPING events from decorations provider vscode.git 4918
2024-01-26 08:12:50.535 [warning] [Decorations] CAPPING events from decorations provider vscode.git 4918
2024-01-26 08:12:55.642 [warning] [Decorations] CAPPING events from decorations provider vscode.git 4918
2024-01-26 08:13:00.745 [warning] [Decorations] CAPPING events from decorations provider vscode.git 4918
2024-01-26 08:13:05.850 [warning] [Decorations] CAPPING events from decorations provider vscode.git 4918
2024-01-26 08:13:10.952 [warning] [Decorations] CAPPING events from decorations provider vscode.git 4918
2024-01-26 08:13:16.055 [warning] [Decorations] CAPPING events from decorations provider vscode.git 4918
2024-01-26 08:13:21.158 [warning] [Decorations] CAPPING events from decorations provider vscode.git 4918
2024-01-26 08:13:26.270 [warning] [Decorations] CAPPING events from decorations provider vscode.git 4918
2024-01-26 08:13:31.382 [warning] [Decorations] CAPPING events from decorations provider vscode.git 4918
2024-01-26 08:13:33.843 [info] ExtensionService#_doActivateExtension vscode.extension-editing, startup: false, activationEvent: 'onLanguage:json'
2024-01-26 08:13:33.844 [info] ExtensionService#_doActivateExtension vscode.npm, startup: false, activationEvent: 'onLanguage:json'
2024-01-26 08:13:36.492 [warning] [Decorations] CAPPING events from decorations provider vscode.git 4918
2024-01-26 08:13:41.600 [warning] [Decorations] CAPPING events from decorations provider vscode.git 4918
2024-01-26 08:13:46.712 [warning] [Decorations] CAPPING events from decorations provider vscode.git 4918
2024-01-26 08:13:51.830 [warning] [Decorations] CAPPING events from decorations provider vscode.git 4918
2024-01-26 08:13:55.132 [info] ExtensionService#_doActivateExtension vscode.markdown-language-features, startup: false, activationEvent: 'onLanguage:markdown'
2024-01-26 08:13:56.928 [warning] [Decorations] CAPPING events from decorations provider vscode.git 4918
2024-01-26 08:14:02.044 [warning] [Decorations] CAPPING events from decorations provider vscode.git 4918
2024-01-26 08:14:07.145 [warning] [Decorations] CAPPING events from decorations provider vscode.git 4918
2024-01-26 08:14:12.246 [warning] [Decorations] CAPPING events from decorations provider vscode.git 4918
2024-01-26 08:14:17.341 [warning] [Decorations] CAPPING events from decorations provider vscode.git 4918
2024-01-26 08:14:22.441 [warning] [Decorations] CAPPING events from decorations provider vscode.git 4918
2024-01-26 08:14:26.483 [info] ExtensionService#_doActivateExtension vscode.markdown-math, startup: false, activationEvent: 'api', root cause: vscode.markdown-language-features
2024-01-26 08:14:27.549 [warning] [Decorations] CAPPING events from decorations provider vscode.git 4918
2024-01-26 08:14:32.662 [warning] [Decorations] CAPPING events from decorations provider vscode.git 4918
2024-01-26 08:14:37.776 [warning] [Decorations] CAPPING events from decorations provider vscode.git 4918
2024-01-26 08:15:01.587 [warning] [Decorations] CAPPING events from decorations provider vscode.git 4918
2024-01-26 08:15:06.705 [warning] [Decorations] CAPPING events from decorations provider vscode.git 4918
2024-01-26 08:15:11.834 [warning] [Decorations] CAPPING events from decorations provider vscode.git 4918
2024-01-26 08:15:16.950 [warning] [Decorations] CAPPING events from decorations provider vscode.git 4918
2024-01-26 08:15:22.058 [warning] [Decorations] CAPPING events from decorations provider vscode.git 4918
2024-01-26 08:15:27.174 [warning] [Decorations] CAPPING events from decorations provider vscode.git 4918
2024-01-26 08:15:33.317 [warning] [Decorations] CAPPING events from decorations provider vscode.git 4918
2024-01-26 08:15:38.441 [warning] [Decorations] CAPPING events from decorations provider vscode.git 4918
2024-01-26 08:15:43.555 [warning] [Decorations] CAPPING events from decorations provider vscode.git 4918
2024-01-26 08:15:48.670 [warning] [Decorations] CAPPING events from decorations provider vscode.git 4918
2024-01-26 08:15:53.775 [warning] [Decorations] CAPPING events from decorations provider vscode.git 4918
2024-01-26 08:15:58.879 [warning] [Decorations] CAPPING events from decorations provider vscode.git 4918
2024-01-26 08:16:03.985 [warning] [Decorations] CAPPING events from decorations provider vscode.git 4918
2024-01-26 08:16:53.753 [warning] [Decorations] CAPPING events from decorations provider vscode.git 4918
2024-01-26 08:16:58.847 [warning] [Decorations] CAPPING events from decorations provider vscode.git 4918
2024-01-26 08:17:03.952 [warning] [Decorations] CAPPING events from decorations provider vscode.git 4918
2024-01-26 08:17:09.052 [warning] [Decorations] CAPPING events from decorations provider vscode.git 4918
2024-01-26 08:17:14.151 [warning] [Decorations] CAPPING events from decorations provider vscode.git 4918
2024-01-26 08:17:19.245 [warning] [Decorations] CAPPING events from decorations provider vscode.git 4918
2024-01-26 08:17:40.739 [warning] [Decorations] CAPPING events from decorations provider vscode.git 4918
2024-01-26 08:21:50.231 [warning] [Decorations] CAPPING events from decorations provider vscode.git 4918
2024-01-26 08:21:55.329 [warning] [Decorations] CAPPING events from decorations provider vscode.git 4918
2024-01-26 08:22:00.443 [warning] [Decorations] CAPPING events from decorations provider vscode.git 4918
2024-01-26 08:22:05.578 [warning] [Decorations] CAPPING events from decorations provider vscode.git 4918
2024-01-26 08:22:10.692 [warning] [Decorations] CAPPING events from decorations provider vscode.git 4918
2024-01-26 08:22:15.793 [warning] [Decorations] CAPPING events from decorations provider vscode.git 4918
2024-01-26 08:23:28.777 [warning] [Decorations] CAPPING events from decorations provider vscode.git 4918
2024-01-26 08:23:38.323 [warning] [Decorations] CAPPING events from decorations provider vscode.git 4918
2024-01-26 08:23:43.420 [warning] [Decorations] CAPPING events from decorations provider vscode.git 4918
2024-01-26 08:26:15.888 [warning] [Decorations] CAPPING events from decorations provider vscode.git 4918
2024-01-26 08:26:20.995 [warning] [Decorations] CAPPING events from decorations provider vscode.git 4918
2024-01-26 08:26:26.094 [warning] [Decorations] CAPPING events from decorations provider vscode.git 4919
2024-01-26 08:26:39.710 [warning] [Decorations] CAPPING events from decorations provider vscode.git 4919
2024-01-26 08:33:26.953 [warning] [Decorations] CAPPING events from decorations provider vscode.git 4919
2024-01-26 08:35:14.699 [warning] [Decorations] CAPPING events from decorations provider vscode.git 4919
2024-01-26 08:35:19.798 [warning] [Decorations] CAPPING events from decorations provider vscode.git 4919
2024-01-26 08:35:24.900 [warning] [Decorations] CAPPING events from decorations provider vscode.git 4919
2024-01-26 08:35:30.000 [warning] [Decorations] CAPPING events from decorations provider vscode.git 4919
2024-01-26 08:35:35.148 [warning] [Decorations] CAPPING events from decorations provider vscode.git 4920
2024-01-26 08:36:15.040 [warning] [Decorations] CAPPING events from decorations provider vscode.git 4920
2024-01-26 08:36:23.244 [warning] [Decorations] CAPPING events from decorations provider vscode.git 4920
2024-01-26 08:38:52.720 [warning] [Decorations] CAPPING events from decorations provider vscode.git 4920
2024-01-26 08:38:57.828 [warning] [Decorations] CAPPING events from decorations provider vscode.git 4920
2024-01-26 08:39:02.935 [warning] [Decorations] CAPPING events from decorations provider vscode.git 4920
2024-01-26 08:44:37.404 [warning] [Decorations] CAPPING events from decorations provider vscode.git 4920
2024-01-26 08:46:32.405 [warning] [Decorations] CAPPING events from decorations provider vscode.git 4920
2024-01-26 08:46:37.503 [warning] [Decorations] CAPPING events from decorations provider vscode.git 4920
2024-01-26 08:46:42.607 [warning] [Decorations] CAPPING events from decorations provider vscode.git 4921
2024-01-26 08:48:35.143 [warning] [Decorations] CAPPING events from decorations provider vscode.git 4921
2024-01-26 08:48:40.240 [warning] [Decorations] CAPPING events from decorations provider vscode.git 4921
2024-01-26 08:48:45.345 [warning] [Decorations] CAPPING events from decorations provider vscode.git 4921
2024-01-26 08:48:50.447 [warning] [Decorations] CAPPING events from decorations provider vscode.git 4923
2024-01-26 08:49:08.681 [warning] [Decorations] CAPPING events from decorations provider vscode.git 4923
2024-01-26 08:49:13.780 [warning] [Decorations] CAPPING events from decorations provider vscode.git 4924
