2024-02-05 11:35:05.905 [info] Log level: Info
2024-02-05 11:35:05.905 [info] Validating found git in: "git"
2024-02-05 11:35:05.905 [info] Using git "2.30.2" from "git"
2024-02-05 11:35:05.905 [info] > git rev-parse --show-toplevel [8ms]
2024-02-05 11:35:05.905 [info] fatal: not a git repository (or any of the parent directories): .git
2024-02-05 11:35:05.905 [info] > git rev-parse --show-toplevel [8ms]
2024-02-05 11:35:05.905 [info] fatal: not a git repository (or any of the parent directories): .git
2024-02-05 11:35:05.905 [info] > git rev-parse --show-toplevel [14ms]
2024-02-05 11:35:05.905 [info] fatal: not a git repository (or any of the parent directories): .git
2024-02-05 11:35:05.916 [info] > git rev-parse --show-toplevel [4ms]
2024-02-05 11:35:05.917 [info] fatal: not a git repository (or any parent up to mount point /)
Stopping at filesystem boundary (GIT_DISCOVERY_ACROSS_FILESYSTEM not set).
2024-02-05 11:35:05.926 [info] > git rev-parse --show-toplevel [3ms]
2024-02-05 11:35:05.927 [info] fatal: not a git repository (or any of the parent directories): .git
2024-02-05 11:35:05.941 [info] > git rev-parse --show-toplevel [5ms]
2024-02-05 11:35:05.941 [info] fatal: not a git repository (or any of the parent directories): .git
2024-02-05 11:35:05.953 [info] > git rev-parse --show-toplevel [4ms]
2024-02-05 11:35:05.953 [info] fatal: not a git repository (or any of the parent directories): .git
2024-02-05 11:35:05.964 [info] > git rev-parse --show-toplevel [4ms]
2024-02-05 11:35:05.964 [info] fatal: not a git repository (or any of the parent directories): .git
2024-02-05 11:35:05.975 [info] > git rev-parse --show-toplevel [3ms]
2024-02-05 11:35:05.975 [info] fatal: not a git repository (or any of the parent directories): .git
2024-02-05 11:35:05.988 [info] > git rev-parse --show-toplevel [3ms]
2024-02-05 11:35:05.988 [info] fatal: not a git repository (or any of the parent directories): .git
2024-02-05 11:35:06.003 [info] > git rev-parse --show-toplevel [6ms]
2024-02-05 11:35:06.003 [info] fatal: not a git repository (or any of the parent directories): .git
2024-02-05 11:35:06.016 [info] > git rev-parse --show-toplevel [5ms]
2024-02-05 11:35:06.017 [info] fatal: not a git repository (or any parent up to mount point /)
Stopping at filesystem boundary (GIT_DISCOVERY_ACROSS_FILESYSTEM not set).
2024-02-05 11:35:06.042 [info] > git rev-parse --show-toplevel [4ms]
2024-02-05 11:35:06.042 [info] fatal: not a git repository (or any of the parent directories): .git
2024-02-05 11:35:06.053 [info] > git rev-parse --show-toplevel [3ms]
2024-02-05 11:35:06.053 [info] fatal: not a git repository (or any of the parent directories): .git
2024-02-05 11:35:06.063 [info] > git rev-parse --show-toplevel [4ms]
2024-02-05 11:35:06.064 [info] fatal: not a git repository (or any of the parent directories): .git
2024-02-05 11:35:06.074 [info] > git rev-parse --show-toplevel [3ms]
2024-02-05 11:35:06.074 [info] fatal: not a git repository (or any parent up to mount point /)
Stopping at filesystem boundary (GIT_DISCOVERY_ACROSS_FILESYSTEM not set).
2024-02-05 11:35:06.083 [info] > git rev-parse --show-toplevel [3ms]
2024-02-05 11:35:06.084 [info] fatal: not a git repository (or any of the parent directories): .git
2024-02-05 11:35:06.094 [info] > git rev-parse --show-toplevel [4ms]
2024-02-05 11:35:06.095 [info] fatal: not a git repository (or any of the parent directories): .git
2024-02-05 11:35:06.122 [info] > git rev-parse --show-toplevel [17ms]
2024-02-05 11:35:06.123 [info] fatal: not a git repository (or any of the parent directories): .git
2024-02-05 11:37:17.349 [info] > git rev-parse --show-toplevel [53ms]
2024-02-05 11:37:17.424 [info] > git rev-parse --git-dir --git-common-dir [49ms]
2024-02-05 11:37:17.435 [info] Open repository: /home/jagaimo
2024-02-05 11:37:17.472 [info] > git config --get commit.template [6ms]
2024-02-05 11:37:17.486 [info] > git for-each-ref --format=%(refname)%00%(upstream:short)%00%(objectname)%00%(upstream:track)%00%(upstream:remotename)%00%(upstream:remoteref) refs/heads/feature-product-index refs/remotes/feature-product-index [5ms]
2024-02-05 11:37:17.568 [info] > git status -z -uall [73ms]
2024-02-05 11:37:17.604 [info] > git config --get commit.template [6ms]
2024-02-05 11:37:17.621 [info] > git for-each-ref --format=%(refname)%00%(upstream:short)%00%(objectname)%00%(upstream:track)%00%(upstream:remotename)%00%(upstream:remoteref) refs/heads/feature-product-index refs/remotes/feature-product-index [4ms]
2024-02-05 11:37:17.707 [info] > git status -z -uall [79ms]
2024-02-05 11:37:17.989 [info] > git check-ignore -v -z --stdin [6ms]
2024-02-05 11:37:18.095 [info] > git ls-files --stage -- /home/jagaimo/.devcontainer/devcontainer.json [24ms]
2024-02-05 11:37:18.137 [info] > git show --textconv :.devcontainer/devcontainer.json [74ms]
2024-02-05 11:37:18.166 [info] > git cat-file -s ddf16cdda1b8bd6a80f13fb5182086204dad5b9d [63ms]
2024-02-05 11:37:19.908 [info] > git check-ignore -v -z --stdin [3ms]
2024-02-05 11:37:25.896 [info] > git check-ignore -v -z --stdin [5ms]
2024-02-05 11:37:26.741 [info] > git check-ignore -v -z --stdin [2ms]
2024-02-05 11:37:27.550 [info] > git check-ignore -v -z --stdin [2ms]
2024-02-05 11:37:28.152 [info] > git check-ignore -v -z --stdin [3ms]
2024-02-05 11:37:29.023 [info] > git check-ignore -v -z --stdin [3ms]
2024-02-05 11:37:30.681 [info] > git check-ignore -v -z --stdin [3ms]
2024-02-05 11:37:31.491 [info] > git check-ignore -v -z --stdin [4ms]
2024-02-05 11:37:34.648 [info] > git check-ignore -v -z --stdin [5ms]
2024-02-05 11:37:37.519 [info] > git check-ignore -v -z --stdin [4ms]
2024-02-05 11:37:39.125 [info] > git check-ignore -v -z --stdin [4ms]
2024-02-05 11:37:39.688 [info] > git check-ignore -v -z --stdin [3ms]
2024-02-05 11:37:41.046 [info] > git check-ignore -v -z --stdin [3ms]
2024-02-05 11:37:45.409 [info] > git check-ignore -v -z --stdin [4ms]
2024-02-05 11:37:47.199 [info] > git check-ignore -v -z --stdin [3ms]
2024-02-05 11:37:48.289 [info] > git check-ignore -v -z --stdin [3ms]
2024-02-05 11:37:50.552 [info] > git check-ignore -v -z --stdin [3ms]
2024-02-05 11:38:05.136 [info] > git check-ignore -v -z --stdin [3ms]
2024-02-05 11:42:59.800 [info] > git check-ignore -v -z --stdin [29ms]
2024-02-05 11:43:00.553 [info] > git show --textconv :.bundle/config [10ms]
2024-02-05 11:43:00.561 [info] > git ls-files --stage -- /home/jagaimo/.bundle/config [7ms]
2024-02-05 11:43:07.713 [info] > git check-ignore -v -z --stdin [5ms]
2024-02-05 11:43:11.570 [info] > git check-ignore -v -z --stdin [4ms]
2024-02-05 11:43:17.513 [info] > git check-ignore -v -z --stdin [4ms]
2024-02-05 11:43:18.824 [info] > git check-ignore -v -z --stdin [2ms]
2024-02-05 11:43:22.266 [info] > git check-ignore -v -z --stdin [2ms]
2024-02-05 11:43:26.113 [info] > git check-ignore -v -z --stdin [4ms]
2024-02-05 11:43:27.587 [info] > git show --textconv :bin/bundle [12ms]
2024-02-05 11:43:27.588 [info] > git ls-files --stage -- /home/jagaimo/bin/bundle [3ms]
2024-02-05 11:43:27.599 [info] > git cat-file -s a71368e3230bcb0e6320d7b97007ccf73056591b [1ms]
2024-02-05 11:43:41.258 [info] > git show --textconv :bin/dev [11ms]
2024-02-05 11:43:41.260 [info] > git ls-files --stage -- /home/jagaimo/bin/dev [3ms]
2024-02-05 11:43:41.269 [info] > git cat-file -s a4e05fa1459cefd2133017767f38f4b39e350d4d [0ms]
2024-02-05 11:43:42.318 [info] > git show --textconv :bin/htmlbeautifier [10ms]
2024-02-05 11:43:42.319 [info] > git ls-files --stage -- /home/jagaimo/bin/htmlbeautifier [2ms]
2024-02-05 11:43:42.328 [info] > git cat-file -s b83d9c01b01cd37537f0dab81f18c9303357ab9a [1ms]
2024-02-05 11:43:43.134 [info] > git show --textconv :bin/importmap [9ms]
2024-02-05 11:43:43.136 [info] > git ls-files --stage -- /home/jagaimo/bin/importmap [3ms]
2024-02-05 11:43:43.145 [info] > git cat-file -s 36502ab16c7adf42dfc804702966e684d68610dd [1ms]
2024-02-05 11:43:44.561 [info] > git show --textconv :bin/rails [11ms]
2024-02-05 11:43:44.563 [info] > git ls-files --stage -- /home/jagaimo/bin/rails [3ms]
2024-02-05 11:43:44.575 [info] > git cat-file -s efc0377492f7e0ec9f6cedf7b5e1f6119bbbd24e [1ms]
2024-02-05 11:44:04.812 [info] > git show --textconv :bin/rake [9ms]
2024-02-05 11:44:04.813 [info] > git ls-files --stage -- /home/jagaimo/bin/rake [1ms]
2024-02-05 11:44:04.822 [info] > git cat-file -s 4fbf10b960ef780b748861e6a616a4d88b00b50a [1ms]
2024-02-05 11:44:06.590 [info] > git check-ignore -v -z --stdin [3ms]
2024-02-05 11:44:07.585 [info] > git check-ignore -v -z --stdin [3ms]
2024-02-05 11:44:08.699 [info] > git check-ignore -v -z --stdin [4ms]
2024-02-05 11:44:09.807 [info] > git check-ignore -v -z --stdin [3ms]
2024-02-05 11:44:12.244 [info] > git check-ignore -v -z --stdin [2ms]
2024-02-05 11:44:12.842 [info] > git check-ignore -v -z --stdin [3ms]
2024-02-05 11:44:14.241 [info] > git check-ignore -v -z --stdin [4ms]
2024-02-05 11:44:15.411 [info] > git check-ignore -v -z --stdin [3ms]
2024-02-05 11:44:20.306 [info] > git show --textconv :config/boot.rb [9ms]
2024-02-05 11:44:20.309 [info] > git ls-files --stage -- /home/jagaimo/config/boot.rb [4ms]
2024-02-05 11:44:20.317 [info] > git cat-file -s c04863fa7dbe449f872f5911a7ec2283a401c527 [1ms]
2024-02-05 11:44:20.709 [info] > git show --textconv :config/application.rb [12ms]
2024-02-05 11:44:20.710 [info] > git ls-files --stage -- /home/jagaimo/config/application.rb [3ms]
2024-02-05 11:44:20.721 [info] > git cat-file -s 44d68d758c5f002f483a917daeddff0d39446e37 [1ms]
2024-02-05 11:44:34.622 [info] > git check-ignore -v -z --stdin [3ms]
2024-02-05 11:44:37.049 [info] > git check-ignore -v -z --stdin [5ms]
2024-02-05 11:44:38.275 [info] > git check-ignore -v -z --stdin [4ms]
2024-02-05 11:44:45.017 [info] > git check-ignore -v -z --stdin [12ms]
2024-02-05 11:44:45.633 [info] > git show --textconv :jagaimo/.bundle/cache/compact_index/rubygems.org.443.29b0360b937aa4d161703e6160654e47/info/abbrev [10ms]
2024-02-05 11:44:45.635 [info] > git ls-files --stage -- /home/jagaimo/jagaimo/.bundle/cache/compact_index/rubygems.org.443.29b0360b937aa4d161703e6160654e47/info/abbrev [2ms]
2024-02-05 11:44:45.644 [info] > git cat-file -s 4e8414b9cf34848637facd187c830d4d69e04f76 [1ms]
2024-02-05 11:44:45.902 [info] > git check-ignore -v -z --stdin [3ms]
2024-02-05 11:44:46.273 [info] > git show --textconv :jagaimo/.bundle/cache/compact_index/rubygems.org.443.29b0360b937aa4d161703e6160654e47/info/abstract [9ms]
2024-02-05 11:44:46.276 [info] > git ls-files --stage -- /home/jagaimo/jagaimo/.bundle/cache/compact_index/rubygems.org.443.29b0360b937aa4d161703e6160654e47/info/abstract [3ms]
2024-02-05 11:44:46.286 [info] > git cat-file -s 25a4bf8b4bf9c97aa5ef84c49e52a0e1d1b394c6 [1ms]
2024-02-05 11:44:48.306 [info] > git check-ignore -v -z --stdin [7ms]
2024-02-05 11:44:51.066 [info] > git check-ignore -v -z --stdin [34ms]
2024-02-05 11:44:59.732 [info] > git show --textconv :jagaimo/.bundle/cache/compact_index/rubygems.org.443.29b0360b937aa4d161703e6160654e47/info/rails-i18n [11ms]
2024-02-05 11:44:59.734 [info] > git ls-files --stage -- /home/jagaimo/jagaimo/.bundle/cache/compact_index/rubygems.org.443.29b0360b937aa4d161703e6160654e47/info/rails-i18n [2ms]
2024-02-05 11:44:59.742 [info] > git cat-file -s f8030314e7d6fe2b4e8098e42616633da37f05c2 [1ms]
2024-02-05 11:45:00.347 [info] > git show --textconv :jagaimo/.bundle/cache/compact_index/rubygems.org.443.29b0360b937aa4d161703e6160654e47/info/rails-html-sanitizer [12ms]
2024-02-05 11:45:00.350 [info] > git ls-files --stage -- /home/jagaimo/jagaimo/.bundle/cache/compact_index/rubygems.org.443.29b0360b937aa4d161703e6160654e47/info/rails-html-sanitizer [4ms]
2024-02-05 11:45:00.359 [info] > git cat-file -s bebd16a5948d6e977deb1be5dba9956f3ea87c0a [1ms]
2024-02-05 11:45:00.842 [info] > git show --textconv :jagaimo/.bundle/cache/compact_index/rubygems.org.443.29b0360b937aa4d161703e6160654e47/info/rails-dom-testing [11ms]
2024-02-05 11:45:00.843 [info] > git ls-files --stage -- /home/jagaimo/jagaimo/.bundle/cache/compact_index/rubygems.org.443.29b0360b937aa4d161703e6160654e47/info/rails-dom-testing [4ms]
2024-02-05 11:45:00.859 [info] > git cat-file -s 75683620bceb7eceabfbb4df73cf9f0c4e7f69f3 [2ms]
2024-02-05 11:45:01.328 [info] > git show --textconv :jagaimo/.bundle/cache/compact_index/rubygems.org.443.29b0360b937aa4d161703e6160654e47/info/rails-deprecated_sanitizer [11ms]
2024-02-05 11:45:01.330 [info] > git ls-files --stage -- /home/jagaimo/jagaimo/.bundle/cache/compact_index/rubygems.org.443.29b0360b937aa4d161703e6160654e47/info/rails-deprecated_sanitizer [4ms]
2024-02-05 11:45:01.340 [info] > git cat-file -s a1d4024e19931d1c10ea72bd98e7690e57b6d74b [0ms]
2024-02-05 11:45:03.550 [info] > git show --textconv :jagaimo/.bundle/cache/compact_index/rubygems.org.443.29b0360b937aa4d161703e6160654e47/info/rack-ssl [10ms]
2024-02-05 11:45:03.551 [info] > git ls-files --stage -- /home/jagaimo/jagaimo/.bundle/cache/compact_index/rubygems.org.443.29b0360b937aa4d161703e6160654e47/info/rack-ssl [1ms]
2024-02-05 11:45:03.566 [info] > git cat-file -s 24843327965ac566e9da2347f39d0a009e13b79f [3ms]
2024-02-05 11:45:04.223 [info] > git show --textconv :jagaimo/.bundle/cache/compact_index/rubygems.org.443.29b0360b937aa4d161703e6160654e47/info/rack-session [9ms]
2024-02-05 11:45:04.224 [info] > git ls-files --stage -- /home/jagaimo/jagaimo/.bundle/cache/compact_index/rubygems.org.443.29b0360b937aa4d161703e6160654e47/info/rack-session [2ms]
2024-02-05 11:45:04.235 [info] > git cat-file -s 959fe2cf6fbc50b18dc413239c91a2de5b4425fb [1ms]
2024-02-05 11:45:05.074 [info] > git show --textconv :jagaimo/.bundle/cache/compact_index/rubygems.org.443.29b0360b937aa4d161703e6160654e47/info/rack-test [10ms]
2024-02-05 11:45:05.076 [info] > git ls-files --stage -- /home/jagaimo/jagaimo/.bundle/cache/compact_index/rubygems.org.443.29b0360b937aa4d161703e6160654e47/info/rack-test [3ms]
2024-02-05 11:45:05.086 [info] > git cat-file -s a0ea5a2792a65ed94db697a1b62e04a426519d61 [1ms]
2024-02-05 11:45:05.983 [info] > git show --textconv :jagaimo/.bundle/cache/compact_index/rubygems.org.443.29b0360b937aa4d161703e6160654e47/info/rackup [10ms]
2024-02-05 11:45:05.985 [info] > git ls-files --stage -- /home/jagaimo/jagaimo/.bundle/cache/compact_index/rubygems.org.443.29b0360b937aa4d161703e6160654e47/info/rackup [3ms]
2024-02-05 11:45:05.994 [info] > git cat-file -s ccef8d7a7c71a75bc19c345d252bd70fd43f99aa [1ms]
2024-02-05 11:45:08.235 [info] > git show --textconv :jagaimo/.bundle/cache/compact_index/rubygems.org.443.29b0360b937aa4d161703e6160654e47/info/rack-test [10ms]
2024-02-05 11:45:08.237 [info] > git ls-files --stage -- /home/jagaimo/jagaimo/.bundle/cache/compact_index/rubygems.org.443.29b0360b937aa4d161703e6160654e47/info/rack-test [3ms]
2024-02-05 11:45:08.248 [info] > git cat-file -s a0ea5a2792a65ed94db697a1b62e04a426519d61 [1ms]
2024-02-05 11:45:10.423 [info] > git check-ignore -v -z --stdin [2ms]
2024-02-05 11:45:11.152 [info] > git check-ignore -v -z --stdin [3ms]
2024-02-05 11:45:12.053 [info] > git check-ignore -v -z --stdin [2ms]
2024-02-05 11:45:19.182 [info] > git check-ignore -v -z --stdin [10ms]
2024-02-05 11:45:30.730 [info] > git check-ignore -v -z --stdin [3ms]
2024-02-05 11:45:31.435 [info] > git show --textconv :jagaimo/.config/configstore/update-notifier-npm.json [10ms]
2024-02-05 11:45:31.437 [info] > git ls-files --stage -- /home/jagaimo/jagaimo/.config/configstore/update-notifier-npm.json [3ms]
2024-02-05 11:45:31.449 [info] > git cat-file -s 4853911115b374855a58aa97dbb6da57ade6e4aa [2ms]
2024-02-05 11:45:34.163 [info] > git check-ignore -v -z --stdin [6ms]
2024-02-05 11:45:41.077 [info] > git check-ignore -v -z --stdin [3ms]
2024-02-05 11:45:46.385 [info] > git check-ignore -v -z --stdin [3ms]
2024-02-05 11:45:54.454 [info] > git check-ignore -v -z --stdin [3ms]
2024-02-05 11:46:00.539 [info] > git check-ignore -v -z --stdin [4ms]
2024-02-05 11:46:13.610 [info] > git check-ignore -v -z --stdin [7ms]
2024-02-05 11:46:32.650 [info] > git check-ignore -v -z --stdin [5ms]
2024-02-05 11:46:36.951 [info] > git check-ignore -v -z --stdin [3ms]
2024-02-05 11:46:37.869 [info] > git check-ignore -v -z --stdin [4ms]
2024-02-05 11:46:38.988 [info] > git check-ignore -v -z --stdin [3ms]
2024-02-05 11:46:41.920 [info] > git check-ignore -v -z --stdin [3ms]
2024-02-05 11:46:44.819 [info] > git check-ignore -v -z --stdin [14ms]
2024-02-05 11:46:47.615 [info] > git check-ignore -v -z --stdin [4ms]
2024-02-05 11:46:48.649 [info] > git check-ignore -v -z --stdin [3ms]
2024-02-05 11:46:51.009 [info] > git check-ignore -v -z --stdin [4ms]
2024-02-05 11:46:52.757 [info] > git check-ignore -v -z --stdin [3ms]
2024-02-05 11:46:54.368 [info] > git check-ignore -v -z --stdin [5ms]
2024-02-05 11:46:56.176 [info] > git show --textconv :jagaimo/.yarnrc [11ms]
2024-02-05 11:46:56.178 [info] > git ls-files --stage -- /home/jagaimo/jagaimo/.yarnrc [4ms]
2024-02-05 11:46:56.188 [info] > git cat-file -s dfb060d46e5a41b98369fef8bb29993d18f60c0b [2ms]
2024-02-05 11:46:56.701 [info] > git show --textconv :jagaimo/.irb_history [9ms]
2024-02-05 11:46:56.703 [info] > git ls-files --stage -- /home/jagaimo/jagaimo/.irb_history [3ms]
2024-02-05 11:46:56.711 [info] > git cat-file -s eccab96e27f342ddf106684e17a44bab167c8f8a [0ms]
2024-02-05 11:47:06.561 [info] > git show --textconv :jagaimo/.gitconfig [9ms]
2024-02-05 11:47:06.563 [info] > git ls-files --stage -- /home/jagaimo/jagaimo/.gitconfig [3ms]
2024-02-05 11:47:06.572 [info] > git cat-file -s 06f72fc50f5bfa2c63b8b212fe4745a1dbd8c6cf [1ms]
2024-02-05 11:47:07.201 [info] > git show --textconv :jagaimo/.bash_history [12ms]
2024-02-05 11:47:07.202 [info] > git ls-files --stage -- /home/jagaimo/jagaimo/.bash_history [4ms]
2024-02-05 11:47:07.210 [info] > git cat-file -s d99ae5c28c7153dc2b38a0497ca414d3312413ba [1ms]
2024-02-05 11:47:14.101 [info] > git check-ignore -v -z --stdin [5ms]
2024-02-05 11:47:16.134 [info] > git check-ignore -v -z --stdin [3ms]
2024-02-05 11:47:19.230 [info] > git check-ignore -v -z --stdin [4ms]
2024-02-05 11:47:21.774 [info] > git check-ignore -v -z --stdin [11ms]
2024-02-05 11:47:23.634 [info] > git check-ignore -v -z --stdin [6ms]
2024-02-05 11:47:27.226 [info] > git check-ignore -v -z --stdin [12ms]
2024-02-05 11:47:31.654 [info] > git check-ignore -v -z --stdin [3ms]
2024-02-05 11:48:06.052 [info] > git check-ignore -v -z --stdin [11ms]
2024-02-05 11:48:08.662 [info] > git check-ignore -v -z --stdin [4ms]
2024-02-05 11:48:12.162 [info] > git show --textconv :Rakefile [9ms]
2024-02-05 11:48:12.164 [info] > git ls-files --stage -- /home/jagaimo/Rakefile [3ms]
2024-02-05 11:48:12.174 [info] > git cat-file -s 488c551fee2cd158e9f36f0366afd08c9522c2b2 [1ms]
2024-02-05 11:48:14.201 [info] > git show --textconv :Procfile.dev [9ms]
2024-02-05 11:48:14.204 [info] > git ls-files --stage -- /home/jagaimo/Procfile.dev [4ms]
2024-02-05 11:48:14.213 [info] > git cat-file -s 00710e2c626a55041fd0dd0cff906448373f65c1 [1ms]
2024-02-05 11:48:14.827 [info] > git show --textconv :heroku.yml [9ms]
2024-02-05 11:48:14.829 [info] > git ls-files --stage -- /home/jagaimo/heroku.yml [3ms]
2024-02-05 11:48:14.839 [info] > git cat-file -s c8046c9f8aafc4abc01832372469f6d09b197d3f [0ms]
2024-02-05 11:48:15.470 [info] > git show --textconv :gosuuser.sh [9ms]
2024-02-05 11:48:15.472 [info] > git ls-files --stage -- /home/jagaimo/gosuuser.sh [3ms]
2024-02-05 11:48:15.480 [info] > git cat-file -s e69de29bb2d1d6434b8b29ae775ad8c2e48c5391 [1ms]
2024-02-05 11:48:16.013 [info] > git show --textconv :heroku.yml [10ms]
2024-02-05 11:48:16.016 [info] > git ls-files --stage -- /home/jagaimo/heroku.yml [4ms]
2024-02-05 11:48:16.025 [info] > git cat-file -s c8046c9f8aafc4abc01832372469f6d09b197d3f [1ms]
2024-02-05 11:48:18.033 [info] > git show --textconv :gosuuser.sh [8ms]
2024-02-05 11:48:18.035 [info] > git ls-files --stage -- /home/jagaimo/gosuuser.sh [3ms]
2024-02-05 11:48:18.044 [info] > git cat-file -s e69de29bb2d1d6434b8b29ae775ad8c2e48c5391 [1ms]
2024-02-05 11:48:19.113 [info] > git show --textconv :Gemfile.lock [9ms]
2024-02-05 11:48:19.116 [info] > git ls-files --stage -- /home/jagaimo/Gemfile.lock [3ms]
2024-02-05 11:48:19.126 [info] > git cat-file -s ba0b5921688d9c5858e301fd5f21e1fd63f3d634 [2ms]
2024-02-05 11:48:20.504 [info] > git show --textconv :Gemfile [11ms]
2024-02-05 11:48:20.507 [info] > git ls-files --stage -- /home/jagaimo/Gemfile [5ms]
2024-02-05 11:48:20.516 [info] > git cat-file -s 19ac0f3c83a738f251be54890b8061387741eb84 [1ms]
2024-02-05 11:50:08.042 [info] > git ls-files --stage -- /home/jagaimo/Rakefile [21ms]
2024-02-05 11:50:08.050 [info] > git show --textconv :Rakefile [39ms]
2024-02-05 11:50:08.051 [info] > git cat-file -s 488c551fee2cd158e9f36f0366afd08c9522c2b2 [1ms]
2024-02-05 11:50:26.276 [info] > git show --textconv :Rakefile [10ms]
2024-02-05 11:50:26.279 [info] > git ls-files --stage -- /home/jagaimo/Rakefile [2ms]
2024-02-05 11:50:26.290 [info] > git cat-file -s 488c551fee2cd158e9f36f0366afd08c9522c2b2 [1ms]
2024-02-05 11:50:30.298 [info] > git show --textconv :heroku.yml [9ms]
2024-02-05 11:50:30.300 [info] > git ls-files --stage -- /home/jagaimo/heroku.yml [3ms]
2024-02-05 11:50:30.308 [info] > git cat-file -s c8046c9f8aafc4abc01832372469f6d09b197d3f [1ms]
2024-02-05 11:50:32.294 [info] > git show --textconv :Gemfile [9ms]
2024-02-05 11:50:32.297 [info] > git ls-files --stage -- /home/jagaimo/Gemfile [4ms]
2024-02-05 11:50:32.307 [info] > git cat-file -s 19ac0f3c83a738f251be54890b8061387741eb84 [1ms]
2024-02-05 11:50:45.613 [info] > git show --textconv :jagaimo/.gitconfig [10ms]
2024-02-05 11:50:45.615 [info] > git ls-files --stage -- /home/jagaimo/jagaimo/.gitconfig [2ms]
2024-02-05 11:50:45.622 [info] > git cat-file -s 06f72fc50f5bfa2c63b8b212fe4745a1dbd8c6cf [1ms]
2024-02-05 11:51:05.391 [info] > git show --textconv :Gemfile [11ms]
2024-02-05 11:51:05.395 [info] > git ls-files --stage -- /home/jagaimo/Gemfile [4ms]
2024-02-05 11:51:05.404 [info] > git cat-file -s 19ac0f3c83a738f251be54890b8061387741eb84 [1ms]
2024-02-05 11:51:08.293 [info] > git show --textconv :Rakefile [8ms]
2024-02-05 11:51:08.296 [info] > git ls-files --stage -- /home/jagaimo/Rakefile [4ms]
2024-02-05 11:51:08.304 [info] > git cat-file -s 488c551fee2cd158e9f36f0366afd08c9522c2b2 [1ms]
2024-02-05 11:51:09.438 [info] > git show --textconv :Gemfile [10ms]
2024-02-05 11:51:09.440 [info] > git ls-files --stage -- /home/jagaimo/Gemfile [2ms]
2024-02-05 11:51:09.451 [info] > git cat-file -s 19ac0f3c83a738f251be54890b8061387741eb84 [2ms]
2024-02-05 13:38:55.143 [info] > git ls-files --stage -- /home/jagaimo/compose.yaml [19ms]
2024-02-05 13:38:55.151 [info] > git show --textconv :compose.yaml [37ms]
2024-02-05 13:38:55.153 [info] > git cat-file -s 610253fd5ac93f155a0dd926245d8db80c4fa1ed [2ms]
2024-02-05 13:38:55.646 [info] > git show --textconv :config.ru [9ms]
2024-02-05 13:38:55.648 [info] > git ls-files --stage -- /home/jagaimo/config.ru [2ms]
2024-02-05 13:38:55.658 [info] > git cat-file -s 6dc8321802f96472aa30bf52fbe51248d8787eb4 [2ms]
2024-02-05 13:38:56.743 [info] > git show --textconv :createuser.sh [9ms]
2024-02-05 13:38:56.745 [info] > git ls-files --stage -- /home/jagaimo/createuser.sh [3ms]
2024-02-05 13:38:56.754 [info] > git cat-file -s abe3be944235466c461770e6a8cc02f0f60ef4ca [1ms]
2024-02-05 13:38:59.621 [info] > git show --textconv :Dockerfile [10ms]
2024-02-05 13:38:59.624 [info] > git ls-files --stage -- /home/jagaimo/Dockerfile [5ms]
2024-02-05 13:38:59.633 [info] > git cat-file -s 181331c876d3e8b97df9542dddf3daabde73f8ac [1ms]
2024-02-05 13:39:23.103 [info] > git show --textconv :entrypoint.sh [8ms]
2024-02-05 13:39:23.106 [info] > git ls-files --stage -- /home/jagaimo/entrypoint.sh [3ms]
2024-02-05 13:39:23.115 [info] > git cat-file -s 3af18f7492efffb367589d2121f67d772ff877e5 [1ms]
2024-02-05 13:39:25.688 [info] > git show --textconv :Gemfile [11ms]
2024-02-05 13:39:25.689 [info] > git ls-files --stage -- /home/jagaimo/Gemfile [3ms]
2024-02-05 13:39:25.698 [info] > git cat-file -s 19ac0f3c83a738f251be54890b8061387741eb84 [2ms]
2024-02-05 13:39:28.690 [info] > git show --textconv :gosuuser.sh [9ms]
2024-02-05 13:39:28.692 [info] > git ls-files --stage -- /home/jagaimo/gosuuser.sh [3ms]
2024-02-05 13:39:28.702 [info] > git cat-file -s e69de29bb2d1d6434b8b29ae775ad8c2e48c5391 [0ms]
2024-02-05 13:39:29.783 [info] > git show --textconv :heroku.yml [9ms]
2024-02-05 13:39:29.785 [info] > git ls-files --stage -- /home/jagaimo/heroku.yml [2ms]
2024-02-05 13:39:29.794 [info] > git cat-file -s c8046c9f8aafc4abc01832372469f6d09b197d3f [1ms]
2024-02-05 13:39:52.785 [info] > git show --textconv :Procfile.dev [11ms]
2024-02-05 13:39:52.786 [info] > git ls-files --stage -- /home/jagaimo/Procfile.dev [3ms]
2024-02-05 13:39:52.795 [info] > git cat-file -s 00710e2c626a55041fd0dd0cff906448373f65c1 [1ms]
2024-02-05 13:39:54.409 [info] > git show --textconv :heroku.yml [10ms]
2024-02-05 13:39:54.411 [info] > git ls-files --stage -- /home/jagaimo/heroku.yml [3ms]
2024-02-05 13:39:54.420 [info] > git cat-file -s c8046c9f8aafc4abc01832372469f6d09b197d3f [1ms]
2024-02-05 13:39:56.190 [info] > git show --textconv :gosuuser.sh [10ms]
2024-02-05 13:39:56.192 [info] > git ls-files --stage -- /home/jagaimo/gosuuser.sh [3ms]
2024-02-05 13:39:56.201 [info] > git cat-file -s e69de29bb2d1d6434b8b29ae775ad8c2e48c5391 [2ms]
2024-02-05 13:39:58.225 [info] > git show --textconv :Procfile.dev [9ms]
2024-02-05 13:39:58.228 [info] > git ls-files --stage -- /home/jagaimo/Procfile.dev [3ms]
2024-02-05 13:39:58.236 [info] > git cat-file -s 00710e2c626a55041fd0dd0cff906448373f65c1 [0ms]
2024-02-05 13:39:58.955 [info] > git show --textconv :Rakefile [10ms]
2024-02-05 13:39:58.956 [info] > git ls-files --stage -- /home/jagaimo/Rakefile [3ms]
2024-02-05 13:39:58.965 [info] > git cat-file -s 488c551fee2cd158e9f36f0366afd08c9522c2b2 [1ms]
2024-02-05 13:40:00.150 [info] > git show --textconv :README.md [9ms]
2024-02-05 13:40:00.152 [info] > git ls-files --stage -- /home/jagaimo/README.md [3ms]
2024-02-05 13:40:00.162 [info] > git cat-file -s 049b1848f0769207440640ed96db1d48f5d08de9 [2ms]
2024-02-05 13:40:05.321 [info] > git show --textconv :.gitattributes [10ms]
2024-02-05 13:40:05.323 [info] > git ls-files --stage -- /home/jagaimo/.gitattributes [2ms]
2024-02-05 13:40:05.332 [info] > git cat-file -s 31eeee0b6ac3364f417bb0e96b0fdc07aaf7406a [0ms]
2024-02-05 13:40:05.882 [info] > git show --textconv :.gitignore [10ms]
2024-02-05 13:40:05.885 [info] > git ls-files --stage -- /home/jagaimo/.gitignore [3ms]
2024-02-05 13:40:05.894 [info] > git cat-file -s 1dd0a39e6b3c3e49c55c2cd070a6975286a5ba25 [1ms]
2024-02-05 13:40:06.360 [info] > git show --textconv :.reviewdog.yml [11ms]
2024-02-05 13:40:06.361 [info] > git ls-files --stage -- /home/jagaimo/.reviewdog.yml [3ms]
2024-02-05 13:40:06.378 [info] > git cat-file -s 14ab186e037a9c19bfcbbf1720136359f290d60c [9ms]
2024-02-05 13:40:07.143 [info] > git show --textconv :.rspec [9ms]
2024-02-05 13:40:07.145 [info] > git ls-files --stage -- /home/jagaimo/.rspec [3ms]
2024-02-05 13:40:07.153 [info] > git cat-file -s 5be63fcb08646c9f78bf99b30096b13218299867 [1ms]
2024-02-05 13:40:08.666 [info] > git show --textconv :.reviewdog.yml [9ms]
2024-02-05 13:40:08.668 [info] > git ls-files --stage -- /home/jagaimo/.reviewdog.yml [2ms]
2024-02-05 13:40:08.677 [info] > git cat-file -s 14ab186e037a9c19bfcbbf1720136359f290d60c [2ms]
2024-02-05 13:40:10.478 [info] > git show --textconv :.rspec [9ms]
2024-02-05 13:40:10.480 [info] > git ls-files --stage -- /home/jagaimo/.rspec [3ms]
2024-02-05 13:40:10.489 [info] > git cat-file -s 5be63fcb08646c9f78bf99b30096b13218299867 [1ms]
2024-02-05 13:40:11.058 [info] > git show --textconv :.rubocop_todo.yml [11ms]
2024-02-05 13:40:11.059 [info] > git ls-files --stage -- /home/jagaimo/.rubocop_todo.yml [5ms]
2024-02-05 13:40:11.067 [info] > git cat-file -s 5b26974d30f1cf6f5220aaa86f59a1977b3bcb5b [1ms]
2024-02-05 13:40:15.100 [info] > git show --textconv :.rubocop.yml [9ms]
2024-02-05 13:40:15.102 [info] > git ls-files --stage -- /home/jagaimo/.rubocop.yml [3ms]
2024-02-05 13:40:15.111 [info] > git cat-file -s 100925d15c3cbb7c03202db6a5f61864c8770489 [1ms]
2024-02-05 13:40:15.615 [info] > git show --textconv :.ruby-version [8ms]
2024-02-05 13:40:15.618 [info] > git ls-files --stage -- /home/jagaimo/.ruby-version [3ms]
2024-02-05 13:40:15.627 [info] > git cat-file -s 72b3400f1f33f47171174f894be233a12b3e4107 [2ms]
2024-02-05 13:40:17.082 [info] > git show --textconv :compose.yaml [8ms]
2024-02-05 13:40:17.083 [info] > git ls-files --stage -- /home/jagaimo/compose.yaml [2ms]
2024-02-05 13:40:17.092 [info] > git cat-file -s 610253fd5ac93f155a0dd926245d8db80c4fa1ed [1ms]
2024-02-05 13:40:22.867 [info] > git show --textconv :compose.yaml [10ms]
2024-02-05 13:40:22.868 [info] > git ls-files --stage -- /home/jagaimo/compose.yaml [3ms]
2024-02-05 13:40:22.877 [info] > git cat-file -s 610253fd5ac93f155a0dd926245d8db80c4fa1ed [1ms]
2024-02-05 13:40:36.266 [info] > git show --textconv :config/application.rb [9ms]
2024-02-05 13:40:36.268 [info] > git ls-files --stage -- /home/jagaimo/config/application.rb [2ms]
2024-02-05 13:40:36.277 [info] > git cat-file -s 44d68d758c5f002f483a917daeddff0d39446e37 [0ms]
2024-02-05 13:40:46.114 [info] > git show --textconv :config/environment.rb [10ms]
2024-02-05 13:40:46.117 [info] > git ls-files --stage -- /home/jagaimo/config/environment.rb [3ms]
2024-02-05 13:40:46.127 [info] > git cat-file -s d5abe55806c256100cc029c834f52830829aefc6 [1ms]
2024-02-05 13:40:52.692 [info] > git show --textconv :config/credentials.yml.enc [9ms]
2024-02-05 13:40:52.694 [info] > git ls-files --stage -- /home/jagaimo/config/credentials.yml.enc [2ms]
2024-02-05 13:40:52.702 [info] > git cat-file -s d91fbdec3628bf3eb511b6f32ed13f2b74c33720 [1ms]
2024-02-05 13:40:53.253 [info] > git show --textconv :config/database.yml [10ms]
2024-02-05 13:40:53.255 [info] > git ls-files --stage -- /home/jagaimo/config/database.yml [3ms]
2024-02-05 13:40:53.265 [info] > git cat-file -s e3f639dd57c2924d83eb3e0e70b72924111da774 [1ms]
2024-02-05 13:40:54.004 [info] > git show --textconv :config/boot.rb [9ms]
2024-02-05 13:40:54.005 [info] > git ls-files --stage -- /home/jagaimo/config/boot.rb [2ms]
2024-02-05 13:40:54.014 [info] > git cat-file -s c04863fa7dbe449f872f5911a7ec2283a401c527 [1ms]
2024-02-05 13:40:54.564 [info] > git show --textconv :config/application.rb [9ms]
2024-02-05 13:40:54.566 [info] > git ls-files --stage -- /home/jagaimo/config/application.rb [3ms]
2024-02-05 13:40:54.575 [info] > git cat-file -s 44d68d758c5f002f483a917daeddff0d39446e37 [1ms]
2024-02-05 13:41:07.831 [info] > git show --textconv :config/environments/development.rb [11ms]
2024-02-05 13:41:07.832 [info] > git ls-files --stage -- /home/jagaimo/config/environments/development.rb [3ms]
2024-02-05 13:41:07.843 [info] > git cat-file -s 89ed34458be20c9db1b0c39607b3b500b010780f [2ms]
2024-02-05 13:41:11.489 [info] > git show --textconv :config/environments/production.rb [9ms]
2024-02-05 13:41:11.491 [info] > git ls-files --stage -- /home/jagaimo/config/environments/production.rb [2ms]
2024-02-05 13:41:11.499 [info] > git cat-file -s 11d13ce49fabc5b508d2564c61055a8e5d6e87bb [1ms]
2024-02-05 13:41:13.823 [info] > git show --textconv :config/environments/development.rb [8ms]
2024-02-05 13:41:13.824 [info] > git ls-files --stage -- /home/jagaimo/config/environments/development.rb [2ms]
2024-02-05 13:41:13.832 [info] > git cat-file -s 89ed34458be20c9db1b0c39607b3b500b010780f [1ms]
2024-02-05 13:41:27.582 [info] > git show --textconv :config/environments/production.rb [9ms]
2024-02-05 13:41:27.584 [info] > git ls-files --stage -- /home/jagaimo/config/environments/production.rb [2ms]
2024-02-05 13:41:27.594 [info] > git cat-file -s 11d13ce49fabc5b508d2564c61055a8e5d6e87bb [1ms]
2024-02-05 13:41:28.478 [info] > git show --textconv :config/environments/test.rb [10ms]
2024-02-05 13:41:28.479 [info] > git ls-files --stage -- /home/jagaimo/config/environments/test.rb [2ms]
2024-02-05 13:41:28.488 [info] > git cat-file -s e67797f21c87f98db3dd730380596bd7fe224982 [1ms]
2024-02-05 13:41:31.025 [info] > git show --textconv :config/application.rb [9ms]
2024-02-05 13:41:31.028 [info] > git ls-files --stage -- /home/jagaimo/config/application.rb [3ms]
2024-02-05 13:41:31.037 [info] > git cat-file -s 44d68d758c5f002f483a917daeddff0d39446e37 [1ms]
2024-02-05 13:41:40.940 [info] > git show --textconv :config/initializers/dartsass.rb [9ms]
2024-02-05 13:41:40.941 [info] > git ls-files --stage -- /home/jagaimo/config/initializers/dartsass.rb [2ms]
2024-02-05 13:41:40.952 [info] > git cat-file -s 574fb7253e52714962b78ff7d5931671d51a09bb [2ms]
2024-02-05 13:41:41.426 [info] > git show --textconv :config/initializers/devise.rb [11ms]
2024-02-05 13:41:41.433 [info] > git ls-files --stage -- /home/jagaimo/config/initializers/devise.rb [10ms]
2024-02-05 13:41:41.443 [info] > git cat-file -s 4f4eb778286037e5c5015141f17d74d38e51c882 [2ms]
2024-02-05 13:53:55.809 [info] > git show --textconv :config/environments/development.rb [9ms]
2024-02-05 13:53:55.811 [info] > git ls-files --stage -- /home/jagaimo/config/environments/development.rb [3ms]
2024-02-05 13:53:55.820 [info] > git cat-file -s 89ed34458be20c9db1b0c39607b3b500b010780f [1ms]
2024-02-05 13:53:56.300 [info] > git show --textconv :config/environments/production.rb [16ms]
2024-02-05 13:53:56.301 [info] > git ls-files --stage -- /home/jagaimo/config/environments/production.rb [9ms]
2024-02-05 13:53:56.309 [info] > git cat-file -s 11d13ce49fabc5b508d2564c61055a8e5d6e87bb [1ms]
2024-02-05 13:53:56.713 [info] > git show --textconv :config/environments/test.rb [10ms]
2024-02-05 13:53:56.715 [info] > git ls-files --stage -- /home/jagaimo/config/environments/test.rb [4ms]
2024-02-05 13:53:56.726 [info] > git cat-file -s e67797f21c87f98db3dd730380596bd7fe224982 [0ms]
2024-02-05 13:53:57.376 [info] > git show --textconv :config/environments/production.rb [8ms]
2024-02-05 13:53:57.379 [info] > git ls-files --stage -- /home/jagaimo/config/environments/production.rb [2ms]
2024-02-05 13:53:57.391 [info] > git cat-file -s 11d13ce49fabc5b508d2564c61055a8e5d6e87bb [1ms]
2024-02-05 13:54:07.557 [info] > git show --textconv :config/environments/test.rb [9ms]
2024-02-05 13:54:07.558 [info] > git ls-files --stage -- /home/jagaimo/config/environments/test.rb [2ms]
2024-02-05 13:54:07.570 [info] > git cat-file -s e67797f21c87f98db3dd730380596bd7fe224982 [2ms]
2024-02-05 13:54:08.706 [info] > git show --textconv :config/environments/development.rb [8ms]
2024-02-05 13:54:08.708 [info] > git ls-files --stage -- /home/jagaimo/config/environments/development.rb [3ms]
2024-02-05 13:54:08.718 [info] > git cat-file -s 89ed34458be20c9db1b0c39607b3b500b010780f [1ms]
2024-02-05 13:54:10.772 [info] > git show --textconv :config/initializers/content_security_policy.rb [10ms]
2024-02-05 13:54:10.773 [info] > git ls-files --stage -- /home/jagaimo/config/initializers/content_security_policy.rb [2ms]
2024-02-05 13:54:10.782 [info] > git cat-file -s f37ed8de48db56080ca021c0f1853f2ec30f92bf [1ms]
2024-02-05 13:54:11.524 [info] > git show --textconv :config/initializers/dartsass.rb [9ms]
2024-02-05 13:54:11.526 [info] > git ls-files --stage -- /home/jagaimo/config/initializers/dartsass.rb [3ms]
2024-02-05 13:54:11.536 [info] > git cat-file -s 574fb7253e52714962b78ff7d5931671d51a09bb [1ms]
2024-02-05 13:54:12.791 [info] > git show --textconv :config/initializers/content_security_policy.rb [9ms]
2024-02-05 13:54:12.793 [info] > git ls-files --stage -- /home/jagaimo/config/initializers/content_security_policy.rb [3ms]
2024-02-05 13:54:12.803 [info] > git cat-file -s f37ed8de48db56080ca021c0f1853f2ec30f92bf [1ms]
2024-02-05 13:54:26.700 [info] > git show --textconv :config/initializers/dartsass.rb [10ms]
2024-02-05 13:54:26.701 [info] > git ls-files --stage -- /home/jagaimo/config/initializers/dartsass.rb [2ms]
2024-02-05 13:54:26.711 [info] > git cat-file -s 574fb7253e52714962b78ff7d5931671d51a09bb [2ms]
2024-02-05 13:54:29.431 [info] > git show --textconv :config/environments/test.rb [16ms]
2024-02-05 13:54:29.432 [info] > git ls-files --stage -- /home/jagaimo/config/environments/test.rb [3ms]
2024-02-05 13:54:29.443 [info] > git cat-file -s e67797f21c87f98db3dd730380596bd7fe224982 [2ms]
2024-02-05 13:54:32.320 [info] > git show --textconv :config/initializers/dartsass.rb [7ms]
2024-02-05 13:54:32.322 [info] > git ls-files --stage -- /home/jagaimo/config/initializers/dartsass.rb [2ms]
2024-02-05 13:54:32.331 [info] > git cat-file -s 574fb7253e52714962b78ff7d5931671d51a09bb [1ms]
2024-02-05 13:54:33.101 [info] > git show --textconv :config/initializers/devise.rb [24ms]
2024-02-05 13:54:33.102 [info] > git ls-files --stage -- /home/jagaimo/config/initializers/devise.rb [11ms]
2024-02-05 13:54:33.112 [info] > git cat-file -s 4f4eb778286037e5c5015141f17d74d38e51c882 [2ms]
2024-02-05 13:55:11.546 [info] > git show --textconv :config/initializers/dartsass.rb [11ms]
2024-02-05 13:55:11.548 [info] > git ls-files --stage -- /home/jagaimo/config/initializers/dartsass.rb [2ms]
2024-02-05 13:55:11.558 [info] > git cat-file -s 574fb7253e52714962b78ff7d5931671d51a09bb [1ms]
2024-02-05 13:55:12.980 [info] > git show --textconv :config/initializers/devise.rb [9ms]
2024-02-05 13:55:12.982 [info] > git ls-files --stage -- /home/jagaimo/config/initializers/devise.rb [2ms]
2024-02-05 13:55:12.992 [info] > git cat-file -s 4f4eb778286037e5c5015141f17d74d38e51c882 [1ms]
2024-02-05 14:11:32.582 [info] > git show --textconv :config/environments/test.rb [9ms]
2024-02-05 14:11:32.583 [info] > git ls-files --stage -- /home/jagaimo/config/environments/test.rb [2ms]
2024-02-05 14:11:32.593 [info] > git cat-file -s e67797f21c87f98db3dd730380596bd7fe224982 [1ms]
2024-02-05 14:11:43.779 [info] > git show --textconv :config/initializers/devise.rb [12ms]
2024-02-05 14:11:43.780 [info] > git ls-files --stage -- /home/jagaimo/config/initializers/devise.rb [2ms]
2024-02-05 14:11:43.791 [info] > git cat-file -s 4f4eb778286037e5c5015141f17d74d38e51c882 [2ms]
2024-02-05 14:11:49.196 [info] > git show --textconv :config/application.rb [10ms]
2024-02-05 14:11:49.199 [info] > git ls-files --stage -- /home/jagaimo/config/application.rb [3ms]
2024-02-05 14:11:49.210 [info] > git cat-file -s 44d68d758c5f002f483a917daeddff0d39446e37 [1ms]
2024-02-05 18:04:00.722 [info] > git check-ignore -v -z --stdin [28ms]
2024-02-05 18:04:30.105 [info] > git ls-files --stage -- /home/jagaimo/spec/models/task_spec.rb [3ms]
2024-02-05 18:04:30.114 [info] > git show --textconv :spec/models/task_spec.rb [20ms]
2024-02-05 18:04:30.115 [info] > git cat-file -s 7dfd7470f36e44b9f9ce3149f3e1df06f1811c9c [1ms]
2024-02-05 18:04:32.287 [info] > git show --textconv :spec/models/product_spec.rb [9ms]
2024-02-05 18:04:32.289 [info] > git ls-files --stage -- /home/jagaimo/spec/models/product_spec.rb [2ms]
2024-02-05 18:04:32.299 [info] > git cat-file -s 228c06d99b92429894a860c7400882ab68ccddc2 [0ms]
2024-02-05 18:04:32.888 [info] > git show --textconv :spec/models/task_spec.rb [9ms]
2024-02-05 18:04:32.889 [info] > git ls-files --stage -- /home/jagaimo/spec/models/task_spec.rb [2ms]
2024-02-05 18:04:32.898 [info] > git cat-file -s 7dfd7470f36e44b9f9ce3149f3e1df06f1811c9c [1ms]
2024-02-05 18:04:33.487 [info] > git show --textconv :spec/models/user_spec.rb [11ms]
2024-02-05 18:04:33.488 [info] > git ls-files --stage -- /home/jagaimo/spec/models/user_spec.rb [4ms]
2024-02-05 18:04:33.497 [info] > git cat-file -s 7da47d1322a3fe56099d4afd4609750592c71637 [1ms]
2024-02-05 18:04:35.851 [info] > git show --textconv :spec/rails_helper.rb [8ms]
2024-02-05 18:04:35.853 [info] > git ls-files --stage -- /home/jagaimo/spec/rails_helper.rb [3ms]
2024-02-05 18:04:35.862 [info] > git cat-file -s 4942d0c72b21f05334831a676c18e40169ddf653 [1ms]
2024-02-05 18:05:15.012 [info] > git show --textconv :spec/spec_helper.rb [12ms]
2024-02-05 18:05:15.014 [info] > git ls-files --stage -- /home/jagaimo/spec/spec_helper.rb [4ms]
2024-02-05 18:05:15.023 [info] > git cat-file -s 89f676c7e7acb729367c25f8e047562dcade5f5f [1ms]
2024-02-05 18:09:25.832 [info] > git show --textconv :config/environments/test.rb [9ms]
2024-02-05 18:09:25.833 [info] > git ls-files --stage -- /home/jagaimo/config/environments/test.rb [2ms]
2024-02-05 18:09:25.843 [info] > git cat-file -s e67797f21c87f98db3dd730380596bd7fe224982 [1ms]
2024-02-05 18:09:26.749 [info] > git show --textconv :config/environments/production.rb [10ms]
2024-02-05 18:09:26.750 [info] > git ls-files --stage -- /home/jagaimo/config/environments/production.rb [3ms]
2024-02-05 18:09:26.761 [info] > git cat-file -s 11d13ce49fabc5b508d2564c61055a8e5d6e87bb [2ms]
2024-02-05 18:09:27.327 [info] > git show --textconv :config/environments/development.rb [13ms]
2024-02-05 18:09:27.328 [info] > git ls-files --stage -- /home/jagaimo/config/environments/development.rb [5ms]
2024-02-05 18:09:27.337 [info] > git cat-file -s 89ed34458be20c9db1b0c39607b3b500b010780f [2ms]
2024-02-05 18:09:52.495 [info] > git show --textconv :config/environments/production.rb [9ms]
2024-02-05 18:09:52.496 [info] > git ls-files --stage -- /home/jagaimo/config/environments/production.rb [2ms]
2024-02-05 18:09:52.506 [info] > git cat-file -s 11d13ce49fabc5b508d2564c61055a8e5d6e87bb [1ms]
2024-02-05 18:09:58.636 [info] > git check-ignore -v -z --stdin [3ms]
2024-02-05 18:10:00.022 [info] > git show --textconv :config/application.rb [12ms]
2024-02-05 18:10:00.024 [info] > git ls-files --stage -- /home/jagaimo/config/application.rb [3ms]
2024-02-05 18:10:00.035 [info] > git cat-file -s 44d68d758c5f002f483a917daeddff0d39446e37 [1ms]
2024-02-05 18:10:01.852 [info] > git show --textconv :config/boot.rb [13ms]
2024-02-05 18:10:01.852 [info] > git ls-files --stage -- /home/jagaimo/config/boot.rb [4ms]
2024-02-05 18:10:01.862 [info] > git cat-file -s c04863fa7dbe449f872f5911a7ec2283a401c527 [1ms]
2024-02-05 18:10:03.664 [info] > git show --textconv :config/credentials.yml.enc [9ms]
2024-02-05 18:10:03.666 [info] > git ls-files --stage -- /home/jagaimo/config/credentials.yml.enc [3ms]
2024-02-05 18:10:03.675 [info] > git cat-file -s d91fbdec3628bf3eb511b6f32ed13f2b74c33720 [1ms]
2024-02-05 18:10:04.503 [info] > git show --textconv :config/database.yml [9ms]
2024-02-05 18:10:04.505 [info] > git ls-files --stage -- /home/jagaimo/config/database.yml [3ms]
2024-02-05 18:10:04.515 [info] > git cat-file -s e3f639dd57c2924d83eb3e0e70b72924111da774 [2ms]
2024-02-05 18:10:05.781 [info] > git show --textconv :config/importmap.rb [10ms]
2024-02-05 18:10:05.782 [info] > git ls-files --stage -- /home/jagaimo/config/importmap.rb [3ms]
2024-02-05 18:10:05.792 [info] > git cat-file -s 2bf638f4af5e9f7399cd9f7cbda407d80050a23d [1ms]
2024-02-05 18:10:06.523 [info] > git show --textconv :config/environment.rb [10ms]
2024-02-05 18:10:06.526 [info] > git ls-files --stage -- /home/jagaimo/config/environment.rb [2ms]
2024-02-05 18:10:06.535 [info] > git cat-file -s d5abe55806c256100cc029c834f52830829aefc6 [1ms]
2024-02-05 18:10:07.041 [info] > git show --textconv :config/importmap.rb [9ms]
2024-02-05 18:10:07.044 [info] > git ls-files --stage -- /home/jagaimo/config/importmap.rb [3ms]
2024-02-05 18:10:07.056 [info] > git cat-file -s 2bf638f4af5e9f7399cd9f7cbda407d80050a23d [1ms]
2024-02-05 18:10:17.607 [info] > git show --textconv :config/environment.rb [9ms]
2024-02-05 18:10:17.608 [info] > git ls-files --stage -- /home/jagaimo/config/environment.rb [2ms]
2024-02-05 18:10:17.617 [info] > git cat-file -s d5abe55806c256100cc029c834f52830829aefc6 [1ms]
2024-02-05 18:10:19.557 [info] > git show --textconv :config/master.key [9ms]
2024-02-05 18:10:19.560 [info] > git ls-files --stage -- /home/jagaimo/config/master.key [4ms]
2024-02-05 18:10:20.303 [info] > git show --textconv :config/puma.rb [10ms]
2024-02-05 18:10:20.304 [info] > git ls-files --stage -- /home/jagaimo/config/puma.rb [3ms]
2024-02-05 18:10:20.314 [info] > git cat-file -s 1713441e5ac43dcba8a7d29c0bceb3bf1a0033c4 [2ms]
2024-02-05 18:13:26.426 [info] > git rev-parse --show-toplevel [3ms]
2024-02-05 18:13:26.426 [info] fatal: not a git repository (or any of the parent directories): .git
2024-02-05 18:13:27.236 [info] > git rev-parse --show-toplevel [3ms]
2024-02-05 18:13:27.236 [info] fatal: not a git repository (or any of the parent directories): .git
2024-02-05 18:13:27.838 [info] > git rev-parse --show-toplevel [1ms]
2024-02-05 18:13:27.839 [info] fatal: not a git repository (or any of the parent directories): .git
2024-02-05 18:13:43.959 [info] > git show --textconv :jagaimo/.irb_history [12ms]
2024-02-05 18:13:43.961 [info] > git ls-files --stage -- /home/jagaimo/jagaimo/.irb_history [2ms]
2024-02-05 18:13:43.971 [info] > git cat-file -s eccab96e27f342ddf106684e17a44bab167c8f8a [1ms]
2024-02-05 18:13:55.854 [info] > git show --textconv :jagaimo/.bundle/cache/compact_index/rubygems.org.443.29b0360b937aa4d161703e6160654e47/info/arel [11ms]
2024-02-05 18:13:55.856 [info] > git ls-files --stage -- /home/jagaimo/jagaimo/.bundle/cache/compact_index/rubygems.org.443.29b0360b937aa4d161703e6160654e47/info/arel [4ms]
2024-02-05 18:13:55.865 [info] > git cat-file -s 84f61c5bd47a493609a7164337e1f0e9615f6573 [1ms]
2024-02-05 18:13:57.220 [info] > git show --textconv :jagaimo/.bundle/cache/compact_index/rubygems.org.443.29b0360b937aa4d161703e6160654e47/info/awesome_print [10ms]
2024-02-05 18:13:57.221 [info] > git ls-files --stage -- /home/jagaimo/jagaimo/.bundle/cache/compact_index/rubygems.org.443.29b0360b937aa4d161703e6160654e47/info/awesome_print [3ms]
2024-02-05 18:13:57.229 [info] > git cat-file -s 3fce6bd2219f3e45181be3643cabe321983a2a71 [1ms]
2024-02-05 18:14:02.210 [info] > git check-ignore -v -z --stdin [10ms]
2024-02-05 18:14:03.593 [info] > git check-ignore -v -z --stdin [3ms]
2024-02-05 18:14:05.027 [info] > git show --textconv :jagaimo/.bundle/cache/compact_index/rubygems.org.443.29b0360b937aa4d161703e6160654e47/versions.etag [9ms]
2024-02-05 18:14:05.029 [info] > git ls-files --stage -- /home/jagaimo/jagaimo/.bundle/cache/compact_index/rubygems.org.443.29b0360b937aa4d161703e6160654e47/versions.etag [2ms]
2024-02-05 18:14:05.040 [info] > git cat-file -s b6a862d67d274aa0f789a51f683d738f87926db9 [1ms]
2024-02-05 18:14:24.191 [info] > git show --textconv :spec/spec_helper.rb [9ms]
2024-02-05 18:14:24.193 [info] > git ls-files --stage -- /home/jagaimo/spec/spec_helper.rb [2ms]
2024-02-05 18:14:24.203 [info] > git cat-file -s 89f676c7e7acb729367c25f8e047562dcade5f5f [0ms]
2024-02-05 18:14:25.148 [info] > git show --textconv :spec/rails_helper.rb [12ms]
2024-02-05 18:14:25.150 [info] > git ls-files --stage -- /home/jagaimo/spec/rails_helper.rb [3ms]
2024-02-05 18:14:25.160 [info] > git cat-file -s 4942d0c72b21f05334831a676c18e40169ddf653 [1ms]
2024-02-05 18:14:34.118 [info] > git check-ignore -v -z --stdin [12ms]
2024-02-05 18:17:37.468 [info] > git show --textconv :Dockerfile [10ms]
2024-02-05 18:17:37.471 [info] > git ls-files --stage -- /home/jagaimo/Dockerfile [4ms]
2024-02-05 18:17:37.481 [info] > git cat-file -s 181331c876d3e8b97df9542dddf3daabde73f8ac [1ms]
2024-02-05 18:18:28.787 [info] > git show --textconv :compose.yaml [9ms]
2024-02-05 18:18:28.789 [info] > git ls-files --stage -- /home/jagaimo/compose.yaml [3ms]
2024-02-05 18:18:28.799 [info] > git cat-file -s 610253fd5ac93f155a0dd926245d8db80c4fa1ed [1ms]
2024-02-05 18:19:08.964 [info] > git show --textconv :config/initializers/devise.rb [14ms]
2024-02-05 18:19:08.966 [info] > git ls-files --stage -- /home/jagaimo/config/initializers/devise.rb [5ms]
2024-02-05 18:19:08.975 [info] > git cat-file -s 4f4eb778286037e5c5015141f17d74d38e51c882 [1ms]
2024-02-05 18:19:09.403 [info] > git show --textconv :config/initializers/dartsass.rb [8ms]
2024-02-05 18:19:09.405 [info] > git ls-files --stage -- /home/jagaimo/config/initializers/dartsass.rb [2ms]
2024-02-05 18:19:09.413 [info] > git cat-file -s 574fb7253e52714962b78ff7d5931671d51a09bb [0ms]
2024-02-05 18:19:09.786 [info] > git show --textconv :config/initializers/devise.rb [12ms]
2024-02-05 18:19:09.788 [info] > git ls-files --stage -- /home/jagaimo/config/initializers/devise.rb [4ms]
2024-02-05 18:19:09.798 [info] > git cat-file -s 4f4eb778286037e5c5015141f17d74d38e51c882 [1ms]
2024-02-05 18:19:10.425 [info] > git for-each-ref --format=%(refname)%00%(upstream:short)%00%(objectname)%00%(upstream:track)%00%(upstream:remotename)%00%(upstream:remoteref) refs/heads/feature-product-index [3ms]
2024-02-05 18:19:10.439 [info] > git config --local branch.feature-product-index.vscode-merge-base [2ms]
2024-02-05 18:19:10.462 [info] > git for-each-ref --format=%(refname)%00%(upstream:short)%00%(objectname)%00%(upstream:track)%00%(upstream:remotename)%00%(upstream:remoteref) refs/heads/main refs/remotes/main [15ms]
2024-02-05 18:19:10.640 [info] > git for-each-ref --format=%(refname)%00%(upstream:short)%00%(objectname)%00%(upstream:track)%00%(upstream:remotename)%00%(upstream:remoteref) refs/heads/feature-product-index [53ms]
2024-02-05 18:19:10.650 [info] > git config --local branch.feature-product-index.vscode-merge-base [1ms]
2024-02-05 18:19:10.666 [info] > git rev-parse --show-toplevel [27ms]
2024-02-05 18:19:10.666 [info] fatal: not a git repository (or any of the parent directories): .git
2024-02-05 18:19:10.667 [info] > git for-each-ref --format=%(refname)%00%(upstream:short)%00%(objectname)%00%(upstream:track)%00%(upstream:remotename)%00%(upstream:remoteref) refs/heads/main refs/remotes/main [1ms]
2024-02-05 18:19:11.152 [info] > git check-ignore -v -z --stdin [10ms]
2024-02-05 18:19:11.493 [info] > git for-each-ref --format=%(refname)%00%(upstream:short)%00%(objectname)%00%(upstream:track)%00%(upstream:remotename)%00%(upstream:remoteref) refs/heads/feature-product-index [1ms]
2024-02-05 18:19:11.503 [info] > git config --local branch.feature-product-index.vscode-merge-base [2ms]
2024-02-05 18:19:11.513 [info] > git for-each-ref --format=%(refname)%00%(upstream:short)%00%(objectname)%00%(upstream:track)%00%(upstream:remotename)%00%(upstream:remoteref) refs/heads/main refs/remotes/main [1ms]
2024-02-05 18:22:54.088 [info] > git show --textconv :config/environment.rb [9ms]
2024-02-05 18:22:54.089 [info] > git ls-files --stage -- /home/jagaimo/config/environment.rb [3ms]
2024-02-05 18:22:54.099 [info] > git cat-file -s d5abe55806c256100cc029c834f52830829aefc6 [1ms]
2024-02-05 18:22:57.431 [info] > git show --textconv :config/environments/development.rb [11ms]
2024-02-05 18:22:57.433 [info] > git ls-files --stage -- /home/jagaimo/config/environments/development.rb [3ms]
2024-02-05 18:22:57.448 [info] > git cat-file -s 89ed34458be20c9db1b0c39607b3b500b010780f [1ms]
2024-02-05 18:57:40.698 [info] > git show --textconv :.github/pull_request_template.md [9ms]
2024-02-05 18:57:40.700 [info] > git ls-files --stage -- /home/jagaimo/.github/pull_request_template.md [3ms]
2024-02-05 18:57:40.709 [info] > git cat-file -s 7e737f139fef84983e71c8974dfa1fc8620654f4 [1ms]
2024-02-05 18:57:41.290 [info] > git check-ignore -v -z --stdin [2ms]
2024-02-05 18:57:42.070 [info] > git show --textconv :.github/workflows/docker.yml [24ms]
2024-02-05 18:57:42.071 [info] > git ls-files --stage -- /home/jagaimo/.github/workflows/docker.yml [13ms]
2024-02-05 18:57:42.107 [info] > git cat-file -s 14c6c97c2dbd1a26852882b3cd2fc71e75bc3ee0 [28ms]
2024-02-05 18:57:42.841 [info] > git config --get commit.template [1ms]
2024-02-05 18:57:42.852 [info] > git for-each-ref --format=%(refname)%00%(upstream:short)%00%(objectname)%00%(upstream:track)%00%(upstream:remotename)%00%(upstream:remoteref) refs/heads/feature-product-index refs/remotes/feature-product-index [2ms]
2024-02-05 18:57:43.095 [info] > git status -z -uall [233ms]
