2024-01-31 19:08:35.587 [info] Log level: Info
2024-01-31 19:08:35.588 [info] Validating found git in: "git"
2024-01-31 19:08:35.588 [info] Using git "2.30.2" from "git"
2024-01-31 19:08:35.588 [info] > git rev-parse --show-toplevel [113ms]
2024-01-31 19:08:35.588 [info] > git rev-parse --git-dir --git-common-dir [5ms]
2024-01-31 19:08:35.588 [info] Open repository: /home/jagaimo
2024-01-31 19:08:35.660 [info] > git rev-parse --show-toplevel [31ms]
2024-01-31 19:08:35.663 [info] > git config --get commit.template [57ms]
2024-01-31 19:08:36.026 [info] > git rev-parse --show-toplevel [342ms]
2024-01-31 19:08:36.105 [info] > git for-each-ref --format=%(refname)%00%(upstream:short)%00%(objectname)%00%(upstream:track)%00%(upstream:remotename)%00%(upstream:remoteref) refs/heads/feature-product-index refs/remotes/feature-product-index [407ms]
2024-01-31 19:08:36.146 [info] > git rev-parse --show-toplevel [79ms]
2024-01-31 19:08:36.278 [info] > git status -z -uall [138ms]
2024-01-31 19:08:36.279 [info] > git check-ignore -v -z --stdin [104ms]
2024-01-31 19:08:36.286 [info] > git rev-parse --show-toplevel [82ms]
2024-01-31 19:08:36.379 [info] > git config --get commit.template [32ms]
2024-01-31 19:08:36.380 [info] > git rev-parse --show-toplevel [51ms]
2024-01-31 19:08:36.539 [info] > git rev-parse --show-toplevel [146ms]
2024-01-31 19:08:36.567 [info] > git for-each-ref --format=%(refname)%00%(upstream:short)%00%(objectname)%00%(upstream:track)%00%(upstream:remotename)%00%(upstream:remoteref) refs/heads/feature-product-index refs/remotes/feature-product-index [35ms]
2024-01-31 19:08:36.584 [info] > git rev-parse --show-toplevel [26ms]
2024-01-31 19:08:36.630 [info] > git status -z -uall [48ms]
2024-01-31 19:08:36.641 [info] > git rev-parse --show-toplevel [44ms]
2024-01-31 19:08:36.817 [info] > git rev-parse --show-toplevel [130ms]
2024-01-31 19:08:36.860 [info] > git rev-parse --show-toplevel [7ms]
2024-01-31 19:08:36.907 [info] > git rev-parse --show-toplevel [9ms]
2024-01-31 19:08:36.959 [info] > git rev-parse --show-toplevel [31ms]
2024-01-31 19:08:36.986 [info] > git rev-parse --show-toplevel [5ms]
2024-01-31 19:08:37.005 [info] > git rev-parse --show-toplevel [4ms]
2024-01-31 19:08:37.030 [info] > git rev-parse --show-toplevel [2ms]
2024-01-31 19:08:37.051 [info] > git rev-parse --show-toplevel [3ms]
2024-01-31 19:08:37.294 [info] > git show --textconv :compose.yaml [196ms]
2024-01-31 19:08:37.374 [info] > git config --get commit.template [192ms]
2024-01-31 19:08:37.381 [info] > git ls-files --stage -- /home/jagaimo/compose.yaml [252ms]
2024-01-31 19:08:37.468 [info] > git cat-file -s 4baf1e76d30e2d12c1835d4ce92d2a3169ecd275 [72ms]
2024-01-31 19:08:37.473 [info] > git for-each-ref --format=%(refname)%00%(upstream:short)%00%(objectname)%00%(upstream:track)%00%(upstream:remotename)%00%(upstream:remoteref) refs/heads/feature-product-index refs/remotes/feature-product-index [9ms]
2024-01-31 19:08:37.604 [info] > git status -z -uall [118ms]
2024-01-31 19:09:04.217 [info] > git config --get commit.template [6ms]
2024-01-31 19:09:04.248 [info] > git for-each-ref --format=%(refname)%00%(upstream:short)%00%(objectname)%00%(upstream:track)%00%(upstream:remotename)%00%(upstream:remoteref) refs/heads/feature-product-index refs/remotes/feature-product-index [3ms]
2024-01-31 19:09:04.409 [info] > git status -z -uall [136ms]
2024-01-31 19:09:31.412 [info] > git config --get commit.template [15ms]
2024-01-31 19:09:31.413 [info] > git for-each-ref --format=%(refname)%00%(upstream:short)%00%(objectname)%00%(upstream:track)%00%(upstream:remotename)%00%(upstream:remoteref) refs/heads/feature-product-index refs/remotes/feature-product-index [5ms]
2024-01-31 19:09:31.456 [info] > git status -z -uall [32ms]
2024-01-31 19:09:36.472 [info] > git config --get commit.template [1ms]
2024-01-31 19:09:36.480 [info] > git for-each-ref --format=%(refname)%00%(upstream:short)%00%(objectname)%00%(upstream:track)%00%(upstream:remotename)%00%(upstream:remoteref) refs/heads/feature-product-index refs/remotes/feature-product-index [1ms]
2024-01-31 19:09:36.508 [info] > git status -z -uall [20ms]
2024-01-31 19:09:41.523 [info] > git config --get commit.template [2ms]
2024-01-31 19:09:41.535 [info] > git for-each-ref --format=%(refname)%00%(upstream:short)%00%(objectname)%00%(upstream:track)%00%(upstream:remotename)%00%(upstream:remoteref) refs/heads/feature-product-index refs/remotes/feature-product-index [1ms]
2024-01-31 19:09:41.568 [info] > git status -z -uall [24ms]
2024-01-31 19:09:46.585 [info] > git config --get commit.template [1ms]
2024-01-31 19:09:46.592 [info] > git for-each-ref --format=%(refname)%00%(upstream:short)%00%(objectname)%00%(upstream:track)%00%(upstream:remotename)%00%(upstream:remoteref) refs/heads/feature-product-index refs/remotes/feature-product-index [1ms]
2024-01-31 19:09:46.674 [info] > git status -z -uall [68ms]
2024-01-31 19:09:53.297 [info] > git config --get commit.template [1ms]
2024-01-31 19:09:53.307 [info] > git for-each-ref --format=%(refname)%00%(upstream:short)%00%(objectname)%00%(upstream:track)%00%(upstream:remotename)%00%(upstream:remoteref) refs/heads/feature-product-index refs/remotes/feature-product-index [2ms]
2024-01-31 19:09:53.485 [info] > git status -z -uall [171ms]
