2024-01-31 19:10:24.047 [info] Log level: Info
2024-01-31 19:10:24.047 [info] Validating found git in: "git"
2024-01-31 19:10:24.047 [info] Using git "2.30.2" from "git"
2024-01-31 19:10:24.047 [info] > git rev-parse --show-toplevel [27ms]
2024-01-31 19:10:24.047 [info] > git rev-parse --git-dir --git-common-dir [16ms]
2024-01-31 19:10:24.047 [info] Open repository: /home/jagaimo
2024-01-31 19:10:24.070 [info] > git rev-parse --show-toplevel [111ms]
2024-01-31 19:10:24.072 [info] > git config --get commit.template [127ms]
2024-01-31 19:10:24.103 [info] > git for-each-ref --format=%(refname)%00%(upstream:short)%00%(objectname)%00%(upstream:track)%00%(upstream:remotename)%00%(upstream:remoteref) refs/heads/feature-product-index refs/remotes/feature-product-index [7ms]
2024-01-31 19:10:24.114 [info] > git rev-parse --show-toplevel [31ms]
2024-01-31 19:10:24.139 [info] > git rev-parse --show-toplevel [6ms]
2024-01-31 19:10:24.150 [info] > git status -z -uall [36ms]
2024-01-31 19:10:24.198 [info] > git rev-parse --show-toplevel [49ms]
2024-01-31 19:10:24.237 [info] > git config --get commit.template [43ms]
2024-01-31 19:10:24.296 [info] > git rev-parse --show-toplevel [86ms]
2024-01-31 19:10:24.443 [info] > git rev-parse --show-toplevel [31ms]
2024-01-31 19:10:24.445 [info] > git for-each-ref --format=%(refname)%00%(upstream:short)%00%(objectname)%00%(upstream:track)%00%(upstream:remotename)%00%(upstream:remoteref) refs/heads/feature-product-index refs/remotes/feature-product-index [46ms]
2024-01-31 19:10:24.490 [info] > git rev-parse --show-toplevel [11ms]
2024-01-31 19:10:24.547 [info] > git status -z -uall [84ms]
2024-01-31 19:10:24.548 [info] > git rev-parse --show-toplevel [31ms]
2024-01-31 19:10:24.786 [info] > git check-ignore -v -z --stdin [175ms]
2024-01-31 19:10:24.791 [info] > git rev-parse --show-toplevel [158ms]
2024-01-31 19:10:24.812 [info] > git rev-parse --show-toplevel [5ms]
2024-01-31 19:10:24.827 [info] > git rev-parse --show-toplevel [2ms]
2024-01-31 19:10:24.853 [info] > git rev-parse --show-toplevel [8ms]
2024-01-31 19:10:24.926 [info] > git rev-parse --show-toplevel [51ms]
2024-01-31 19:10:24.954 [info] > git rev-parse --show-toplevel [2ms]
2024-01-31 19:10:24.974 [info] > git rev-parse --show-toplevel [7ms]
2024-01-31 19:10:25.078 [info] > git rev-parse --show-toplevel [91ms]
2024-01-31 19:10:25.117 [info] > git show --textconv :compose.yaml [22ms]
2024-01-31 19:10:25.181 [info] > git ls-files --stage -- /home/jagaimo/compose.yaml [67ms]
2024-01-31 19:10:25.218 [info] > git config --get commit.template [6ms]
2024-01-31 19:10:25.219 [info] > git cat-file -s 4baf1e76d30e2d12c1835d4ce92d2a3169ecd275 [26ms]
2024-01-31 19:10:25.253 [info] > git for-each-ref --format=%(refname)%00%(upstream:short)%00%(objectname)%00%(upstream:track)%00%(upstream:remotename)%00%(upstream:remoteref) refs/heads/feature-product-index refs/remotes/feature-product-index [15ms]
2024-01-31 19:10:25.350 [info] > git status -z -uall [83ms]
2024-01-31 19:10:28.727 [info] > git config --get commit.template [3ms]
2024-01-31 19:10:28.752 [info] > git for-each-ref --format=%(refname)%00%(upstream:short)%00%(objectname)%00%(upstream:track)%00%(upstream:remotename)%00%(upstream:remoteref) refs/heads/feature-product-index refs/remotes/feature-product-index [3ms]
2024-01-31 19:10:28.804 [info] > git status -z -uall [38ms]
2024-01-31 19:10:32.490 [info] > git check-ignore -v -z --stdin [12ms]
2024-01-31 19:10:33.841 [info] > git config --get commit.template [2ms]
2024-01-31 19:10:33.853 [info] > git for-each-ref --format=%(refname)%00%(upstream:short)%00%(objectname)%00%(upstream:track)%00%(upstream:remotename)%00%(upstream:remoteref) refs/heads/feature-product-index refs/remotes/feature-product-index [1ms]
2024-01-31 19:10:33.892 [info] > git status -z -uall [29ms]
2024-01-31 19:10:34.111 [info] > git check-ignore -v -z --stdin [8ms]
2024-01-31 19:10:35.895 [info] > git show --textconv :.github/workflows/docker.yml [49ms]
2024-01-31 19:10:35.898 [info] > git ls-files --stage -- /home/jagaimo/.github/workflows/docker.yml [33ms]
2024-01-31 19:10:35.915 [info] > git cat-file -s e758b6b2e1b12a39f7925ab2d6259a2ab100371f [2ms]
2024-01-31 19:10:38.919 [info] > git config --get commit.template [2ms]
2024-01-31 19:10:38.933 [info] > git for-each-ref --format=%(refname)%00%(upstream:short)%00%(objectname)%00%(upstream:track)%00%(upstream:remotename)%00%(upstream:remoteref) refs/heads/feature-product-index refs/remotes/feature-product-index [2ms]
2024-01-31 19:10:38.974 [info] > git status -z -uall [31ms]
2024-01-31 19:10:44.009 [info] > git config --get commit.template [1ms]
2024-01-31 19:10:44.021 [info] > git for-each-ref --format=%(refname)%00%(upstream:short)%00%(objectname)%00%(upstream:track)%00%(upstream:remotename)%00%(upstream:remoteref) refs/heads/feature-product-index refs/remotes/feature-product-index [1ms]
2024-01-31 19:10:44.059 [info] > git status -z -uall [28ms]
2024-01-31 19:10:49.751 [info] > git config --get commit.template [4ms]
2024-01-31 19:10:49.768 [info] > git for-each-ref --format=%(refname)%00%(upstream:short)%00%(objectname)%00%(upstream:track)%00%(upstream:remotename)%00%(upstream:remoteref) refs/heads/feature-product-index refs/remotes/feature-product-index [2ms]
2024-01-31 19:10:49.812 [info] > git status -z -uall [30ms]
2024-01-31 19:10:50.324 [info] > git check-ignore -v -z --stdin [3ms]
2024-01-31 19:10:57.291 [info] > git config --get commit.template [23ms]
2024-01-31 19:10:57.295 [info] > git for-each-ref --format=%(refname)%00%(upstream:short)%00%(objectname)%00%(upstream:track)%00%(upstream:remotename)%00%(upstream:remoteref) refs/heads/feature-product-index refs/remotes/feature-product-index [5ms]
2024-01-31 19:10:57.351 [info] > git status -z -uall [39ms]
2024-01-31 19:10:58.211 [info] > git check-ignore -v -z --stdin [5ms]
2024-01-31 19:11:02.381 [info] > git config --get commit.template [2ms]
2024-01-31 19:11:02.398 [info] > git for-each-ref --format=%(refname)%00%(upstream:short)%00%(objectname)%00%(upstream:track)%00%(upstream:remotename)%00%(upstream:remoteref) refs/heads/feature-product-index refs/remotes/feature-product-index [1ms]
2024-01-31 19:11:02.440 [info] > git status -z -uall [30ms]
2024-01-31 19:11:06.422 [info] > git check-ignore -v -z --stdin [7ms]
2024-01-31 19:11:07.054 [info] > git check-ignore -v -z --stdin [3ms]
2024-01-31 19:11:07.464 [info] > git config --get commit.template [1ms]
2024-01-31 19:11:07.473 [info] > git for-each-ref --format=%(refname)%00%(upstream:short)%00%(objectname)%00%(upstream:track)%00%(upstream:remotename)%00%(upstream:remoteref) refs/heads/feature-product-index refs/remotes/feature-product-index [1ms]
2024-01-31 19:11:07.502 [info] > git status -z -uall [21ms]
2024-01-31 19:11:08.881 [info] > git check-ignore -v -z --stdin [3ms]
2024-01-31 19:11:10.344 [info] > git check-ignore -v -z --stdin [3ms]
2024-01-31 19:11:12.232 [info] > git check-ignore -v -z --stdin [13ms]
2024-01-31 19:11:12.524 [info] > git config --get commit.template [1ms]
2024-01-31 19:11:12.534 [info] > git for-each-ref --format=%(refname)%00%(upstream:short)%00%(objectname)%00%(upstream:track)%00%(upstream:remotename)%00%(upstream:remoteref) refs/heads/feature-product-index refs/remotes/feature-product-index [1ms]
2024-01-31 19:11:12.568 [info] > git status -z -uall [24ms]
2024-01-31 19:11:14.838 [info] > git check-ignore -v -z --stdin [11ms]
2024-01-31 19:11:16.042 [info] > git check-ignore -v -z --stdin [4ms]
2024-01-31 19:11:17.058 [info] > git check-ignore -v -z --stdin [4ms]
2024-01-31 19:11:17.590 [info] > git config --get commit.template [1ms]
2024-01-31 19:11:17.600 [info] > git for-each-ref --format=%(refname)%00%(upstream:short)%00%(objectname)%00%(upstream:track)%00%(upstream:remotename)%00%(upstream:remoteref) refs/heads/feature-product-index refs/remotes/feature-product-index [1ms]
2024-01-31 19:11:17.632 [info] > git status -z -uall [24ms]
2024-01-31 19:11:18.164 [info] > git check-ignore -v -z --stdin [4ms]
2024-01-31 19:11:20.744 [info] > git check-ignore -v -z --stdin [5ms]
2024-01-31 19:11:22.661 [info] > git config --get commit.template [2ms]
2024-01-31 19:11:22.671 [info] > git for-each-ref --format=%(refname)%00%(upstream:short)%00%(objectname)%00%(upstream:track)%00%(upstream:remotename)%00%(upstream:remoteref) refs/heads/feature-product-index refs/remotes/feature-product-index [1ms]
2024-01-31 19:11:22.707 [info] > git status -z -uall [26ms]
2024-01-31 19:11:23.907 [info] > git check-ignore -v -z --stdin [4ms]
2024-01-31 19:11:26.485 [info] > git check-ignore -v -z --stdin [7ms]
2024-01-31 19:11:27.530 [info] > git check-ignore -v -z --stdin [2ms]
2024-01-31 19:11:27.731 [info] > git config --get commit.template [2ms]
2024-01-31 19:11:27.739 [info] > git for-each-ref --format=%(refname)%00%(upstream:short)%00%(objectname)%00%(upstream:track)%00%(upstream:remotename)%00%(upstream:remoteref) refs/heads/feature-product-index refs/remotes/feature-product-index [1ms]
2024-01-31 19:11:27.772 [info] > git status -z -uall [22ms]
2024-01-31 19:11:28.845 [info] > git check-ignore -v -z --stdin [4ms]
2024-01-31 19:11:32.793 [info] > git config --get commit.template [1ms]
2024-01-31 19:11:32.805 [info] > git for-each-ref --format=%(refname)%00%(upstream:short)%00%(objectname)%00%(upstream:track)%00%(upstream:remotename)%00%(upstream:remoteref) refs/heads/feature-product-index refs/remotes/feature-product-index [1ms]
2024-01-31 19:11:32.842 [info] > git status -z -uall [27ms]
2024-01-31 19:11:37.864 [info] > git config --get commit.template [1ms]
2024-01-31 19:11:37.874 [info] > git for-each-ref --format=%(refname)%00%(upstream:short)%00%(objectname)%00%(upstream:track)%00%(upstream:remotename)%00%(upstream:remoteref) refs/heads/feature-product-index refs/remotes/feature-product-index [1ms]
2024-01-31 19:11:37.910 [info] > git status -z -uall [24ms]
2024-01-31 19:11:42.931 [info] > git config --get commit.template [1ms]
2024-01-31 19:11:42.942 [info] > git for-each-ref --format=%(refname)%00%(upstream:short)%00%(objectname)%00%(upstream:track)%00%(upstream:remotename)%00%(upstream:remoteref) refs/heads/feature-product-index refs/remotes/feature-product-index [1ms]
2024-01-31 19:11:42.978 [info] > git status -z -uall [25ms]
2024-01-31 19:11:48.004 [info] > git config --get commit.template [1ms]
2024-01-31 19:11:48.016 [info] > git for-each-ref --format=%(refname)%00%(upstream:short)%00%(objectname)%00%(upstream:track)%00%(upstream:remotename)%00%(upstream:remoteref) refs/heads/feature-product-index refs/remotes/feature-product-index [1ms]
2024-01-31 19:11:48.072 [info] > git status -z -uall [45ms]
2024-01-31 19:11:53.104 [info] > git config --get commit.template [10ms]
2024-01-31 19:11:53.105 [info] > git for-each-ref --format=%(refname)%00%(upstream:short)%00%(objectname)%00%(upstream:track)%00%(upstream:remotename)%00%(upstream:remoteref) refs/heads/feature-product-index refs/remotes/feature-product-index [2ms]
2024-01-31 19:11:53.134 [info] > git status -z -uall [21ms]
2024-01-31 19:11:53.287 [info] > git check-ignore -v -z --stdin [7ms]
2024-01-31 19:11:55.547 [info] > git check-ignore -v -z --stdin [30ms]
2024-01-31 19:11:57.385 [info] > git check-ignore -v -z --stdin [5ms]
2024-01-31 19:11:58.167 [info] > git config --get commit.template [12ms]
2024-01-31 19:11:58.168 [info] > git for-each-ref --format=%(refname)%00%(upstream:short)%00%(objectname)%00%(upstream:track)%00%(upstream:remotename)%00%(upstream:remoteref) refs/heads/feature-product-index refs/remotes/feature-product-index [2ms]
2024-01-31 19:11:58.209 [info] > git status -z -uall [30ms]
2024-01-31 19:11:58.363 [info] > git check-ignore -v -z --stdin [8ms]
2024-01-31 19:12:00.035 [info] > git check-ignore -v -z --stdin [6ms]
2024-01-31 19:12:03.230 [info] > git config --get commit.template [1ms]
2024-01-31 19:12:03.241 [info] > git for-each-ref --format=%(refname)%00%(upstream:short)%00%(objectname)%00%(upstream:track)%00%(upstream:remotename)%00%(upstream:remoteref) refs/heads/feature-product-index refs/remotes/feature-product-index [2ms]
2024-01-31 19:12:03.275 [info] > git status -z -uall [24ms]
2024-01-31 19:12:06.924 [info] > git check-ignore -v -z --stdin [8ms]
2024-01-31 19:12:08.297 [info] > git config --get commit.template [1ms]
2024-01-31 19:12:08.307 [info] > git for-each-ref --format=%(refname)%00%(upstream:short)%00%(objectname)%00%(upstream:track)%00%(upstream:remotename)%00%(upstream:remoteref) refs/heads/feature-product-index refs/remotes/feature-product-index [1ms]
2024-01-31 19:12:08.337 [info] > git status -z -uall [22ms]
2024-01-31 19:13:46.711 [info] > git config --get commit.template [18ms]
2024-01-31 19:13:46.712 [info] > git for-each-ref --format=%(refname)%00%(upstream:short)%00%(objectname)%00%(upstream:track)%00%(upstream:remotename)%00%(upstream:remoteref) refs/heads/feature-product-index refs/remotes/feature-product-index [4ms]
2024-01-31 19:13:46.762 [info] > git status -z -uall [40ms]
2024-01-31 19:13:51.791 [info] > git config --get commit.template [1ms]
2024-01-31 19:13:51.804 [info] > git for-each-ref --format=%(refname)%00%(upstream:short)%00%(objectname)%00%(upstream:track)%00%(upstream:remotename)%00%(upstream:remoteref) refs/heads/feature-product-index refs/remotes/feature-product-index [1ms]
2024-01-31 19:13:51.835 [info] > git status -z -uall [23ms]
2024-01-31 19:13:56.873 [info] > git show --textconv :Gemfile.lock [25ms]
2024-01-31 19:13:56.877 [info] > git config --get commit.template [5ms]
2024-01-31 19:13:56.878 [info] > git ls-files --stage -- /home/jagaimo/Gemfile.lock [20ms]
2024-01-31 19:13:56.908 [info] > git cat-file -s c852fa9ea1bdb432c439d022d9edc26d1847693b [16ms]
2024-01-31 19:13:56.911 [info] > git for-each-ref --format=%(refname)%00%(upstream:short)%00%(objectname)%00%(upstream:track)%00%(upstream:remotename)%00%(upstream:remoteref) refs/heads/feature-product-index refs/remotes/feature-product-index [5ms]
2024-01-31 19:13:56.969 [info] > git status -z -uall [37ms]
2024-01-31 19:14:01.997 [info] > git config --get commit.template [1ms]
2024-01-31 19:14:02.008 [info] > git for-each-ref --format=%(refname)%00%(upstream:short)%00%(objectname)%00%(upstream:track)%00%(upstream:remotename)%00%(upstream:remoteref) refs/heads/feature-product-index refs/remotes/feature-product-index [2ms]
2024-01-31 19:14:02.050 [info] > git status -z -uall [32ms]
2024-01-31 19:14:07.077 [info] > git config --get commit.template [2ms]
2024-01-31 19:14:07.090 [info] > git for-each-ref --format=%(refname)%00%(upstream:short)%00%(objectname)%00%(upstream:track)%00%(upstream:remotename)%00%(upstream:remoteref) refs/heads/feature-product-index refs/remotes/feature-product-index [1ms]
2024-01-31 19:14:07.130 [info] > git status -z -uall [32ms]
2024-01-31 19:14:12.155 [info] > git config --get commit.template [1ms]
2024-01-31 19:14:12.170 [info] > git for-each-ref --format=%(refname)%00%(upstream:short)%00%(objectname)%00%(upstream:track)%00%(upstream:remotename)%00%(upstream:remoteref) refs/heads/feature-product-index refs/remotes/feature-product-index [1ms]
2024-01-31 19:14:12.213 [info] > git status -z -uall [32ms]
2024-01-31 19:14:17.259 [info] > git config --get commit.template [10ms]
2024-01-31 19:14:17.260 [info] > git for-each-ref --format=%(refname)%00%(upstream:short)%00%(objectname)%00%(upstream:track)%00%(upstream:remotename)%00%(upstream:remoteref) refs/heads/feature-product-index refs/remotes/feature-product-index [2ms]
2024-01-31 19:14:17.304 [info] > git status -z -uall [35ms]
2024-01-31 19:14:22.337 [info] > git config --get commit.template [10ms]
2024-01-31 19:14:22.337 [info] > git for-each-ref --format=%(refname)%00%(upstream:short)%00%(objectname)%00%(upstream:track)%00%(upstream:remotename)%00%(upstream:remoteref) refs/heads/feature-product-index refs/remotes/feature-product-index [1ms]
2024-01-31 19:14:22.368 [info] > git status -z -uall [21ms]
2024-01-31 19:14:27.402 [info] > git config --get commit.template [10ms]
2024-01-31 19:14:27.403 [info] > git for-each-ref --format=%(refname)%00%(upstream:short)%00%(objectname)%00%(upstream:track)%00%(upstream:remotename)%00%(upstream:remoteref) refs/heads/feature-product-index refs/remotes/feature-product-index [2ms]
2024-01-31 19:14:27.439 [info] > git status -z -uall [24ms]
