2024-01-30 20:57:31.384 [info] Log level: Info
2024-01-30 20:57:31.384 [info] Validating found git in: "git"
2024-01-30 20:57:31.384 [info] Using git "2.30.2" from "git"
2024-01-30 20:57:31.384 [info] > git rev-parse --show-toplevel [312ms]
2024-01-30 20:57:31.384 [info] > git rev-parse --git-dir --git-common-dir [19ms]
2024-01-30 20:57:31.384 [info] Open repository: /home/jagaimo
2024-01-30 20:57:31.395 [info] > git rev-parse --show-toplevel [12ms]
2024-01-30 20:57:31.396 [info] > git config --get commit.template [21ms]
2024-01-30 20:57:31.502 [info] > git rev-parse --show-toplevel [90ms]
2024-01-30 20:57:31.513 [info] > git for-each-ref --format=%(refname)%00%(upstream:short)%00%(objectname)%00%(upstream:track)%00%(upstream:remotename)%00%(upstream:remoteref) refs/heads/feature-product-index refs/remotes/feature-product-index [79ms]
2024-01-30 20:57:31.527 [info] > git rev-parse --show-toplevel [15ms]
2024-01-30 20:57:31.540 [info] > git rev-parse --show-toplevel [3ms]
2024-01-30 20:57:31.552 [info] > git status -z -uall [31ms]
2024-01-30 20:57:31.565 [info] > git rev-parse --show-toplevel [15ms]
2024-01-30 20:57:31.599 [info] > git config --get commit.template [11ms]
2024-01-30 20:57:31.599 [info] > git rev-parse --show-toplevel [17ms]
2024-01-30 20:57:31.618 [info] > git rev-parse --show-toplevel [11ms]
2024-01-30 20:57:31.629 [info] > git for-each-ref --format=%(refname)%00%(upstream:short)%00%(objectname)%00%(upstream:track)%00%(upstream:remotename)%00%(upstream:remoteref) refs/heads/feature-product-index refs/remotes/feature-product-index [14ms]
2024-01-30 20:57:31.642 [info] > git rev-parse --show-toplevel [17ms]
2024-01-30 20:57:31.650 [info] > git rev-parse --show-toplevel [2ms]
2024-01-30 20:57:31.756 [info] > git status -z -uall [121ms]
2024-01-30 20:57:31.758 [info] > git rev-parse --show-toplevel [101ms]
2024-01-30 20:57:31.772 [info] > git rev-parse --show-toplevel [3ms]
2024-01-30 20:57:31.785 [info] > git rev-parse --show-toplevel [5ms]
2024-01-30 20:57:31.793 [info] > git rev-parse --show-toplevel [2ms]
2024-01-30 20:57:31.801 [info] > git rev-parse --show-toplevel [2ms]
2024-01-30 20:57:31.810 [info] > git rev-parse --show-toplevel [1ms]
2024-01-30 20:57:31.820 [info] > git rev-parse --show-toplevel [2ms]
2024-01-30 20:57:31.978 [info] > git check-ignore -v -z --stdin [42ms]
2024-01-30 20:57:32.195 [info] > git show --textconv :jagaimo/.vscode-server/bin/8b3775030ed1a69b13e4f4c628c612102e30a681/bin/helpers/browser.sh [20ms]
2024-01-30 20:57:32.199 [info] > git ls-files --stage -- /home/jagaimo/jagaimo/.vscode-server/bin/8b3775030ed1a69b13e4f4c628c612102e30a681/bin/helpers/browser.sh [9ms]
2024-01-30 20:57:32.220 [info] > git cat-file -s e99f88eeec89cf7c60a38dad69893a3c0e260408 [4ms]
2024-01-30 20:57:32.256 [info] > git config --get commit.template [13ms]
2024-01-30 20:57:32.280 [info] > git for-each-ref --format=%(refname)%00%(upstream:short)%00%(objectname)%00%(upstream:track)%00%(upstream:remotename)%00%(upstream:remoteref) refs/heads/feature-product-index refs/remotes/feature-product-index [7ms]
2024-01-30 20:57:32.342 [info] > git status -z -uall [46ms]
