2024-01-31 10:52:58.282 [info] Log level: Info
2024-01-31 10:52:58.282 [info] Validating found git in: "git"
2024-01-31 10:52:58.346 [info] Using git "2.30.2" from "git"
2024-01-31 10:52:58.405 [info] > git rev-parse --show-toplevel [18ms]
2024-01-31 10:52:58.424 [info] > git rev-parse --git-dir --git-common-dir [3ms]
2024-01-31 10:52:58.437 [info] Open repository: /home/jagaimo
2024-01-31 10:52:58.456 [info] > git config --get commit.template [8ms]
2024-01-31 10:52:58.458 [info] > git rev-parse --show-toplevel [4ms]
2024-01-31 10:52:58.490 [info] > git rev-parse --show-toplevel [10ms]
2024-01-31 10:52:58.491 [info] > git for-each-ref --format=%(refname)%00%(upstream:short)%00%(objectname)%00%(upstream:track)%00%(upstream:remotename)%00%(upstream:remoteref) refs/heads/feature-product-index refs/remotes/feature-product-index [23ms]
2024-01-31 10:52:58.551 [info] > git status -z -uall [52ms]
2024-01-31 10:52:58.551 [info] > git rev-parse --show-toplevel [4ms]
2024-01-31 10:52:58.602 [info] > git config --get commit.template [3ms]
2024-01-31 10:52:58.603 [info] > git rev-parse --show-toplevel [12ms]
2024-01-31 10:52:58.630 [info] > git for-each-ref --format=%(refname)%00%(upstream:short)%00%(objectname)%00%(upstream:track)%00%(upstream:remotename)%00%(upstream:remoteref) refs/heads/feature-product-index refs/remotes/feature-product-index [11ms]
2024-01-31 10:52:58.635 [info] > git rev-parse --show-toplevel [23ms]
2024-01-31 10:52:58.648 [info] > git rev-parse --show-toplevel [3ms]
2024-01-31 10:52:58.655 [info] > git rev-parse --show-toplevel [1ms]
2024-01-31 10:52:58.702 [info] > git status -z -uall [67ms]
2024-01-31 10:52:58.702 [info] > git rev-parse --show-toplevel [38ms]
2024-01-31 10:52:58.721 [info] > git rev-parse --show-toplevel [2ms]
2024-01-31 10:52:58.803 [info] > git rev-parse --show-toplevel [72ms]
2024-01-31 10:52:58.902 [info] > git rev-parse --show-toplevel [10ms]
2024-01-31 10:52:58.915 [info] > git rev-parse --show-toplevel [3ms]
2024-01-31 10:52:58.924 [info] > git rev-parse --show-toplevel [2ms]
2024-01-31 10:52:58.936 [info] > git rev-parse --show-toplevel [4ms]
2024-01-31 10:52:58.947 [info] > git rev-parse --show-toplevel [2ms]
2024-01-31 10:52:58.957 [info] > git rev-parse --show-toplevel [3ms]
2024-01-31 10:52:58.966 [info] > git rev-parse --show-toplevel [1ms]
2024-01-31 10:52:59.011 [info] > git check-ignore -v -z --stdin [14ms]
2024-01-31 10:52:59.150 [info] > git show --textconv :.devcontainer/devcontainer.json [12ms]
2024-01-31 10:52:59.153 [info] > git ls-files --stage -- /home/jagaimo/.devcontainer/devcontainer.json [4ms]
2024-01-31 10:52:59.165 [info] > git cat-file -s ddf16cdda1b8bd6a80f13fb5182086204dad5b9d [2ms]
2024-01-31 10:52:59.534 [info] > git config --get commit.template [2ms]
2024-01-31 10:52:59.545 [info] > git for-each-ref --format=%(refname)%00%(upstream:short)%00%(objectname)%00%(upstream:track)%00%(upstream:remotename)%00%(upstream:remoteref) refs/heads/feature-product-index refs/remotes/feature-product-index [1ms]
2024-01-31 10:52:59.583 [info] > git status -z -uall [29ms]
2024-01-31 10:53:02.437 [info] > git check-ignore -v -z --stdin [8ms]
2024-01-31 10:53:02.522 [info] > git config --get commit.template [3ms]
2024-01-31 10:53:02.533 [info] > git for-each-ref --format=%(refname)%00%(upstream:short)%00%(objectname)%00%(upstream:track)%00%(upstream:remotename)%00%(upstream:remoteref) refs/heads/feature-product-index refs/remotes/feature-product-index [2ms]
2024-01-31 10:53:02.581 [info] > git status -z -uall [39ms]
2024-01-31 10:53:04.312 [info] > git check-ignore -v -z --stdin [2ms]
2024-01-31 10:53:07.991 [info] > git check-ignore -v -z --stdin [4ms]
2024-01-31 10:53:08.491 [info] > git show --textconv :Gemfile [9ms]
2024-01-31 10:53:08.494 [info] > git ls-files --stage -- /home/jagaimo/Gemfile [4ms]
2024-01-31 10:53:08.504 [info] > git cat-file -s 0a77098cc176a98d00e4355a618b22abca548d03 [1ms]
2024-01-31 10:53:08.532 [info] > git config --get commit.template [3ms]
2024-01-31 10:53:08.543 [info] > git for-each-ref --format=%(refname)%00%(upstream:short)%00%(objectname)%00%(upstream:track)%00%(upstream:remotename)%00%(upstream:remoteref) refs/heads/feature-product-index refs/remotes/feature-product-index [2ms]
2024-01-31 10:53:08.585 [info] > git status -z -uall [33ms]
2024-01-31 10:53:15.529 [info] > git config --get commit.template [2ms]
2024-01-31 10:53:15.541 [info] > git for-each-ref --format=%(refname)%00%(upstream:short)%00%(objectname)%00%(upstream:track)%00%(upstream:remotename)%00%(upstream:remoteref) refs/heads/feature-product-index refs/remotes/feature-product-index [2ms]
2024-01-31 10:53:15.571 [info] > git status -z -uall [23ms]
2024-01-31 10:53:20.587 [info] > git config --get commit.template [2ms]
2024-01-31 10:53:20.594 [info] > git for-each-ref --format=%(refname)%00%(upstream:short)%00%(objectname)%00%(upstream:track)%00%(upstream:remotename)%00%(upstream:remoteref) refs/heads/feature-product-index refs/remotes/feature-product-index [1ms]
2024-01-31 10:53:20.620 [info] > git status -z -uall [20ms]
2024-01-31 10:53:25.636 [info] > git config --get commit.template [1ms]
2024-01-31 10:53:25.644 [info] > git for-each-ref --format=%(refname)%00%(upstream:short)%00%(objectname)%00%(upstream:track)%00%(upstream:remotename)%00%(upstream:remoteref) refs/heads/feature-product-index refs/remotes/feature-product-index [1ms]
2024-01-31 10:53:25.672 [info] > git status -z -uall [21ms]
2024-01-31 10:53:30.690 [info] > git config --get commit.template [1ms]
2024-01-31 10:53:30.697 [info] > git for-each-ref --format=%(refname)%00%(upstream:short)%00%(objectname)%00%(upstream:track)%00%(upstream:remotename)%00%(upstream:remoteref) refs/heads/feature-product-index refs/remotes/feature-product-index [1ms]
2024-01-31 10:53:30.725 [info] > git status -z -uall [21ms]
2024-01-31 10:53:35.744 [info] > git config --get commit.template [1ms]
2024-01-31 10:53:35.753 [info] > git for-each-ref --format=%(refname)%00%(upstream:short)%00%(objectname)%00%(upstream:track)%00%(upstream:remotename)%00%(upstream:remoteref) refs/heads/feature-product-index refs/remotes/feature-product-index [1ms]
2024-01-31 10:53:35.780 [info] > git status -z -uall [21ms]
