Activating GitHub Actions extension...

Cannot fetch github context
Error: Cannot fetch github context
	at vt (/home/jagaimo/jagaimo/.vscode-server/extensions/github.vscode-github-actions-0.26.2/dist/extension-node.js:2:1444927)
	at process.processTicksAndRejections (node:internal/process/task_queues:95:5)
	at async /home/jagaimo/jagaimo/.vscode-server/extensions/github.vscode-github-actions-0.26.2/dist/extension-node.js:2:1626834
	at async Os (/home/jagaimo/jagaimo/.vscode-server/extensions/github.vscode-github-actions-0.26.2/dist/extension-node.js:2:1625906)
	at async l.n (/home/jagaimo/jagaimo/.vscode-server/bin/8b3775030ed1a69b13e4f4c628c612102e30a681/out/vs/workbench/api/node/extensionHostProcess.js:140:6255)
	at async l.m (/home/jagaimo/jagaimo/.vscode-server/bin/8b3775030ed1a69b13e4f4c628c612102e30a681/out/vs/workbench/api/node/extensionHostProcess.js:140:6218)
	at async l (/home/jagaimo/jagaimo/.vscode-server/bin/8b3775030ed1a69b13e4f4c628c612102e30a681/out/vs/workbench/api/node/extensionHostProcess.js:140:5675)

Cannot fetch github context
Error: Cannot fetch github context
	at vt (/home/jagaimo/jagaimo/.vscode-server/extensions/github.vscode-github-actions-0.26.2/dist/extension-node.js:2:1444927)
	at process.processTicksAndRejections (node:internal/process/task_queues:95:5)
	at async Bt (/home/jagaimo/jagaimo/.vscode-server/extensions/github.vscode-github-actions-0.26.2/dist/extension-node.js:2:1445257)
	at async Os (/home/jagaimo/jagaimo/.vscode-server/extensions/github.vscode-github-actions-0.26.2/dist/extension-node.js:2:1637593)
	at async l.n (/home/jagaimo/jagaimo/.vscode-server/bin/8b3775030ed1a69b13e4f4c628c612102e30a681/out/vs/workbench/api/node/extensionHostProcess.js:140:6255)
	at async l.m (/home/jagaimo/jagaimo/.vscode-server/bin/8b3775030ed1a69b13e4f4c628c612102e30a681/out/vs/workbench/api/node/extensionHostProcess.js:140:6218)
	at async l (/home/jagaimo/jagaimo/.vscode-server/bin/8b3775030ed1a69b13e4f4c628c612102e30a681/out/vs/workbench/api/node/extensionHostProcess.js:140:5675)
...initialized
