2024-01-31 07:55:32.645 [info] Extension host with pid 673 started
2024-01-31 07:55:32.645 [error] Error: EEXIST: file already exists, open '/home/jagaimo/jagaimo/.vscode-server/data/User/workspaceStorage/05eec0cb8e9457c43af9fade71b95ad7/vscode.lock'
2024-01-31 07:55:32.654 [info] Lock '/home/jagaimo/jagaimo/.vscode-server/data/User/workspaceStorage/05eec0cb8e9457c43af9fade71b95ad7/vscode.lock': Could not acquire lock, checking if the file is stale.
2024-01-31 07:55:32.666 [info] Lock '/home/jagaimo/jagaimo/.vscode-server/data/User/workspaceStorage/05eec0cb8e9457c43af9fade71b95ad7/vscode.lock': The pid 5366 appears to be gone.
2024-01-31 07:55:32.666 [info] Lock '/home/jagaimo/jagaimo/.vscode-server/data/User/workspaceStorage/05eec0cb8e9457c43af9fade71b95ad7/vscode.lock': Deleting a stale lock.
2024-01-31 07:55:32.720 [info] ExtensionService#_doActivateExtension vscode.emmet, startup: false, activationEvent: 'onLanguage'
2024-01-31 07:55:32.795 [info] Lock '/home/jagaimo/jagaimo/.vscode-server/data/User/workspaceStorage/05eec0cb8e9457c43af9fade71b95ad7/vscode.lock': Lock acquired.
2024-01-31 07:55:33.086 [info] ExtensionService#_doActivateExtension vscode.git-base, startup: true, activationEvent: '*', root cause: vscode.git
2024-01-31 07:55:33.087 [info] ExtensionService#_doActivateExtension HookyQR.beautify, startup: true, activationEvent: '*'
2024-01-31 07:55:33.199 [info] ExtensionService#_doActivateExtension Shopify.ruby-lsp, startup: true, activationEvent: 'workspaceContains:Gemfile.lock'
2024-01-31 07:55:33.355 [info] ExtensionService#_doActivateExtension vscode.git, startup: true, activationEvent: '*'
2024-01-31 07:55:33.357 [info] ExtensionService#_doActivateExtension vscode.github, startup: true, activationEvent: '*'
2024-01-31 07:55:33.689 [info] ExtensionService#_doActivateExtension github.vscode-github-actions, startup: true, activationEvent: 'workspaceContains:**/.github/workflows/**'
2024-01-31 07:55:33.939 [info] ExtensionService#_doActivateExtension vscode.json-language-features, startup: false, activationEvent: 'onLanguage:jsonc'
2024-01-31 07:55:33.940 [info] ExtensionService#_doActivateExtension vscode.typescript-language-features, startup: false, activationEvent: 'onLanguage:jsonc'
2024-01-31 07:55:43.096 [info] ExtensionService#_doActivateExtension vscode.debug-auto-launch, startup: false, activationEvent: 'onStartupFinished'
2024-01-31 07:55:43.097 [info] ExtensionService#_doActivateExtension vscode.merge-conflict, startup: false, activationEvent: 'onStartupFinished'
2024-01-31 07:55:43.098 [info] ExtensionService#_doActivateExtension smallStall.auto-arrange-tabs, startup: false, activationEvent: 'onStartupFinished'
2024-01-31 09:48:01.898 [info] ExtensionService#_doActivateExtension vscode.npm, startup: false, activationEvent: 'onTerminalQuickFixRequest:ms-vscode.npm-command'
2024-01-31 10:22:15.963 [info] ExtensionService#_doActivateExtension vscode.extension-editing, startup: false, activationEvent: 'onLanguage:markdown'
2024-01-31 10:22:15.963 [info] ExtensionService#_doActivateExtension vscode.markdown-language-features, startup: false, activationEvent: 'onLanguage:markdown'
2024-01-31 10:22:16.773 [info] ExtensionService#_doActivateExtension vscode.markdown-math, startup: false, activationEvent: 'api', root cause: vscode.markdown-language-features
