2024-01-30 20:58:15.956 [info] Log level: Info
2024-01-30 20:58:15.956 [info] Validating found git in: "git"
2024-01-30 20:58:15.956 [info] Using git "2.30.2" from "git"
2024-01-30 20:58:15.956 [info] > git rev-parse --show-toplevel [6ms]
2024-01-30 20:58:15.956 [info] > git rev-parse --git-dir --git-common-dir [4ms]
2024-01-30 20:58:15.956 [info] Open repository: /home/jagaimo
2024-01-30 20:58:16.218 [info] > git rev-parse --show-toplevel [211ms]
2024-01-30 20:58:16.219 [info] > git config --get commit.template [241ms]
2024-01-30 20:58:16.285 [info] > git rev-parse --show-toplevel [58ms]
2024-01-30 20:58:16.287 [info] > git for-each-ref --format=%(refname)%00%(upstream:short)%00%(objectname)%00%(upstream:track)%00%(upstream:remotename)%00%(upstream:remoteref) refs/heads/feature-product-index refs/remotes/feature-product-index [6ms]
2024-01-30 20:58:16.351 [info] > git status -z -uall [55ms]
2024-01-30 20:58:16.352 [info] > git rev-parse --show-toplevel [46ms]
2024-01-30 20:58:16.440 [info] > git rev-parse --show-toplevel [82ms]
2024-01-30 20:58:16.463 [info] > git config --get commit.template [76ms]
2024-01-30 20:58:16.494 [info] > git rev-parse --show-toplevel [34ms]
2024-01-30 20:58:16.522 [info] > git rev-parse --show-toplevel [12ms]
2024-01-30 20:58:16.523 [info] > git for-each-ref --format=%(refname)%00%(upstream:short)%00%(objectname)%00%(upstream:track)%00%(upstream:remotename)%00%(upstream:remoteref) refs/heads/feature-product-index refs/remotes/feature-product-index [21ms]
2024-01-30 20:58:16.536 [info] > git check-ignore -v -z --stdin [19ms]
2024-01-30 20:58:16.582 [info] > git status -z -uall [54ms]
2024-01-30 20:58:16.583 [info] > git rev-parse --show-toplevel [48ms]
2024-01-30 20:58:16.633 [info] > git rev-parse --show-toplevel [13ms]
2024-01-30 20:58:16.647 [info] > git rev-parse --show-toplevel [6ms]
2024-01-30 20:58:16.661 [info] > git rev-parse --show-toplevel [5ms]
2024-01-30 20:58:16.697 [info] > git rev-parse --show-toplevel [29ms]
2024-01-30 20:58:16.704 [info] > git rev-parse --show-toplevel [1ms]
2024-01-30 20:58:16.729 [info] > git rev-parse --show-toplevel [19ms]
2024-01-30 20:58:16.738 [info] > git rev-parse --show-toplevel [1ms]
2024-01-30 20:58:16.745 [info] > git rev-parse --show-toplevel [1ms]
2024-01-30 20:58:17.230 [info] > git config --get commit.template [15ms]
2024-01-30 20:58:17.232 [info] > git for-each-ref --format=%(refname)%00%(upstream:short)%00%(objectname)%00%(upstream:track)%00%(upstream:remotename)%00%(upstream:remoteref) refs/heads/feature-product-index refs/remotes/feature-product-index [2ms]
2024-01-30 20:58:17.277 [info] > git status -z -uall [33ms]
