2024-02-04 11:48:05.285 [info] Extension host with pid 405 started
2024-02-04 11:48:05.285 [error] Error: EEXIST: file already exists, open '/home/jagaimo/jagaimo/.vscode-server/data/User/workspaceStorage/e786c0c08712138b8b4b4179b78b3d5d/vscode.lock'
2024-02-04 11:48:05.292 [info] Lock '/home/jagaimo/jagaimo/.vscode-server/data/User/workspaceStorage/e786c0c08712138b8b4b4179b78b3d5d/vscode.lock': Could not acquire lock, checking if the file is stale.
2024-02-04 11:48:05.305 [info] Lock '/home/jagaimo/jagaimo/.vscode-server/data/User/workspaceStorage/e786c0c08712138b8b4b4179b78b3d5d/vscode.lock': The lock looks stale, waiting for 2s.
2024-02-04 11:48:05.320 [info] ExtensionService#_doActivateExtension vscode.emmet, startup: false, activationEvent: 'onLanguage'
2024-02-04 11:48:06.114 [info] ExtensionService#_doActivateExtension vscode.json-language-features, startup: false, activationEvent: 'onLanguage:jsonc'
2024-02-04 11:48:06.115 [info] ExtensionService#_doActivateExtension vscode.typescript-language-features, startup: false, activationEvent: 'onLanguage:jsonc'
2024-02-04 11:48:06.457 [info] ExtensionService#_doActivateExtension vscode.git-base, startup: true, activationEvent: '*', root cause: vscode.git
2024-02-04 11:48:06.458 [info] ExtensionService#_doActivateExtension HookyQR.beautify, startup: true, activationEvent: '*'
2024-02-04 11:48:06.735 [info] ExtensionService#_doActivateExtension github.vscode-github-actions, startup: true, activationEvent: 'workspaceContains:**/.github/workflows/**'
2024-02-04 11:48:07.305 [info] Lock '/home/jagaimo/jagaimo/.vscode-server/data/User/workspaceStorage/e786c0c08712138b8b4b4179b78b3d5d/vscode.lock': The lock looks stale even after waiting for 2s.
2024-02-04 11:48:07.306 [info] Lock '/home/jagaimo/jagaimo/.vscode-server/data/User/workspaceStorage/e786c0c08712138b8b4b4179b78b3d5d/vscode.lock': Deleting a stale lock.
2024-02-04 11:48:07.326 [info] Lock '/home/jagaimo/jagaimo/.vscode-server/data/User/workspaceStorage/e786c0c08712138b8b4b4179b78b3d5d/vscode.lock': Lock acquired.
2024-02-04 11:48:07.453 [info] ExtensionService#_doActivateExtension vscode.git, startup: true, activationEvent: '*'
2024-02-04 11:48:07.458 [info] ExtensionService#_doActivateExtension vscode.github, startup: true, activationEvent: '*'
2024-02-04 11:48:09.101 [info] Eager extensions activated
2024-02-04 11:48:09.101 [info] ExtensionService#_doActivateExtension vscode.debug-auto-launch, startup: false, activationEvent: 'onStartupFinished'
2024-02-04 11:48:09.101 [info] ExtensionService#_doActivateExtension vscode.merge-conflict, startup: false, activationEvent: 'onStartupFinished'
2024-02-04 11:48:09.102 [info] ExtensionService#_doActivateExtension smallStall.auto-arrange-tabs, startup: false, activationEvent: 'onStartupFinished'
2024-02-04 11:51:51.484 [info] ExtensionService#_doActivateExtension vscode.extension-editing, startup: false, activationEvent: 'onLanguage:markdown'
2024-02-04 11:51:51.485 [info] ExtensionService#_doActivateExtension vscode.markdown-language-features, startup: false, activationEvent: 'onLanguage:markdown'
2024-02-04 11:51:52.379 [info] ExtensionService#_doActivateExtension vscode.markdown-math, startup: false, activationEvent: 'api', root cause: vscode.markdown-language-features
