2024-01-29 08:19:48.574 [info] Extension host with pid 340 started
2024-01-29 08:19:48.575 [error] Error: EEXIST: file already exists, open '/home/jagaimo/jagaimo/.vscode-server/data/User/workspaceStorage/b0670bd9501272b8415ef5b27d7ea4aa/vscode.lock'
2024-01-29 08:19:48.588 [info] Lock '/home/jagaimo/jagaimo/.vscode-server/data/User/workspaceStorage/b0670bd9501272b8415ef5b27d7ea4aa/vscode.lock': Could not acquire lock, checking if the file is stale.
2024-01-29 08:19:48.608 [info] Lock '/home/jagaimo/jagaimo/.vscode-server/data/User/workspaceStorage/b0670bd9501272b8415ef5b27d7ea4aa/vscode.lock': The pid 304 appears to be gone.
2024-01-29 08:19:48.608 [info] Lock '/home/jagaimo/jagaimo/.vscode-server/data/User/workspaceStorage/b0670bd9501272b8415ef5b27d7ea4aa/vscode.lock': Deleting a stale lock.
2024-01-29 08:19:48.643 [info] Lock '/home/jagaimo/jagaimo/.vscode-server/data/User/workspaceStorage/b0670bd9501272b8415ef5b27d7ea4aa/vscode.lock': Lock acquired.
2024-01-29 08:19:48.729 [info] ExtensionService#_doActivateExtension vscode.emmet, startup: false, activationEvent: 'onLanguage'
2024-01-29 08:19:49.120 [info] ExtensionService#_doActivateExtension vscode.git-base, startup: true, activationEvent: '*', root cause: vscode.git
2024-01-29 08:19:49.121 [info] ExtensionService#_doActivateExtension HookyQR.beautify, startup: true, activationEvent: '*'
2024-01-29 08:19:49.216 [info] ExtensionService#_doActivateExtension Shopify.ruby-lsp, startup: true, activationEvent: 'workspaceContains:Gemfile.lock'
2024-01-29 08:19:49.480 [info] ExtensionService#_doActivateExtension vscode.git, startup: true, activationEvent: '*'
2024-01-29 08:19:49.483 [info] ExtensionService#_doActivateExtension vscode.github, startup: true, activationEvent: '*'
2024-01-29 08:19:50.150 [info] ExtensionService#_doActivateExtension github.vscode-github-actions, startup: true, activationEvent: 'workspaceContains:**/.github/workflows/**'
2024-01-29 08:19:50.548 [info] ExtensionService#_doActivateExtension vscode.json-language-features, startup: false, activationEvent: 'onLanguage:jsonc'
2024-01-29 08:19:50.549 [info] ExtensionService#_doActivateExtension vscode.typescript-language-features, startup: false, activationEvent: 'onLanguage:jsonc'
2024-01-29 08:19:59.138 [info] ExtensionService#_doActivateExtension vscode.debug-auto-launch, startup: false, activationEvent: 'onStartupFinished'
2024-01-29 08:19:59.139 [info] ExtensionService#_doActivateExtension vscode.merge-conflict, startup: false, activationEvent: 'onStartupFinished'
2024-01-29 08:19:59.146 [info] ExtensionService#_doActivateExtension smallStall.auto-arrange-tabs, startup: false, activationEvent: 'onStartupFinished'
2024-01-29 08:20:02.271 [info] Eager extensions activated
2024-01-29 08:20:05.378 [info] ExtensionService#_doActivateExtension vscode.npm, startup: false, activationEvent: 'onTerminalQuickFixRequest:ms-vscode.npm-command'
2024-01-29 09:20:09.592 [warning] vscode.json-language-features - Code actions of kind 'quickfix 'requested but returned code action is of kind 'source.sort.json'. Code action will be dropped. Please check 'CodeActionContext.only' to only return requested code actions.
2024-01-29 09:20:11.791 [warning] vscode.json-language-features - Code actions of kind 'quickfix 'requested but returned code action is of kind 'source.sort.json'. Code action will be dropped. Please check 'CodeActionContext.only' to only return requested code actions.
