2024-02-06 10:52:54.426 [info] Extension host with pid 395 started
2024-02-06 10:52:54.427 [error] Error: EEXIST: file already exists, open '/home/jagaimo/jagaimo/.vscode-server/data/User/workspaceStorage/e786c0c08712138b8b4b4179b78b3d5d/vscode.lock'
2024-02-06 10:52:54.433 [info] Lock '/home/jagaimo/jagaimo/.vscode-server/data/User/workspaceStorage/e786c0c08712138b8b4b4179b78b3d5d/vscode.lock': Could not acquire lock, checking if the file is stale.
2024-02-06 10:52:54.440 [info] Lock '/home/jagaimo/jagaimo/.vscode-server/data/User/workspaceStorage/e786c0c08712138b8b4b4179b78b3d5d/vscode.lock': The pid 6150 appears to be gone.
2024-02-06 10:52:54.441 [info] Lock '/home/jagaimo/jagaimo/.vscode-server/data/User/workspaceStorage/e786c0c08712138b8b4b4179b78b3d5d/vscode.lock': Deleting a stale lock.
2024-02-06 10:52:54.470 [info] ExtensionService#_doActivateExtension vscode.emmet, startup: false, activationEvent: 'onLanguage'
2024-02-06 10:52:54.471 [info] ExtensionService#_doActivateExtension vscode.extension-editing, startup: false, activationEvent: 'onLanguage:markdown'
2024-02-06 10:52:54.472 [info] ExtensionService#_doActivateExtension vscode.markdown-language-features, startup: false, activationEvent: 'onLanguage:markdown'
2024-02-06 10:52:54.713 [info] Lock '/home/jagaimo/jagaimo/.vscode-server/data/User/workspaceStorage/e786c0c08712138b8b4b4179b78b3d5d/vscode.lock': Lock acquired.
2024-02-06 10:52:55.474 [info] ExtensionService#_doActivateExtension vscode.git-base, startup: true, activationEvent: '*', root cause: vscode.git
2024-02-06 10:52:55.476 [info] ExtensionService#_doActivateExtension HookyQR.beautify, startup: true, activationEvent: '*'
2024-02-06 10:52:55.752 [info] ExtensionService#_doActivateExtension vscode.git, startup: true, activationEvent: '*'
2024-02-06 10:52:55.753 [info] ExtensionService#_doActivateExtension vscode.github, startup: true, activationEvent: '*'
2024-02-06 10:52:56.343 [info] ExtensionService#_doActivateExtension vscode.markdown-math, startup: false, activationEvent: 'api', root cause: vscode.markdown-language-features
2024-02-06 10:53:02.489 [info] Not activating extension 'github.vscode-github-actions': Timed out while searching for 'workspaceContains' pattern **/.github/workflows/**
2024-02-06 10:53:02.498 [info] Eager extensions activated
2024-02-06 10:53:02.499 [info] ExtensionService#_doActivateExtension vscode.debug-auto-launch, startup: false, activationEvent: 'onStartupFinished'
2024-02-06 10:53:02.500 [info] ExtensionService#_doActivateExtension vscode.merge-conflict, startup: false, activationEvent: 'onStartupFinished'
2024-02-06 10:53:02.500 [info] ExtensionService#_doActivateExtension smallStall.auto-arrange-tabs, startup: false, activationEvent: 'onStartupFinished'
2024-02-06 10:53:17.186 [info] ExtensionService#_doActivateExtension Shopify.ruby-lsp, startup: false, activationEvent: 'onLanguage:ruby'
2024-02-06 14:05:08.890 [info] ExtensionService#_doActivateExtension github.vscode-github-actions, startup: false, activationEvent: 'onLanguage:github-actions-workflow'
2024-02-06 14:12:24.453 [info] ExtensionService#_doActivateExtension vscode.npm, startup: false, activationEvent: 'onTerminalQuickFixRequest:ms-vscode.npm-command'
