2024-01-26 07:39:34.432 [info] Log level: Info
2024-01-26 07:39:34.432 [info] Validating found git in: "git"
2024-01-26 07:39:34.432 [info] Using git "2.30.2" from "git"
2024-01-26 07:39:34.432 [info] > git rev-parse --show-toplevel [7ms]
2024-01-26 07:39:34.432 [info] > git rev-parse --git-dir --git-common-dir [9ms]
2024-01-26 07:39:34.432 [info] Open repository: /home/jagaimo
2024-01-26 07:39:34.432 [info] > git config --get commit.template [18ms]
2024-01-26 07:39:34.435 [info] > git rev-parse --show-toplevel [16ms]
2024-01-26 07:39:34.844 [info] > git rev-parse --show-toplevel [383ms]
2024-01-26 07:39:34.845 [info] > git for-each-ref --format=%(refname)%00%(upstream:short)%00%(objectname)%00%(upstream:track)%00%(upstream:remotename)%00%(upstream:remoteref) refs/heads/feature-product-index refs/remotes/feature-product-index [396ms]
2024-01-26 07:39:34.865 [info] > git rev-parse --show-toplevel [2ms]
2024-01-26 07:39:34.881 [info] > git rev-parse --show-toplevel [3ms]
2024-01-26 07:39:34.894 [info] > git rev-parse --show-toplevel [1ms]
2024-01-26 07:39:34.903 [info] > git rev-parse --show-toplevel [1ms]
2024-01-26 07:39:35.008 [info] > git rev-parse --show-toplevel [96ms]
2024-01-26 07:39:35.023 [info] > git status -z -uall [170ms]
2024-01-26 07:39:35.025 [info] > git rev-parse --show-toplevel [8ms]
2024-01-26 07:39:36.297 [info] > git rev-parse --show-toplevel [1158ms]
2024-01-26 07:39:36.393 [info] > git config --get commit.template [122ms]
2024-01-26 07:39:36.421 [info] > git check-ignore -v -z --stdin [112ms]
2024-01-26 07:39:36.427 [info] > git rev-parse --show-toplevel [36ms]
2024-01-26 07:39:36.465 [info] > git for-each-ref --format=%(refname)%00%(upstream:short)%00%(objectname)%00%(upstream:track)%00%(upstream:remotename)%00%(upstream:remoteref) refs/heads/feature-product-index refs/remotes/feature-product-index [22ms]
2024-01-26 07:39:36.483 [info] > git rev-parse --show-toplevel [24ms]
2024-01-26 07:39:36.496 [info] > git rev-parse --show-toplevel [2ms]
2024-01-26 07:39:36.524 [info] > git rev-parse --show-toplevel [14ms]
2024-01-26 07:39:36.538 [info] > git status -z -uall [59ms]
2024-01-26 07:39:36.727 [info] > git rev-parse --show-toplevel [189ms]
2024-01-26 07:39:37.475 [info] > git rev-parse --show-toplevel [9ms]
2024-01-26 07:39:37.494 [info] > git rev-parse --show-toplevel [6ms]
2024-01-26 07:39:37.531 [info] > git show --textconv :app/views/admin/products/index.html.slim [20ms]
2024-01-26 07:39:37.532 [info] > git ls-files --stage -- /home/jagaimo/app/views/admin/products/index.html.slim [8ms]
2024-01-26 07:41:09.852 [info] > git ls-files --stage -- /home/jagaimo/app/views/admin/products/index.html.slim [3ms]
2024-01-26 07:41:09.857 [info] > git config --get commit.template [21ms]
2024-01-26 07:41:09.878 [info] > git show --textconv :app/views/admin/products/index.html.slim [1ms]
2024-01-26 07:41:09.878 [info] > git for-each-ref --format=%(refname)%00%(upstream:short)%00%(objectname)%00%(upstream:track)%00%(upstream:remotename)%00%(upstream:remoteref) refs/heads/feature-product-index refs/remotes/feature-product-index [10ms]
2024-01-26 07:41:09.910 [info] > git status -z -uall [27ms]
2024-01-26 07:41:14.997 [info] > git config --get commit.template [1ms]
2024-01-26 07:41:15.005 [info] > git for-each-ref --format=%(refname)%00%(upstream:short)%00%(objectname)%00%(upstream:track)%00%(upstream:remotename)%00%(upstream:remoteref) refs/heads/feature-product-index refs/remotes/feature-product-index [0ms]
2024-01-26 07:41:15.030 [info] > git status -z -uall [18ms]
2024-01-26 07:43:10.622 [info] > git config --get commit.template [3ms]
2024-01-26 07:43:10.633 [info] > git for-each-ref --format=%(refname)%00%(upstream:short)%00%(objectname)%00%(upstream:track)%00%(upstream:remotename)%00%(upstream:remoteref) refs/heads/feature-product-index refs/remotes/feature-product-index [2ms]
2024-01-26 07:43:10.665 [info] > git status -z -uall [25ms]
2024-01-26 07:43:15.753 [info] > git config --get commit.template [1ms]
2024-01-26 07:43:15.760 [info] > git for-each-ref --format=%(refname)%00%(upstream:short)%00%(objectname)%00%(upstream:track)%00%(upstream:remotename)%00%(upstream:remoteref) refs/heads/feature-product-index refs/remotes/feature-product-index [1ms]
2024-01-26 07:43:15.784 [info] > git status -z -uall [17ms]
2024-01-26 07:43:20.843 [info] > git config --get commit.template [1ms]
2024-01-26 07:43:20.851 [info] > git for-each-ref --format=%(refname)%00%(upstream:short)%00%(objectname)%00%(upstream:track)%00%(upstream:remotename)%00%(upstream:remoteref) refs/heads/feature-product-index refs/remotes/feature-product-index [1ms]
2024-01-26 07:43:20.873 [info] > git status -z -uall [17ms]
2024-01-26 07:43:26.738 [info] > git config --get commit.template [1ms]
2024-01-26 07:43:26.748 [info] > git for-each-ref --format=%(refname)%00%(upstream:short)%00%(objectname)%00%(upstream:track)%00%(upstream:remotename)%00%(upstream:remoteref) refs/heads/feature-product-index refs/remotes/feature-product-index [1ms]
2024-01-26 07:43:26.777 [info] > git status -z -uall [21ms]
2024-01-26 07:43:31.858 [info] > git config --get commit.template [1ms]
2024-01-26 07:43:31.869 [info] > git for-each-ref --format=%(refname)%00%(upstream:short)%00%(objectname)%00%(upstream:track)%00%(upstream:remotename)%00%(upstream:remoteref) refs/heads/feature-product-index refs/remotes/feature-product-index [1ms]
2024-01-26 07:43:31.901 [info] > git status -z -uall [21ms]
2024-01-26 07:43:38.079 [info] > git config --get commit.template [3ms]
2024-01-26 07:43:38.093 [info] > git for-each-ref --format=%(refname)%00%(upstream:short)%00%(objectname)%00%(upstream:track)%00%(upstream:remotename)%00%(upstream:remoteref) refs/heads/feature-product-index refs/remotes/feature-product-index [1ms]
2024-01-26 07:43:38.129 [info] > git status -z -uall [23ms]
2024-01-26 07:43:53.816 [info] > git config --get commit.template [1ms]
2024-01-26 07:43:53.832 [info] > git for-each-ref --format=%(refname)%00%(upstream:short)%00%(objectname)%00%(upstream:track)%00%(upstream:remotename)%00%(upstream:remoteref) refs/heads/feature-product-index refs/remotes/feature-product-index [2ms]
2024-01-26 07:43:53.862 [info] > git status -z -uall [18ms]
2024-01-26 07:43:58.936 [info] > git config --get commit.template [9ms]
2024-01-26 07:43:58.937 [info] > git for-each-ref --format=%(refname)%00%(upstream:short)%00%(objectname)%00%(upstream:track)%00%(upstream:remotename)%00%(upstream:remoteref) refs/heads/feature-product-index refs/remotes/feature-product-index [1ms]
2024-01-26 07:43:58.960 [info] > git status -z -uall [16ms]
2024-01-26 07:44:04.583 [info] > git config --get commit.template [1ms]
2024-01-26 07:44:04.594 [info] > git for-each-ref --format=%(refname)%00%(upstream:short)%00%(objectname)%00%(upstream:track)%00%(upstream:remotename)%00%(upstream:remoteref) refs/heads/feature-product-index refs/remotes/feature-product-index [1ms]
2024-01-26 07:44:04.620 [info] > git status -z -uall [18ms]
2024-01-26 07:44:10.892 [info] > git config --get commit.template [1ms]
2024-01-26 07:44:10.903 [info] > git for-each-ref --format=%(refname)%00%(upstream:short)%00%(objectname)%00%(upstream:track)%00%(upstream:remotename)%00%(upstream:remoteref) refs/heads/feature-product-index refs/remotes/feature-product-index [1ms]
2024-01-26 07:44:10.930 [info] > git status -z -uall [18ms]
2024-01-26 07:44:15.992 [info] > git config --get commit.template [2ms]
2024-01-26 07:44:16.002 [info] > git for-each-ref --format=%(refname)%00%(upstream:short)%00%(objectname)%00%(upstream:track)%00%(upstream:remotename)%00%(upstream:remoteref) refs/heads/feature-product-index refs/remotes/feature-product-index [1ms]
2024-01-26 07:44:16.040 [info] > git status -z -uall [29ms]
2024-01-26 07:44:21.098 [info] > git config --get commit.template [1ms]
2024-01-26 07:44:21.108 [info] > git for-each-ref --format=%(refname)%00%(upstream:short)%00%(objectname)%00%(upstream:track)%00%(upstream:remotename)%00%(upstream:remoteref) refs/heads/feature-product-index refs/remotes/feature-product-index [1ms]
2024-01-26 07:44:21.136 [info] > git status -z -uall [18ms]
2024-01-26 07:44:26.198 [info] > git config --get commit.template [1ms]
2024-01-26 07:44:26.208 [info] > git for-each-ref --format=%(refname)%00%(upstream:short)%00%(objectname)%00%(upstream:track)%00%(upstream:remotename)%00%(upstream:remoteref) refs/heads/feature-product-index refs/remotes/feature-product-index [0ms]
2024-01-26 07:44:26.235 [info] > git status -z -uall [17ms]
2024-01-26 07:44:31.304 [info] > git config --get commit.template [1ms]
2024-01-26 07:44:31.314 [info] > git for-each-ref --format=%(refname)%00%(upstream:short)%00%(objectname)%00%(upstream:track)%00%(upstream:remotename)%00%(upstream:remoteref) refs/heads/feature-product-index refs/remotes/feature-product-index [0ms]
2024-01-26 07:44:31.343 [info] > git status -z -uall [17ms]
2024-01-26 07:44:36.413 [info] > git config --get commit.template [2ms]
2024-01-26 07:44:36.424 [info] > git for-each-ref --format=%(refname)%00%(upstream:short)%00%(objectname)%00%(upstream:track)%00%(upstream:remotename)%00%(upstream:remoteref) refs/heads/feature-product-index refs/remotes/feature-product-index [1ms]
2024-01-26 07:44:36.453 [info] > git status -z -uall [16ms]
2024-01-26 07:44:43.373 [info] > git config --get commit.template [18ms]
2024-01-26 07:44:43.374 [info] > git for-each-ref --format=%(refname)%00%(upstream:short)%00%(objectname)%00%(upstream:track)%00%(upstream:remotename)%00%(upstream:remoteref) refs/heads/feature-product-index refs/remotes/feature-product-index [2ms]
2024-01-26 07:44:43.414 [info] > git status -z -uall [24ms]
2024-01-26 07:44:52.198 [info] > git config --get commit.template [1ms]
2024-01-26 07:44:52.212 [info] > git for-each-ref --format=%(refname)%00%(upstream:short)%00%(objectname)%00%(upstream:track)%00%(upstream:remotename)%00%(upstream:remoteref) refs/heads/feature-product-index refs/remotes/feature-product-index [1ms]
2024-01-26 07:44:52.246 [info] > git status -z -uall [24ms]
2024-01-26 07:44:57.985 [info] > git config --get commit.template [2ms]
2024-01-26 07:44:57.995 [info] > git for-each-ref --format=%(refname)%00%(upstream:short)%00%(objectname)%00%(upstream:track)%00%(upstream:remotename)%00%(upstream:remoteref) refs/heads/feature-product-index refs/remotes/feature-product-index [1ms]
2024-01-26 07:44:58.020 [info] > git status -z -uall [18ms]
2024-01-26 07:45:13.819 [info] > git config --get commit.template [13ms]
2024-01-26 07:45:13.820 [info] > git for-each-ref --format=%(refname)%00%(upstream:short)%00%(objectname)%00%(upstream:track)%00%(upstream:remotename)%00%(upstream:remoteref) refs/heads/feature-product-index refs/remotes/feature-product-index [2ms]
2024-01-26 07:45:13.847 [info] > git status -z -uall [19ms]
2024-01-26 07:45:26.626 [info] > git config --get commit.template [1ms]
2024-01-26 07:45:26.639 [info] > git for-each-ref --format=%(refname)%00%(upstream:short)%00%(objectname)%00%(upstream:track)%00%(upstream:remotename)%00%(upstream:remoteref) refs/heads/feature-product-index refs/remotes/feature-product-index [2ms]
2024-01-26 07:45:26.667 [info] > git status -z -uall [19ms]
2024-01-26 07:45:32.232 [info] > git config --get commit.template [13ms]
2024-01-26 07:45:32.233 [info] > git for-each-ref --format=%(refname)%00%(upstream:short)%00%(objectname)%00%(upstream:track)%00%(upstream:remotename)%00%(upstream:remoteref) refs/heads/feature-product-index refs/remotes/feature-product-index [1ms]
2024-01-26 07:45:32.262 [info] > git status -z -uall [20ms]
2024-01-26 07:45:44.786 [info] > git config --get commit.template [2ms]
2024-01-26 07:45:44.798 [info] > git for-each-ref --format=%(refname)%00%(upstream:short)%00%(objectname)%00%(upstream:track)%00%(upstream:remotename)%00%(upstream:remoteref) refs/heads/feature-product-index refs/remotes/feature-product-index [1ms]
2024-01-26 07:45:44.827 [info] > git status -z -uall [18ms]
2024-01-26 07:46:31.615 [info] > git config --get commit.template [2ms]
2024-01-26 07:46:31.631 [info] > git for-each-ref --format=%(refname)%00%(upstream:short)%00%(objectname)%00%(upstream:track)%00%(upstream:remotename)%00%(upstream:remoteref) refs/heads/feature-product-index refs/remotes/feature-product-index [3ms]
2024-01-26 07:46:31.672 [info] > git status -z -uall [25ms]
2024-01-26 07:46:36.742 [info] > git config --get commit.template [1ms]
2024-01-26 07:46:36.751 [info] > git for-each-ref --format=%(refname)%00%(upstream:short)%00%(objectname)%00%(upstream:track)%00%(upstream:remotename)%00%(upstream:remoteref) refs/heads/feature-product-index refs/remotes/feature-product-index [1ms]
2024-01-26 07:46:36.778 [info] > git status -z -uall [18ms]
2024-01-26 07:46:41.865 [info] > git config --get commit.template [16ms]
2024-01-26 07:46:41.867 [info] > git for-each-ref --format=%(refname)%00%(upstream:short)%00%(objectname)%00%(upstream:track)%00%(upstream:remotename)%00%(upstream:remoteref) refs/heads/feature-product-index refs/remotes/feature-product-index [4ms]
2024-01-26 07:46:41.922 [info] > git status -z -uall [41ms]
2024-01-26 07:46:47.050 [info] > git config --get commit.template [2ms]
2024-01-26 07:46:47.059 [info] > git for-each-ref --format=%(refname)%00%(upstream:short)%00%(objectname)%00%(upstream:track)%00%(upstream:remotename)%00%(upstream:remoteref) refs/heads/feature-product-index refs/remotes/feature-product-index [1ms]
2024-01-26 07:46:47.085 [info] > git status -z -uall [18ms]
2024-01-26 07:46:52.147 [info] > git config --get commit.template [1ms]
2024-01-26 07:46:52.155 [info] > git for-each-ref --format=%(refname)%00%(upstream:short)%00%(objectname)%00%(upstream:track)%00%(upstream:remotename)%00%(upstream:remoteref) refs/heads/feature-product-index refs/remotes/feature-product-index [1ms]
2024-01-26 07:46:52.179 [info] > git status -z -uall [17ms]
2024-01-26 07:46:57.245 [info] > git config --get commit.template [2ms]
2024-01-26 07:46:57.254 [info] > git for-each-ref --format=%(refname)%00%(upstream:short)%00%(objectname)%00%(upstream:track)%00%(upstream:remotename)%00%(upstream:remoteref) refs/heads/feature-product-index refs/remotes/feature-product-index [1ms]
2024-01-26 07:46:57.282 [info] > git status -z -uall [19ms]
2024-01-26 07:48:22.947 [info] > git config --get commit.template [9ms]
2024-01-26 07:48:22.947 [info] > git for-each-ref --format=%(refname)%00%(upstream:short)%00%(objectname)%00%(upstream:track)%00%(upstream:remotename)%00%(upstream:remoteref) refs/heads/feature-product-index refs/remotes/feature-product-index [1ms]
2024-01-26 07:48:22.982 [info] > git status -z -uall [26ms]
2024-01-26 07:48:28.052 [info] > git config --get commit.template [1ms]
2024-01-26 07:48:28.060 [info] > git for-each-ref --format=%(refname)%00%(upstream:short)%00%(objectname)%00%(upstream:track)%00%(upstream:remotename)%00%(upstream:remoteref) refs/heads/feature-product-index refs/remotes/feature-product-index [1ms]
2024-01-26 07:48:28.085 [info] > git status -z -uall [18ms]
2024-01-26 07:48:31.594 [info] > git check-ignore -v -z --stdin [1ms]
2024-01-26 07:48:33.155 [info] > git config --get commit.template [8ms]
2024-01-26 07:48:33.155 [info] > git for-each-ref --format=%(refname)%00%(upstream:short)%00%(objectname)%00%(upstream:track)%00%(upstream:remotename)%00%(upstream:remoteref) refs/heads/feature-product-index refs/remotes/feature-product-index [1ms]
2024-01-26 07:48:33.179 [info] > git status -z -uall [17ms]
2024-01-26 07:48:34.145 [info] > git check-ignore -v -z --stdin [1ms]
2024-01-26 07:48:35.155 [info] > git show --textconv :app/views/application/_product_related.html.slim [9ms]
2024-01-26 07:48:35.155 [info] > git ls-files --stage -- /home/jagaimo/app/views/application/_product_related.html.slim [1ms]
2024-01-26 07:48:35.701 [info] > git show --textconv :app/views/application/_product.html.slim [9ms]
2024-01-26 07:48:35.701 [info] > git ls-files --stage -- /home/jagaimo/app/views/application/_product.html.slim [1ms]
2024-01-26 07:48:38.245 [info] > git config --get commit.template [1ms]
2024-01-26 07:48:38.253 [info] > git for-each-ref --format=%(refname)%00%(upstream:short)%00%(objectname)%00%(upstream:track)%00%(upstream:remotename)%00%(upstream:remoteref) refs/heads/feature-product-index refs/remotes/feature-product-index [1ms]
2024-01-26 07:48:38.278 [info] > git status -z -uall [18ms]
2024-01-26 07:48:40.430 [info] > git show --textconv :app/views/application/_product_related.html.slim [8ms]
2024-01-26 07:48:40.431 [info] > git ls-files --stage -- /home/jagaimo/app/views/application/_product_related.html.slim [1ms]
2024-01-26 07:48:43.222 [info] > git show --textconv :app/views/application/_product.html.slim [10ms]
2024-01-26 07:48:43.222 [info] > git ls-files --stage -- /home/jagaimo/app/views/application/_product.html.slim [2ms]
2024-01-26 07:48:43.346 [info] > git config --get commit.template [7ms]
2024-01-26 07:48:43.346 [info] > git for-each-ref --format=%(refname)%00%(upstream:short)%00%(objectname)%00%(upstream:track)%00%(upstream:remotename)%00%(upstream:remoteref) refs/heads/feature-product-index refs/remotes/feature-product-index [1ms]
2024-01-26 07:48:43.371 [info] > git status -z -uall [18ms]
2024-01-26 07:48:44.199 [info] > git show --textconv :app/views/application/_product_related.html.slim [9ms]
2024-01-26 07:48:44.199 [info] > git ls-files --stage -- /home/jagaimo/app/views/application/_product_related.html.slim [1ms]
2024-01-26 07:48:45.342 [info] > git show --textconv :app/views/application/_product.html.slim [9ms]
2024-01-26 07:48:45.343 [info] > git ls-files --stage -- /home/jagaimo/app/views/application/_product.html.slim [2ms]
2024-01-26 07:48:46.616 [info] > git show --textconv :app/views/admin/products/index.html.slim [8ms]
2024-01-26 07:48:46.617 [info] > git ls-files --stage -- /home/jagaimo/app/views/admin/products/index.html.slim [1ms]
2024-01-26 07:48:48.444 [info] > git config --get commit.template [9ms]
2024-01-26 07:48:48.444 [info] > git for-each-ref --format=%(refname)%00%(upstream:short)%00%(objectname)%00%(upstream:track)%00%(upstream:remotename)%00%(upstream:remoteref) refs/heads/feature-product-index refs/remotes/feature-product-index [1ms]
2024-01-26 07:48:48.467 [info] > git status -z -uall [15ms]
2024-01-26 07:48:50.009 [info] > git show --textconv :app/views/application/_product.html.slim [9ms]
2024-01-26 07:48:50.010 [info] > git ls-files --stage -- /home/jagaimo/app/views/application/_product.html.slim [2ms]
2024-01-26 07:48:51.746 [info] > git show --textconv :app/views/admin/products/index.html.slim [9ms]
2024-01-26 07:48:51.746 [info] > git ls-files --stage -- /home/jagaimo/app/views/admin/products/index.html.slim [1ms]
2024-01-26 07:48:53.536 [info] > git config --get commit.template [9ms]
2024-01-26 07:48:53.536 [info] > git for-each-ref --format=%(refname)%00%(upstream:short)%00%(objectname)%00%(upstream:track)%00%(upstream:remotename)%00%(upstream:remoteref) refs/heads/feature-product-index refs/remotes/feature-product-index [1ms]
2024-01-26 07:48:53.561 [info] > git status -z -uall [18ms]
2024-01-26 07:48:54.699 [info] > git show --textconv :app/views/application/_product.html.slim [10ms]
2024-01-26 07:48:54.700 [info] > git ls-files --stage -- /home/jagaimo/app/views/application/_product.html.slim [2ms]
2024-01-26 07:49:02.366 [info] > git config --get commit.template [2ms]
2024-01-26 07:49:02.378 [info] > git for-each-ref --format=%(refname)%00%(upstream:short)%00%(objectname)%00%(upstream:track)%00%(upstream:remotename)%00%(upstream:remoteref) refs/heads/feature-product-index refs/remotes/feature-product-index [1ms]
2024-01-26 07:49:02.406 [info] > git status -z -uall [20ms]
2024-01-26 07:49:07.480 [info] > git config --get commit.template [1ms]
2024-01-26 07:49:07.489 [info] > git for-each-ref --format=%(refname)%00%(upstream:short)%00%(objectname)%00%(upstream:track)%00%(upstream:remotename)%00%(upstream:remoteref) refs/heads/feature-product-index refs/remotes/feature-product-index [1ms]
2024-01-26 07:49:07.513 [info] > git status -z -uall [16ms]
2024-01-26 07:49:12.577 [info] > git config --get commit.template [1ms]
2024-01-26 07:49:12.588 [info] > git for-each-ref --format=%(refname)%00%(upstream:short)%00%(objectname)%00%(upstream:track)%00%(upstream:remotename)%00%(upstream:remoteref) refs/heads/feature-product-index refs/remotes/feature-product-index [1ms]
2024-01-26 07:49:12.617 [info] > git status -z -uall [20ms]
2024-01-26 07:50:07.569 [info] > git config --get commit.template [2ms]
2024-01-26 07:50:07.579 [info] > git for-each-ref --format=%(refname)%00%(upstream:short)%00%(objectname)%00%(upstream:track)%00%(upstream:remotename)%00%(upstream:remoteref) refs/heads/feature-product-index refs/remotes/feature-product-index [1ms]
2024-01-26 07:50:07.613 [info] > git status -z -uall [25ms]
2024-01-26 07:51:42.916 [info] > git config --get commit.template [1ms]
2024-01-26 07:51:42.927 [info] > git for-each-ref --format=%(refname)%00%(upstream:short)%00%(objectname)%00%(upstream:track)%00%(upstream:remotename)%00%(upstream:remoteref) refs/heads/feature-product-index refs/remotes/feature-product-index [2ms]
2024-01-26 07:51:42.957 [info] > git status -z -uall [22ms]
2024-01-26 07:51:48.034 [info] > git config --get commit.template [1ms]
2024-01-26 07:51:48.042 [info] > git for-each-ref --format=%(refname)%00%(upstream:short)%00%(objectname)%00%(upstream:track)%00%(upstream:remotename)%00%(upstream:remoteref) refs/heads/feature-product-index refs/remotes/feature-product-index [1ms]
2024-01-26 07:51:48.066 [info] > git status -z -uall [17ms]
2024-01-26 07:51:53.140 [info] > git config --get commit.template [9ms]
2024-01-26 07:51:53.141 [info] > git for-each-ref --format=%(refname)%00%(upstream:short)%00%(objectname)%00%(upstream:track)%00%(upstream:remotename)%00%(upstream:remoteref) refs/heads/feature-product-index refs/remotes/feature-product-index [1ms]
2024-01-26 07:51:53.167 [info] > git status -z -uall [18ms]
2024-01-26 07:51:58.236 [info] > git config --get commit.template [1ms]
2024-01-26 07:51:58.245 [info] > git for-each-ref --format=%(refname)%00%(upstream:short)%00%(objectname)%00%(upstream:track)%00%(upstream:remotename)%00%(upstream:remoteref) refs/heads/feature-product-index refs/remotes/feature-product-index [1ms]
2024-01-26 07:51:58.268 [info] > git status -z -uall [17ms]
2024-01-26 07:52:03.328 [info] > git config --get commit.template [1ms]
2024-01-26 07:52:03.335 [info] > git for-each-ref --format=%(refname)%00%(upstream:short)%00%(objectname)%00%(upstream:track)%00%(upstream:remotename)%00%(upstream:remoteref) refs/heads/feature-product-index refs/remotes/feature-product-index [0ms]
2024-01-26 07:52:03.359 [info] > git status -z -uall [16ms]
2024-01-26 07:52:08.423 [info] > git config --get commit.template [1ms]
2024-01-26 07:52:08.433 [info] > git for-each-ref --format=%(refname)%00%(upstream:short)%00%(objectname)%00%(upstream:track)%00%(upstream:remotename)%00%(upstream:remoteref) refs/heads/feature-product-index refs/remotes/feature-product-index [1ms]
2024-01-26 07:52:08.458 [info] > git status -z -uall [17ms]
2024-01-26 07:52:13.526 [info] > git config --get commit.template [1ms]
2024-01-26 07:52:13.534 [info] > git for-each-ref --format=%(refname)%00%(upstream:short)%00%(objectname)%00%(upstream:track)%00%(upstream:remotename)%00%(upstream:remoteref) refs/heads/feature-product-index refs/remotes/feature-product-index [1ms]
2024-01-26 07:52:13.558 [info] > git status -z -uall [17ms]
2024-01-26 07:55:06.439 [info] > git config --get commit.template [3ms]
2024-01-26 07:55:06.451 [info] > git for-each-ref --format=%(refname)%00%(upstream:short)%00%(objectname)%00%(upstream:track)%00%(upstream:remotename)%00%(upstream:remoteref) refs/heads/feature-product-index refs/remotes/feature-product-index [1ms]
2024-01-26 07:55:06.485 [info] > git status -z -uall [24ms]
2024-01-26 07:55:13.235 [info] > git config --get commit.template [1ms]
2024-01-26 07:55:13.245 [info] > git for-each-ref --format=%(refname)%00%(upstream:short)%00%(objectname)%00%(upstream:track)%00%(upstream:remotename)%00%(upstream:remoteref) refs/heads/feature-product-index refs/remotes/feature-product-index [1ms]
2024-01-26 07:55:13.276 [info] > git status -z -uall [22ms]
2024-01-26 07:55:35.382 [info] > git config --get commit.template [1ms]
2024-01-26 07:55:35.394 [info] > git for-each-ref --format=%(refname)%00%(upstream:short)%00%(objectname)%00%(upstream:track)%00%(upstream:remotename)%00%(upstream:remoteref) refs/heads/feature-product-index refs/remotes/feature-product-index [1ms]
2024-01-26 07:55:35.427 [info] > git status -z -uall [23ms]
2024-01-26 07:55:40.507 [info] > git config --get commit.template [1ms]
2024-01-26 07:55:40.516 [info] > git for-each-ref --format=%(refname)%00%(upstream:short)%00%(objectname)%00%(upstream:track)%00%(upstream:remotename)%00%(upstream:remoteref) refs/heads/feature-product-index refs/remotes/feature-product-index [1ms]
2024-01-26 07:55:40.540 [info] > git status -z -uall [17ms]
2024-01-26 07:55:45.613 [info] > git config --get commit.template [10ms]
2024-01-26 07:55:45.614 [info] > git for-each-ref --format=%(refname)%00%(upstream:short)%00%(objectname)%00%(upstream:track)%00%(upstream:remotename)%00%(upstream:remoteref) refs/heads/feature-product-index refs/remotes/feature-product-index [2ms]
2024-01-26 07:55:45.638 [info] > git status -z -uall [17ms]
2024-01-26 07:56:22.067 [info] > git config --get commit.template [2ms]
2024-01-26 07:56:22.078 [info] > git for-each-ref --format=%(refname)%00%(upstream:short)%00%(objectname)%00%(upstream:track)%00%(upstream:remotename)%00%(upstream:remoteref) refs/heads/feature-product-index refs/remotes/feature-product-index [1ms]
2024-01-26 07:56:22.111 [info] > git status -z -uall [24ms]
2024-01-26 07:56:27.991 [info] > git config --get commit.template [2ms]
2024-01-26 07:56:28.002 [info] > git for-each-ref --format=%(refname)%00%(upstream:short)%00%(objectname)%00%(upstream:track)%00%(upstream:remotename)%00%(upstream:remoteref) refs/heads/feature-product-index refs/remotes/feature-product-index [2ms]
2024-01-26 07:56:28.031 [info] > git status -z -uall [21ms]
2024-01-26 07:56:35.539 [info] > git config --get commit.template [2ms]
2024-01-26 07:56:35.557 [info] > git for-each-ref --format=%(refname)%00%(upstream:short)%00%(objectname)%00%(upstream:track)%00%(upstream:remotename)%00%(upstream:remoteref) refs/heads/feature-product-index refs/remotes/feature-product-index [2ms]
2024-01-26 07:56:35.590 [info] > git status -z -uall [21ms]
2024-01-26 07:56:40.691 [info] > git config --get commit.template [1ms]
2024-01-26 07:56:40.700 [info] > git for-each-ref --format=%(refname)%00%(upstream:short)%00%(objectname)%00%(upstream:track)%00%(upstream:remotename)%00%(upstream:remoteref) refs/heads/feature-product-index refs/remotes/feature-product-index [1ms]
2024-01-26 07:56:40.726 [info] > git status -z -uall [18ms]
2024-01-26 07:56:46.566 [info] > git config --get commit.template [2ms]
2024-01-26 07:56:46.575 [info] > git for-each-ref --format=%(refname)%00%(upstream:short)%00%(objectname)%00%(upstream:track)%00%(upstream:remotename)%00%(upstream:remoteref) refs/heads/feature-product-index refs/remotes/feature-product-index [0ms]
2024-01-26 07:56:46.599 [info] > git status -z -uall [17ms]
2024-01-26 07:57:00.110 [info] > git config --get commit.template [1ms]
2024-01-26 07:57:00.121 [info] > git for-each-ref --format=%(refname)%00%(upstream:short)%00%(objectname)%00%(upstream:track)%00%(upstream:remotename)%00%(upstream:remoteref) refs/heads/feature-product-index refs/remotes/feature-product-index [1ms]
2024-01-26 07:57:00.152 [info] > git status -z -uall [21ms]
2024-01-26 07:57:11.592 [info] > git config --get commit.template [2ms]
2024-01-26 07:57:11.603 [info] > git for-each-ref --format=%(refname)%00%(upstream:short)%00%(objectname)%00%(upstream:track)%00%(upstream:remotename)%00%(upstream:remoteref) refs/heads/feature-product-index refs/remotes/feature-product-index [1ms]
2024-01-26 07:57:11.637 [info] > git status -z -uall [23ms]
2024-01-26 07:57:26.949 [info] > git config --get commit.template [3ms]
2024-01-26 07:57:26.963 [info] > git for-each-ref --format=%(refname)%00%(upstream:short)%00%(objectname)%00%(upstream:track)%00%(upstream:remotename)%00%(upstream:remoteref) refs/heads/feature-product-index refs/remotes/feature-product-index [2ms]
2024-01-26 07:57:26.993 [info] > git status -z -uall [21ms]
2024-01-26 08:01:20.111 [info] > git config --get commit.template [2ms]
2024-01-26 08:01:20.123 [info] > git for-each-ref --format=%(refname)%00%(upstream:short)%00%(objectname)%00%(upstream:track)%00%(upstream:remotename)%00%(upstream:remoteref) refs/heads/feature-product-index refs/remotes/feature-product-index [1ms]
2024-01-26 08:01:20.156 [info] > git status -z -uall [23ms]
2024-01-26 08:02:30.134 [info] > git config --get commit.template [16ms]
2024-01-26 08:02:30.134 [info] > git for-each-ref --format=%(refname)%00%(upstream:short)%00%(objectname)%00%(upstream:track)%00%(upstream:remotename)%00%(upstream:remoteref) refs/heads/feature-product-index refs/remotes/feature-product-index [2ms]
2024-01-26 08:02:30.172 [info] > git status -z -uall [29ms]
2024-01-26 08:02:33.696 [info] > git show --textconv :app/views/admin/products/show.html.slim [9ms]
2024-01-26 08:02:33.698 [info] > git ls-files --stage -- /home/jagaimo/app/views/admin/products/show.html.slim [3ms]
2024-01-26 08:02:35.252 [info] > git config --get commit.template [2ms]
2024-01-26 08:02:35.260 [info] > git for-each-ref --format=%(refname)%00%(upstream:short)%00%(objectname)%00%(upstream:track)%00%(upstream:remotename)%00%(upstream:remoteref) refs/heads/feature-product-index refs/remotes/feature-product-index [1ms]
2024-01-26 08:02:35.286 [info] > git status -z -uall [18ms]
2024-01-26 08:02:40.354 [info] > git config --get commit.template [1ms]
2024-01-26 08:02:40.366 [info] > git for-each-ref --format=%(refname)%00%(upstream:short)%00%(objectname)%00%(upstream:track)%00%(upstream:remotename)%00%(upstream:remoteref) refs/heads/feature-product-index refs/remotes/feature-product-index [1ms]
2024-01-26 08:02:40.394 [info] > git status -z -uall [20ms]
2024-01-26 08:02:45.469 [info] > git config --get commit.template [8ms]
2024-01-26 08:02:45.470 [info] > git for-each-ref --format=%(refname)%00%(upstream:short)%00%(objectname)%00%(upstream:track)%00%(upstream:remotename)%00%(upstream:remoteref) refs/heads/feature-product-index refs/remotes/feature-product-index [1ms]
2024-01-26 08:02:45.495 [info] > git status -z -uall [18ms]
2024-01-26 08:02:50.586 [info] > git config --get commit.template [2ms]
2024-01-26 08:02:50.595 [info] > git for-each-ref --format=%(refname)%00%(upstream:short)%00%(objectname)%00%(upstream:track)%00%(upstream:remotename)%00%(upstream:remoteref) refs/heads/feature-product-index refs/remotes/feature-product-index [1ms]
2024-01-26 08:02:50.621 [info] > git status -z -uall [18ms]
2024-01-26 08:02:55.688 [info] > git config --get commit.template [2ms]
2024-01-26 08:02:55.697 [info] > git for-each-ref --format=%(refname)%00%(upstream:short)%00%(objectname)%00%(upstream:track)%00%(upstream:remotename)%00%(upstream:remoteref) refs/heads/feature-product-index refs/remotes/feature-product-index [1ms]
2024-01-26 08:02:55.721 [info] > git status -z -uall [17ms]
2024-01-26 08:03:00.785 [info] > git config --get commit.template [1ms]
2024-01-26 08:03:00.795 [info] > git for-each-ref --format=%(refname)%00%(upstream:short)%00%(objectname)%00%(upstream:track)%00%(upstream:remotename)%00%(upstream:remoteref) refs/heads/feature-product-index refs/remotes/feature-product-index [1ms]
2024-01-26 08:03:00.820 [info] > git status -z -uall [17ms]
2024-01-26 08:03:05.896 [info] > git config --get commit.template [11ms]
2024-01-26 08:03:05.896 [info] > git for-each-ref --format=%(refname)%00%(upstream:short)%00%(objectname)%00%(upstream:track)%00%(upstream:remotename)%00%(upstream:remoteref) refs/heads/feature-product-index refs/remotes/feature-product-index [1ms]
2024-01-26 08:03:05.921 [info] > git status -z -uall [16ms]
2024-01-26 08:04:46.930 [info] > git config --get commit.template [2ms]
2024-01-26 08:04:46.939 [info] > git for-each-ref --format=%(refname)%00%(upstream:short)%00%(objectname)%00%(upstream:track)%00%(upstream:remotename)%00%(upstream:remoteref) refs/heads/feature-product-index refs/remotes/feature-product-index [1ms]
2024-01-26 08:04:46.974 [info] > git status -z -uall [26ms]
2024-01-26 08:04:52.071 [info] > git config --get commit.template [11ms]
2024-01-26 08:04:52.072 [info] > git for-each-ref --format=%(refname)%00%(upstream:short)%00%(objectname)%00%(upstream:track)%00%(upstream:remotename)%00%(upstream:remoteref) refs/heads/feature-product-index refs/remotes/feature-product-index [2ms]
2024-01-26 08:04:52.103 [info] > git status -z -uall [23ms]
2024-01-26 08:04:57.182 [info] > git config --get commit.template [1ms]
2024-01-26 08:04:57.191 [info] > git for-each-ref --format=%(refname)%00%(upstream:short)%00%(objectname)%00%(upstream:track)%00%(upstream:remotename)%00%(upstream:remoteref) refs/heads/feature-product-index refs/remotes/feature-product-index [1ms]
2024-01-26 08:04:57.221 [info] > git status -z -uall [22ms]
2024-01-26 08:05:02.297 [info] > git config --get commit.template [10ms]
2024-01-26 08:05:02.298 [info] > git for-each-ref --format=%(refname)%00%(upstream:short)%00%(objectname)%00%(upstream:track)%00%(upstream:remotename)%00%(upstream:remoteref) refs/heads/feature-product-index refs/remotes/feature-product-index [3ms]
2024-01-26 08:05:02.328 [info] > git status -z -uall [19ms]
2024-01-26 08:05:07.408 [info] > git config --get commit.template [10ms]
2024-01-26 08:05:07.408 [info] > git for-each-ref --format=%(refname)%00%(upstream:short)%00%(objectname)%00%(upstream:track)%00%(upstream:remotename)%00%(upstream:remoteref) refs/heads/feature-product-index refs/remotes/feature-product-index [1ms]
2024-01-26 08:05:07.433 [info] > git status -z -uall [16ms]
2024-01-26 08:05:12.501 [info] > git config --get commit.template [1ms]
2024-01-26 08:05:12.511 [info] > git for-each-ref --format=%(refname)%00%(upstream:short)%00%(objectname)%00%(upstream:track)%00%(upstream:remotename)%00%(upstream:remoteref) refs/heads/feature-product-index refs/remotes/feature-product-index [1ms]
2024-01-26 08:05:12.540 [info] > git status -z -uall [21ms]
2024-01-26 08:05:19.391 [info] > git config --get commit.template [19ms]
2024-01-26 08:05:19.393 [info] > git for-each-ref --format=%(refname)%00%(upstream:short)%00%(objectname)%00%(upstream:track)%00%(upstream:remotename)%00%(upstream:remoteref) refs/heads/feature-product-index refs/remotes/feature-product-index [3ms]
2024-01-26 08:05:19.425 [info] > git status -z -uall [20ms]
2024-01-26 08:05:24.498 [info] > git config --get commit.template [9ms]
2024-01-26 08:05:24.499 [info] > git for-each-ref --format=%(refname)%00%(upstream:short)%00%(objectname)%00%(upstream:track)%00%(upstream:remotename)%00%(upstream:remoteref) refs/heads/feature-product-index refs/remotes/feature-product-index [1ms]
2024-01-26 08:05:24.527 [info] > git status -z -uall [18ms]
2024-01-26 08:05:29.596 [info] > git config --get commit.template [1ms]
2024-01-26 08:05:29.612 [info] > git for-each-ref --format=%(refname)%00%(upstream:short)%00%(objectname)%00%(upstream:track)%00%(upstream:remotename)%00%(upstream:remoteref) refs/heads/feature-product-index refs/remotes/feature-product-index [2ms]
2024-01-26 08:05:29.638 [info] > git status -z -uall [17ms]
2024-01-26 08:05:34.705 [info] > git config --get commit.template [2ms]
2024-01-26 08:05:34.713 [info] > git for-each-ref --format=%(refname)%00%(upstream:short)%00%(objectname)%00%(upstream:track)%00%(upstream:remotename)%00%(upstream:remoteref) refs/heads/feature-product-index refs/remotes/feature-product-index [1ms]
2024-01-26 08:05:34.739 [info] > git status -z -uall [17ms]
2024-01-26 08:06:10.333 [info] > git config --get commit.template [3ms]
2024-01-26 08:06:10.345 [info] > git for-each-ref --format=%(refname)%00%(upstream:short)%00%(objectname)%00%(upstream:track)%00%(upstream:remotename)%00%(upstream:remoteref) refs/heads/feature-product-index refs/remotes/feature-product-index [1ms]
2024-01-26 08:06:10.377 [info] > git status -z -uall [24ms]
2024-01-26 08:06:15.896 [info] > git config --get commit.template [16ms]
2024-01-26 08:06:15.897 [info] > git for-each-ref --format=%(refname)%00%(upstream:short)%00%(objectname)%00%(upstream:track)%00%(upstream:remotename)%00%(upstream:remoteref) refs/heads/feature-product-index refs/remotes/feature-product-index [2ms]
2024-01-26 08:06:15.926 [info] > git status -z -uall [18ms]
2024-01-26 08:06:20.992 [info] > git config --get commit.template [1ms]
2024-01-26 08:06:21.002 [info] > git for-each-ref --format=%(refname)%00%(upstream:short)%00%(objectname)%00%(upstream:track)%00%(upstream:remotename)%00%(upstream:remoteref) refs/heads/feature-product-index refs/remotes/feature-product-index [0ms]
2024-01-26 08:06:21.029 [info] > git status -z -uall [19ms]
2024-01-26 08:06:26.643 [info] > git config --get commit.template [16ms]
2024-01-26 08:06:26.644 [info] > git for-each-ref --format=%(refname)%00%(upstream:short)%00%(objectname)%00%(upstream:track)%00%(upstream:remotename)%00%(upstream:remoteref) refs/heads/feature-product-index refs/remotes/feature-product-index [1ms]
2024-01-26 08:06:26.675 [info] > git status -z -uall [20ms]
2024-01-26 08:06:32.201 [info] > git config --get commit.template [14ms]
2024-01-26 08:06:32.201 [info] > git for-each-ref --format=%(refname)%00%(upstream:short)%00%(objectname)%00%(upstream:track)%00%(upstream:remotename)%00%(upstream:remoteref) refs/heads/feature-product-index refs/remotes/feature-product-index [1ms]
2024-01-26 08:06:32.234 [info] > git status -z -uall [20ms]
2024-01-26 08:06:38.368 [info] > git config --get commit.template [1ms]
2024-01-26 08:06:38.379 [info] > git for-each-ref --format=%(refname)%00%(upstream:short)%00%(objectname)%00%(upstream:track)%00%(upstream:remotename)%00%(upstream:remoteref) refs/heads/feature-product-index refs/remotes/feature-product-index [1ms]
2024-01-26 08:06:38.406 [info] > git status -z -uall [17ms]
2024-01-26 08:06:43.463 [info] > git config --get commit.template [1ms]
2024-01-26 08:06:43.474 [info] > git for-each-ref --format=%(refname)%00%(upstream:short)%00%(objectname)%00%(upstream:track)%00%(upstream:remotename)%00%(upstream:remoteref) refs/heads/feature-product-index refs/remotes/feature-product-index [1ms]
2024-01-26 08:06:43.502 [info] > git status -z -uall [18ms]
2024-01-26 08:06:48.658 [info] > git config --get commit.template [1ms]
2024-01-26 08:06:48.673 [info] > git for-each-ref --format=%(refname)%00%(upstream:short)%00%(objectname)%00%(upstream:track)%00%(upstream:remotename)%00%(upstream:remoteref) refs/heads/feature-product-index refs/remotes/feature-product-index [1ms]
2024-01-26 08:06:48.709 [info] > git status -z -uall [17ms]
2024-01-26 08:06:53.777 [info] > git config --get commit.template [1ms]
2024-01-26 08:06:53.790 [info] > git for-each-ref --format=%(refname)%00%(upstream:short)%00%(objectname)%00%(upstream:track)%00%(upstream:remotename)%00%(upstream:remoteref) refs/heads/feature-product-index refs/remotes/feature-product-index [1ms]
2024-01-26 08:06:53.821 [info] > git status -z -uall [17ms]
2024-01-26 08:06:59.399 [info] > git config --get commit.template [17ms]
2024-01-26 08:06:59.399 [info] > git for-each-ref --format=%(refname)%00%(upstream:short)%00%(objectname)%00%(upstream:track)%00%(upstream:remotename)%00%(upstream:remoteref) refs/heads/feature-product-index refs/remotes/feature-product-index [1ms]
2024-01-26 08:06:59.431 [info] > git status -z -uall [17ms]
2024-01-26 08:07:04.493 [info] > git config --get commit.template [1ms]
2024-01-26 08:07:04.507 [info] > git for-each-ref --format=%(refname)%00%(upstream:short)%00%(objectname)%00%(upstream:track)%00%(upstream:remotename)%00%(upstream:remoteref) refs/heads/feature-product-index refs/remotes/feature-product-index [1ms]
2024-01-26 08:07:04.537 [info] > git status -z -uall [18ms]
2024-01-26 08:07:16.863 [info] > git config --get commit.template [14ms]
2024-01-26 08:07:16.863 [info] > git for-each-ref --format=%(refname)%00%(upstream:short)%00%(objectname)%00%(upstream:track)%00%(upstream:remotename)%00%(upstream:remoteref) refs/heads/feature-product-index refs/remotes/feature-product-index [0ms]
2024-01-26 08:07:16.893 [info] > git status -z -uall [17ms]
2024-01-26 08:07:21.956 [info] > git config --get commit.template [2ms]
2024-01-26 08:07:21.970 [info] > git for-each-ref --format=%(refname)%00%(upstream:short)%00%(objectname)%00%(upstream:track)%00%(upstream:remotename)%00%(upstream:remoteref) refs/heads/feature-product-index refs/remotes/feature-product-index [1ms]
2024-01-26 08:07:22.002 [info] > git status -z -uall [18ms]
2024-01-26 08:07:27.081 [info] > git config --get commit.template [14ms]
2024-01-26 08:07:27.081 [info] > git for-each-ref --format=%(refname)%00%(upstream:short)%00%(objectname)%00%(upstream:track)%00%(upstream:remotename)%00%(upstream:remoteref) refs/heads/feature-product-index refs/remotes/feature-product-index [1ms]
2024-01-26 08:07:27.116 [info] > git status -z -uall [17ms]
2024-01-26 08:07:32.188 [info] > git config --get commit.template [2ms]
2024-01-26 08:07:32.200 [info] > git for-each-ref --format=%(refname)%00%(upstream:short)%00%(objectname)%00%(upstream:track)%00%(upstream:remotename)%00%(upstream:remoteref) refs/heads/feature-product-index refs/remotes/feature-product-index [0ms]
2024-01-26 08:07:32.232 [info] > git status -z -uall [19ms]
2024-01-26 08:08:00.753 [info] > git config --get commit.template [2ms]
2024-01-26 08:08:00.764 [info] > git for-each-ref --format=%(refname)%00%(upstream:short)%00%(objectname)%00%(upstream:track)%00%(upstream:remotename)%00%(upstream:remoteref) refs/heads/feature-product-index refs/remotes/feature-product-index [1ms]
2024-01-26 08:08:00.799 [info] > git status -z -uall [25ms]
2024-01-26 08:08:07.252 [info] > git config --get commit.template [16ms]
2024-01-26 08:08:07.253 [info] > git for-each-ref --format=%(refname)%00%(upstream:short)%00%(objectname)%00%(upstream:track)%00%(upstream:remotename)%00%(upstream:remoteref) refs/heads/feature-product-index refs/remotes/feature-product-index [1ms]
2024-01-26 08:08:07.279 [info] > git status -z -uall [18ms]
2024-01-26 08:08:19.087 [info] > git config --get commit.template [1ms]
2024-01-26 08:08:19.101 [info] > git for-each-ref --format=%(refname)%00%(upstream:short)%00%(objectname)%00%(upstream:track)%00%(upstream:remotename)%00%(upstream:remoteref) refs/heads/feature-product-index refs/remotes/feature-product-index [2ms]
2024-01-26 08:08:19.130 [info] > git status -z -uall [20ms]
2024-01-26 08:08:33.719 [info] > git config --get commit.template [1ms]
2024-01-26 08:08:33.728 [info] > git for-each-ref --format=%(refname)%00%(upstream:short)%00%(objectname)%00%(upstream:track)%00%(upstream:remotename)%00%(upstream:remoteref) refs/heads/feature-product-index refs/remotes/feature-product-index [1ms]
2024-01-26 08:08:33.757 [info] > git status -z -uall [22ms]
2024-01-26 08:08:38.845 [info] > git config --get commit.template [7ms]
2024-01-26 08:08:38.845 [info] > git for-each-ref --format=%(refname)%00%(upstream:short)%00%(objectname)%00%(upstream:track)%00%(upstream:remotename)%00%(upstream:remoteref) refs/heads/feature-product-index refs/remotes/feature-product-index [1ms]
2024-01-26 08:08:38.870 [info] > git status -z -uall [18ms]
2024-01-26 08:08:43.929 [info] > git config --get commit.template [1ms]
2024-01-26 08:08:43.937 [info] > git for-each-ref --format=%(refname)%00%(upstream:short)%00%(objectname)%00%(upstream:track)%00%(upstream:remotename)%00%(upstream:remoteref) refs/heads/feature-product-index refs/remotes/feature-product-index [1ms]
2024-01-26 08:08:43.966 [info] > git status -z -uall [20ms]
2024-01-26 08:08:52.487 [info] > git config --get commit.template [1ms]
2024-01-26 08:08:52.496 [info] > git for-each-ref --format=%(refname)%00%(upstream:short)%00%(objectname)%00%(upstream:track)%00%(upstream:remotename)%00%(upstream:remoteref) refs/heads/feature-product-index refs/remotes/feature-product-index [1ms]
2024-01-26 08:08:52.520 [info] > git status -z -uall [17ms]
2024-01-26 08:08:57.588 [info] > git config --get commit.template [1ms]
2024-01-26 08:08:57.597 [info] > git for-each-ref --format=%(refname)%00%(upstream:short)%00%(objectname)%00%(upstream:track)%00%(upstream:remotename)%00%(upstream:remoteref) refs/heads/feature-product-index refs/remotes/feature-product-index [1ms]
2024-01-26 08:08:57.622 [info] > git status -z -uall [18ms]
2024-01-26 08:09:05.423 [info] > git config --get commit.template [13ms]
2024-01-26 08:09:05.424 [info] > git for-each-ref --format=%(refname)%00%(upstream:short)%00%(objectname)%00%(upstream:track)%00%(upstream:remotename)%00%(upstream:remoteref) refs/heads/feature-product-index refs/remotes/feature-product-index [2ms]
2024-01-26 08:09:05.453 [info] > git status -z -uall [19ms]
2024-01-26 08:09:10.518 [info] > git config --get commit.template [1ms]
2024-01-26 08:09:10.529 [info] > git for-each-ref --format=%(refname)%00%(upstream:short)%00%(objectname)%00%(upstream:track)%00%(upstream:remotename)%00%(upstream:remoteref) refs/heads/feature-product-index refs/remotes/feature-product-index [1ms]
2024-01-26 08:09:10.558 [info] > git status -z -uall [22ms]
2024-01-26 08:09:15.627 [info] > git config --get commit.template [1ms]
2024-01-26 08:09:15.637 [info] > git for-each-ref --format=%(refname)%00%(upstream:short)%00%(objectname)%00%(upstream:track)%00%(upstream:remotename)%00%(upstream:remoteref) refs/heads/feature-product-index refs/remotes/feature-product-index [1ms]
2024-01-26 08:09:15.663 [info] > git status -z -uall [19ms]
2024-01-26 08:09:40.547 [info] > git config --get commit.template [3ms]
2024-01-26 08:09:40.557 [info] > git for-each-ref --format=%(refname)%00%(upstream:short)%00%(objectname)%00%(upstream:track)%00%(upstream:remotename)%00%(upstream:remoteref) refs/heads/feature-product-index refs/remotes/feature-product-index [1ms]
2024-01-26 08:09:40.595 [info] > git status -z -uall [28ms]
2024-01-26 08:10:07.737 [info] > git config --get commit.template [1ms]
2024-01-26 08:10:07.746 [info] > git for-each-ref --format=%(refname)%00%(upstream:short)%00%(objectname)%00%(upstream:track)%00%(upstream:remotename)%00%(upstream:remoteref) refs/heads/feature-product-index refs/remotes/feature-product-index [0ms]
2024-01-26 08:10:07.774 [info] > git status -z -uall [20ms]
2024-01-26 08:10:12.850 [info] > git config --get commit.template [1ms]
2024-01-26 08:10:12.858 [info] > git for-each-ref --format=%(refname)%00%(upstream:short)%00%(objectname)%00%(upstream:track)%00%(upstream:remotename)%00%(upstream:remoteref) refs/heads/feature-product-index refs/remotes/feature-product-index [1ms]
2024-01-26 08:10:12.883 [info] > git status -z -uall [17ms]
2024-01-26 08:12:09.636 [info] > git config --get commit.template [9ms]
2024-01-26 08:12:09.637 [info] > git for-each-ref --format=%(refname)%00%(upstream:short)%00%(objectname)%00%(upstream:track)%00%(upstream:remotename)%00%(upstream:remoteref) refs/heads/feature-product-index refs/remotes/feature-product-index [2ms]
2024-01-26 08:12:09.666 [info] > git status -z -uall [22ms]
2024-01-26 08:12:14.745 [info] > git config --get commit.template [10ms]
2024-01-26 08:12:14.746 [info] > git for-each-ref --format=%(refname)%00%(upstream:short)%00%(objectname)%00%(upstream:track)%00%(upstream:remotename)%00%(upstream:remoteref) refs/heads/feature-product-index refs/remotes/feature-product-index [1ms]
2024-01-26 08:12:14.776 [info] > git status -z -uall [21ms]
2024-01-26 08:12:19.842 [info] > git config --get commit.template [0ms]
2024-01-26 08:12:19.851 [info] > git for-each-ref --format=%(refname)%00%(upstream:short)%00%(objectname)%00%(upstream:track)%00%(upstream:remotename)%00%(upstream:remoteref) refs/heads/feature-product-index refs/remotes/feature-product-index [1ms]
2024-01-26 08:12:19.877 [info] > git status -z -uall [17ms]
2024-01-26 08:12:21.032 [info] > git check-ignore -v -z --stdin [2ms]
2024-01-26 08:12:22.297 [info] > git check-ignore -v -z --stdin [1ms]
2024-01-26 08:12:24.942 [info] > git config --get commit.template [1ms]
2024-01-26 08:12:24.951 [info] > git for-each-ref --format=%(refname)%00%(upstream:short)%00%(objectname)%00%(upstream:track)%00%(upstream:remotename)%00%(upstream:remoteref) refs/heads/feature-product-index refs/remotes/feature-product-index [1ms]
2024-01-26 08:12:24.976 [info] > git status -z -uall [18ms]
2024-01-26 08:12:25.916 [info] > git check-ignore -v -z --stdin [2ms]
2024-01-26 08:12:30.039 [info] > git config --get commit.template [1ms]
2024-01-26 08:12:30.049 [info] > git for-each-ref --format=%(refname)%00%(upstream:short)%00%(objectname)%00%(upstream:track)%00%(upstream:remotename)%00%(upstream:remoteref) refs/heads/feature-product-index refs/remotes/feature-product-index [1ms]
2024-01-26 08:12:30.074 [info] > git status -z -uall [17ms]
2024-01-26 08:12:30.570 [info] > git check-ignore -v -z --stdin [1ms]
2024-01-26 08:12:35.137 [info] > git config --get commit.template [1ms]
2024-01-26 08:12:35.147 [info] > git for-each-ref --format=%(refname)%00%(upstream:short)%00%(objectname)%00%(upstream:track)%00%(upstream:remotename)%00%(upstream:remoteref) refs/heads/feature-product-index refs/remotes/feature-product-index [1ms]
2024-01-26 08:12:35.176 [info] > git status -z -uall [19ms]
2024-01-26 08:12:39.771 [info] > git check-ignore -v -z --stdin [1ms]
2024-01-26 08:12:40.246 [info] > git config --get commit.template [10ms]
2024-01-26 08:12:40.247 [info] > git for-each-ref --format=%(refname)%00%(upstream:short)%00%(objectname)%00%(upstream:track)%00%(upstream:remotename)%00%(upstream:remoteref) refs/heads/feature-product-index refs/remotes/feature-product-index [2ms]
2024-01-26 08:12:40.275 [info] > git status -z -uall [18ms]
2024-01-26 08:12:42.304 [info] > git check-ignore -v -z --stdin [1ms]
2024-01-26 08:12:43.150 [info] > git check-ignore -v -z --stdin [1ms]
2024-01-26 08:12:43.965 [info] > git check-ignore -v -z --stdin [0ms]
2024-01-26 08:12:45.347 [info] > git config --get commit.template [9ms]
2024-01-26 08:12:45.347 [info] > git for-each-ref --format=%(refname)%00%(upstream:short)%00%(objectname)%00%(upstream:track)%00%(upstream:remotename)%00%(upstream:remoteref) refs/heads/feature-product-index refs/remotes/feature-product-index [1ms]
2024-01-26 08:12:45.373 [info] > git status -z -uall [18ms]
2024-01-26 08:12:45.843 [info] > git check-ignore -v -z --stdin [1ms]
2024-01-26 08:12:50.447 [info] > git config --get commit.template [1ms]
2024-01-26 08:12:50.457 [info] > git for-each-ref --format=%(refname)%00%(upstream:short)%00%(objectname)%00%(upstream:track)%00%(upstream:remotename)%00%(upstream:remoteref) refs/heads/feature-product-index refs/remotes/feature-product-index [1ms]
2024-01-26 08:12:50.486 [info] > git status -z -uall [17ms]
2024-01-26 08:12:52.661 [info] > git check-ignore -v -z --stdin [1ms]
2024-01-26 08:12:53.602 [info] > git check-ignore -v -z --stdin [1ms]
2024-01-26 08:12:55.568 [info] > git config --get commit.template [10ms]
2024-01-26 08:12:55.568 [info] > git for-each-ref --format=%(refname)%00%(upstream:short)%00%(objectname)%00%(upstream:track)%00%(upstream:remotename)%00%(upstream:remoteref) refs/heads/feature-product-index refs/remotes/feature-product-index [1ms]
2024-01-26 08:12:55.597 [info] > git status -z -uall [18ms]
2024-01-26 08:13:00.662 [info] > git config --get commit.template [1ms]
2024-01-26 08:13:00.672 [info] > git for-each-ref --format=%(refname)%00%(upstream:short)%00%(objectname)%00%(upstream:track)%00%(upstream:remotename)%00%(upstream:remoteref) refs/heads/feature-product-index refs/remotes/feature-product-index [1ms]
2024-01-26 08:13:00.698 [info] > git status -z -uall [17ms]
2024-01-26 08:13:05.766 [info] > git config --get commit.template [1ms]
2024-01-26 08:13:05.777 [info] > git for-each-ref --format=%(refname)%00%(upstream:short)%00%(objectname)%00%(upstream:track)%00%(upstream:remotename)%00%(upstream:remoteref) refs/heads/feature-product-index refs/remotes/feature-product-index [1ms]
2024-01-26 08:13:05.805 [info] > git status -z -uall [19ms]
2024-01-26 08:13:07.789 [info] > git check-ignore -v -z --stdin [1ms]
2024-01-26 08:13:10.869 [info] > git config --get commit.template [1ms]
2024-01-26 08:13:10.880 [info] > git for-each-ref --format=%(refname)%00%(upstream:short)%00%(objectname)%00%(upstream:track)%00%(upstream:remotename)%00%(upstream:remoteref) refs/heads/feature-product-index refs/remotes/feature-product-index [1ms]
2024-01-26 08:13:10.910 [info] > git status -z -uall [20ms]
2024-01-26 08:13:11.924 [info] > git check-ignore -v -z --stdin [1ms]
2024-01-26 08:13:15.972 [info] > git config --get commit.template [1ms]
2024-01-26 08:13:15.983 [info] > git for-each-ref --format=%(refname)%00%(upstream:short)%00%(objectname)%00%(upstream:track)%00%(upstream:remotename)%00%(upstream:remoteref) refs/heads/feature-product-index refs/remotes/feature-product-index [0ms]
2024-01-26 08:13:16.017 [info] > git status -z -uall [21ms]
2024-01-26 08:13:17.031 [info] > git check-ignore -v -z --stdin [2ms]
2024-01-26 08:13:21.075 [info] > git config --get commit.template [1ms]
2024-01-26 08:13:21.088 [info] > git for-each-ref --format=%(refname)%00%(upstream:short)%00%(objectname)%00%(upstream:track)%00%(upstream:remotename)%00%(upstream:remoteref) refs/heads/feature-product-index refs/remotes/feature-product-index [1ms]
2024-01-26 08:13:21.115 [info] > git status -z -uall [16ms]
2024-01-26 08:13:26.185 [info] > git config --get commit.template [1ms]
2024-01-26 08:13:26.197 [info] > git for-each-ref --format=%(refname)%00%(upstream:short)%00%(objectname)%00%(upstream:track)%00%(upstream:remotename)%00%(upstream:remoteref) refs/heads/feature-product-index refs/remotes/feature-product-index [1ms]
2024-01-26 08:13:26.226 [info] > git status -z -uall [17ms]
2024-01-26 08:13:31.295 [info] > git config --get commit.template [1ms]
2024-01-26 08:13:31.309 [info] > git for-each-ref --format=%(refname)%00%(upstream:short)%00%(objectname)%00%(upstream:track)%00%(upstream:remotename)%00%(upstream:remoteref) refs/heads/feature-product-index refs/remotes/feature-product-index [1ms]
2024-01-26 08:13:31.337 [info] > git status -z -uall [17ms]
2024-01-26 08:13:34.064 [info] > git show --textconv :jagaimo/.config/configstore/update-notifier-npm.json [14ms]
2024-01-26 08:13:34.065 [info] > git ls-files --stage -- /home/jagaimo/jagaimo/.config/configstore/update-notifier-npm.json [3ms]
2024-01-26 08:13:36.405 [info] > git config --get commit.template [1ms]
2024-01-26 08:13:36.419 [info] > git for-each-ref --format=%(refname)%00%(upstream:short)%00%(objectname)%00%(upstream:track)%00%(upstream:remotename)%00%(upstream:remoteref) refs/heads/feature-product-index refs/remotes/feature-product-index [0ms]
2024-01-26 08:13:36.449 [info] > git status -z -uall [19ms]
2024-01-26 08:13:41.514 [info] > git config --get commit.template [1ms]
2024-01-26 08:13:41.526 [info] > git for-each-ref --format=%(refname)%00%(upstream:short)%00%(objectname)%00%(upstream:track)%00%(upstream:remotename)%00%(upstream:remoteref) refs/heads/feature-product-index refs/remotes/feature-product-index [0ms]
2024-01-26 08:13:41.557 [info] > git status -z -uall [17ms]
2024-01-26 08:13:42.057 [info] > git check-ignore -v -z --stdin [3ms]
2024-01-26 08:13:46.626 [info] > git config --get commit.template [1ms]
2024-01-26 08:13:46.641 [info] > git for-each-ref --format=%(refname)%00%(upstream:short)%00%(objectname)%00%(upstream:track)%00%(upstream:remotename)%00%(upstream:remoteref) refs/heads/feature-product-index refs/remotes/feature-product-index [1ms]
2024-01-26 08:13:46.671 [info] > git status -z -uall [17ms]
2024-01-26 08:13:47.297 [info] > git check-ignore -v -z --stdin [4ms]
2024-01-26 08:13:47.918 [info] > git check-ignore -v -z --stdin [1ms]
2024-01-26 08:13:48.494 [info] > git check-ignore -v -z --stdin [1ms]
2024-01-26 08:13:49.606 [info] > git check-ignore -v -z --stdin [1ms]
2024-01-26 08:13:51.735 [info] > git config --get commit.template [1ms]
2024-01-26 08:13:51.748 [info] > git for-each-ref --format=%(refname)%00%(upstream:short)%00%(objectname)%00%(upstream:track)%00%(upstream:remotename)%00%(upstream:remoteref) refs/heads/feature-product-index refs/remotes/feature-product-index [0ms]
2024-01-26 08:13:51.782 [info] > git status -z -uall [20ms]
2024-01-26 08:13:52.506 [info] > git show --textconv :jagaimo/.bundle/cache/compact_index/rubygems.org.443.29b0360b937aa4d161703e6160654e47/info/sass [16ms]
2024-01-26 08:13:52.506 [info] > git ls-files --stage -- /home/jagaimo/jagaimo/.bundle/cache/compact_index/rubygems.org.443.29b0360b937aa4d161703e6160654e47/info/sass [1ms]
2024-01-26 08:13:52.766 [info] > git check-ignore -v -z --stdin [2ms]
2024-01-26 08:13:53.865 [info] > git show --textconv :jagaimo/.bundle/cache/compact_index/rubygems.org.443.29b0360b937aa4d161703e6160654e47/info/sass-embedded [9ms]
2024-01-26 08:13:53.865 [info] > git ls-files --stage -- /home/jagaimo/jagaimo/.bundle/cache/compact_index/rubygems.org.443.29b0360b937aa4d161703e6160654e47/info/sass-embedded [1ms]
2024-01-26 08:13:54.448 [info] > git show --textconv :jagaimo/.bundle/cache/compact_index/rubygems.org.443.29b0360b937aa4d161703e6160654e47/info/sass-listen [12ms]
2024-01-26 08:13:54.449 [info] > git ls-files --stage -- /home/jagaimo/jagaimo/.bundle/cache/compact_index/rubygems.org.443.29b0360b937aa4d161703e6160654e47/info/sass-listen [1ms]
2024-01-26 08:13:54.965 [info] > git show --textconv :jagaimo/.bundle/cache/compact_index/rubygems.org.443.29b0360b937aa4d161703e6160654e47/info/sass-rails [16ms]
2024-01-26 08:13:54.966 [info] > git ls-files --stage -- /home/jagaimo/jagaimo/.bundle/cache/compact_index/rubygems.org.443.29b0360b937aa4d161703e6160654e47/info/sass-rails [2ms]
2024-01-26 08:13:55.397 [info] > git show --textconv :jagaimo/.bundle/cache/compact_index/rubygems.org.443.29b0360b937aa4d161703e6160654e47/info/sassc [12ms]
2024-01-26 08:13:55.398 [info] > git ls-files --stage -- /home/jagaimo/jagaimo/.bundle/cache/compact_index/rubygems.org.443.29b0360b937aa4d161703e6160654e47/info/sassc [2ms]
2024-01-26 08:13:55.911 [info] > git show --textconv :jagaimo/.bundle/cache/compact_index/rubygems.org.443.29b0360b937aa4d161703e6160654e47/info/sassc-rails [13ms]
2024-01-26 08:13:55.912 [info] > git ls-files --stage -- /home/jagaimo/jagaimo/.bundle/cache/compact_index/rubygems.org.443.29b0360b937aa4d161703e6160654e47/info/sassc-rails [1ms]
2024-01-26 08:13:56.858 [info] > git config --get commit.template [10ms]
2024-01-26 08:13:56.859 [info] > git for-each-ref --format=%(refname)%00%(upstream:short)%00%(objectname)%00%(upstream:track)%00%(upstream:remotename)%00%(upstream:remoteref) refs/heads/feature-product-index refs/remotes/feature-product-index [1ms]
2024-01-26 08:13:56.886 [info] > git status -z -uall [18ms]
2024-01-26 08:14:01.128 [info] > git check-ignore -v -z --stdin [1ms]
2024-01-26 08:14:01.954 [info] > git config --get commit.template [1ms]
2024-01-26 08:14:01.967 [info] > git for-each-ref --format=%(refname)%00%(upstream:short)%00%(objectname)%00%(upstream:track)%00%(upstream:remotename)%00%(upstream:remoteref) refs/heads/feature-product-index refs/remotes/feature-product-index [2ms]
2024-01-26 08:14:01.996 [info] > git status -z -uall [17ms]
2024-01-26 08:14:02.093 [info] > git check-ignore -v -z --stdin [1ms]
2024-01-26 08:14:07.063 [info] > git config --get commit.template [1ms]
2024-01-26 08:14:07.072 [info] > git for-each-ref --format=%(refname)%00%(upstream:short)%00%(objectname)%00%(upstream:track)%00%(upstream:remotename)%00%(upstream:remoteref) refs/heads/feature-product-index refs/remotes/feature-product-index [1ms]
2024-01-26 08:14:07.098 [info] > git status -z -uall [18ms]
2024-01-26 08:14:12.165 [info] > git config --get commit.template [1ms]
2024-01-26 08:14:12.175 [info] > git for-each-ref --format=%(refname)%00%(upstream:short)%00%(objectname)%00%(upstream:track)%00%(upstream:remotename)%00%(upstream:remoteref) refs/heads/feature-product-index refs/remotes/feature-product-index [1ms]
2024-01-26 08:14:12.202 [info] > git status -z -uall [19ms]
2024-01-26 08:14:14.217 [info] > git show --textconv :jagaimo/.bundle/cache/compact_index/rubygems.org.443.29b0360b937aa4d161703e6160654e47/info/abbrev [10ms]
2024-01-26 08:14:14.217 [info] > git ls-files --stage -- /home/jagaimo/jagaimo/.bundle/cache/compact_index/rubygems.org.443.29b0360b937aa4d161703e6160654e47/info/abbrev [1ms]
2024-01-26 08:14:14.885 [info] > git show --textconv :jagaimo/.bundle/cache/compact_index/rubygems.org.443.29b0360b937aa4d161703e6160654e47/info/actioncable [12ms]
2024-01-26 08:14:14.886 [info] > git ls-files --stage -- /home/jagaimo/jagaimo/.bundle/cache/compact_index/rubygems.org.443.29b0360b937aa4d161703e6160654e47/info/actioncable [2ms]
2024-01-26 08:14:17.263 [info] > git config --get commit.template [1ms]
2024-01-26 08:14:17.272 [info] > git for-each-ref --format=%(refname)%00%(upstream:short)%00%(objectname)%00%(upstream:track)%00%(upstream:remotename)%00%(upstream:remoteref) refs/heads/feature-product-index refs/remotes/feature-product-index [1ms]
2024-01-26 08:14:17.300 [info] > git status -z -uall [19ms]
2024-01-26 08:14:19.101 [info] > git check-ignore -v -z --stdin [1ms]
2024-01-26 08:14:22.358 [info] > git config --get commit.template [1ms]
2024-01-26 08:14:22.370 [info] > git for-each-ref --format=%(refname)%00%(upstream:short)%00%(objectname)%00%(upstream:track)%00%(upstream:remotename)%00%(upstream:remoteref) refs/heads/feature-product-index refs/remotes/feature-product-index [1ms]
2024-01-26 08:14:22.400 [info] > git status -z -uall [19ms]
2024-01-26 08:14:26.621 [info] > git show --textconv :jagaimo/.bundle/cache/compact_index/rubygems.org.443.29b0360b937aa4d161703e6160654e47/info/abbrev [12ms]
2024-01-26 08:14:26.622 [info] > git ls-files --stage -- /home/jagaimo/jagaimo/.bundle/cache/compact_index/rubygems.org.443.29b0360b937aa4d161703e6160654e47/info/abbrev [2ms]
2024-01-26 08:14:27.472 [info] > git config --get commit.template [11ms]
2024-01-26 08:14:27.472 [info] > git for-each-ref --format=%(refname)%00%(upstream:short)%00%(objectname)%00%(upstream:track)%00%(upstream:remotename)%00%(upstream:remoteref) refs/heads/feature-product-index refs/remotes/feature-product-index [1ms]
2024-01-26 08:14:27.500 [info] > git status -z -uall [17ms]
2024-01-26 08:14:32.577 [info] > git config --get commit.template [1ms]
2024-01-26 08:14:32.590 [info] > git for-each-ref --format=%(refname)%00%(upstream:short)%00%(objectname)%00%(upstream:track)%00%(upstream:remotename)%00%(upstream:remoteref) refs/heads/feature-product-index refs/remotes/feature-product-index [1ms]
2024-01-26 08:14:32.619 [info] > git status -z -uall [17ms]
2024-01-26 08:14:37.684 [info] > git config --get commit.template [1ms]
2024-01-26 08:14:37.698 [info] > git for-each-ref --format=%(refname)%00%(upstream:short)%00%(objectname)%00%(upstream:track)%00%(upstream:remotename)%00%(upstream:remoteref) refs/heads/feature-product-index refs/remotes/feature-product-index [1ms]
2024-01-26 08:14:37.729 [info] > git status -z -uall [20ms]
2024-01-26 08:14:38.975 [info] > git check-ignore -v -z --stdin [0ms]
2024-01-26 08:14:39.889 [info] > git check-ignore -v -z --stdin [1ms]
2024-01-26 08:15:01.499 [info] > git config --get commit.template [1ms]
2024-01-26 08:15:01.515 [info] > git for-each-ref --format=%(refname)%00%(upstream:short)%00%(objectname)%00%(upstream:track)%00%(upstream:remotename)%00%(upstream:remoteref) refs/heads/feature-product-index refs/remotes/feature-product-index [1ms]
2024-01-26 08:15:01.547 [info] > git status -z -uall [19ms]
2024-01-26 08:15:05.701 [info] > git show --textconv :jagaimo/.bundle/cache/compact_index/rubygems.org.443.29b0360b937aa4d161703e6160654e47/info/sass-rails [18ms]
2024-01-26 08:15:05.702 [info] > git ls-files --stage -- /home/jagaimo/jagaimo/.bundle/cache/compact_index/rubygems.org.443.29b0360b937aa4d161703e6160654e47/info/sass-rails [3ms]
2024-01-26 08:15:06.613 [info] > git config --get commit.template [1ms]
2024-01-26 08:15:06.628 [info] > git for-each-ref --format=%(refname)%00%(upstream:short)%00%(objectname)%00%(upstream:track)%00%(upstream:remotename)%00%(upstream:remoteref) refs/heads/feature-product-index refs/remotes/feature-product-index [1ms]
2024-01-26 08:15:06.658 [info] > git status -z -uall [17ms]
2024-01-26 08:15:11.731 [info] > git config --get commit.template [1ms]
2024-01-26 08:15:11.747 [info] > git for-each-ref --format=%(refname)%00%(upstream:short)%00%(objectname)%00%(upstream:track)%00%(upstream:remotename)%00%(upstream:remoteref) refs/heads/feature-product-index refs/remotes/feature-product-index [1ms]
2024-01-26 08:15:11.785 [info] > git status -z -uall [22ms]
2024-01-26 08:15:16.874 [info] > git config --get commit.template [15ms]
2024-01-26 08:15:16.874 [info] > git for-each-ref --format=%(refname)%00%(upstream:short)%00%(objectname)%00%(upstream:track)%00%(upstream:remotename)%00%(upstream:remoteref) refs/heads/feature-product-index refs/remotes/feature-product-index [2ms]
2024-01-26 08:15:16.905 [info] > git status -z -uall [18ms]
2024-01-26 08:15:20.845 [info] > git check-ignore -v -z --stdin [2ms]
2024-01-26 08:15:21.971 [info] > git config --get commit.template [1ms]
2024-01-26 08:15:21.984 [info] > git for-each-ref --format=%(refname)%00%(upstream:short)%00%(objectname)%00%(upstream:track)%00%(upstream:remotename)%00%(upstream:remoteref) refs/heads/feature-product-index refs/remotes/feature-product-index [1ms]
2024-01-26 08:15:22.016 [info] > git status -z -uall [20ms]
2024-01-26 08:15:22.501 [info] > git check-ignore -v -z --stdin [1ms]
2024-01-26 08:15:27.082 [info] > git config --get commit.template [1ms]
2024-01-26 08:15:27.097 [info] > git for-each-ref --format=%(refname)%00%(upstream:short)%00%(objectname)%00%(upstream:track)%00%(upstream:remotename)%00%(upstream:remoteref) refs/heads/feature-product-index refs/remotes/feature-product-index [1ms]
2024-01-26 08:15:27.131 [info] > git status -z -uall [19ms]
2024-01-26 08:15:33.213 [info] > git config --get commit.template [1ms]
2024-01-26 08:15:33.235 [info] > git for-each-ref --format=%(refname)%00%(upstream:short)%00%(objectname)%00%(upstream:track)%00%(upstream:remotename)%00%(upstream:remoteref) refs/heads/feature-product-index refs/remotes/feature-product-index [1ms]
2024-01-26 08:15:33.268 [info] > git status -z -uall [18ms]
2024-01-26 08:15:37.676 [info] > git show --textconv :app/views/admin/products/show.html.slim [18ms]
2024-01-26 08:15:37.678 [info] > git ls-files --stage -- /home/jagaimo/app/views/admin/products/show.html.slim [2ms]
2024-01-26 08:15:38.359 [info] > git config --get commit.template [17ms]
2024-01-26 08:15:38.360 [info] > git for-each-ref --format=%(refname)%00%(upstream:short)%00%(objectname)%00%(upstream:track)%00%(upstream:remotename)%00%(upstream:remoteref) refs/heads/feature-product-index refs/remotes/feature-product-index [1ms]
2024-01-26 08:15:38.396 [info] > git status -z -uall [19ms]
2024-01-26 08:15:43.465 [info] > git config --get commit.template [1ms]
2024-01-26 08:15:43.480 [info] > git for-each-ref --format=%(refname)%00%(upstream:short)%00%(objectname)%00%(upstream:track)%00%(upstream:remotename)%00%(upstream:remoteref) refs/heads/feature-product-index refs/remotes/feature-product-index [1ms]
2024-01-26 08:15:43.512 [info] > git status -z -uall [17ms]
2024-01-26 08:15:48.584 [info] > git config --get commit.template [11ms]
2024-01-26 08:15:48.585 [info] > git for-each-ref --format=%(refname)%00%(upstream:short)%00%(objectname)%00%(upstream:track)%00%(upstream:remotename)%00%(upstream:remoteref) refs/heads/feature-product-index refs/remotes/feature-product-index [2ms]
2024-01-26 08:15:48.619 [info] > git status -z -uall [24ms]
2024-01-26 08:15:53.691 [info] > git config --get commit.template [1ms]
2024-01-26 08:15:53.700 [info] > git for-each-ref --format=%(refname)%00%(upstream:short)%00%(objectname)%00%(upstream:track)%00%(upstream:remotename)%00%(upstream:remoteref) refs/heads/feature-product-index refs/remotes/feature-product-index [1ms]
2024-01-26 08:15:53.726 [info] > git status -z -uall [16ms]
2024-01-26 08:15:58.796 [info] > git config --get commit.template [1ms]
2024-01-26 08:15:58.807 [info] > git for-each-ref --format=%(refname)%00%(upstream:short)%00%(objectname)%00%(upstream:track)%00%(upstream:remotename)%00%(upstream:remoteref) refs/heads/feature-product-index refs/remotes/feature-product-index [2ms]
2024-01-26 08:15:58.834 [info] > git status -z -uall [18ms]
2024-01-26 08:16:03.911 [info] > git config --get commit.template [13ms]
2024-01-26 08:16:03.912 [info] > git for-each-ref --format=%(refname)%00%(upstream:short)%00%(objectname)%00%(upstream:track)%00%(upstream:remotename)%00%(upstream:remoteref) refs/heads/feature-product-index refs/remotes/feature-product-index [1ms]
2024-01-26 08:16:03.940 [info] > git status -z -uall [18ms]
2024-01-26 08:16:53.653 [info] > git config --get commit.template [1ms]
2024-01-26 08:16:53.664 [info] > git for-each-ref --format=%(refname)%00%(upstream:short)%00%(objectname)%00%(upstream:track)%00%(upstream:remotename)%00%(upstream:remoteref) refs/heads/feature-product-index refs/remotes/feature-product-index [1ms]
2024-01-26 08:16:53.698 [info] > git status -z -uall [26ms]
2024-01-26 08:16:58.772 [info] > git config --get commit.template [1ms]
2024-01-26 08:16:58.781 [info] > git for-each-ref --format=%(refname)%00%(upstream:short)%00%(objectname)%00%(upstream:track)%00%(upstream:remotename)%00%(upstream:remoteref) refs/heads/feature-product-index refs/remotes/feature-product-index [1ms]
2024-01-26 08:16:58.806 [info] > git status -z -uall [17ms]
2024-01-26 08:17:03.288 [info] > git show --textconv :app/views/admin/products/new.html.slim [10ms]
2024-01-26 08:17:03.290 [info] > git ls-files --stage -- /home/jagaimo/app/views/admin/products/new.html.slim [2ms]
2024-01-26 08:17:03.874 [info] > git config --get commit.template [9ms]
2024-01-26 08:17:03.875 [info] > git for-each-ref --format=%(refname)%00%(upstream:short)%00%(objectname)%00%(upstream:track)%00%(upstream:remotename)%00%(upstream:remoteref) refs/heads/feature-product-index refs/remotes/feature-product-index [1ms]
2024-01-26 08:17:03.906 [info] > git status -z -uall [21ms]
2024-01-26 08:17:04.958 [info] > git show --textconv :app/views/admin/products/index.html.slim [10ms]
2024-01-26 08:17:04.958 [info] > git ls-files --stage -- /home/jagaimo/app/views/admin/products/index.html.slim [1ms]
2024-01-26 08:17:08.972 [info] > git config --get commit.template [1ms]
2024-01-26 08:17:08.983 [info] > git for-each-ref --format=%(refname)%00%(upstream:short)%00%(objectname)%00%(upstream:track)%00%(upstream:remotename)%00%(upstream:remoteref) refs/heads/feature-product-index refs/remotes/feature-product-index [1ms]
2024-01-26 08:17:09.009 [info] > git status -z -uall [17ms]
2024-01-26 08:17:14.070 [info] > git config --get commit.template [1ms]
2024-01-26 08:17:14.080 [info] > git for-each-ref --format=%(refname)%00%(upstream:short)%00%(objectname)%00%(upstream:track)%00%(upstream:remotename)%00%(upstream:remoteref) refs/heads/feature-product-index refs/remotes/feature-product-index [1ms]
2024-01-26 08:17:14.106 [info] > git status -z -uall [18ms]
2024-01-26 08:17:15.519 [info] > git show --textconv :app/views/admin/products/new.html.slim [10ms]
2024-01-26 08:17:15.519 [info] > git ls-files --stage -- /home/jagaimo/app/views/admin/products/new.html.slim [1ms]
2024-01-26 08:17:15.939 [info] > git show --textconv :app/views/admin/products/show.html.slim [10ms]
2024-01-26 08:17:15.939 [info] > git ls-files --stage -- /home/jagaimo/app/views/admin/products/show.html.slim [1ms]
2024-01-26 08:17:17.957 [info] > git show --textconv :app/views/admin/products/new.html.slim [9ms]
2024-01-26 08:17:17.958 [info] > git ls-files --stage -- /home/jagaimo/app/views/admin/products/new.html.slim [1ms]
2024-01-26 08:17:18.388 [info] > git show --textconv :app/views/admin/products/show.html.slim [9ms]
2024-01-26 08:17:18.389 [info] > git ls-files --stage -- /home/jagaimo/app/views/admin/products/show.html.slim [2ms]
2024-01-26 08:17:19.169 [info] > git config --get commit.template [1ms]
2024-01-26 08:17:19.178 [info] > git for-each-ref --format=%(refname)%00%(upstream:short)%00%(objectname)%00%(upstream:track)%00%(upstream:remotename)%00%(upstream:remoteref) refs/heads/feature-product-index refs/remotes/feature-product-index [0ms]
2024-01-26 08:17:19.203 [info] > git status -z -uall [17ms]
2024-01-26 08:17:40.642 [info] > git config --get commit.template [2ms]
2024-01-26 08:17:40.655 [info] > git for-each-ref --format=%(refname)%00%(upstream:short)%00%(objectname)%00%(upstream:track)%00%(upstream:remotename)%00%(upstream:remoteref) refs/heads/feature-product-index refs/remotes/feature-product-index [2ms]
2024-01-26 08:17:40.683 [info] > git status -z -uall [21ms]
2024-01-26 08:21:50.121 [info] > git config --get commit.template [1ms]
2024-01-26 08:21:50.131 [info] > git for-each-ref --format=%(refname)%00%(upstream:short)%00%(objectname)%00%(upstream:track)%00%(upstream:remotename)%00%(upstream:remoteref) refs/heads/feature-product-index refs/remotes/feature-product-index [0ms]
2024-01-26 08:21:50.173 [info] > git status -z -uall [33ms]
2024-01-26 08:21:55.251 [info] > git config --get commit.template [2ms]
2024-01-26 08:21:55.260 [info] > git for-each-ref --format=%(refname)%00%(upstream:short)%00%(objectname)%00%(upstream:track)%00%(upstream:remotename)%00%(upstream:remoteref) refs/heads/feature-product-index refs/remotes/feature-product-index [1ms]
2024-01-26 08:21:55.287 [info] > git status -z -uall [17ms]
2024-01-26 08:21:55.753 [info] > git check-ignore -v -z --stdin [1ms]
2024-01-26 08:22:00.354 [info] > git config --get commit.template [2ms]
2024-01-26 08:22:00.365 [info] > git for-each-ref --format=%(refname)%00%(upstream:short)%00%(objectname)%00%(upstream:track)%00%(upstream:remotename)%00%(upstream:remoteref) refs/heads/feature-product-index refs/remotes/feature-product-index [0ms]
2024-01-26 08:22:00.392 [info] > git status -z -uall [19ms]
2024-01-26 08:22:05.461 [info] > git config --get commit.template [1ms]
2024-01-26 08:22:05.482 [info] > git for-each-ref --format=%(refname)%00%(upstream:short)%00%(objectname)%00%(upstream:track)%00%(upstream:remotename)%00%(upstream:remoteref) refs/heads/feature-product-index refs/remotes/feature-product-index [10ms]
2024-01-26 08:22:05.511 [info] > git status -z -uall [20ms]
2024-01-26 08:22:06.593 [info] > git show --textconv :app/views/layouts/application.html.slim [11ms]
2024-01-26 08:22:06.594 [info] > git ls-files --stage -- /home/jagaimo/app/views/layouts/application.html.slim [2ms]
2024-01-26 08:22:06.609 [info] > git cat-file -s d60952698b1de6bf44471958d7eab72b9cf0b115 [1ms]
2024-01-26 08:22:10.618 [info] > git config --get commit.template [12ms]
2024-01-26 08:22:10.619 [info] > git for-each-ref --format=%(refname)%00%(upstream:short)%00%(objectname)%00%(upstream:track)%00%(upstream:remotename)%00%(upstream:remoteref) refs/heads/feature-product-index refs/remotes/feature-product-index [2ms]
2024-01-26 08:22:10.647 [info] > git status -z -uall [19ms]
2024-01-26 08:22:15.711 [info] > git config --get commit.template [2ms]
2024-01-26 08:22:15.720 [info] > git for-each-ref --format=%(refname)%00%(upstream:short)%00%(objectname)%00%(upstream:track)%00%(upstream:remotename)%00%(upstream:remoteref) refs/heads/feature-product-index refs/remotes/feature-product-index [0ms]
2024-01-26 08:22:15.745 [info] > git status -z -uall [16ms]
2024-01-26 08:23:28.673 [info] > git config --get commit.template [2ms]
2024-01-26 08:23:28.685 [info] > git for-each-ref --format=%(refname)%00%(upstream:short)%00%(objectname)%00%(upstream:track)%00%(upstream:remotename)%00%(upstream:remoteref) refs/heads/feature-product-index refs/remotes/feature-product-index [1ms]
2024-01-26 08:23:28.720 [info] > git status -z -uall [25ms]
2024-01-26 08:23:38.237 [info] > git config --get commit.template [1ms]
2024-01-26 08:23:38.246 [info] > git for-each-ref --format=%(refname)%00%(upstream:short)%00%(objectname)%00%(upstream:track)%00%(upstream:remotename)%00%(upstream:remoteref) refs/heads/feature-product-index refs/remotes/feature-product-index [1ms]
2024-01-26 08:23:38.275 [info] > git status -z -uall [18ms]
2024-01-26 08:23:43.340 [info] > git config --get commit.template [1ms]
2024-01-26 08:23:43.348 [info] > git for-each-ref --format=%(refname)%00%(upstream:short)%00%(objectname)%00%(upstream:track)%00%(upstream:remotename)%00%(upstream:remoteref) refs/heads/feature-product-index refs/remotes/feature-product-index [0ms]
2024-01-26 08:23:43.373 [info] > git status -z -uall [17ms]
2024-01-26 08:26:15.800 [info] > git config --get commit.template [14ms]
2024-01-26 08:26:15.801 [info] > git for-each-ref --format=%(refname)%00%(upstream:short)%00%(objectname)%00%(upstream:track)%00%(upstream:remotename)%00%(upstream:remoteref) refs/heads/feature-product-index refs/remotes/feature-product-index [2ms]
2024-01-26 08:26:15.833 [info] > git status -z -uall [23ms]
2024-01-26 08:26:20.911 [info] > git config --get commit.template [1ms]
2024-01-26 08:26:20.921 [info] > git for-each-ref --format=%(refname)%00%(upstream:short)%00%(objectname)%00%(upstream:track)%00%(upstream:remotename)%00%(upstream:remoteref) refs/heads/feature-product-index refs/remotes/feature-product-index [0ms]
2024-01-26 08:26:20.948 [info] > git status -z -uall [19ms]
2024-01-26 08:26:26.016 [info] > git config --get commit.template [1ms]
2024-01-26 08:26:26.025 [info] > git for-each-ref --format=%(refname)%00%(upstream:short)%00%(objectname)%00%(upstream:track)%00%(upstream:remotename)%00%(upstream:remoteref) refs/heads/feature-product-index refs/remotes/feature-product-index [1ms]
2024-01-26 08:26:26.050 [info] > git status -z -uall [16ms]
2024-01-26 08:26:39.614 [info] > git config --get commit.template [1ms]
2024-01-26 08:26:39.627 [info] > git for-each-ref --format=%(refname)%00%(upstream:short)%00%(objectname)%00%(upstream:track)%00%(upstream:remotename)%00%(upstream:remoteref) refs/heads/feature-product-index refs/remotes/feature-product-index [1ms]
2024-01-26 08:26:39.658 [info] > git status -z -uall [21ms]
2024-01-26 08:33:26.836 [info] > git config --get commit.template [2ms]
2024-01-26 08:33:26.851 [info] > git for-each-ref --format=%(refname)%00%(upstream:short)%00%(objectname)%00%(upstream:track)%00%(upstream:remotename)%00%(upstream:remoteref) refs/heads/feature-product-index refs/remotes/feature-product-index [3ms]
2024-01-26 08:33:26.887 [info] > git status -z -uall [26ms]
2024-01-26 08:35:14.611 [info] > git config --get commit.template [15ms]
2024-01-26 08:35:14.612 [info] > git for-each-ref --format=%(refname)%00%(upstream:short)%00%(objectname)%00%(upstream:track)%00%(upstream:remotename)%00%(upstream:remoteref) refs/heads/feature-product-index refs/remotes/feature-product-index [2ms]
2024-01-26 08:35:14.648 [info] > git status -z -uall [25ms]
2024-01-26 08:35:19.718 [info] > git config --get commit.template [1ms]
2024-01-26 08:35:19.728 [info] > git for-each-ref --format=%(refname)%00%(upstream:short)%00%(objectname)%00%(upstream:track)%00%(upstream:remotename)%00%(upstream:remoteref) refs/heads/feature-product-index refs/remotes/feature-product-index [1ms]
2024-01-26 08:35:19.754 [info] > git status -z -uall [18ms]
2024-01-26 08:35:24.817 [info] > git config --get commit.template [2ms]
2024-01-26 08:35:24.827 [info] > git for-each-ref --format=%(refname)%00%(upstream:short)%00%(objectname)%00%(upstream:track)%00%(upstream:remotename)%00%(upstream:remoteref) refs/heads/feature-product-index refs/remotes/feature-product-index [1ms]
2024-01-26 08:35:24.854 [info] > git status -z -uall [18ms]
2024-01-26 08:35:29.920 [info] > git config --get commit.template [2ms]
2024-01-26 08:35:29.929 [info] > git for-each-ref --format=%(refname)%00%(upstream:short)%00%(objectname)%00%(upstream:track)%00%(upstream:remotename)%00%(upstream:remoteref) refs/heads/feature-product-index refs/remotes/feature-product-index [1ms]
2024-01-26 08:35:29.954 [info] > git status -z -uall [17ms]
2024-01-26 08:35:35.042 [info] > git config --get commit.template [20ms]
2024-01-26 08:35:35.045 [info] > git for-each-ref --format=%(refname)%00%(upstream:short)%00%(objectname)%00%(upstream:track)%00%(upstream:remotename)%00%(upstream:remoteref) refs/heads/feature-product-index refs/remotes/feature-product-index [5ms]
2024-01-26 08:35:35.097 [info] > git status -z -uall [27ms]
2024-01-26 08:36:14.936 [info] > git config --get commit.template [1ms]
2024-01-26 08:36:14.947 [info] > git for-each-ref --format=%(refname)%00%(upstream:short)%00%(objectname)%00%(upstream:track)%00%(upstream:remotename)%00%(upstream:remoteref) refs/heads/feature-product-index refs/remotes/feature-product-index [1ms]
2024-01-26 08:36:14.985 [info] > git status -z -uall [27ms]
2024-01-26 08:36:23.168 [info] > git config --get commit.template [13ms]
2024-01-26 08:36:23.169 [info] > git for-each-ref --format=%(refname)%00%(upstream:short)%00%(objectname)%00%(upstream:track)%00%(upstream:remotename)%00%(upstream:remoteref) refs/heads/feature-product-index refs/remotes/feature-product-index [2ms]
2024-01-26 08:36:23.197 [info] > git status -z -uall [19ms]
2024-01-26 08:38:52.600 [info] > git config --get commit.template [1ms]
2024-01-26 08:38:52.614 [info] > git for-each-ref --format=%(refname)%00%(upstream:short)%00%(objectname)%00%(upstream:track)%00%(upstream:remotename)%00%(upstream:remoteref) refs/heads/feature-product-index refs/remotes/feature-product-index [1ms]
2024-01-26 08:38:52.648 [info] > git status -z -uall [24ms]
2024-01-26 08:38:57.753 [info] > git config --get commit.template [10ms]
2024-01-26 08:38:57.754 [info] > git for-each-ref --format=%(refname)%00%(upstream:short)%00%(objectname)%00%(upstream:track)%00%(upstream:remotename)%00%(upstream:remoteref) refs/heads/feature-product-index refs/remotes/feature-product-index [2ms]
2024-01-26 08:38:57.782 [info] > git status -z -uall [19ms]
2024-01-26 08:39:02.859 [info] > git config --get commit.template [10ms]
2024-01-26 08:39:02.860 [info] > git for-each-ref --format=%(refname)%00%(upstream:short)%00%(objectname)%00%(upstream:track)%00%(upstream:remotename)%00%(upstream:remoteref) refs/heads/feature-product-index refs/remotes/feature-product-index [2ms]
2024-01-26 08:39:02.888 [info] > git status -z -uall [19ms]
2024-01-26 08:44:37.313 [info] > git config --get commit.template [11ms]
2024-01-26 08:44:37.314 [info] > git for-each-ref --format=%(refname)%00%(upstream:short)%00%(objectname)%00%(upstream:track)%00%(upstream:remotename)%00%(upstream:remoteref) refs/heads/feature-product-index refs/remotes/feature-product-index [2ms]
2024-01-26 08:44:37.344 [info] > git status -z -uall [20ms]
2024-01-26 08:46:32.311 [info] > git config --get commit.template [14ms]
2024-01-26 08:46:32.312 [info] > git for-each-ref --format=%(refname)%00%(upstream:short)%00%(objectname)%00%(upstream:track)%00%(upstream:remotename)%00%(upstream:remoteref) refs/heads/feature-product-index refs/remotes/feature-product-index [2ms]
2024-01-26 08:46:32.354 [info] > git status -z -uall [29ms]
2024-01-26 08:46:37.427 [info] > git config --get commit.template [1ms]
2024-01-26 08:46:37.435 [info] > git for-each-ref --format=%(refname)%00%(upstream:short)%00%(objectname)%00%(upstream:track)%00%(upstream:remotename)%00%(upstream:remoteref) refs/heads/feature-product-index refs/remotes/feature-product-index [1ms]
2024-01-26 08:46:37.463 [info] > git status -z -uall [19ms]
2024-01-26 08:46:42.531 [info] > git config --get commit.template [10ms]
2024-01-26 08:46:42.531 [info] > git for-each-ref --format=%(refname)%00%(upstream:short)%00%(objectname)%00%(upstream:track)%00%(upstream:remotename)%00%(upstream:remoteref) refs/heads/feature-product-index refs/remotes/feature-product-index [2ms]
2024-01-26 08:46:42.560 [info] > git status -z -uall [18ms]
2024-01-26 08:48:35.037 [info] > git config --get commit.template [1ms]
2024-01-26 08:48:35.050 [info] > git for-each-ref --format=%(refname)%00%(upstream:short)%00%(objectname)%00%(upstream:track)%00%(upstream:remotename)%00%(upstream:remoteref) refs/heads/feature-product-index refs/remotes/feature-product-index [1ms]
2024-01-26 08:48:35.087 [info] > git status -z -uall [28ms]
2024-01-26 08:48:40.172 [info] > git config --get commit.template [9ms]
2024-01-26 08:48:40.173 [info] > git for-each-ref --format=%(refname)%00%(upstream:short)%00%(objectname)%00%(upstream:track)%00%(upstream:remotename)%00%(upstream:remoteref) refs/heads/feature-product-index refs/remotes/feature-product-index [1ms]
2024-01-26 08:48:40.201 [info] > git status -z -uall [19ms]
2024-01-26 08:48:45.257 [info] > git config --get commit.template [0ms]
2024-01-26 08:48:45.266 [info] > git for-each-ref --format=%(refname)%00%(upstream:short)%00%(objectname)%00%(upstream:track)%00%(upstream:remotename)%00%(upstream:remoteref) refs/heads/feature-product-index refs/remotes/feature-product-index [1ms]
2024-01-26 08:48:45.294 [info] > git status -z -uall [19ms]
2024-01-26 08:48:50.365 [info] > git config --get commit.template [2ms]
2024-01-26 08:48:50.377 [info] > git for-each-ref --format=%(refname)%00%(upstream:short)%00%(objectname)%00%(upstream:track)%00%(upstream:remotename)%00%(upstream:remoteref) refs/heads/feature-product-index refs/remotes/feature-product-index [2ms]
2024-01-26 08:48:50.405 [info] > git status -z -uall [19ms]
2024-01-26 08:49:08.565 [info] > git config --get commit.template [1ms]
2024-01-26 08:49:08.583 [info] > git for-each-ref --format=%(refname)%00%(upstream:short)%00%(objectname)%00%(upstream:track)%00%(upstream:remotename)%00%(upstream:remoteref) refs/heads/feature-product-index refs/remotes/feature-product-index [1ms]
2024-01-26 08:49:08.621 [info] > git status -z -uall [22ms]
2024-01-26 08:49:13.710 [info] > git config --get commit.template [9ms]
2024-01-26 08:49:13.711 [info] > git for-each-ref --format=%(refname)%00%(upstream:short)%00%(objectname)%00%(upstream:track)%00%(upstream:remotename)%00%(upstream:remoteref) refs/heads/feature-product-index refs/remotes/feature-product-index [1ms]
2024-01-26 08:49:13.737 [info] > git status -z -uall [18ms]
