2024-01-29 08:19:51.462 [info] Log level: Info
2024-01-29 08:19:51.462 [info] Validating found git in: "git"
2024-01-29 08:19:51.462 [info] Using git "2.30.2" from "git"
2024-01-29 08:19:51.463 [info] > git rev-parse --show-toplevel [182ms]
2024-01-29 08:19:51.463 [info] > git rev-parse --git-dir --git-common-dir [94ms]
2024-01-29 08:19:51.463 [info] Open repository: /home/jagaimo
2024-01-29 08:19:51.527 [info] > git config --get commit.template [50ms]
2024-01-29 08:19:51.747 [info] > git rev-parse --show-toplevel [261ms]
2024-01-29 08:19:51.778 [info] > git rev-parse --show-toplevel [6ms]
2024-01-29 08:19:51.779 [info] > git for-each-ref --format=%(refname)%00%(upstream:short)%00%(objectname)%00%(upstream:track)%00%(upstream:remotename)%00%(upstream:remoteref) refs/heads/feature-product-index refs/remotes/feature-product-index [18ms]
2024-01-29 08:19:51.828 [info] > git rev-parse --show-toplevel [17ms]
2024-01-29 08:19:51.911 [info] > git status -z -uall [115ms]
2024-01-29 08:19:51.979 [info] > git rev-parse --show-toplevel [140ms]
2024-01-29 08:19:52.028 [info] > git rev-parse --show-toplevel [20ms]
2024-01-29 08:19:52.031 [info] > git config --get commit.template [30ms]
2024-01-29 08:19:52.196 [info] > git rev-parse --show-toplevel [154ms]
2024-01-29 08:19:52.220 [info] > git for-each-ref --format=%(refname)%00%(upstream:short)%00%(objectname)%00%(upstream:track)%00%(upstream:remotename)%00%(upstream:remoteref) refs/heads/feature-product-index refs/remotes/feature-product-index [28ms]
2024-01-29 08:19:52.240 [info] > git rev-parse --show-toplevel [22ms]
2024-01-29 08:19:52.261 [info] > git check-ignore -v -z --stdin [54ms]
2024-01-29 08:19:52.326 [info] > git status -z -uall [96ms]
2024-01-29 08:19:52.330 [info] > git rev-parse --show-toplevel [70ms]
2024-01-29 08:19:52.357 [info] > git rev-parse --show-toplevel [16ms]
2024-01-29 08:19:52.376 [info] > git rev-parse --show-toplevel [8ms]
2024-01-29 08:19:52.394 [info] > git rev-parse --show-toplevel [4ms]
2024-01-29 08:19:52.416 [info] > git rev-parse --show-toplevel [12ms]
2024-01-29 08:19:52.428 [info] > git rev-parse --show-toplevel [2ms]
2024-01-29 08:19:52.441 [info] > git rev-parse --show-toplevel [4ms]
2024-01-29 08:19:52.673 [info] > git rev-parse --show-toplevel [141ms]
2024-01-29 08:19:52.828 [info] > git show --textconv :Dockerfile [134ms]
2024-01-29 08:19:52.829 [info] > git ls-files --stage -- /home/jagaimo/Dockerfile [124ms]
2024-01-29 08:19:52.870 [info] > git cat-file -s 181331c876d3e8b97df9542dddf3daabde73f8ac [24ms]
2024-01-29 08:19:52.975 [info] > git config --get commit.template [10ms]
2024-01-29 08:19:52.976 [info] > git for-each-ref --format=%(refname)%00%(upstream:short)%00%(objectname)%00%(upstream:track)%00%(upstream:remotename)%00%(upstream:remoteref) refs/heads/feature-product-index refs/remotes/feature-product-index [2ms]
2024-01-29 08:19:53.020 [info] > git status -z -uall [36ms]
2024-01-29 08:19:53.437 [info] > git config --get commit.template [7ms]
2024-01-29 08:19:53.450 [info] > git for-each-ref --format=%(refname)%00%(upstream:short)%00%(objectname)%00%(upstream:track)%00%(upstream:remotename)%00%(upstream:remoteref) refs/heads/feature-product-index refs/remotes/feature-product-index [3ms]
2024-01-29 08:19:53.539 [info] > git status -z -uall [75ms]
2024-01-29 08:19:58.575 [info] > git config --get commit.template [3ms]
2024-01-29 08:19:58.586 [info] > git for-each-ref --format=%(refname)%00%(upstream:short)%00%(objectname)%00%(upstream:track)%00%(upstream:remotename)%00%(upstream:remoteref) refs/heads/feature-product-index refs/remotes/feature-product-index [2ms]
2024-01-29 08:19:58.637 [info] > git status -z -uall [41ms]
2024-01-29 08:20:03.674 [info] > git config --get commit.template [2ms]
2024-01-29 08:20:03.690 [info] > git for-each-ref --format=%(refname)%00%(upstream:short)%00%(objectname)%00%(upstream:track)%00%(upstream:remotename)%00%(upstream:remoteref) refs/heads/feature-product-index refs/remotes/feature-product-index [2ms]
2024-01-29 08:20:03.738 [info] > git status -z -uall [39ms]
2024-01-29 08:20:07.719 [info] > git check-ignore -v -z --stdin [10ms]
2024-01-29 08:20:08.797 [info] > git config --get commit.template [17ms]
2024-01-29 08:20:08.799 [info] > git for-each-ref --format=%(refname)%00%(upstream:short)%00%(objectname)%00%(upstream:track)%00%(upstream:remotename)%00%(upstream:remoteref) refs/heads/feature-product-index refs/remotes/feature-product-index [4ms]
2024-01-29 08:20:08.846 [info] > git status -z -uall [37ms]
2024-01-29 08:20:13.873 [info] > git config --get commit.template [2ms]
2024-01-29 08:20:13.889 [info] > git for-each-ref --format=%(refname)%00%(upstream:short)%00%(objectname)%00%(upstream:track)%00%(upstream:remotename)%00%(upstream:remoteref) refs/heads/feature-product-index refs/remotes/feature-product-index [2ms]
2024-01-29 08:20:13.946 [info] > git status -z -uall [46ms]
2024-01-29 08:20:14.761 [info] > git check-ignore -v -z --stdin [10ms]
2024-01-29 08:20:15.933 [info] > git check-ignore -v -z --stdin [8ms]
2024-01-29 08:20:17.068 [info] > git check-ignore -v -z --stdin [4ms]
2024-01-29 08:20:18.975 [info] > git config --get commit.template [2ms]
2024-01-29 08:20:18.990 [info] > git for-each-ref --format=%(refname)%00%(upstream:short)%00%(objectname)%00%(upstream:track)%00%(upstream:remotename)%00%(upstream:remoteref) refs/heads/feature-product-index refs/remotes/feature-product-index [2ms]
2024-01-29 08:20:19.033 [info] > git status -z -uall [33ms]
2024-01-29 08:20:20.780 [info] > git check-ignore -v -z --stdin [8ms]
2024-01-29 08:20:24.054 [info] > git config --get commit.template [2ms]
2024-01-29 08:20:24.065 [info] > git for-each-ref --format=%(refname)%00%(upstream:short)%00%(objectname)%00%(upstream:track)%00%(upstream:remotename)%00%(upstream:remoteref) refs/heads/feature-product-index refs/remotes/feature-product-index [1ms]
2024-01-29 08:20:24.107 [info] > git status -z -uall [33ms]
2024-01-29 08:23:13.457 [info] > git config --get commit.template [3ms]
2024-01-29 08:23:13.468 [info] > git for-each-ref --format=%(refname)%00%(upstream:short)%00%(objectname)%00%(upstream:track)%00%(upstream:remotename)%00%(upstream:remoteref) refs/heads/feature-product-index refs/remotes/feature-product-index [1ms]
2024-01-29 08:23:13.518 [info] > git status -z -uall [35ms]
2024-01-29 08:23:18.554 [info] > git config --get commit.template [12ms]
2024-01-29 08:23:18.555 [info] > git for-each-ref --format=%(refname)%00%(upstream:short)%00%(objectname)%00%(upstream:track)%00%(upstream:remotename)%00%(upstream:remoteref) refs/heads/feature-product-index refs/remotes/feature-product-index [2ms]
2024-01-29 08:23:18.601 [info] > git status -z -uall [34ms]
2024-01-29 08:23:23.625 [info] > git config --get commit.template [1ms]
2024-01-29 08:23:23.635 [info] > git for-each-ref --format=%(refname)%00%(upstream:short)%00%(objectname)%00%(upstream:track)%00%(upstream:remotename)%00%(upstream:remoteref) refs/heads/feature-product-index refs/remotes/feature-product-index [1ms]
2024-01-29 08:23:23.678 [info] > git status -z -uall [34ms]
2024-01-29 08:23:28.702 [info] > git config --get commit.template [2ms]
2024-01-29 08:23:28.715 [info] > git for-each-ref --format=%(refname)%00%(upstream:short)%00%(objectname)%00%(upstream:track)%00%(upstream:remotename)%00%(upstream:remoteref) refs/heads/feature-product-index refs/remotes/feature-product-index [2ms]
2024-01-29 08:23:28.765 [info] > git status -z -uall [40ms]
2024-01-29 08:23:32.981 [info] > git show --textconv :.devcontainer/devcontainer.json [13ms]
2024-01-29 08:23:32.984 [info] > git ls-files --stage -- /home/jagaimo/.devcontainer/devcontainer.json [6ms]
2024-01-29 08:23:32.996 [info] > git cat-file -s 6c622f44be3c84541372babaf375c1a6e4ad1f3a [1ms]
2024-01-29 08:23:33.796 [info] > git config --get commit.template [13ms]
2024-01-29 08:23:33.797 [info] > git for-each-ref --format=%(refname)%00%(upstream:short)%00%(objectname)%00%(upstream:track)%00%(upstream:remotename)%00%(upstream:remoteref) refs/heads/feature-product-index refs/remotes/feature-product-index [2ms]
2024-01-29 08:23:33.853 [info] > git status -z -uall [46ms]
2024-01-29 08:23:38.881 [info] > git config --get commit.template [1ms]
2024-01-29 08:23:38.892 [info] > git for-each-ref --format=%(refname)%00%(upstream:short)%00%(objectname)%00%(upstream:track)%00%(upstream:remotename)%00%(upstream:remoteref) refs/heads/feature-product-index refs/remotes/feature-product-index [1ms]
2024-01-29 08:23:38.933 [info] > git status -z -uall [30ms]
2024-01-29 08:23:43.959 [info] > git config --get commit.template [2ms]
2024-01-29 08:23:43.970 [info] > git for-each-ref --format=%(refname)%00%(upstream:short)%00%(objectname)%00%(upstream:track)%00%(upstream:remotename)%00%(upstream:remoteref) refs/heads/feature-product-index refs/remotes/feature-product-index [2ms]
2024-01-29 08:23:44.014 [info] > git status -z -uall [34ms]
2024-01-29 08:23:49.047 [info] > git config --get commit.template [11ms]
2024-01-29 08:23:49.048 [info] > git for-each-ref --format=%(refname)%00%(upstream:short)%00%(objectname)%00%(upstream:track)%00%(upstream:remotename)%00%(upstream:remoteref) refs/heads/feature-product-index refs/remotes/feature-product-index [2ms]
2024-01-29 08:23:49.088 [info] > git status -z -uall [32ms]
2024-01-29 08:23:54.109 [info] > git config --get commit.template [1ms]
2024-01-29 08:23:54.121 [info] > git for-each-ref --format=%(refname)%00%(upstream:short)%00%(objectname)%00%(upstream:track)%00%(upstream:remotename)%00%(upstream:remoteref) refs/heads/feature-product-index refs/remotes/feature-product-index [1ms]
2024-01-29 08:23:54.168 [info] > git status -z -uall [36ms]
2024-01-29 08:23:59.202 [info] > git config --get commit.template [14ms]
2024-01-29 08:23:59.203 [info] > git for-each-ref --format=%(refname)%00%(upstream:short)%00%(objectname)%00%(upstream:track)%00%(upstream:remotename)%00%(upstream:remoteref) refs/heads/feature-product-index refs/remotes/feature-product-index [3ms]
2024-01-29 08:23:59.244 [info] > git status -z -uall [30ms]
2024-01-29 08:24:04.268 [info] > git config --get commit.template [3ms]
2024-01-29 08:24:04.283 [info] > git for-each-ref --format=%(refname)%00%(upstream:short)%00%(objectname)%00%(upstream:track)%00%(upstream:remotename)%00%(upstream:remoteref) refs/heads/feature-product-index refs/remotes/feature-product-index [2ms]
2024-01-29 08:24:04.332 [info] > git status -z -uall [34ms]
2024-01-29 08:24:09.368 [info] > git config --get commit.template [12ms]
2024-01-29 08:24:09.369 [info] > git for-each-ref --format=%(refname)%00%(upstream:short)%00%(objectname)%00%(upstream:track)%00%(upstream:remotename)%00%(upstream:remoteref) refs/heads/feature-product-index refs/remotes/feature-product-index [2ms]
2024-01-29 08:24:09.410 [info] > git status -z -uall [32ms]
2024-01-29 08:24:14.445 [info] > git config --get commit.template [10ms]
2024-01-29 08:24:14.445 [info] > git for-each-ref --format=%(refname)%00%(upstream:short)%00%(objectname)%00%(upstream:track)%00%(upstream:remotename)%00%(upstream:remoteref) refs/heads/feature-product-index refs/remotes/feature-product-index [1ms]
2024-01-29 08:24:14.490 [info] > git status -z -uall [34ms]
2024-01-29 08:24:19.516 [info] > git config --get commit.template [3ms]
2024-01-29 08:24:19.530 [info] > git for-each-ref --format=%(refname)%00%(upstream:short)%00%(objectname)%00%(upstream:track)%00%(upstream:remotename)%00%(upstream:remoteref) refs/heads/feature-product-index refs/remotes/feature-product-index [1ms]
2024-01-29 08:24:19.576 [info] > git status -z -uall [36ms]
2024-01-29 08:24:24.613 [info] > git config --get commit.template [11ms]
2024-01-29 08:24:24.614 [info] > git for-each-ref --format=%(refname)%00%(upstream:short)%00%(objectname)%00%(upstream:track)%00%(upstream:remotename)%00%(upstream:remoteref) refs/heads/feature-product-index refs/remotes/feature-product-index [3ms]
2024-01-29 08:24:24.656 [info] > git status -z -uall [32ms]
2024-01-29 08:24:29.685 [info] > git config --get commit.template [2ms]
2024-01-29 08:24:29.703 [info] > git for-each-ref --format=%(refname)%00%(upstream:short)%00%(objectname)%00%(upstream:track)%00%(upstream:remotename)%00%(upstream:remoteref) refs/heads/feature-product-index refs/remotes/feature-product-index [2ms]
2024-01-29 08:24:29.757 [info] > git status -z -uall [40ms]
2024-01-29 08:24:34.781 [info] > git config --get commit.template [2ms]
2024-01-29 08:24:34.792 [info] > git for-each-ref --format=%(refname)%00%(upstream:short)%00%(objectname)%00%(upstream:track)%00%(upstream:remotename)%00%(upstream:remoteref) refs/heads/feature-product-index refs/remotes/feature-product-index [2ms]
2024-01-29 08:24:34.842 [info] > git status -z -uall [39ms]
2024-01-29 08:24:39.864 [info] > git config --get commit.template [2ms]
2024-01-29 08:24:39.879 [info] > git for-each-ref --format=%(refname)%00%(upstream:short)%00%(objectname)%00%(upstream:track)%00%(upstream:remotename)%00%(upstream:remoteref) refs/heads/feature-product-index refs/remotes/feature-product-index [4ms]
2024-01-29 08:24:39.927 [info] > git status -z -uall [36ms]
2024-01-29 08:24:44.968 [info] > git config --get commit.template [13ms]
2024-01-29 08:24:44.969 [info] > git for-each-ref --format=%(refname)%00%(upstream:short)%00%(objectname)%00%(upstream:track)%00%(upstream:remotename)%00%(upstream:remoteref) refs/heads/feature-product-index refs/remotes/feature-product-index [2ms]
2024-01-29 08:24:45.012 [info] > git status -z -uall [33ms]
2024-01-29 08:24:50.046 [info] > git config --get commit.template [11ms]
2024-01-29 08:24:50.046 [info] > git for-each-ref --format=%(refname)%00%(upstream:short)%00%(objectname)%00%(upstream:track)%00%(upstream:remotename)%00%(upstream:remoteref) refs/heads/feature-product-index refs/remotes/feature-product-index [2ms]
2024-01-29 08:24:50.092 [info] > git status -z -uall [37ms]
2024-01-29 08:26:50.345 [info] > git config --get commit.template [13ms]
2024-01-29 08:26:50.347 [info] > git for-each-ref --format=%(refname)%00%(upstream:short)%00%(objectname)%00%(upstream:track)%00%(upstream:remotename)%00%(upstream:remoteref) refs/heads/feature-product-index refs/remotes/feature-product-index [2ms]
2024-01-29 08:26:50.390 [info] > git status -z -uall [34ms]
2024-01-29 09:06:02.100 [info] > git config --get commit.template [11ms]
2024-01-29 09:06:02.100 [info] > git for-each-ref --format=%(refname)%00%(upstream:short)%00%(objectname)%00%(upstream:track)%00%(upstream:remotename)%00%(upstream:remoteref) refs/heads/feature-product-index refs/remotes/feature-product-index [2ms]
2024-01-29 09:06:02.133 [info] > git status -z -uall [23ms]
2024-01-29 09:06:07.158 [info] > git config --get commit.template [8ms]
2024-01-29 09:06:07.159 [info] > git for-each-ref --format=%(refname)%00%(upstream:short)%00%(objectname)%00%(upstream:track)%00%(upstream:remotename)%00%(upstream:remoteref) refs/heads/feature-product-index refs/remotes/feature-product-index [1ms]
2024-01-29 09:06:07.186 [info] > git status -z -uall [19ms]
2024-01-29 09:06:43.957 [info] > git config --get commit.template [22ms]
2024-01-29 09:06:43.959 [info] > git for-each-ref --format=%(refname)%00%(upstream:short)%00%(objectname)%00%(upstream:track)%00%(upstream:remotename)%00%(upstream:remoteref) refs/heads/feature-product-index refs/remotes/feature-product-index [3ms]
2024-01-29 09:06:44.011 [info] > git status -z -uall [35ms]
2024-01-29 09:13:13.631 [info] > git config --get commit.template [15ms]
2024-01-29 09:13:13.633 [info] > git for-each-ref --format=%(refname)%00%(upstream:short)%00%(objectname)%00%(upstream:track)%00%(upstream:remotename)%00%(upstream:remoteref) refs/heads/feature-product-index refs/remotes/feature-product-index [2ms]
2024-01-29 09:13:13.665 [info] > git status -z -uall [23ms]
2024-01-29 09:13:18.681 [info] > git config --get commit.template [2ms]
2024-01-29 09:13:18.691 [info] > git for-each-ref --format=%(refname)%00%(upstream:short)%00%(objectname)%00%(upstream:track)%00%(upstream:remotename)%00%(upstream:remoteref) refs/heads/feature-product-index refs/remotes/feature-product-index [1ms]
2024-01-29 09:13:18.716 [info] > git status -z -uall [18ms]
2024-01-29 09:13:59.916 [info] > git config --get commit.template [2ms]
2024-01-29 09:13:59.928 [info] > git for-each-ref --format=%(refname)%00%(upstream:short)%00%(objectname)%00%(upstream:track)%00%(upstream:remotename)%00%(upstream:remoteref) refs/heads/feature-product-index refs/remotes/feature-product-index [1ms]
2024-01-29 09:13:59.958 [info] > git status -z -uall [20ms]
2024-01-29 09:14:04.976 [info] > git config --get commit.template [2ms]
2024-01-29 09:14:04.984 [info] > git for-each-ref --format=%(refname)%00%(upstream:short)%00%(objectname)%00%(upstream:track)%00%(upstream:remotename)%00%(upstream:remoteref) refs/heads/feature-product-index refs/remotes/feature-product-index [1ms]
2024-01-29 09:14:05.011 [info] > git status -z -uall [19ms]
2024-01-29 09:16:30.155 [info] > git config --get commit.template [1ms]
2024-01-29 09:16:30.164 [info] > git for-each-ref --format=%(refname)%00%(upstream:short)%00%(objectname)%00%(upstream:track)%00%(upstream:remotename)%00%(upstream:remoteref) refs/heads/feature-product-index refs/remotes/feature-product-index [1ms]
2024-01-29 09:16:30.190 [info] > git status -z -uall [18ms]
2024-01-29 09:16:35.215 [info] > git config --get commit.template [8ms]
2024-01-29 09:16:35.215 [info] > git for-each-ref --format=%(refname)%00%(upstream:short)%00%(objectname)%00%(upstream:track)%00%(upstream:remotename)%00%(upstream:remoteref) refs/heads/feature-product-index refs/remotes/feature-product-index [1ms]
2024-01-29 09:16:35.246 [info] > git status -z -uall [19ms]
2024-01-29 09:16:40.269 [info] > git config --get commit.template [9ms]
2024-01-29 09:16:40.270 [info] > git for-each-ref --format=%(refname)%00%(upstream:short)%00%(objectname)%00%(upstream:track)%00%(upstream:remotename)%00%(upstream:remoteref) refs/heads/feature-product-index refs/remotes/feature-product-index [1ms]
2024-01-29 09:16:40.296 [info] > git status -z -uall [18ms]
2024-01-29 09:16:45.311 [info] > git config --get commit.template [2ms]
2024-01-29 09:16:45.328 [info] > git for-each-ref --format=%(refname)%00%(upstream:short)%00%(objectname)%00%(upstream:track)%00%(upstream:remotename)%00%(upstream:remoteref) refs/heads/feature-product-index refs/remotes/feature-product-index [9ms]
2024-01-29 09:16:45.358 [info] > git status -z -uall [21ms]
2024-01-29 09:16:57.655 [info] > git config --get commit.template [2ms]
2024-01-29 09:16:57.668 [info] > git for-each-ref --format=%(refname)%00%(upstream:short)%00%(objectname)%00%(upstream:track)%00%(upstream:remotename)%00%(upstream:remoteref) refs/heads/feature-product-index refs/remotes/feature-product-index [1ms]
2024-01-29 09:16:57.698 [info] > git status -z -uall [20ms]
2024-01-29 09:17:02.716 [info] > git config --get commit.template [1ms]
2024-01-29 09:17:02.726 [info] > git for-each-ref --format=%(refname)%00%(upstream:short)%00%(objectname)%00%(upstream:track)%00%(upstream:remotename)%00%(upstream:remoteref) refs/heads/feature-product-index refs/remotes/feature-product-index [1ms]
2024-01-29 09:17:02.754 [info] > git status -z -uall [19ms]
2024-01-29 09:17:07.780 [info] > git config --get commit.template [12ms]
2024-01-29 09:17:07.781 [info] > git for-each-ref --format=%(refname)%00%(upstream:short)%00%(objectname)%00%(upstream:track)%00%(upstream:remotename)%00%(upstream:remoteref) refs/heads/feature-product-index refs/remotes/feature-product-index [1ms]
2024-01-29 09:17:07.808 [info] > git status -z -uall [19ms]
2024-01-29 09:17:12.822 [info] > git config --get commit.template [1ms]
2024-01-29 09:17:12.831 [info] > git for-each-ref --format=%(refname)%00%(upstream:short)%00%(objectname)%00%(upstream:track)%00%(upstream:remotename)%00%(upstream:remoteref) refs/heads/feature-product-index refs/remotes/feature-product-index [1ms]
2024-01-29 09:17:12.857 [info] > git status -z -uall [18ms]
2024-01-29 09:17:20.412 [info] > git config --get commit.template [1ms]
2024-01-29 09:17:20.419 [info] > git for-each-ref --format=%(refname)%00%(upstream:short)%00%(objectname)%00%(upstream:track)%00%(upstream:remotename)%00%(upstream:remoteref) refs/heads/feature-product-index refs/remotes/feature-product-index [1ms]
2024-01-29 09:17:20.445 [info] > git status -z -uall [18ms]
2024-01-29 09:17:25.461 [info] > git config --get commit.template [1ms]
2024-01-29 09:17:25.469 [info] > git for-each-ref --format=%(refname)%00%(upstream:short)%00%(objectname)%00%(upstream:track)%00%(upstream:remotename)%00%(upstream:remoteref) refs/heads/feature-product-index refs/remotes/feature-product-index [0ms]
2024-01-29 09:17:25.494 [info] > git status -z -uall [19ms]
2024-01-29 09:17:30.519 [info] > git for-each-ref --format=%(refname)%00%(upstream:short)%00%(objectname)%00%(upstream:track)%00%(upstream:remotename)%00%(upstream:remoteref) refs/heads/feature-product-index refs/remotes/feature-product-index [1ms]
2024-01-29 09:17:30.519 [info] > git config --get commit.template [9ms]
2024-01-29 09:17:30.544 [info] > git status -z -uall [18ms]
2024-01-29 09:17:35.558 [info] > git config --get commit.template [1ms]
2024-01-29 09:17:35.566 [info] > git for-each-ref --format=%(refname)%00%(upstream:short)%00%(objectname)%00%(upstream:track)%00%(upstream:remotename)%00%(upstream:remoteref) refs/heads/feature-product-index refs/remotes/feature-product-index [1ms]
2024-01-29 09:17:35.594 [info] > git status -z -uall [20ms]
2024-01-29 09:17:40.617 [info] > git config --get commit.template [8ms]
2024-01-29 09:17:40.617 [info] > git for-each-ref --format=%(refname)%00%(upstream:short)%00%(objectname)%00%(upstream:track)%00%(upstream:remotename)%00%(upstream:remoteref) refs/heads/feature-product-index refs/remotes/feature-product-index [1ms]
2024-01-29 09:17:40.643 [info] > git status -z -uall [19ms]
2024-01-29 09:17:45.669 [info] > git config --get commit.template [10ms]
2024-01-29 09:17:45.669 [info] > git for-each-ref --format=%(refname)%00%(upstream:short)%00%(objectname)%00%(upstream:track)%00%(upstream:remotename)%00%(upstream:remoteref) refs/heads/feature-product-index refs/remotes/feature-product-index [1ms]
2024-01-29 09:17:45.694 [info] > git status -z -uall [17ms]
2024-01-29 09:17:50.709 [info] > git config --get commit.template [1ms]
2024-01-29 09:17:50.717 [info] > git for-each-ref --format=%(refname)%00%(upstream:short)%00%(objectname)%00%(upstream:track)%00%(upstream:remotename)%00%(upstream:remoteref) refs/heads/feature-product-index refs/remotes/feature-product-index [1ms]
2024-01-29 09:17:50.766 [info] > git status -z -uall [42ms]
2024-01-29 09:18:55.445 [info] > git config --get commit.template [2ms]
2024-01-29 09:18:55.455 [info] > git for-each-ref --format=%(refname)%00%(upstream:short)%00%(objectname)%00%(upstream:track)%00%(upstream:remotename)%00%(upstream:remoteref) refs/heads/feature-product-index refs/remotes/feature-product-index [1ms]
2024-01-29 09:18:55.482 [info] > git status -z -uall [19ms]
2024-01-29 09:19:00.498 [info] > git config --get commit.template [0ms]
2024-01-29 09:19:00.507 [info] > git for-each-ref --format=%(refname)%00%(upstream:short)%00%(objectname)%00%(upstream:track)%00%(upstream:remotename)%00%(upstream:remoteref) refs/heads/feature-product-index refs/remotes/feature-product-index [1ms]
2024-01-29 09:19:00.535 [info] > git status -z -uall [20ms]
2024-01-29 09:19:05.552 [info] > git config --get commit.template [1ms]
2024-01-29 09:19:05.561 [info] > git for-each-ref --format=%(refname)%00%(upstream:short)%00%(objectname)%00%(upstream:track)%00%(upstream:remotename)%00%(upstream:remoteref) refs/heads/feature-product-index refs/remotes/feature-product-index [1ms]
2024-01-29 09:19:05.590 [info] > git status -z -uall [22ms]
2024-01-29 09:19:11.462 [info] > git config --get commit.template [10ms]
2024-01-29 09:19:11.464 [info] > git for-each-ref --format=%(refname)%00%(upstream:short)%00%(objectname)%00%(upstream:track)%00%(upstream:remotename)%00%(upstream:remoteref) refs/heads/feature-product-index refs/remotes/feature-product-index [3ms]
2024-01-29 09:19:11.494 [info] > git status -z -uall [22ms]
2024-01-29 09:19:18.451 [info] > git config --get commit.template [1ms]
2024-01-29 09:19:18.460 [info] > git for-each-ref --format=%(refname)%00%(upstream:short)%00%(objectname)%00%(upstream:track)%00%(upstream:remotename)%00%(upstream:remoteref) refs/heads/feature-product-index refs/remotes/feature-product-index [1ms]
2024-01-29 09:19:18.487 [info] > git status -z -uall [19ms]
2024-01-29 09:19:23.504 [info] > git config --get commit.template [2ms]
2024-01-29 09:19:23.514 [info] > git for-each-ref --format=%(refname)%00%(upstream:short)%00%(objectname)%00%(upstream:track)%00%(upstream:remotename)%00%(upstream:remoteref) refs/heads/feature-product-index refs/remotes/feature-product-index [2ms]
2024-01-29 09:19:23.539 [info] > git status -z -uall [19ms]
2024-01-29 09:19:28.561 [info] > git config --get commit.template [8ms]
2024-01-29 09:19:28.561 [info] > git for-each-ref --format=%(refname)%00%(upstream:short)%00%(objectname)%00%(upstream:track)%00%(upstream:remotename)%00%(upstream:remoteref) refs/heads/feature-product-index refs/remotes/feature-product-index [1ms]
2024-01-29 09:19:28.593 [info] > git status -z -uall [24ms]
2024-01-29 09:19:33.608 [info] > git config --get commit.template [2ms]
2024-01-29 09:19:33.617 [info] > git for-each-ref --format=%(refname)%00%(upstream:short)%00%(objectname)%00%(upstream:track)%00%(upstream:remotename)%00%(upstream:remoteref) refs/heads/feature-product-index refs/remotes/feature-product-index [1ms]
2024-01-29 09:19:33.645 [info] > git status -z -uall [20ms]
2024-01-29 09:19:38.661 [info] > git config --get commit.template [1ms]
2024-01-29 09:19:38.669 [info] > git for-each-ref --format=%(refname)%00%(upstream:short)%00%(objectname)%00%(upstream:track)%00%(upstream:remotename)%00%(upstream:remoteref) refs/heads/feature-product-index refs/remotes/feature-product-index [1ms]
2024-01-29 09:19:38.693 [info] > git status -z -uall [17ms]
2024-01-29 09:19:43.709 [info] > git config --get commit.template [1ms]
2024-01-29 09:19:43.718 [info] > git for-each-ref --format=%(refname)%00%(upstream:short)%00%(objectname)%00%(upstream:track)%00%(upstream:remotename)%00%(upstream:remoteref) refs/heads/feature-product-index refs/remotes/feature-product-index [1ms]
2024-01-29 09:19:43.744 [info] > git status -z -uall [18ms]
2024-01-29 09:19:48.759 [info] > git config --get commit.template [1ms]
2024-01-29 09:19:48.768 [info] > git for-each-ref --format=%(refname)%00%(upstream:short)%00%(objectname)%00%(upstream:track)%00%(upstream:remotename)%00%(upstream:remoteref) refs/heads/feature-product-index refs/remotes/feature-product-index [1ms]
2024-01-29 09:19:48.796 [info] > git status -z -uall [19ms]
2024-01-29 09:19:53.811 [info] > git config --get commit.template [1ms]
2024-01-29 09:19:53.820 [info] > git for-each-ref --format=%(refname)%00%(upstream:short)%00%(objectname)%00%(upstream:track)%00%(upstream:remotename)%00%(upstream:remoteref) refs/heads/feature-product-index refs/remotes/feature-product-index [0ms]
2024-01-29 09:19:53.846 [info] > git status -z -uall [18ms]
2024-01-29 09:19:58.865 [info] > git config --get commit.template [1ms]
2024-01-29 09:19:58.874 [info] > git for-each-ref --format=%(refname)%00%(upstream:short)%00%(objectname)%00%(upstream:track)%00%(upstream:remotename)%00%(upstream:remoteref) refs/heads/feature-product-index refs/remotes/feature-product-index [1ms]
2024-01-29 09:19:58.899 [info] > git status -z -uall [18ms]
2024-01-29 09:20:03.916 [info] > git config --get commit.template [1ms]
2024-01-29 09:20:03.925 [info] > git for-each-ref --format=%(refname)%00%(upstream:short)%00%(objectname)%00%(upstream:track)%00%(upstream:remotename)%00%(upstream:remoteref) refs/heads/feature-product-index refs/remotes/feature-product-index [1ms]
2024-01-29 09:20:03.952 [info] > git status -z -uall [18ms]
2024-01-29 09:20:08.965 [info] > git config --get commit.template [1ms]
2024-01-29 09:20:08.975 [info] > git for-each-ref --format=%(refname)%00%(upstream:short)%00%(objectname)%00%(upstream:track)%00%(upstream:remotename)%00%(upstream:remoteref) refs/heads/feature-product-index refs/remotes/feature-product-index [1ms]
2024-01-29 09:20:09.001 [info] > git status -z -uall [18ms]
2024-01-29 09:20:14.027 [info] > git config --get commit.template [12ms]
2024-01-29 09:20:14.028 [info] > git for-each-ref --format=%(refname)%00%(upstream:short)%00%(objectname)%00%(upstream:track)%00%(upstream:remotename)%00%(upstream:remoteref) refs/heads/feature-product-index refs/remotes/feature-product-index [1ms]
2024-01-29 09:20:14.056 [info] > git status -z -uall [19ms]
2024-01-29 09:20:19.069 [info] > git config --get commit.template [1ms]
2024-01-29 09:20:19.081 [info] > git for-each-ref --format=%(refname)%00%(upstream:short)%00%(objectname)%00%(upstream:track)%00%(upstream:remotename)%00%(upstream:remoteref) refs/heads/feature-product-index refs/remotes/feature-product-index [1ms]
2024-01-29 09:20:19.108 [info] > git status -z -uall [19ms]
2024-01-29 09:20:24.122 [info] > git config --get commit.template [1ms]
2024-01-29 09:20:24.132 [info] > git for-each-ref --format=%(refname)%00%(upstream:short)%00%(objectname)%00%(upstream:track)%00%(upstream:remotename)%00%(upstream:remoteref) refs/heads/feature-product-index refs/remotes/feature-product-index [1ms]
2024-01-29 09:20:24.157 [info] > git status -z -uall [17ms]
2024-01-29 09:20:29.175 [info] > git config --get commit.template [1ms]
2024-01-29 09:20:29.186 [info] > git for-each-ref --format=%(refname)%00%(upstream:short)%00%(objectname)%00%(upstream:track)%00%(upstream:remotename)%00%(upstream:remoteref) refs/heads/feature-product-index refs/remotes/feature-product-index [2ms]
2024-01-29 09:20:29.214 [info] > git status -z -uall [20ms]
2024-01-29 09:20:37.478 [info] > git config --get commit.template [1ms]
2024-01-29 09:20:37.487 [info] > git for-each-ref --format=%(refname)%00%(upstream:short)%00%(objectname)%00%(upstream:track)%00%(upstream:remotename)%00%(upstream:remoteref) refs/heads/feature-product-index refs/remotes/feature-product-index [1ms]
2024-01-29 09:20:37.515 [info] > git status -z -uall [18ms]
2024-01-29 09:20:43.481 [info] > git config --get commit.template [1ms]
2024-01-29 09:20:43.490 [info] > git for-each-ref --format=%(refname)%00%(upstream:short)%00%(objectname)%00%(upstream:track)%00%(upstream:remotename)%00%(upstream:remoteref) refs/heads/feature-product-index refs/remotes/feature-product-index [1ms]
2024-01-29 09:20:43.518 [info] > git status -z -uall [19ms]
2024-01-29 09:20:55.489 [info] > git config --get commit.template [0ms]
2024-01-29 09:20:55.500 [info] > git for-each-ref --format=%(refname)%00%(upstream:short)%00%(objectname)%00%(upstream:track)%00%(upstream:remotename)%00%(upstream:remoteref) refs/heads/feature-product-index refs/remotes/feature-product-index [1ms]
2024-01-29 09:20:55.526 [info] > git status -z -uall [18ms]
2024-01-29 09:21:00.544 [info] > git config --get commit.template [1ms]
2024-01-29 09:21:00.554 [info] > git for-each-ref --format=%(refname)%00%(upstream:short)%00%(objectname)%00%(upstream:track)%00%(upstream:remotename)%00%(upstream:remoteref) refs/heads/feature-product-index refs/remotes/feature-product-index [1ms]
2024-01-29 09:21:00.582 [info] > git status -z -uall [20ms]
2024-01-29 09:21:05.606 [info] > git config --get commit.template [8ms]
2024-01-29 09:21:05.606 [info] > git for-each-ref --format=%(refname)%00%(upstream:short)%00%(objectname)%00%(upstream:track)%00%(upstream:remotename)%00%(upstream:remoteref) refs/heads/feature-product-index refs/remotes/feature-product-index [1ms]
2024-01-29 09:21:05.633 [info] > git status -z -uall [17ms]
2024-01-29 09:21:10.649 [info] > git config --get commit.template [1ms]
2024-01-29 09:21:10.659 [info] > git for-each-ref --format=%(refname)%00%(upstream:short)%00%(objectname)%00%(upstream:track)%00%(upstream:remotename)%00%(upstream:remoteref) refs/heads/feature-product-index refs/remotes/feature-product-index [2ms]
2024-01-29 09:21:10.686 [info] > git status -z -uall [19ms]
2024-01-29 09:21:15.711 [info] > git config --get commit.template [10ms]
2024-01-29 09:21:15.711 [info] > git for-each-ref --format=%(refname)%00%(upstream:short)%00%(objectname)%00%(upstream:track)%00%(upstream:remotename)%00%(upstream:remoteref) refs/heads/feature-product-index refs/remotes/feature-product-index [1ms]
2024-01-29 09:21:15.737 [info] > git status -z -uall [18ms]
2024-01-29 09:23:13.865 [info] > git config --get commit.template [3ms]
2024-01-29 09:23:13.877 [info] > git for-each-ref --format=%(refname)%00%(upstream:short)%00%(objectname)%00%(upstream:track)%00%(upstream:remotename)%00%(upstream:remoteref) refs/heads/feature-product-index refs/remotes/feature-product-index [1ms]
2024-01-29 09:23:13.914 [info] > git status -z -uall [29ms]
2024-01-29 09:23:18.929 [info] > git config --get commit.template [1ms]
2024-01-29 09:23:18.937 [info] > git for-each-ref --format=%(refname)%00%(upstream:short)%00%(objectname)%00%(upstream:track)%00%(upstream:remotename)%00%(upstream:remoteref) refs/heads/feature-product-index refs/remotes/feature-product-index [1ms]
2024-01-29 09:23:18.965 [info] > git status -z -uall [20ms]
2024-01-29 09:23:23.983 [info] > git config --get commit.template [1ms]
2024-01-29 09:23:23.992 [info] > git for-each-ref --format=%(refname)%00%(upstream:short)%00%(objectname)%00%(upstream:track)%00%(upstream:remotename)%00%(upstream:remoteref) refs/heads/feature-product-index refs/remotes/feature-product-index [2ms]
2024-01-29 09:23:24.018 [info] > git status -z -uall [19ms]
2024-01-29 09:24:54.381 [info] > git config --get commit.template [4ms]
2024-01-29 09:24:54.390 [info] > git for-each-ref --format=%(refname)%00%(upstream:short)%00%(objectname)%00%(upstream:track)%00%(upstream:remotename)%00%(upstream:remoteref) refs/heads/feature-product-index refs/remotes/feature-product-index [1ms]
2024-01-29 09:24:54.418 [info] > git status -z -uall [19ms]
2024-01-29 09:26:28.345 [info] > git config --get commit.template [10ms]
2024-01-29 09:26:28.346 [info] > git for-each-ref --format=%(refname)%00%(upstream:short)%00%(objectname)%00%(upstream:track)%00%(upstream:remotename)%00%(upstream:remoteref) refs/heads/feature-product-index refs/remotes/feature-product-index [1ms]
2024-01-29 09:26:28.383 [info] > git status -z -uall [24ms]
2024-01-29 09:27:49.331 [info] > git config --get commit.template [19ms]
2024-01-29 09:27:49.334 [info] > git for-each-ref --format=%(refname)%00%(upstream:short)%00%(objectname)%00%(upstream:track)%00%(upstream:remotename)%00%(upstream:remoteref) refs/heads/feature-product-index refs/remotes/feature-product-index [3ms]
2024-01-29 09:27:49.395 [info] > git status -z -uall [39ms]
2024-01-29 09:36:55.141 [info] > git config --get commit.template [12ms]
2024-01-29 09:36:55.143 [info] > git for-each-ref --format=%(refname)%00%(upstream:short)%00%(objectname)%00%(upstream:track)%00%(upstream:remotename)%00%(upstream:remoteref) refs/heads/feature-product-index refs/remotes/feature-product-index [1ms]
2024-01-29 09:36:55.177 [info] > git status -z -uall [24ms]
2024-01-29 09:39:40.236 [info] > git config --get commit.template [2ms]
2024-01-29 09:39:40.246 [info] > git for-each-ref --format=%(refname)%00%(upstream:short)%00%(objectname)%00%(upstream:track)%00%(upstream:remotename)%00%(upstream:remoteref) refs/heads/feature-product-index refs/remotes/feature-product-index [1ms]
2024-01-29 09:39:40.275 [info] > git status -z -uall [20ms]
2024-01-29 09:39:45.301 [info] > git config --get commit.template [9ms]
2024-01-29 09:39:45.301 [info] > git for-each-ref --format=%(refname)%00%(upstream:short)%00%(objectname)%00%(upstream:track)%00%(upstream:remotename)%00%(upstream:remoteref) refs/heads/feature-product-index refs/remotes/feature-product-index [1ms]
2024-01-29 09:39:45.327 [info] > git status -z -uall [18ms]
2024-01-29 09:39:50.343 [info] > git config --get commit.template [1ms]
2024-01-29 09:39:50.353 [info] > git for-each-ref --format=%(refname)%00%(upstream:short)%00%(objectname)%00%(upstream:track)%00%(upstream:remotename)%00%(upstream:remoteref) refs/heads/feature-product-index refs/remotes/feature-product-index [1ms]
2024-01-29 09:39:50.379 [info] > git status -z -uall [17ms]
2024-01-29 09:39:55.397 [info] > git config --get commit.template [2ms]
2024-01-29 09:39:55.406 [info] > git for-each-ref --format=%(refname)%00%(upstream:short)%00%(objectname)%00%(upstream:track)%00%(upstream:remotename)%00%(upstream:remoteref) refs/heads/feature-product-index refs/remotes/feature-product-index [1ms]
2024-01-29 09:39:55.433 [info] > git status -z -uall [18ms]
2024-01-29 09:40:00.457 [info] > git config --get commit.template [10ms]
2024-01-29 09:40:00.458 [info] > git for-each-ref --format=%(refname)%00%(upstream:short)%00%(objectname)%00%(upstream:track)%00%(upstream:remotename)%00%(upstream:remoteref) refs/heads/feature-product-index refs/remotes/feature-product-index [2ms]
2024-01-29 09:40:00.485 [info] > git status -z -uall [18ms]
2024-01-29 09:40:05.500 [info] > git config --get commit.template [1ms]
2024-01-29 09:40:05.509 [info] > git for-each-ref --format=%(refname)%00%(upstream:short)%00%(objectname)%00%(upstream:track)%00%(upstream:remotename)%00%(upstream:remoteref) refs/heads/feature-product-index refs/remotes/feature-product-index [1ms]
2024-01-29 09:40:05.542 [info] > git status -z -uall [22ms]
2024-01-29 09:40:10.558 [info] > git config --get commit.template [1ms]
2024-01-29 09:40:10.566 [info] > git for-each-ref --format=%(refname)%00%(upstream:short)%00%(objectname)%00%(upstream:track)%00%(upstream:remotename)%00%(upstream:remoteref) refs/heads/feature-product-index refs/remotes/feature-product-index [0ms]
2024-01-29 09:40:10.593 [info] > git status -z -uall [19ms]
2024-01-29 09:40:15.609 [info] > git config --get commit.template [1ms]
2024-01-29 09:40:15.618 [info] > git for-each-ref --format=%(refname)%00%(upstream:short)%00%(objectname)%00%(upstream:track)%00%(upstream:remotename)%00%(upstream:remoteref) refs/heads/feature-product-index refs/remotes/feature-product-index [1ms]
2024-01-29 09:40:15.645 [info] > git status -z -uall [18ms]
2024-01-29 09:40:20.702 [info] > git config --get commit.template [1ms]
2024-01-29 09:40:20.714 [info] > git for-each-ref --format=%(refname)%00%(upstream:short)%00%(objectname)%00%(upstream:track)%00%(upstream:remotename)%00%(upstream:remoteref) refs/heads/feature-product-index refs/remotes/feature-product-index [1ms]
2024-01-29 09:40:20.747 [info] > git status -z -uall [21ms]
2024-01-29 09:44:39.195 [info] > git config --get commit.template [4ms]
2024-01-29 09:44:39.208 [info] > git for-each-ref --format=%(refname)%00%(upstream:short)%00%(objectname)%00%(upstream:track)%00%(upstream:remotename)%00%(upstream:remoteref) refs/heads/feature-product-index refs/remotes/feature-product-index [1ms]
2024-01-29 09:44:39.244 [info] > git status -z -uall [26ms]
2024-01-29 09:44:44.262 [info] > git config --get commit.template [1ms]
2024-01-29 09:44:44.271 [info] > git for-each-ref --format=%(refname)%00%(upstream:short)%00%(objectname)%00%(upstream:track)%00%(upstream:remotename)%00%(upstream:remoteref) refs/heads/feature-product-index refs/remotes/feature-product-index [1ms]
2024-01-29 09:44:44.296 [info] > git status -z -uall [18ms]
2024-01-29 09:44:49.315 [info] > git config --get commit.template [1ms]
2024-01-29 09:44:49.324 [info] > git for-each-ref --format=%(refname)%00%(upstream:short)%00%(objectname)%00%(upstream:track)%00%(upstream:remotename)%00%(upstream:remoteref) refs/heads/feature-product-index refs/remotes/feature-product-index [1ms]
2024-01-29 09:44:49.348 [info] > git status -z -uall [17ms]
2024-01-29 09:44:54.738 [info] > git config --get commit.template [15ms]
2024-01-29 09:44:54.738 [info] > git for-each-ref --format=%(refname)%00%(upstream:short)%00%(objectname)%00%(upstream:track)%00%(upstream:remotename)%00%(upstream:remoteref) refs/heads/feature-product-index refs/remotes/feature-product-index [1ms]
2024-01-29 09:44:54.768 [info] > git status -z -uall [21ms]
2024-01-29 09:47:17.100 [info] > git config --get commit.template [2ms]
2024-01-29 09:47:17.115 [info] > git for-each-ref --format=%(refname)%00%(upstream:short)%00%(objectname)%00%(upstream:track)%00%(upstream:remotename)%00%(upstream:remoteref) refs/heads/feature-product-index refs/remotes/feature-product-index [2ms]
2024-01-29 09:47:17.156 [info] > git status -z -uall [28ms]
2024-01-29 09:47:22.172 [info] > git config --get commit.template [1ms]
2024-01-29 09:47:22.180 [info] > git for-each-ref --format=%(refname)%00%(upstream:short)%00%(objectname)%00%(upstream:track)%00%(upstream:remotename)%00%(upstream:remoteref) refs/heads/feature-product-index refs/remotes/feature-product-index [1ms]
2024-01-29 09:47:22.209 [info] > git status -z -uall [20ms]
2024-01-29 09:47:48.170 [info] > git config --get commit.template [15ms]
2024-01-29 09:47:48.171 [info] > git for-each-ref --format=%(refname)%00%(upstream:short)%00%(objectname)%00%(upstream:track)%00%(upstream:remotename)%00%(upstream:remoteref) refs/heads/feature-product-index refs/remotes/feature-product-index [2ms]
2024-01-29 09:47:48.207 [info] > git status -z -uall [24ms]
2024-01-29 09:47:53.224 [info] > git config --get commit.template [1ms]
2024-01-29 09:47:53.232 [info] > git for-each-ref --format=%(refname)%00%(upstream:short)%00%(objectname)%00%(upstream:track)%00%(upstream:remotename)%00%(upstream:remoteref) refs/heads/feature-product-index refs/remotes/feature-product-index [0ms]
2024-01-29 09:47:53.262 [info] > git status -z -uall [21ms]
2024-01-29 09:48:01.816 [info] > git config --get commit.template [1ms]
2024-01-29 09:48:01.826 [info] > git for-each-ref --format=%(refname)%00%(upstream:short)%00%(objectname)%00%(upstream:track)%00%(upstream:remotename)%00%(upstream:remoteref) refs/heads/feature-product-index refs/remotes/feature-product-index [0ms]
2024-01-29 09:48:01.859 [info] > git status -z -uall [24ms]
2024-01-29 09:48:23.028 [info] > git config --get commit.template [2ms]
2024-01-29 09:48:23.045 [info] > git for-each-ref --format=%(refname)%00%(upstream:short)%00%(objectname)%00%(upstream:track)%00%(upstream:remotename)%00%(upstream:remoteref) refs/heads/feature-product-index refs/remotes/feature-product-index [1ms]
2024-01-29 09:48:23.074 [info] > git status -z -uall [20ms]
2024-01-29 09:48:28.092 [info] > git config --get commit.template [1ms]
2024-01-29 09:48:28.100 [info] > git for-each-ref --format=%(refname)%00%(upstream:short)%00%(objectname)%00%(upstream:track)%00%(upstream:remotename)%00%(upstream:remoteref) refs/heads/feature-product-index refs/remotes/feature-product-index [1ms]
2024-01-29 09:48:28.127 [info] > git status -z -uall [19ms]
2024-01-29 09:48:40.970 [info] > git config --get commit.template [1ms]
2024-01-29 09:48:40.981 [info] > git for-each-ref --format=%(refname)%00%(upstream:short)%00%(objectname)%00%(upstream:track)%00%(upstream:remotename)%00%(upstream:remoteref) refs/heads/feature-product-index refs/remotes/feature-product-index [2ms]
2024-01-29 09:48:41.008 [info] > git status -z -uall [18ms]
2024-01-29 09:48:46.033 [info] > git config --get commit.template [9ms]
2024-01-29 09:48:46.034 [info] > git for-each-ref --format=%(refname)%00%(upstream:short)%00%(objectname)%00%(upstream:track)%00%(upstream:remotename)%00%(upstream:remoteref) refs/heads/feature-product-index refs/remotes/feature-product-index [2ms]
2024-01-29 09:48:46.061 [info] > git status -z -uall [18ms]
2024-01-29 09:48:51.078 [info] > git config --get commit.template [0ms]
2024-01-29 09:48:51.086 [info] > git for-each-ref --format=%(refname)%00%(upstream:short)%00%(objectname)%00%(upstream:track)%00%(upstream:remotename)%00%(upstream:remoteref) refs/heads/feature-product-index refs/remotes/feature-product-index [1ms]
2024-01-29 09:48:51.117 [info] > git status -z -uall [22ms]
2024-01-29 09:48:56.133 [info] > git config --get commit.template [1ms]
2024-01-29 09:48:56.142 [info] > git for-each-ref --format=%(refname)%00%(upstream:short)%00%(objectname)%00%(upstream:track)%00%(upstream:remotename)%00%(upstream:remoteref) refs/heads/feature-product-index refs/remotes/feature-product-index [1ms]
2024-01-29 09:48:56.168 [info] > git status -z -uall [18ms]
2024-01-29 09:49:01.194 [info] > git config --get commit.template [10ms]
2024-01-29 09:49:01.195 [info] > git for-each-ref --format=%(refname)%00%(upstream:short)%00%(objectname)%00%(upstream:track)%00%(upstream:remotename)%00%(upstream:remoteref) refs/heads/feature-product-index refs/remotes/feature-product-index [1ms]
2024-01-29 09:49:01.221 [info] > git status -z -uall [19ms]
2024-01-29 09:49:08.014 [info] > git config --get commit.template [0ms]
2024-01-29 09:49:08.024 [info] > git for-each-ref --format=%(refname)%00%(upstream:short)%00%(objectname)%00%(upstream:track)%00%(upstream:remotename)%00%(upstream:remoteref) refs/heads/feature-product-index refs/remotes/feature-product-index [2ms]
2024-01-29 09:49:08.054 [info] > git status -z -uall [21ms]
2024-01-29 09:49:13.073 [info] > git config --get commit.template [3ms]
2024-01-29 09:49:13.084 [info] > git for-each-ref --format=%(refname)%00%(upstream:short)%00%(objectname)%00%(upstream:track)%00%(upstream:remotename)%00%(upstream:remoteref) refs/heads/feature-product-index refs/remotes/feature-product-index [1ms]
2024-01-29 09:49:13.113 [info] > git status -z -uall [18ms]
2024-01-29 09:49:18.131 [info] > git config --get commit.template [1ms]
2024-01-29 09:49:18.142 [info] > git for-each-ref --format=%(refname)%00%(upstream:short)%00%(objectname)%00%(upstream:track)%00%(upstream:remotename)%00%(upstream:remoteref) refs/heads/feature-product-index refs/remotes/feature-product-index [1ms]
2024-01-29 09:49:18.170 [info] > git status -z -uall [18ms]
2024-01-29 09:49:23.197 [info] > git config --get commit.template [10ms]
2024-01-29 09:49:23.197 [info] > git for-each-ref --format=%(refname)%00%(upstream:short)%00%(objectname)%00%(upstream:track)%00%(upstream:remotename)%00%(upstream:remoteref) refs/heads/feature-product-index refs/remotes/feature-product-index [2ms]
2024-01-29 09:49:23.230 [info] > git status -z -uall [20ms]
2024-01-29 09:49:28.248 [info] > git config --get commit.template [0ms]
2024-01-29 09:49:28.261 [info] > git for-each-ref --format=%(refname)%00%(upstream:short)%00%(objectname)%00%(upstream:track)%00%(upstream:remotename)%00%(upstream:remoteref) refs/heads/feature-product-index refs/remotes/feature-product-index [2ms]
2024-01-29 09:49:28.288 [info] > git status -z -uall [18ms]
2024-01-29 09:49:35.439 [info] > git config --get commit.template [2ms]
2024-01-29 09:49:35.454 [info] > git for-each-ref --format=%(refname)%00%(upstream:short)%00%(objectname)%00%(upstream:track)%00%(upstream:remotename)%00%(upstream:remoteref) refs/heads/feature-product-index refs/remotes/feature-product-index [1ms]
2024-01-29 09:49:35.485 [info] > git status -z -uall [22ms]
2024-01-29 09:50:15.738 [info] > git config --get commit.template [14ms]
2024-01-29 09:50:15.739 [info] > git for-each-ref --format=%(refname)%00%(upstream:short)%00%(objectname)%00%(upstream:track)%00%(upstream:remotename)%00%(upstream:remoteref) refs/heads/feature-product-index refs/remotes/feature-product-index [1ms]
2024-01-29 09:50:15.769 [info] > git status -z -uall [19ms]
2024-01-29 09:50:20.793 [info] > git config --get commit.template [9ms]
2024-01-29 09:50:20.793 [info] > git for-each-ref --format=%(refname)%00%(upstream:short)%00%(objectname)%00%(upstream:track)%00%(upstream:remotename)%00%(upstream:remoteref) refs/heads/feature-product-index refs/remotes/feature-product-index [1ms]
2024-01-29 09:50:20.819 [info] > git status -z -uall [19ms]
2024-01-29 09:50:25.836 [info] > git config --get commit.template [1ms]
2024-01-29 09:50:25.845 [info] > git for-each-ref --format=%(refname)%00%(upstream:short)%00%(objectname)%00%(upstream:track)%00%(upstream:remotename)%00%(upstream:remoteref) refs/heads/feature-product-index refs/remotes/feature-product-index [1ms]
2024-01-29 09:50:25.870 [info] > git status -z -uall [17ms]
2024-01-29 09:50:27.883 [info] > git show --textconv :heroku.yml [9ms]
2024-01-29 09:50:27.884 [info] > git ls-files --stage -- /home/jagaimo/heroku.yml [2ms]
2024-01-29 09:50:27.896 [info] > git cat-file -s c8046c9f8aafc4abc01832372469f6d09b197d3f [2ms]
2024-01-29 09:50:28.332 [info] > git show --textconv :Gemfile.lock [9ms]
2024-01-29 09:50:28.334 [info] > git ls-files --stage -- /home/jagaimo/Gemfile.lock [2ms]
2024-01-29 09:50:28.342 [info] > git cat-file -s c852fa9ea1bdb432c439d022d9edc26d1847693b [1ms]
2024-01-29 09:50:28.842 [info] > git show --textconv :Gemfile [15ms]
2024-01-29 09:50:28.859 [info] > git ls-files --stage -- /home/jagaimo/Gemfile [19ms]
2024-01-29 09:50:28.875 [info] > git cat-file -s 0a77098cc176a98d00e4355a618b22abca548d03 [1ms]
2024-01-29 09:50:30.886 [info] > git config --get commit.template [2ms]
2024-01-29 09:50:30.895 [info] > git for-each-ref --format=%(refname)%00%(upstream:short)%00%(objectname)%00%(upstream:track)%00%(upstream:remotename)%00%(upstream:remoteref) refs/heads/feature-product-index refs/remotes/feature-product-index [1ms]
2024-01-29 09:50:30.922 [info] > git status -z -uall [19ms]
2024-01-29 09:50:40.690 [info] > git config --get commit.template [2ms]
2024-01-29 09:50:40.701 [info] > git for-each-ref --format=%(refname)%00%(upstream:short)%00%(objectname)%00%(upstream:track)%00%(upstream:remotename)%00%(upstream:remoteref) refs/heads/feature-product-index refs/remotes/feature-product-index [1ms]
2024-01-29 09:50:40.730 [info] > git status -z -uall [19ms]
2024-01-29 09:50:45.754 [info] > git config --get commit.template [9ms]
2024-01-29 09:50:45.755 [info] > git for-each-ref --format=%(refname)%00%(upstream:short)%00%(objectname)%00%(upstream:track)%00%(upstream:remotename)%00%(upstream:remoteref) refs/heads/feature-product-index refs/remotes/feature-product-index [2ms]
2024-01-29 09:50:45.784 [info] > git status -z -uall [19ms]
2024-01-29 09:50:50.799 [info] > git config --get commit.template [1ms]
2024-01-29 09:50:50.811 [info] > git for-each-ref --format=%(refname)%00%(upstream:short)%00%(objectname)%00%(upstream:track)%00%(upstream:remotename)%00%(upstream:remoteref) refs/heads/feature-product-index refs/remotes/feature-product-index [0ms]
2024-01-29 09:50:50.838 [info] > git status -z -uall [20ms]
