2024-02-01 09:56:36.501 [info] Log level: Info
2024-02-01 09:56:36.501 [info] Validating found git in: "git"
2024-02-01 09:56:36.501 [info] Using git "2.30.2" from "git"
2024-02-01 09:56:36.501 [info] > git rev-parse --show-toplevel [10ms]
2024-02-01 09:56:36.501 [info] fatal: not a git repository (or any of the parent directories): .git
2024-02-01 09:56:36.501 [info] > git rev-parse --show-toplevel [11ms]
2024-02-01 09:56:36.501 [info] fatal: not a git repository (or any of the parent directories): .git
2024-02-01 09:56:36.501 [info] > git rev-parse --show-toplevel [4ms]
2024-02-01 09:56:36.501 [info] fatal: not a git repository (or any of the parent directories): .git
2024-02-01 09:56:36.503 [info] > git rev-parse --show-toplevel [3ms]
2024-02-01 09:56:36.503 [info] fatal: not a git repository (or any parent up to mount point /)
Stopping at filesystem boundary (GIT_DISCOVERY_ACROSS_FILESYSTEM not set).
2024-02-01 09:56:36.542 [info] > git rev-parse --show-toplevel [2ms]
2024-02-01 09:56:36.542 [info] fatal: not a git repository (or any of the parent directories): .git
2024-02-01 09:56:36.573 [info] > git rev-parse --show-toplevel [1ms]
2024-02-01 09:56:36.573 [info] fatal: not a git repository (or any of the parent directories): .git
2024-02-01 09:56:36.605 [info] > git rev-parse --show-toplevel [2ms]
2024-02-01 09:56:36.605 [info] fatal: not a git repository (or any of the parent directories): .git
2024-02-01 09:56:36.630 [info] > git rev-parse --show-toplevel [1ms]
2024-02-01 09:56:36.630 [info] fatal: not a git repository (or any of the parent directories): .git
2024-02-01 09:56:36.663 [info] > git rev-parse --show-toplevel [1ms]
2024-02-01 09:56:36.663 [info] fatal: not a git repository (or any of the parent directories): .git
2024-02-01 09:56:36.698 [info] > git rev-parse --show-toplevel [6ms]
2024-02-01 09:56:36.698 [info] fatal: not a git repository (or any of the parent directories): .git
2024-02-01 09:56:36.718 [info] > git rev-parse --show-toplevel [2ms]
2024-02-01 09:56:36.719 [info] fatal: not a git repository (or any of the parent directories): .git
2024-02-01 09:56:36.759 [info] > git rev-parse --show-toplevel [1ms]
2024-02-01 09:56:36.759 [info] fatal: not a git repository (or any parent up to mount point /)
Stopping at filesystem boundary (GIT_DISCOVERY_ACROSS_FILESYSTEM not set).
2024-02-01 09:56:36.824 [info] > git rev-parse --show-toplevel [13ms]
2024-02-01 09:56:36.839 [info] fatal: not a git repository (or any of the parent directories): .git
2024-02-01 09:56:36.913 [info] > git rev-parse --show-toplevel [29ms]
2024-02-01 09:56:36.913 [info] fatal: not a git repository (or any of the parent directories): .git
2024-02-01 09:56:36.947 [info] > git rev-parse --show-toplevel [13ms]
2024-02-01 09:56:36.947 [info] fatal: not a git repository (or any of the parent directories): .git
2024-02-01 09:56:36.985 [info] > git rev-parse --show-toplevel [1ms]
2024-02-01 09:56:36.986 [info] fatal: not a git repository (or any parent up to mount point /)
Stopping at filesystem boundary (GIT_DISCOVERY_ACROSS_FILESYSTEM not set).
2024-02-01 09:56:37.002 [info] > git rev-parse --show-toplevel [2ms]
2024-02-01 09:56:37.002 [info] fatal: not a git repository (or any of the parent directories): .git
2024-02-01 09:56:37.041 [info] > git rev-parse --show-toplevel [1ms]
2024-02-01 09:56:37.041 [info] fatal: not a git repository (or any of the parent directories): .git
2024-02-01 09:56:37.062 [info] > git rev-parse --show-toplevel [1ms]
2024-02-01 09:56:37.062 [info] fatal: not a git repository (or any of the parent directories): .git
2024-02-01 10:20:24.658 [info] > git rev-parse --show-toplevel [2ms]
2024-02-01 10:20:24.667 [info] > git rev-parse --git-dir --git-common-dir [2ms]
2024-02-01 10:20:24.685 [info] Open repository: /home/jagaimo
2024-02-01 10:20:24.714 [info] > git config --get commit.template [10ms]
2024-02-01 10:20:24.746 [info] > git for-each-ref --format=%(refname)%00%(upstream:short)%00%(objectname)%00%(upstream:track)%00%(upstream:remotename)%00%(upstream:remoteref) refs/heads/feature-product-index refs/remotes/feature-product-index [24ms]
2024-02-01 10:20:24.800 [info] > git status -z -uall [43ms]
2024-02-01 10:20:24.896 [info] > git config --get commit.template [12ms]
2024-02-01 10:20:24.971 [info] > git for-each-ref --format=%(refname)%00%(upstream:short)%00%(objectname)%00%(upstream:track)%00%(upstream:remotename)%00%(upstream:remoteref) refs/heads/feature-product-index refs/remotes/feature-product-index [59ms]
2024-02-01 10:20:25.015 [info] > git status -z -uall [35ms]
2024-02-01 10:20:25.364 [info] > git show --textconv :compose.yaml [8ms]
2024-02-01 10:20:25.366 [info] > git ls-files --stage -- /home/jagaimo/compose.yaml [3ms]
2024-02-01 10:20:25.373 [info] > git cat-file -s 2800612d103a796aa94a8535c9e2a1ad6c1aca9a [1ms]
2024-02-01 10:20:25.401 [info] > git check-ignore -v -z --stdin [4ms]
2024-02-01 10:38:55.732 [info] > git for-each-ref --format=%(refname)%00%(upstream:short)%00%(objectname)%00%(upstream:track)%00%(upstream:remotename)%00%(upstream:remoteref) refs/heads/feature-product-index [25ms]
2024-02-01 10:38:55.742 [info] > git rev-parse --show-toplevel [12ms]
2024-02-01 10:38:55.742 [info] fatal: not a git repository (or any of the parent directories): .git
2024-02-01 10:38:55.744 [info] > git config --local branch.feature-product-index.vscode-merge-base [3ms]
2024-02-01 10:38:55.756 [info] > git for-each-ref --format=%(refname)%00%(upstream:short)%00%(objectname)%00%(upstream:track)%00%(upstream:remotename)%00%(upstream:remoteref) refs/heads/main refs/remotes/main [2ms]
2024-02-01 10:38:55.778 [info] > git merge-base refs/heads/feature-product-index refs/heads/main [5ms]
2024-02-01 10:38:55.789 [info] > git rev-list --count --left-right refs/heads/feature-product-index...refs/heads/main [2ms]
2024-02-01 10:38:56.220 [info] > git check-ignore -v -z --stdin [5ms]
2024-02-01 10:38:57.131 [info] > git check-ignore -v -z --stdin [3ms]
