2024-01-30 20:58:50.925 [info] Log level: Info
2024-01-30 20:58:50.925 [info] Validating found git in: "git"
2024-01-30 20:58:50.925 [info] Using git "2.30.2" from "git"
2024-01-30 20:58:50.925 [info] > git rev-parse --show-toplevel [163ms]
2024-01-30 20:58:50.925 [info] > git rev-parse --git-dir --git-common-dir [89ms]
2024-01-30 20:58:50.925 [info] Open repository: /home/jagaimo
2024-01-30 20:58:50.925 [info] > git rev-parse --show-toplevel [17ms]
2024-01-30 20:58:50.925 [info] > git config --get commit.template [25ms]
2024-01-30 20:58:51.044 [info] > git rev-parse --show-toplevel [80ms]
2024-01-30 20:58:51.055 [info] > git for-each-ref --format=%(refname)%00%(upstream:short)%00%(objectname)%00%(upstream:track)%00%(upstream:remotename)%00%(upstream:remoteref) refs/heads/feature-product-index refs/remotes/feature-product-index [14ms]
2024-01-30 20:58:51.091 [info] > git rev-parse --show-toplevel [37ms]
2024-01-30 20:58:51.105 [info] > git status -z -uall [41ms]
2024-01-30 20:58:51.141 [info] > git rev-parse --show-toplevel [40ms]
2024-01-30 20:58:51.154 [info] > git config --get commit.template [16ms]
2024-01-30 20:58:51.158 [info] > git rev-parse --show-toplevel [5ms]
2024-01-30 20:58:51.186 [info] > git rev-parse --show-toplevel [12ms]
2024-01-30 20:58:51.187 [info] > git for-each-ref --format=%(refname)%00%(upstream:short)%00%(objectname)%00%(upstream:track)%00%(upstream:remotename)%00%(upstream:remoteref) refs/heads/feature-product-index refs/remotes/feature-product-index [21ms]
2024-01-30 20:58:51.294 [info] > git status -z -uall [102ms]
2024-01-30 20:58:51.294 [info] > git rev-parse --show-toplevel [90ms]
2024-01-30 20:58:51.310 [info] > git rev-parse --show-toplevel [2ms]
2024-01-30 20:58:51.321 [info] > git rev-parse --show-toplevel [3ms]
2024-01-30 20:58:51.335 [info] > git rev-parse --show-toplevel [2ms]
2024-01-30 20:58:51.349 [info] > git rev-parse --show-toplevel [3ms]
2024-01-30 20:58:51.357 [info] > git rev-parse --show-toplevel [1ms]
2024-01-30 20:58:51.367 [info] > git rev-parse --show-toplevel [1ms]
2024-01-30 20:58:51.377 [info] > git rev-parse --show-toplevel [2ms]
2024-01-30 20:58:51.386 [info] > git rev-parse --show-toplevel [1ms]
2024-01-30 20:58:51.410 [info] > git rev-parse --show-toplevel [14ms]
2024-01-30 20:58:51.485 [info] > git check-ignore -v -z --stdin [12ms]
2024-01-30 20:58:51.654 [info] > git show --textconv :jagaimo/.vscode-server/bin/8b3775030ed1a69b13e4f4c628c612102e30a681/bin/helpers/browser.sh [11ms]
2024-01-30 20:58:51.658 [info] > git ls-files --stage -- /home/jagaimo/jagaimo/.vscode-server/bin/8b3775030ed1a69b13e4f4c628c612102e30a681/bin/helpers/browser.sh [4ms]
2024-01-30 20:58:51.668 [info] > git cat-file -s e99f88eeec89cf7c60a38dad69893a3c0e260408 [1ms]
2024-01-30 20:58:52.173 [info] > git config --get commit.template [2ms]
2024-01-30 20:58:52.186 [info] > git for-each-ref --format=%(refname)%00%(upstream:short)%00%(objectname)%00%(upstream:track)%00%(upstream:remotename)%00%(upstream:remoteref) refs/heads/feature-product-index refs/remotes/feature-product-index [3ms]
2024-01-30 20:58:52.241 [info] > git status -z -uall [30ms]
2024-01-30 20:59:00.771 [info] > git check-ignore -v -z --stdin [8ms]
2024-01-30 20:59:01.900 [info] > git check-ignore -v -z --stdin [4ms]
2024-01-30 20:59:05.149 [info] > git check-ignore -v -z --stdin [3ms]
2024-01-30 20:59:08.097 [info] > git check-ignore -v -z --stdin [3ms]
2024-01-30 20:59:10.136 [info] > git check-ignore -v -z --stdin [3ms]
2024-01-30 20:59:10.759 [info] > git check-ignore -v -z --stdin [3ms]
2024-01-30 20:59:12.378 [info] > git show --textconv :compose.yaml [13ms]
2024-01-30 20:59:12.381 [info] > git ls-files --stage -- /home/jagaimo/compose.yaml [4ms]
2024-01-30 20:59:12.392 [info] > git cat-file -s 4baf1e76d30e2d12c1835d4ce92d2a3169ecd275 [1ms]
2024-01-30 21:00:37.876 [info] > git show --textconv :createuser.sh [7ms]
2024-01-30 21:00:37.879 [info] > git ls-files --stage -- /home/jagaimo/createuser.sh [3ms]
2024-01-30 21:00:37.887 [info] > git cat-file -s 6e1f59855dda4857c1d46b52ef54516a69e2e2b4 [1ms]
2024-01-30 21:01:54.465 [info] > git check-ignore -v -z --stdin [4ms]
2024-01-30 21:19:59.624 [info] > git check-ignore -v -z --stdin [5ms]
2024-01-30 21:20:01.520 [info] > git config --get commit.template [32ms]
2024-01-30 21:20:01.524 [info] > git for-each-ref --format=%(refname)%00%(upstream:short)%00%(objectname)%00%(upstream:track)%00%(upstream:remotename)%00%(upstream:remoteref) refs/heads/feature-product-index refs/remotes/feature-product-index [10ms]
2024-01-30 21:20:01.591 [info] > git status -z -uall [50ms]
2024-01-30 21:20:02.561 [info] > git show --textconv :log/development.log [15ms]
2024-01-30 21:20:02.561 [info] > git ls-files --stage -- /home/jagaimo/log/development.log [7ms]
2024-01-30 21:20:06.627 [info] > git config --get commit.template [9ms]
2024-01-30 21:20:06.627 [info] > git for-each-ref --format=%(refname)%00%(upstream:short)%00%(objectname)%00%(upstream:track)%00%(upstream:remotename)%00%(upstream:remoteref) refs/heads/feature-product-index refs/remotes/feature-product-index [2ms]
2024-01-30 21:20:06.652 [info] > git status -z -uall [18ms]
2024-01-30 21:24:00.351 [info] > git check-ignore -v -z --stdin [6ms]
2024-01-30 21:24:04.429 [info] > git show --textconv :tmp/local_secret.txt [22ms]
2024-01-30 21:24:04.438 [info] > git ls-files --stage -- /home/jagaimo/tmp/local_secret.txt [10ms]
