2024-01-29 10:08:36.356 [info] Log level: Info
2024-01-29 10:08:36.356 [info] Validating found git in: "git"
2024-01-29 10:08:36.356 [info] Using git "2.30.2" from "git"
2024-01-29 10:08:36.356 [info] > git rev-parse --show-toplevel [16ms]
2024-01-29 10:08:36.356 [info] > git rev-parse --git-dir --git-common-dir [3ms]
2024-01-29 10:08:36.356 [info] Open repository: /home/jagaimo
2024-01-29 10:08:36.374 [info] > git rev-parse --show-toplevel [1ms]
2024-01-29 10:08:36.375 [info] > git config --get commit.template [10ms]
2024-01-29 10:08:36.400 [info] > git for-each-ref --format=%(refname)%00%(upstream:short)%00%(objectname)%00%(upstream:track)%00%(upstream:remotename)%00%(upstream:remoteref) refs/heads/feature-product-index refs/remotes/feature-product-index [8ms]
2024-01-29 10:08:36.409 [info] > git rev-parse --show-toplevel [26ms]
2024-01-29 10:08:36.421 [info] > git rev-parse --show-toplevel [1ms]
2024-01-29 10:08:36.429 [info] > git rev-parse --show-toplevel [1ms]
2024-01-29 10:08:36.438 [info] > git status -z -uall [29ms]
2024-01-29 10:08:36.521 [info] > git rev-parse --show-toplevel [85ms]
2024-01-29 10:08:36.534 [info] > git config --get commit.template [23ms]
2024-01-29 10:08:36.536 [info] > git rev-parse --show-toplevel [3ms]
2024-01-29 10:08:36.553 [info] > git rev-parse --show-toplevel [1ms]
2024-01-29 10:08:36.554 [info] > git for-each-ref --format=%(refname)%00%(upstream:short)%00%(objectname)%00%(upstream:track)%00%(upstream:remotename)%00%(upstream:remoteref) refs/heads/feature-product-index refs/remotes/feature-product-index [10ms]
2024-01-29 10:08:36.570 [info] > git rev-parse --show-toplevel [1ms]
2024-01-29 10:08:36.577 [info] > git rev-parse --show-toplevel [1ms]
2024-01-29 10:08:36.586 [info] > git status -z -uall [25ms]
2024-01-29 10:08:36.594 [info] > git rev-parse --show-toplevel [9ms]
2024-01-29 10:08:36.603 [info] > git rev-parse --show-toplevel [0ms]
2024-01-29 10:08:36.641 [info] > git rev-parse --show-toplevel [31ms]
2024-01-29 10:08:36.649 [info] > git rev-parse --show-toplevel [1ms]
2024-01-29 10:08:36.655 [info] > git rev-parse --show-toplevel [1ms]
2024-01-29 10:08:36.662 [info] > git rev-parse --show-toplevel [0ms]
2024-01-29 10:08:36.670 [info] > git rev-parse --show-toplevel [1ms]
2024-01-29 10:08:36.915 [info] > git check-ignore -v -z --stdin [10ms]
2024-01-29 10:08:36.991 [info] > git show --textconv :.devcontainer/devcontainer.json [8ms]
2024-01-29 10:08:36.992 [info] > git ls-files --stage -- /home/jagaimo/.devcontainer/devcontainer.json [2ms]
2024-01-29 10:08:37.001 [info] > git cat-file -s 6c622f44be3c84541372babaf375c1a6e4ad1f3a [2ms]
2024-01-29 10:08:39.402 [info] > git config --get commit.template [1ms]
2024-01-29 10:08:39.409 [info] > git for-each-ref --format=%(refname)%00%(upstream:short)%00%(objectname)%00%(upstream:track)%00%(upstream:remotename)%00%(upstream:remoteref) refs/heads/feature-product-index refs/remotes/feature-product-index [1ms]
2024-01-29 10:08:39.434 [info] > git status -z -uall [18ms]
2024-01-29 10:08:44.455 [info] > git config --get commit.template [7ms]
2024-01-29 10:08:44.455 [info] > git for-each-ref --format=%(refname)%00%(upstream:short)%00%(objectname)%00%(upstream:track)%00%(upstream:remotename)%00%(upstream:remoteref) refs/heads/feature-product-index refs/remotes/feature-product-index [1ms]
2024-01-29 10:08:44.479 [info] > git status -z -uall [18ms]
2024-01-29 10:08:44.621 [info] > git config --get commit.template [7ms]
2024-01-29 10:08:44.622 [info] > git for-each-ref --format=%(refname)%00%(upstream:short)%00%(objectname)%00%(upstream:track)%00%(upstream:remotename)%00%(upstream:remoteref) refs/heads/feature-product-index refs/remotes/feature-product-index [1ms]
2024-01-29 10:08:44.645 [info] > git status -z -uall [18ms]
2024-01-29 10:08:51.407 [info] > git config --get commit.template [3ms]
2024-01-29 10:08:51.415 [info] > git for-each-ref --format=%(refname)%00%(upstream:short)%00%(objectname)%00%(upstream:track)%00%(upstream:remotename)%00%(upstream:remoteref) refs/heads/feature-product-index refs/remotes/feature-product-index [1ms]
2024-01-29 10:08:51.461 [info] > git status -z -uall [40ms]
2024-01-29 10:08:56.514 [info] > git config --get commit.template [2ms]
2024-01-29 10:08:56.524 [info] > git for-each-ref --format=%(refname)%00%(upstream:short)%00%(objectname)%00%(upstream:track)%00%(upstream:remotename)%00%(upstream:remoteref) refs/heads/feature-product-index refs/remotes/feature-product-index [1ms]
2024-01-29 10:08:56.550 [info] > git status -z -uall [19ms]
2024-01-29 10:09:03.406 [info] > git config --get commit.template [1ms]
2024-01-29 10:09:03.416 [info] > git for-each-ref --format=%(refname)%00%(upstream:short)%00%(objectname)%00%(upstream:track)%00%(upstream:remotename)%00%(upstream:remoteref) refs/heads/feature-product-index refs/remotes/feature-product-index [1ms]
2024-01-29 10:09:03.441 [info] > git status -z -uall [18ms]
2024-01-29 10:09:52.043 [info] > git config --get commit.template [4ms]
2024-01-29 10:09:52.054 [info] > git for-each-ref --format=%(refname)%00%(upstream:short)%00%(objectname)%00%(upstream:track)%00%(upstream:remotename)%00%(upstream:remoteref) refs/heads/feature-product-index refs/remotes/feature-product-index [1ms]
2024-01-29 10:09:52.080 [info] > git status -z -uall [18ms]
2024-01-29 10:09:57.097 [info] > git config --get commit.template [1ms]
2024-01-29 10:09:57.104 [info] > git for-each-ref --format=%(refname)%00%(upstream:short)%00%(objectname)%00%(upstream:track)%00%(upstream:remotename)%00%(upstream:remoteref) refs/heads/feature-product-index refs/remotes/feature-product-index [1ms]
2024-01-29 10:09:57.126 [info] > git status -z -uall [16ms]
2024-01-29 10:12:49.836 [info] > git config --get commit.template [3ms]
2024-01-29 10:12:49.851 [info] > git for-each-ref --format=%(refname)%00%(upstream:short)%00%(objectname)%00%(upstream:track)%00%(upstream:remotename)%00%(upstream:remoteref) refs/heads/feature-product-index refs/remotes/feature-product-index [1ms]
2024-01-29 10:12:49.888 [info] > git status -z -uall [24ms]
2024-01-29 10:12:54.908 [info] > git config --get commit.template [1ms]
2024-01-29 10:12:54.916 [info] > git for-each-ref --format=%(refname)%00%(upstream:short)%00%(objectname)%00%(upstream:track)%00%(upstream:remotename)%00%(upstream:remoteref) refs/heads/feature-product-index refs/remotes/feature-product-index [1ms]
2024-01-29 10:12:54.940 [info] > git status -z -uall [18ms]
2024-01-29 10:12:59.957 [info] > git config --get commit.template [0ms]
2024-01-29 10:12:59.964 [info] > git for-each-ref --format=%(refname)%00%(upstream:short)%00%(objectname)%00%(upstream:track)%00%(upstream:remotename)%00%(upstream:remoteref) refs/heads/feature-product-index refs/remotes/feature-product-index [1ms]
2024-01-29 10:12:59.990 [info] > git status -z -uall [19ms]
2024-01-29 10:13:05.005 [info] > git config --get commit.template [2ms]
2024-01-29 10:13:05.013 [info] > git for-each-ref --format=%(refname)%00%(upstream:short)%00%(objectname)%00%(upstream:track)%00%(upstream:remotename)%00%(upstream:remoteref) refs/heads/feature-product-index refs/remotes/feature-product-index [0ms]
2024-01-29 10:13:05.037 [info] > git status -z -uall [17ms]
2024-01-29 10:13:10.052 [info] > git config --get commit.template [0ms]
2024-01-29 10:13:10.060 [info] > git for-each-ref --format=%(refname)%00%(upstream:short)%00%(objectname)%00%(upstream:track)%00%(upstream:remotename)%00%(upstream:remoteref) refs/heads/feature-product-index refs/remotes/feature-product-index [1ms]
2024-01-29 10:13:10.084 [info] > git status -z -uall [17ms]
2024-01-29 10:13:15.099 [info] > git config --get commit.template [1ms]
2024-01-29 10:13:15.107 [info] > git for-each-ref --format=%(refname)%00%(upstream:short)%00%(objectname)%00%(upstream:track)%00%(upstream:remotename)%00%(upstream:remoteref) refs/heads/feature-product-index refs/remotes/feature-product-index [1ms]
2024-01-29 10:13:15.133 [info] > git status -z -uall [18ms]
2024-01-29 10:13:20.154 [info] > git config --get commit.template [8ms]
2024-01-29 10:13:20.155 [info] > git for-each-ref --format=%(refname)%00%(upstream:short)%00%(objectname)%00%(upstream:track)%00%(upstream:remotename)%00%(upstream:remoteref) refs/heads/feature-product-index refs/remotes/feature-product-index [1ms]
2024-01-29 10:13:20.179 [info] > git status -z -uall [17ms]
2024-01-29 10:16:45.102 [info] > git config --get commit.template [3ms]
2024-01-29 10:16:45.115 [info] > git for-each-ref --format=%(refname)%00%(upstream:short)%00%(objectname)%00%(upstream:track)%00%(upstream:remotename)%00%(upstream:remoteref) refs/heads/feature-product-index refs/remotes/feature-product-index [2ms]
2024-01-29 10:16:45.150 [info] > git status -z -uall [26ms]
2024-01-29 10:16:50.168 [info] > git config --get commit.template [1ms]
2024-01-29 10:16:50.176 [info] > git for-each-ref --format=%(refname)%00%(upstream:short)%00%(objectname)%00%(upstream:track)%00%(upstream:remotename)%00%(upstream:remoteref) refs/heads/feature-product-index refs/remotes/feature-product-index [1ms]
2024-01-29 10:16:50.201 [info] > git status -z -uall [18ms]
2024-01-29 10:16:55.216 [info] > git config --get commit.template [1ms]
2024-01-29 10:16:55.224 [info] > git for-each-ref --format=%(refname)%00%(upstream:short)%00%(objectname)%00%(upstream:track)%00%(upstream:remotename)%00%(upstream:remoteref) refs/heads/feature-product-index refs/remotes/feature-product-index [2ms]
2024-01-29 10:16:55.247 [info] > git status -z -uall [17ms]
2024-01-29 10:17:00.263 [info] > git config --get commit.template [1ms]
2024-01-29 10:17:00.273 [info] > git for-each-ref --format=%(refname)%00%(upstream:short)%00%(objectname)%00%(upstream:track)%00%(upstream:remotename)%00%(upstream:remoteref) refs/heads/feature-product-index refs/remotes/feature-product-index [1ms]
2024-01-29 10:17:00.301 [info] > git status -z -uall [19ms]
2024-01-29 10:17:16.415 [info] > git config --get commit.template [18ms]
2024-01-29 10:17:16.416 [info] > git for-each-ref --format=%(refname)%00%(upstream:short)%00%(objectname)%00%(upstream:track)%00%(upstream:remotename)%00%(upstream:remoteref) refs/heads/feature-product-index refs/remotes/feature-product-index [3ms]
2024-01-29 10:17:16.447 [info] > git status -z -uall [22ms]
2024-01-29 10:22:05.342 [info] > git config --get commit.template [2ms]
2024-01-29 10:22:05.351 [info] > git for-each-ref --format=%(refname)%00%(upstream:short)%00%(objectname)%00%(upstream:track)%00%(upstream:remotename)%00%(upstream:remoteref) refs/heads/feature-product-index refs/remotes/feature-product-index [1ms]
2024-01-29 10:22:05.382 [info] > git status -z -uall [21ms]
2024-01-29 10:22:10.408 [info] > git config --get commit.template [7ms]
2024-01-29 10:22:10.408 [info] > git for-each-ref --format=%(refname)%00%(upstream:short)%00%(objectname)%00%(upstream:track)%00%(upstream:remotename)%00%(upstream:remoteref) refs/heads/feature-product-index refs/remotes/feature-product-index [1ms]
2024-01-29 10:22:10.433 [info] > git status -z -uall [18ms]
2024-01-29 10:22:15.449 [info] > git config --get commit.template [2ms]
2024-01-29 10:22:15.456 [info] > git for-each-ref --format=%(refname)%00%(upstream:short)%00%(objectname)%00%(upstream:track)%00%(upstream:remotename)%00%(upstream:remoteref) refs/heads/feature-product-index refs/remotes/feature-product-index [1ms]
2024-01-29 10:22:15.482 [info] > git status -z -uall [19ms]
2024-01-29 10:22:20.500 [info] > git config --get commit.template [1ms]
2024-01-29 10:22:20.508 [info] > git for-each-ref --format=%(refname)%00%(upstream:short)%00%(objectname)%00%(upstream:track)%00%(upstream:remotename)%00%(upstream:remoteref) refs/heads/feature-product-index refs/remotes/feature-product-index [1ms]
2024-01-29 10:22:20.538 [info] > git status -z -uall [23ms]
2024-01-29 10:22:25.554 [info] > git config --get commit.template [2ms]
2024-01-29 10:22:25.564 [info] > git for-each-ref --format=%(refname)%00%(upstream:short)%00%(objectname)%00%(upstream:track)%00%(upstream:remotename)%00%(upstream:remoteref) refs/heads/feature-product-index refs/remotes/feature-product-index [2ms]
2024-01-29 10:22:25.592 [info] > git status -z -uall [20ms]
2024-01-29 10:22:30.612 [info] > git config --get commit.template [7ms]
2024-01-29 10:22:30.613 [info] > git for-each-ref --format=%(refname)%00%(upstream:short)%00%(objectname)%00%(upstream:track)%00%(upstream:remotename)%00%(upstream:remoteref) refs/heads/feature-product-index refs/remotes/feature-product-index [1ms]
2024-01-29 10:22:30.640 [info] > git status -z -uall [21ms]
2024-01-29 10:27:08.100 [info] > git config --get commit.template [1ms]
2024-01-29 10:27:08.111 [info] > git for-each-ref --format=%(refname)%00%(upstream:short)%00%(objectname)%00%(upstream:track)%00%(upstream:remotename)%00%(upstream:remoteref) refs/heads/feature-product-index refs/remotes/feature-product-index [1ms]
2024-01-29 10:27:08.140 [info] > git status -z -uall [21ms]
2024-01-29 10:32:36.308 [info] > git config --get commit.template [2ms]
2024-01-29 10:32:36.320 [info] > git for-each-ref --format=%(refname)%00%(upstream:short)%00%(objectname)%00%(upstream:track)%00%(upstream:remotename)%00%(upstream:remoteref) refs/heads/feature-product-index refs/remotes/feature-product-index [1ms]
2024-01-29 10:32:36.349 [info] > git status -z -uall [20ms]
2024-01-29 10:33:19.947 [info] > git config --get commit.template [1ms]
2024-01-29 10:33:19.957 [info] > git for-each-ref --format=%(refname)%00%(upstream:short)%00%(objectname)%00%(upstream:track)%00%(upstream:remotename)%00%(upstream:remoteref) refs/heads/feature-product-index refs/remotes/feature-product-index [1ms]
2024-01-29 10:33:19.987 [info] > git status -z -uall [20ms]
2024-01-29 10:33:25.004 [info] > git config --get commit.template [1ms]
2024-01-29 10:33:25.011 [info] > git for-each-ref --format=%(refname)%00%(upstream:short)%00%(objectname)%00%(upstream:track)%00%(upstream:remotename)%00%(upstream:remoteref) refs/heads/feature-product-index refs/remotes/feature-product-index [1ms]
2024-01-29 10:33:25.037 [info] > git status -z -uall [19ms]
2024-01-29 10:33:30.052 [info] > git config --get commit.template [1ms]
2024-01-29 10:33:30.060 [info] > git for-each-ref --format=%(refname)%00%(upstream:short)%00%(objectname)%00%(upstream:track)%00%(upstream:remotename)%00%(upstream:remoteref) refs/heads/feature-product-index refs/remotes/feature-product-index [1ms]
2024-01-29 10:33:30.086 [info] > git status -z -uall [19ms]
2024-01-29 10:33:35.103 [info] > git config --get commit.template [1ms]
2024-01-29 10:33:35.111 [info] > git for-each-ref --format=%(refname)%00%(upstream:short)%00%(objectname)%00%(upstream:track)%00%(upstream:remotename)%00%(upstream:remoteref) refs/heads/feature-product-index refs/remotes/feature-product-index [1ms]
2024-01-29 10:33:35.136 [info] > git status -z -uall [17ms]
2024-01-29 10:33:40.150 [info] > git config --get commit.template [1ms]
2024-01-29 10:33:40.158 [info] > git for-each-ref --format=%(refname)%00%(upstream:short)%00%(objectname)%00%(upstream:track)%00%(upstream:remotename)%00%(upstream:remoteref) refs/heads/feature-product-index refs/remotes/feature-product-index [1ms]
2024-01-29 10:33:40.184 [info] > git status -z -uall [18ms]
2024-01-29 10:33:45.198 [info] > git config --get commit.template [1ms]
2024-01-29 10:33:45.205 [info] > git for-each-ref --format=%(refname)%00%(upstream:short)%00%(objectname)%00%(upstream:track)%00%(upstream:remotename)%00%(upstream:remoteref) refs/heads/feature-product-index refs/remotes/feature-product-index [0ms]
2024-01-29 10:33:45.231 [info] > git status -z -uall [18ms]
2024-01-29 10:35:34.809 [info] > git config --get commit.template [1ms]
2024-01-29 10:35:34.821 [info] > git for-each-ref --format=%(refname)%00%(upstream:short)%00%(objectname)%00%(upstream:track)%00%(upstream:remotename)%00%(upstream:remoteref) refs/heads/feature-product-index refs/remotes/feature-product-index [1ms]
2024-01-29 10:35:34.855 [info] > git status -z -uall [23ms]
2024-01-29 10:35:39.772 [info] > git check-ignore -v -z --stdin [3ms]
2024-01-29 10:35:39.882 [info] > git config --get commit.template [9ms]
2024-01-29 10:35:39.882 [info] > git for-each-ref --format=%(refname)%00%(upstream:short)%00%(objectname)%00%(upstream:track)%00%(upstream:remotename)%00%(upstream:remoteref) refs/heads/feature-product-index refs/remotes/feature-product-index [1ms]
2024-01-29 10:35:39.913 [info] > git status -z -uall [23ms]
2024-01-29 10:35:44.937 [info] > git config --get commit.template [8ms]
2024-01-29 10:35:44.937 [info] > git for-each-ref --format=%(refname)%00%(upstream:short)%00%(objectname)%00%(upstream:track)%00%(upstream:remotename)%00%(upstream:remoteref) refs/heads/feature-product-index refs/remotes/feature-product-index [1ms]
2024-01-29 10:35:44.962 [info] > git status -z -uall [18ms]
2024-01-29 10:35:46.000 [info] > git check-ignore -v -z --stdin [3ms]
2024-01-29 10:35:47.692 [info] > git check-ignore -v -z --stdin [4ms]
2024-01-29 10:35:48.888 [info] > git check-ignore -v -z --stdin [3ms]
2024-01-29 10:35:49.978 [info] > git config --get commit.template [1ms]
2024-01-29 10:35:49.986 [info] > git for-each-ref --format=%(refname)%00%(upstream:short)%00%(objectname)%00%(upstream:track)%00%(upstream:remotename)%00%(upstream:remoteref) refs/heads/feature-product-index refs/remotes/feature-product-index [1ms]
2024-01-29 10:35:50.010 [info] > git status -z -uall [18ms]
2024-01-29 10:36:05.818 [info] > git config --get commit.template [2ms]
2024-01-29 10:36:05.830 [info] > git for-each-ref --format=%(refname)%00%(upstream:short)%00%(objectname)%00%(upstream:track)%00%(upstream:remotename)%00%(upstream:remoteref) refs/heads/feature-product-index refs/remotes/feature-product-index [1ms]
2024-01-29 10:36:05.860 [info] > git status -z -uall [23ms]
2024-01-29 10:36:10.875 [info] > git config --get commit.template [1ms]
2024-01-29 10:36:10.882 [info] > git for-each-ref --format=%(refname)%00%(upstream:short)%00%(objectname)%00%(upstream:track)%00%(upstream:remotename)%00%(upstream:remoteref) refs/heads/feature-product-index refs/remotes/feature-product-index [1ms]
2024-01-29 10:36:10.913 [info] > git status -z -uall [25ms]
2024-01-29 10:37:34.323 [info] > git config --get commit.template [15ms]
2024-01-29 10:37:34.324 [info] > git for-each-ref --format=%(refname)%00%(upstream:short)%00%(objectname)%00%(upstream:track)%00%(upstream:remotename)%00%(upstream:remoteref) refs/heads/feature-product-index refs/remotes/feature-product-index [2ms]
2024-01-29 10:37:34.355 [info] > git status -z -uall [22ms]
2024-01-29 10:37:39.378 [info] > git config --get commit.template [8ms]
2024-01-29 10:37:39.379 [info] > git for-each-ref --format=%(refname)%00%(upstream:short)%00%(objectname)%00%(upstream:track)%00%(upstream:remotename)%00%(upstream:remoteref) refs/heads/feature-product-index refs/remotes/feature-product-index [1ms]
2024-01-29 10:37:39.404 [info] > git status -z -uall [17ms]
2024-01-29 10:37:44.426 [info] > git config --get commit.template [9ms]
2024-01-29 10:37:44.427 [info] > git for-each-ref --format=%(refname)%00%(upstream:short)%00%(objectname)%00%(upstream:track)%00%(upstream:remotename)%00%(upstream:remoteref) refs/heads/feature-product-index refs/remotes/feature-product-index [2ms]
2024-01-29 10:37:44.453 [info] > git status -z -uall [17ms]
2024-01-29 10:37:49.467 [info] > git config --get commit.template [2ms]
2024-01-29 10:37:49.475 [info] > git for-each-ref --format=%(refname)%00%(upstream:short)%00%(objectname)%00%(upstream:track)%00%(upstream:remotename)%00%(upstream:remoteref) refs/heads/feature-product-index refs/remotes/feature-product-index [1ms]
2024-01-29 10:37:49.500 [info] > git status -z -uall [18ms]
2024-01-29 10:37:54.516 [info] > git config --get commit.template [1ms]
2024-01-29 10:37:54.524 [info] > git for-each-ref --format=%(refname)%00%(upstream:short)%00%(objectname)%00%(upstream:track)%00%(upstream:remotename)%00%(upstream:remoteref) refs/heads/feature-product-index refs/remotes/feature-product-index [1ms]
2024-01-29 10:37:54.549 [info] > git status -z -uall [18ms]
2024-01-29 10:37:59.573 [info] > git config --get commit.template [8ms]
2024-01-29 10:37:59.573 [info] > git for-each-ref --format=%(refname)%00%(upstream:short)%00%(objectname)%00%(upstream:track)%00%(upstream:remotename)%00%(upstream:remoteref) refs/heads/feature-product-index refs/remotes/feature-product-index [1ms]
2024-01-29 10:37:59.606 [info] > git status -z -uall [20ms]
2024-01-29 10:38:04.621 [info] > git config --get commit.template [2ms]
2024-01-29 10:38:04.631 [info] > git for-each-ref --format=%(refname)%00%(upstream:short)%00%(objectname)%00%(upstream:track)%00%(upstream:remotename)%00%(upstream:remoteref) refs/heads/feature-product-index refs/remotes/feature-product-index [1ms]
2024-01-29 10:38:04.657 [info] > git status -z -uall [19ms]
2024-01-29 10:38:09.673 [info] > git config --get commit.template [1ms]
2024-01-29 10:38:09.681 [info] > git for-each-ref --format=%(refname)%00%(upstream:short)%00%(objectname)%00%(upstream:track)%00%(upstream:remotename)%00%(upstream:remoteref) refs/heads/feature-product-index refs/remotes/feature-product-index [1ms]
2024-01-29 10:38:09.707 [info] > git status -z -uall [19ms]
2024-01-29 10:38:14.729 [info] > git config --get commit.template [9ms]
2024-01-29 10:38:14.729 [info] > git for-each-ref --format=%(refname)%00%(upstream:short)%00%(objectname)%00%(upstream:track)%00%(upstream:remotename)%00%(upstream:remoteref) refs/heads/feature-product-index refs/remotes/feature-product-index [1ms]
2024-01-29 10:38:14.756 [info] > git status -z -uall [20ms]
2024-01-29 10:38:19.771 [info] > git config --get commit.template [0ms]
2024-01-29 10:38:19.782 [info] > git for-each-ref --format=%(refname)%00%(upstream:short)%00%(objectname)%00%(upstream:track)%00%(upstream:remotename)%00%(upstream:remoteref) refs/heads/feature-product-index refs/remotes/feature-product-index [2ms]
2024-01-29 10:38:19.809 [info] > git status -z -uall [20ms]
2024-01-29 10:38:24.827 [info] > git config --get commit.template [0ms]
2024-01-29 10:38:24.835 [info] > git for-each-ref --format=%(refname)%00%(upstream:short)%00%(objectname)%00%(upstream:track)%00%(upstream:remotename)%00%(upstream:remoteref) refs/heads/feature-product-index refs/remotes/feature-product-index [1ms]
2024-01-29 10:38:24.862 [info] > git status -z -uall [18ms]
2024-01-29 10:38:29.884 [info] > git config --get commit.template [8ms]
2024-01-29 10:38:29.884 [info] > git for-each-ref --format=%(refname)%00%(upstream:short)%00%(objectname)%00%(upstream:track)%00%(upstream:remotename)%00%(upstream:remoteref) refs/heads/feature-product-index refs/remotes/feature-product-index [1ms]
2024-01-29 10:38:29.911 [info] > git status -z -uall [18ms]
2024-01-29 10:38:34.926 [info] > git config --get commit.template [1ms]
2024-01-29 10:38:34.934 [info] > git for-each-ref --format=%(refname)%00%(upstream:short)%00%(objectname)%00%(upstream:track)%00%(upstream:remotename)%00%(upstream:remoteref) refs/heads/feature-product-index refs/remotes/feature-product-index [1ms]
2024-01-29 10:38:34.962 [info] > git status -z -uall [19ms]
2024-01-29 10:38:39.986 [info] > git config --get commit.template [9ms]
2024-01-29 10:38:39.986 [info] > git for-each-ref --format=%(refname)%00%(upstream:short)%00%(objectname)%00%(upstream:track)%00%(upstream:remotename)%00%(upstream:remoteref) refs/heads/feature-product-index refs/remotes/feature-product-index [2ms]
2024-01-29 10:38:40.013 [info] > git status -z -uall [19ms]
2024-01-29 10:38:45.031 [info] > git config --get commit.template [0ms]
2024-01-29 10:38:45.039 [info] > git for-each-ref --format=%(refname)%00%(upstream:short)%00%(objectname)%00%(upstream:track)%00%(upstream:remotename)%00%(upstream:remoteref) refs/heads/feature-product-index refs/remotes/feature-product-index [1ms]
2024-01-29 10:38:45.064 [info] > git status -z -uall [18ms]
2024-01-29 10:38:50.078 [info] > git config --get commit.template [1ms]
2024-01-29 10:38:50.086 [info] > git for-each-ref --format=%(refname)%00%(upstream:short)%00%(objectname)%00%(upstream:track)%00%(upstream:remotename)%00%(upstream:remoteref) refs/heads/feature-product-index refs/remotes/feature-product-index [1ms]
2024-01-29 10:38:50.111 [info] > git status -z -uall [17ms]
2024-01-29 10:38:55.128 [info] > git config --get commit.template [1ms]
2024-01-29 10:38:55.137 [info] > git for-each-ref --format=%(refname)%00%(upstream:short)%00%(objectname)%00%(upstream:track)%00%(upstream:remotename)%00%(upstream:remoteref) refs/heads/feature-product-index refs/remotes/feature-product-index [1ms]
2024-01-29 10:38:55.163 [info] > git status -z -uall [17ms]
2024-01-29 10:39:00.177 [info] > git config --get commit.template [2ms]
2024-01-29 10:39:00.185 [info] > git for-each-ref --format=%(refname)%00%(upstream:short)%00%(objectname)%00%(upstream:track)%00%(upstream:remotename)%00%(upstream:remoteref) refs/heads/feature-product-index refs/remotes/feature-product-index [1ms]
2024-01-29 10:39:00.210 [info] > git status -z -uall [18ms]
2024-01-29 10:39:05.225 [info] > git config --get commit.template [1ms]
2024-01-29 10:39:05.233 [info] > git for-each-ref --format=%(refname)%00%(upstream:short)%00%(objectname)%00%(upstream:track)%00%(upstream:remotename)%00%(upstream:remoteref) refs/heads/feature-product-index refs/remotes/feature-product-index [1ms]
2024-01-29 10:39:05.260 [info] > git status -z -uall [17ms]
2024-01-29 10:39:10.275 [info] > git config --get commit.template [1ms]
2024-01-29 10:39:10.283 [info] > git for-each-ref --format=%(refname)%00%(upstream:short)%00%(objectname)%00%(upstream:track)%00%(upstream:remotename)%00%(upstream:remoteref) refs/heads/feature-product-index refs/remotes/feature-product-index [1ms]
2024-01-29 10:39:10.309 [info] > git status -z -uall [18ms]
