2024-02-06 10:52:56.560 [info] Log level: Info
2024-02-06 10:52:56.560 [info] Validating found git in: "git"
2024-02-06 10:52:56.560 [info] Using git "2.30.2" from "git"
2024-02-06 10:52:56.560 [info] > git rev-parse --show-toplevel [16ms]
2024-02-06 10:52:56.560 [info] fatal: not a git repository (or any of the parent directories): .git
2024-02-06 10:52:56.560 [info] > git rev-parse --show-toplevel [105ms]
2024-02-06 10:52:56.560 [info] > git rev-parse --git-dir --git-common-dir [4ms]
2024-02-06 10:52:56.560 [info] Open repository: /home/jagaimo
2024-02-06 10:52:56.588 [info] > git rev-parse --show-toplevel [8ms]
2024-02-06 10:52:56.588 [info] fatal: not a git repository (or any of the parent directories): .git
2024-02-06 10:52:56.589 [info] > git config --get commit.template [19ms]
2024-02-06 10:52:56.619 [info] > git rev-parse --show-toplevel [19ms]
2024-02-06 10:52:56.619 [info] fatal: not a git repository (or any of the parent directories): .git
2024-02-06 10:52:56.637 [info] > git for-each-ref --format=%(refname)%00%(upstream:short)%00%(objectname)%00%(upstream:track)%00%(upstream:remotename)%00%(upstream:remoteref) refs/heads/feature-product-index refs/remotes/feature-product-index [23ms]
2024-02-06 10:52:56.652 [info] > git rev-parse --show-toplevel [20ms]
2024-02-06 10:52:56.652 [info] fatal: not a git repository (or any parent up to mount point /)
Stopping at filesystem boundary (GIT_DISCOVERY_ACROSS_FILESYSTEM not set).
2024-02-06 10:52:56.666 [info] > git rev-parse --show-toplevel [3ms]
2024-02-06 10:52:56.666 [info] fatal: not a git repository (or any of the parent directories): .git
2024-02-06 10:52:56.677 [info] > git rev-parse --show-toplevel [2ms]
2024-02-06 10:52:56.677 [info] fatal: not a git repository (or any of the parent directories): .git
2024-02-06 10:52:56.688 [info] > git rev-parse --show-toplevel [1ms]
2024-02-06 10:52:56.688 [info] fatal: not a git repository (or any of the parent directories): .git
2024-02-06 10:52:56.697 [info] > git rev-parse --show-toplevel [2ms]
2024-02-06 10:52:56.697 [info] fatal: not a git repository (or any of the parent directories): .git
2024-02-06 10:52:56.707 [info] > git status -z -uall [61ms]
2024-02-06 10:52:56.743 [info] > git rev-parse --show-toplevel [37ms]
2024-02-06 10:52:56.744 [info] fatal: not a git repository (or any of the parent directories): .git
2024-02-06 10:52:56.754 [info] > git config --get commit.template [10ms]
2024-02-06 10:52:56.756 [info] > git rev-parse --show-toplevel [3ms]
2024-02-06 10:52:56.756 [info] fatal: not a git repository (or any of the parent directories): .git
2024-02-06 10:52:56.778 [info] > git for-each-ref --format=%(refname)%00%(upstream:short)%00%(objectname)%00%(upstream:track)%00%(upstream:remotename)%00%(upstream:remoteref) refs/heads/feature-product-index refs/remotes/feature-product-index [9ms]
2024-02-06 10:52:56.793 [info] > git rev-parse --show-toplevel [18ms]
2024-02-06 10:52:56.793 [info] fatal: not a git repository (or any of the parent directories): .git
2024-02-06 10:52:56.807 [info] > git rev-parse --show-toplevel [3ms]
2024-02-06 10:52:56.807 [info] fatal: not a git repository (or any parent up to mount point /)
Stopping at filesystem boundary (GIT_DISCOVERY_ACROSS_FILESYSTEM not set).
2024-02-06 10:52:56.876 [info] > git status -z -uall [91ms]
2024-02-06 10:52:56.896 [info] > git rev-parse --show-toplevel [2ms]
2024-02-06 10:52:56.896 [info] fatal: not a git repository (or any of the parent directories): .git
2024-02-06 10:52:56.908 [info] > git rev-parse --show-toplevel [4ms]
2024-02-06 10:52:56.909 [info] fatal: not a git repository (or any of the parent directories): .git
2024-02-06 10:52:56.920 [info] > git rev-parse --show-toplevel [1ms]
2024-02-06 10:52:56.920 [info] fatal: not a git repository (or any of the parent directories): .git
2024-02-06 10:52:56.931 [info] > git rev-parse --show-toplevel [2ms]
2024-02-06 10:52:56.931 [info] fatal: not a git repository (or any parent up to mount point /)
Stopping at filesystem boundary (GIT_DISCOVERY_ACROSS_FILESYSTEM not set).
2024-02-06 10:52:56.942 [info] > git rev-parse --show-toplevel [4ms]
2024-02-06 10:52:56.942 [info] fatal: not a git repository (or any of the parent directories): .git
2024-02-06 10:52:56.951 [info] > git rev-parse --show-toplevel [1ms]
2024-02-06 10:52:56.951 [info] fatal: not a git repository (or any of the parent directories): .git
2024-02-06 10:52:56.960 [info] > git rev-parse --show-toplevel [1ms]
2024-02-06 10:52:56.960 [info] fatal: not a git repository (or any of the parent directories): .git
2024-02-06 10:52:57.157 [info] > git check-ignore -v -z --stdin [13ms]
2024-02-06 10:52:57.258 [info] > git show --textconv :.github/pull_request_template.md [12ms]
2024-02-06 10:52:57.263 [info] > git ls-files --stage -- /home/jagaimo/.github/pull_request_template.md [8ms]
2024-02-06 10:52:57.274 [info] > git cat-file -s 7e737f139fef84983e71c8974dfa1fc8620654f4 [2ms]
2024-02-06 10:53:00.025 [info] > git check-ignore -v -z --stdin [6ms]
2024-02-06 10:53:01.955 [info] > git check-ignore -v -z --stdin [7ms]
2024-02-06 10:53:02.833 [info] > git check-ignore -v -z --stdin [78ms]
2024-02-06 10:53:05.553 [info] > git check-ignore -v -z --stdin [2ms]
2024-02-06 10:53:06.770 [info] > git check-ignore -v -z --stdin [3ms]
2024-02-06 10:53:15.314 [info] > git check-ignore -v -z --stdin [4ms]
2024-02-06 10:53:16.364 [info] > git check-ignore -v -z --stdin [3ms]
2024-02-06 10:53:17.400 [info] > git show --textconv :config/initializers/devise.rb [16ms]
2024-02-06 10:53:17.402 [info] > git ls-files --stage -- /home/jagaimo/config/initializers/devise.rb [5ms]
2024-02-06 10:53:17.417 [info] > git cat-file -s 4f4eb778286037e5c5015141f17d74d38e51c882 [3ms]
2024-02-06 10:53:46.304 [info] > git check-ignore -v -z --stdin [2ms]
2024-02-06 10:53:46.774 [info] > git show --textconv :config/boot.rb [9ms]
2024-02-06 10:53:46.777 [info] > git ls-files --stage -- /home/jagaimo/config/boot.rb [3ms]
2024-02-06 10:53:46.784 [info] > git cat-file -s c04863fa7dbe449f872f5911a7ec2283a401c527 [1ms]
2024-02-06 10:53:47.112 [info] > git show --textconv :config/application.rb [8ms]
2024-02-06 10:53:47.115 [info] > git ls-files --stage -- /home/jagaimo/config/application.rb [3ms]
2024-02-06 10:53:47.124 [info] > git cat-file -s 44d68d758c5f002f483a917daeddff0d39446e37 [1ms]
2024-02-06 10:55:34.595 [info] > git check-ignore -v -z --stdin [5ms]
2024-02-06 10:55:34.986 [info] > git show --textconv :createuser.sh [8ms]
2024-02-06 10:55:34.988 [info] > git ls-files --stage -- /home/jagaimo/createuser.sh [3ms]
2024-02-06 10:55:34.998 [info] > git cat-file -s abe3be944235466c461770e6a8cc02f0f60ef4ca [1ms]
2024-02-06 10:55:35.545 [info] > git show --textconv :compose.yaml [9ms]
2024-02-06 10:55:35.547 [info] > git ls-files --stage -- /home/jagaimo/compose.yaml [2ms]
2024-02-06 10:55:35.555 [info] > git cat-file -s 610253fd5ac93f155a0dd926245d8db80c4fa1ed [1ms]
2024-02-06 11:16:22.478 [info] > git check-ignore -v -z --stdin [30ms]
2024-02-06 11:51:08.168 [info] > git check-ignore -v -z --stdin [24ms]
2024-02-06 11:51:09.898 [info] > git check-ignore -v -z --stdin [3ms]
2024-02-06 11:51:11.387 [info] > git check-ignore -v -z --stdin [11ms]
2024-02-06 11:51:12.885 [info] > git show --textconv :config/database.yml [19ms]
2024-02-06 11:51:12.889 [info] > git ls-files --stage -- /home/jagaimo/config/database.yml [10ms]
2024-02-06 11:51:12.898 [info] > git cat-file -s e3f639dd57c2924d83eb3e0e70b72924111da774 [1ms]
2024-02-06 11:52:00.341 [info] > git check-ignore -v -z --stdin [3ms]
2024-02-06 11:52:01.683 [info] > git check-ignore -v -z --stdin [5ms]
2024-02-06 11:52:04.293 [info] > git check-ignore -v -z --stdin [4ms]
2024-02-06 11:52:11.597 [info] > git check-ignore -v -z --stdin [2ms]
2024-02-06 11:52:16.025 [info] > git show --textconv :Procfile.dev [12ms]
2024-02-06 11:52:16.029 [info] > git ls-files --stage -- /home/jagaimo/Procfile.dev [5ms]
2024-02-06 11:52:16.040 [info] > git cat-file -s 00710e2c626a55041fd0dd0cff906448373f65c1 [1ms]
2024-02-06 11:55:41.450 [info] > git show --textconv :heroku.yml [8ms]
2024-02-06 11:55:41.454 [info] > git ls-files --stage -- /home/jagaimo/heroku.yml [5ms]
2024-02-06 11:55:41.462 [info] > git cat-file -s c8046c9f8aafc4abc01832372469f6d09b197d3f [1ms]
2024-02-06 11:55:42.031 [info] > git show --textconv :Procfile.dev [8ms]
2024-02-06 11:55:42.035 [info] > git ls-files --stage -- /home/jagaimo/Procfile.dev [3ms]
2024-02-06 11:55:42.043 [info] > git cat-file -s 00710e2c626a55041fd0dd0cff906448373f65c1 [1ms]
2024-02-06 11:56:04.841 [info] > git show --textconv :tmp/local_secret.txt [8ms]
2024-02-06 11:56:04.844 [info] > git ls-files --stage -- /home/jagaimo/tmp/local_secret.txt [4ms]
2024-02-06 11:56:05.658 [info] > git show --textconv :tmp/restart.txt [8ms]
2024-02-06 11:56:05.659 [info] > git ls-files --stage -- /home/jagaimo/tmp/restart.txt [2ms]
2024-02-06 11:56:07.497 [info] > git check-ignore -v -z --stdin [4ms]
2024-02-06 14:05:08.115 [info] > git check-ignore -v -z --stdin [28ms]
2024-02-06 14:05:09.363 [info] > git show --textconv :.github/workflows/danger.yml [20ms]
2024-02-06 14:05:09.367 [info] > git ls-files --stage -- /home/jagaimo/.github/workflows/danger.yml [13ms]
2024-02-06 14:05:09.377 [info] > git cat-file -s c1b0c5bbecb67baeb8fce494c1a6450bd1f21d5b [3ms]
2024-02-06 14:05:10.305 [info] > git config --get commit.template [14ms]
2024-02-06 14:05:10.306 [info] > git for-each-ref --format=%(refname)%00%(upstream:short)%00%(objectname)%00%(upstream:track)%00%(upstream:remotename)%00%(upstream:remoteref) refs/heads/feature-product-index refs/remotes/feature-product-index [4ms]
2024-02-06 14:05:10.451 [info] > git show --textconv :.github/workflows/docker.yml [26ms]
2024-02-06 14:05:10.455 [info] > git ls-files --stage -- /home/jagaimo/.github/workflows/docker.yml [5ms]
2024-02-06 14:05:10.472 [info] > git cat-file -s 14c6c97c2dbd1a26852882b3cd2fc71e75bc3ee0 [1ms]
2024-02-06 14:05:10.583 [info] > git status -z -uall [263ms]
2024-02-06 14:09:12.657 [info] > git ls-files --stage -- /home/jagaimo/Dockerfile [21ms]
2024-02-06 14:09:12.669 [info] > git show --textconv :Dockerfile [45ms]
2024-02-06 14:09:12.671 [info] > git cat-file -s 181331c876d3e8b97df9542dddf3daabde73f8ac [2ms]
2024-02-06 14:09:20.912 [info] > git show --textconv :config/database.yml [10ms]
2024-02-06 14:09:20.914 [info] > git ls-files --stage -- /home/jagaimo/config/database.yml [3ms]
2024-02-06 14:09:20.924 [info] > git cat-file -s e3f639dd57c2924d83eb3e0e70b72924111da774 [1ms]
2024-02-06 14:09:24.211 [info] > git show --textconv :Dockerfile [9ms]
2024-02-06 14:09:24.213 [info] > git ls-files --stage -- /home/jagaimo/Dockerfile [3ms]
2024-02-06 14:09:24.222 [info] > git cat-file -s 181331c876d3e8b97df9542dddf3daabde73f8ac [1ms]
2024-02-06 14:09:27.318 [info] > git show --textconv :config/database.yml [9ms]
2024-02-06 14:09:27.320 [info] > git ls-files --stage -- /home/jagaimo/config/database.yml [3ms]
2024-02-06 14:09:27.330 [info] > git cat-file -s e3f639dd57c2924d83eb3e0e70b72924111da774 [1ms]
2024-02-06 14:09:27.839 [info] > git show --textconv :Procfile.dev [8ms]
2024-02-06 14:09:27.840 [info] > git ls-files --stage -- /home/jagaimo/Procfile.dev [2ms]
2024-02-06 14:09:27.849 [info] > git cat-file -s 00710e2c626a55041fd0dd0cff906448373f65c1 [1ms]
2024-02-06 14:09:28.497 [info] > git show --textconv :.github/workflows/danger.yml [9ms]
2024-02-06 14:09:28.499 [info] > git ls-files --stage -- /home/jagaimo/.github/workflows/danger.yml [3ms]
2024-02-06 14:09:28.508 [info] > git cat-file -s c1b0c5bbecb67baeb8fce494c1a6450bd1f21d5b [1ms]
2024-02-06 14:09:28.902 [info] > git show --textconv :Procfile.dev [9ms]
2024-02-06 14:09:28.903 [info] > git ls-files --stage -- /home/jagaimo/Procfile.dev [2ms]
2024-02-06 14:09:28.912 [info] > git cat-file -s 00710e2c626a55041fd0dd0cff906448373f65c1 [2ms]
2024-02-06 14:09:41.429 [info] > git show --textconv :.github/workflows/danger.yml [9ms]
2024-02-06 14:09:41.431 [info] > git ls-files --stage -- /home/jagaimo/.github/workflows/danger.yml [2ms]
2024-02-06 14:09:41.441 [info] > git cat-file -s c1b0c5bbecb67baeb8fce494c1a6450bd1f21d5b [2ms]
2024-02-06 14:09:41.830 [info] > git show --textconv :.github/workflows/docker.yml [9ms]
2024-02-06 14:09:41.832 [info] > git ls-files --stage -- /home/jagaimo/.github/workflows/docker.yml [2ms]
2024-02-06 14:09:41.841 [info] > git cat-file -s 14c6c97c2dbd1a26852882b3cd2fc71e75bc3ee0 [0ms]
2024-02-06 14:10:15.374 [info] > git check-ignore -v -z --stdin [5ms]
2024-02-06 14:10:16.571 [info] > git show --textconv :bin/setup [10ms]
2024-02-06 14:10:16.573 [info] > git ls-files --stage -- /home/jagaimo/bin/setup [3ms]
2024-02-06 14:10:16.583 [info] > git cat-file -s ec47b79b3b3a002be18adafe9a5fcd070bcd808d [1ms]
2024-02-06 14:10:35.030 [info] > git show --textconv :.github/workflows/docker.yml [12ms]
2024-02-06 14:10:35.031 [info] > git ls-files --stage -- /home/jagaimo/.github/workflows/docker.yml [4ms]
2024-02-06 14:10:35.042 [info] > git cat-file -s 14c6c97c2dbd1a26852882b3cd2fc71e75bc3ee0 [1ms]
2024-02-06 14:11:03.624 [info] > git show --textconv :bin/htmlbeautifier [9ms]
2024-02-06 14:11:03.625 [info] > git ls-files --stage -- /home/jagaimo/bin/htmlbeautifier [2ms]
2024-02-06 14:11:03.637 [info] > git cat-file -s b83d9c01b01cd37537f0dab81f18c9303357ab9a [2ms]
2024-02-06 14:11:07.356 [info] > git show --textconv :Procfile.dev [9ms]
2024-02-06 14:11:07.359 [info] > git ls-files --stage -- /home/jagaimo/Procfile.dev [4ms]
2024-02-06 14:11:07.371 [info] > git cat-file -s 00710e2c626a55041fd0dd0cff906448373f65c1 [1ms]
2024-02-06 14:11:07.995 [info] > git show --textconv :.github/workflows/danger.yml [13ms]
2024-02-06 14:11:07.997 [info] > git ls-files --stage -- /home/jagaimo/.github/workflows/danger.yml [3ms]
2024-02-06 14:11:08.007 [info] > git cat-file -s c1b0c5bbecb67baeb8fce494c1a6450bd1f21d5b [1ms]
2024-02-06 14:11:08.487 [info] > git show --textconv :.github/workflows/docker.yml [9ms]
2024-02-06 14:11:08.488 [info] > git ls-files --stage -- /home/jagaimo/.github/workflows/docker.yml [2ms]
2024-02-06 14:11:08.497 [info] > git cat-file -s 14c6c97c2dbd1a26852882b3cd2fc71e75bc3ee0 [1ms]
2024-02-06 14:11:09.170 [info] > git show --textconv :.github/workflows/danger.yml [10ms]
2024-02-06 14:11:09.172 [info] > git ls-files --stage -- /home/jagaimo/.github/workflows/danger.yml [2ms]
2024-02-06 14:11:09.183 [info] > git cat-file -s c1b0c5bbecb67baeb8fce494c1a6450bd1f21d5b [1ms]
2024-02-06 14:11:11.377 [info] > git show --textconv :Procfile.dev [10ms]
2024-02-06 14:11:11.380 [info] > git ls-files --stage -- /home/jagaimo/Procfile.dev [3ms]
2024-02-06 14:11:11.394 [info] > git cat-file -s 00710e2c626a55041fd0dd0cff906448373f65c1 [1ms]
2024-02-06 14:11:12.635 [info] > git show --textconv :.github/workflows/docker.yml [9ms]
2024-02-06 14:11:12.637 [info] > git ls-files --stage -- /home/jagaimo/.github/workflows/docker.yml [3ms]
2024-02-06 14:11:12.649 [info] > git cat-file -s 14c6c97c2dbd1a26852882b3cd2fc71e75bc3ee0 [1ms]
2024-02-06 14:14:38.007 [info] > git check-ignore -v -z --stdin [3ms]
2024-02-06 14:14:38.680 [info] > git check-ignore -v -z --stdin [3ms]
2024-02-06 14:14:39.478 [info] > git check-ignore -v -z --stdin [5ms]
2024-02-06 14:14:48.564 [info] > git show --textconv :.github/workflows/danger.yml [9ms]
2024-02-06 14:14:48.566 [info] > git ls-files --stage -- /home/jagaimo/.github/workflows/danger.yml [3ms]
2024-02-06 14:14:48.579 [info] > git cat-file -s c1b0c5bbecb67baeb8fce494c1a6450bd1f21d5b [2ms]
2024-02-06 14:14:49.040 [info] > git show --textconv :.github/workflows/docker.yml [10ms]
2024-02-06 14:14:49.041 [info] > git ls-files --stage -- /home/jagaimo/.github/workflows/docker.yml [2ms]
2024-02-06 14:14:49.054 [info] > git cat-file -s 14c6c97c2dbd1a26852882b3cd2fc71e75bc3ee0 [5ms]
2024-02-06 14:14:49.467 [info] > git show --textconv :.github/workflows/reviewdog.yml [11ms]
2024-02-06 14:14:49.470 [info] > git ls-files --stage -- /home/jagaimo/.github/workflows/reviewdog.yml [4ms]
2024-02-06 14:14:49.479 [info] > git cat-file -s 127b0d3867e45c71667235193116a5e09c971338 [1ms]
2024-02-06 14:14:50.145 [info] > git show --textconv :.github/workflows/docker.yml [11ms]
2024-02-06 14:14:50.146 [info] > git ls-files --stage -- /home/jagaimo/.github/workflows/docker.yml [3ms]
2024-02-06 14:14:50.155 [info] > git cat-file -s 14c6c97c2dbd1a26852882b3cd2fc71e75bc3ee0 [1ms]
2024-02-06 14:15:59.160 [info] > git show --textconv :.github/workflows/reviewdog.yml [9ms]
2024-02-06 14:15:59.162 [info] > git ls-files --stage -- /home/jagaimo/.github/workflows/reviewdog.yml [3ms]
2024-02-06 14:15:59.173 [info] > git cat-file -s 127b0d3867e45c71667235193116a5e09c971338 [1ms]
2024-02-06 14:15:59.612 [info] > git show --textconv :.github/workflows/docker.yml [9ms]
2024-02-06 14:15:59.614 [info] > git ls-files --stage -- /home/jagaimo/.github/workflows/docker.yml [3ms]
2024-02-06 14:15:59.622 [info] > git cat-file -s 14c6c97c2dbd1a26852882b3cd2fc71e75bc3ee0 [1ms]
2024-02-06 14:16:00.261 [info] > git show --textconv :.github/workflows/reviewdog.yml [9ms]
2024-02-06 14:16:00.263 [info] > git ls-files --stage -- /home/jagaimo/.github/workflows/reviewdog.yml [3ms]
2024-02-06 14:16:00.272 [info] > git cat-file -s 127b0d3867e45c71667235193116a5e09c971338 [1ms]
2024-02-06 14:16:01.551 [info] > git show --textconv :.github/workflows/docker.yml [10ms]
2024-02-06 14:16:01.553 [info] > git ls-files --stage -- /home/jagaimo/.github/workflows/docker.yml [3ms]
2024-02-06 14:16:01.565 [info] > git cat-file -s 14c6c97c2dbd1a26852882b3cd2fc71e75bc3ee0 [1ms]
2024-02-06 14:25:07.507 [info] > git show --textconv :.github/workflows/danger.yml [10ms]
2024-02-06 14:25:07.508 [info] > git ls-files --stage -- /home/jagaimo/.github/workflows/danger.yml [2ms]
2024-02-06 14:25:07.519 [info] > git cat-file -s c1b0c5bbecb67baeb8fce494c1a6450bd1f21d5b [2ms]
2024-02-06 14:25:16.179 [info] > git show --textconv :bin/setup [12ms]
2024-02-06 14:25:16.181 [info] > git ls-files --stage -- /home/jagaimo/bin/setup [3ms]
2024-02-06 14:25:16.192 [info] > git cat-file -s ec47b79b3b3a002be18adafe9a5fcd070bcd808d [1ms]
2024-02-06 15:42:06.252 [info] > git ls-files --stage -- /home/jagaimo/Gemfile [29ms]
2024-02-06 15:42:06.271 [info] > git show --textconv :Gemfile [58ms]
2024-02-06 15:42:06.272 [info] > git cat-file -s 19ac0f3c83a738f251be54890b8061387741eb84 [3ms]
2024-02-06 15:46:17.604 [info] > git ls-files --stage -- /home/jagaimo/bin/setup [3ms]
2024-02-06 15:46:17.614 [info] > git show --textconv :bin/setup [22ms]
2024-02-06 15:46:17.615 [info] > git cat-file -s ec47b79b3b3a002be18adafe9a5fcd070bcd808d [2ms]
2024-02-06 15:54:18.977 [info] > git check-ignore -v -z --stdin [13ms]
2024-02-06 15:54:20.174 [info] > git check-ignore -v -z --stdin [11ms]
2024-02-06 15:54:21.182 [info] > git check-ignore -v -z --stdin [12ms]
2024-02-06 15:54:22.680 [info] > git check-ignore -v -z --stdin [4ms]
2024-02-06 15:54:27.147 [info] > git check-ignore -v -z --stdin [5ms]
2024-02-06 15:54:27.837 [info] > git check-ignore -v -z --stdin [5ms]
2024-02-06 15:54:38.005 [info] > git check-ignore -v -z --stdin [3ms]
2024-02-06 15:54:40.736 [info] > git check-ignore -v -z --stdin [3ms]
2024-02-06 15:54:51.729 [info] > git check-ignore -v -z --stdin [3ms]
2024-02-06 15:54:53.431 [info] > git check-ignore -v -z --stdin [3ms]
2024-02-06 15:54:53.535 [info] > git show --textconv :db/migrate/20230206140511_create_tasks.rb [9ms]
2024-02-06 15:54:53.538 [info] > git ls-files --stage -- /home/jagaimo/db/migrate/20230206140511_create_tasks.rb [3ms]
2024-02-06 15:54:53.548 [info] > git cat-file -s c225e22905167a2fda6ceb578f16312dcf375067 [1ms]
2024-02-06 15:54:55.598 [info] > git show --textconv :db/schema.rb [9ms]
2024-02-06 15:54:55.600 [info] > git ls-files --stage -- /home/jagaimo/db/schema.rb [3ms]
2024-02-06 15:54:55.611 [info] > git cat-file -s f29f56ce7e9ea592ec3df2f815501f890427ca9c [2ms]
2024-02-06 15:54:56.270 [info] > git show --textconv :db/seeds.rb [10ms]
2024-02-06 15:54:56.272 [info] > git ls-files --stage -- /home/jagaimo/db/seeds.rb [4ms]
2024-02-06 15:54:56.283 [info] > git cat-file -s f6ea3542cc30e7e1a84875c3fb4c613e574859bf [1ms]
2024-02-06 15:54:58.913 [info] > git check-ignore -v -z --stdin [11ms]
2024-02-06 15:54:59.630 [info] > git check-ignore -v -z --stdin [5ms]
2024-02-06 15:55:01.898 [info] > git check-ignore -v -z --stdin [2ms]
2024-02-06 15:55:03.094 [info] > git check-ignore -v -z --stdin [3ms]
2024-02-06 15:55:06.486 [info] > git check-ignore -v -z --stdin [3ms]
2024-02-06 15:55:11.394 [info] > git check-ignore -v -z --stdin [5ms]
2024-02-06 15:55:17.626 [info] > git check-ignore -v -z --stdin [3ms]
2024-02-06 15:55:18.587 [info] > git show --textconv :.gitattributes [9ms]
2024-02-06 15:55:18.589 [info] > git ls-files --stage -- /home/jagaimo/.gitattributes [2ms]
2024-02-06 15:55:18.599 [info] > git cat-file -s 31eeee0b6ac3364f417bb0e96b0fdc07aaf7406a [1ms]
2024-02-06 15:56:14.187 [info] > git rev-parse --show-toplevel [2ms]
2024-02-06 15:56:14.187 [info] fatal: not a git repository (or any of the parent directories): .git
2024-02-06 15:56:42.770 [info] > git rev-parse --show-toplevel [3ms]
2024-02-06 15:56:42.770 [info] fatal: not a git repository (or any of the parent directories): .git
2024-02-06 16:11:27.170 [info] > git rev-parse --show-toplevel [21ms]
2024-02-06 16:11:27.172 [info] fatal: not a git repository (or any of the parent directories): .git
2024-02-06 16:11:28.168 [info] > git rev-parse --show-toplevel [1ms]
2024-02-06 16:11:28.168 [info] fatal: not a git repository (or any of the parent directories): .git
2024-02-06 16:11:28.665 [info] > git rev-parse --show-toplevel [2ms]
2024-02-06 16:11:28.666 [info] fatal: not a git repository (or any of the parent directories): .git
2024-02-06 16:11:51.393 [info] > git ls-files --stage -- /home/jagaimo/compose.yaml [11ms]
2024-02-06 16:11:51.402 [info] > git show --textconv :compose.yaml [31ms]
2024-02-06 16:11:51.403 [info] > git cat-file -s 610253fd5ac93f155a0dd926245d8db80c4fa1ed [2ms]
2024-02-06 16:11:57.228 [info] > git show --textconv :gosuuser.sh [11ms]
2024-02-06 16:11:57.229 [info] > git ls-files --stage -- /home/jagaimo/gosuuser.sh [4ms]
2024-02-06 16:11:57.238 [info] > git cat-file -s e69de29bb2d1d6434b8b29ae775ad8c2e48c5391 [1ms]
2024-02-06 16:11:57.857 [info] > git show --textconv :Gemfile.lock [9ms]
2024-02-06 16:11:57.861 [info] > git ls-files --stage -- /home/jagaimo/Gemfile.lock [4ms]
2024-02-06 16:11:57.870 [info] > git cat-file -s ba0b5921688d9c5858e301fd5f21e1fd63f3d634 [1ms]
2024-02-06 16:11:58.579 [info] > git show --textconv :Gemfile [10ms]
2024-02-06 16:11:58.582 [info] > git ls-files --stage -- /home/jagaimo/Gemfile [3ms]
2024-02-06 16:11:58.592 [info] > git cat-file -s 19ac0f3c83a738f251be54890b8061387741eb84 [1ms]
2024-02-06 16:12:03.476 [info] > git show --textconv :Procfile.dev [9ms]
2024-02-06 16:12:03.479 [info] > git ls-files --stage -- /home/jagaimo/Procfile.dev [3ms]
2024-02-06 16:12:03.489 [info] > git cat-file -s 7c92cdccc865d6869d185cef2cd9a5bd7a064b74 [1ms]
2024-02-06 16:12:13.278 [info] > git show --textconv :.reviewdog.yml [9ms]
2024-02-06 16:12:13.280 [info] > git ls-files --stage -- /home/jagaimo/.reviewdog.yml [3ms]
2024-02-06 16:12:13.289 [info] > git cat-file -s 14ab186e037a9c19bfcbbf1720136359f290d60c [1ms]
2024-02-06 16:12:13.876 [info] > git show --textconv :.rubocop_todo.yml [10ms]
2024-02-06 16:12:13.880 [info] > git ls-files --stage -- /home/jagaimo/.rubocop_todo.yml [3ms]
2024-02-06 16:12:13.888 [info] > git cat-file -s 5b26974d30f1cf6f5220aaa86f59a1977b3bcb5b [1ms]
2024-02-06 16:12:14.274 [info] > git show --textconv :.rubocop.yml [8ms]
2024-02-06 16:12:14.276 [info] > git ls-files --stage -- /home/jagaimo/.rubocop.yml [3ms]
2024-02-06 16:12:14.285 [info] > git cat-file -s 100925d15c3cbb7c03202db6a5f61864c8770489 [1ms]
2024-02-06 16:12:21.380 [info] > git show --textconv :.github/workflows/danger.yml [9ms]
2024-02-06 16:12:21.382 [info] > git ls-files --stage -- /home/jagaimo/.github/workflows/danger.yml [2ms]
2024-02-06 16:12:21.391 [info] > git cat-file -s c1b0c5bbecb67baeb8fce494c1a6450bd1f21d5b [1ms]
2024-02-06 16:12:21.924 [info] > git show --textconv :.github/workflows/docker.yml [11ms]
2024-02-06 16:12:21.926 [info] > git ls-files --stage -- /home/jagaimo/.github/workflows/docker.yml [3ms]
2024-02-06 16:12:21.935 [info] > git cat-file -s 7911c616b5e793dbd5e9bee095d52ace73713f91 [1ms]
2024-02-06 16:12:52.033 [info] > git show --textconv :.github/workflows/danger.yml [9ms]
2024-02-06 16:12:52.036 [info] > git ls-files --stage -- /home/jagaimo/.github/workflows/danger.yml [3ms]
2024-02-06 16:12:52.047 [info] > git cat-file -s c1b0c5bbecb67baeb8fce494c1a6450bd1f21d5b [1ms]
2024-02-06 16:12:57.918 [info] > git show --textconv :.github/workflows/docker.yml [10ms]
2024-02-06 16:12:57.920 [info] > git ls-files --stage -- /home/jagaimo/.github/workflows/docker.yml [3ms]
2024-02-06 16:12:57.931 [info] > git cat-file -s 7911c616b5e793dbd5e9bee095d52ace73713f91 [1ms]
2024-02-06 16:45:16.093 [info] > git ls-files --stage -- /home/jagaimo/bin/rake [21ms]
2024-02-06 16:45:16.101 [info] > git show --textconv :bin/rake [40ms]
2024-02-06 16:45:16.102 [info] > git cat-file -s 4fbf10b960ef780b748861e6a616a4d88b00b50a [1ms]
2024-02-06 16:45:16.905 [info] > git show --textconv :bin/setup [9ms]
2024-02-06 16:45:16.907 [info] > git ls-files --stage -- /home/jagaimo/bin/setup [3ms]
2024-02-06 16:45:16.916 [info] > git cat-file -s fa2b8fb11030fe6dc2010b5956b7c989bdabefc5 [1ms]
2024-02-06 16:46:54.109 [info] > git show --textconv :bin/rake [10ms]
2024-02-06 16:46:54.111 [info] > git ls-files --stage -- /home/jagaimo/bin/rake [3ms]
2024-02-06 16:46:54.122 [info] > git cat-file -s 4fbf10b960ef780b748861e6a616a4d88b00b50a [1ms]
2024-02-06 16:46:55.970 [info] > git show --textconv :bin/setup [9ms]
2024-02-06 16:46:55.972 [info] > git ls-files --stage -- /home/jagaimo/bin/setup [3ms]
2024-02-06 16:46:55.981 [info] > git cat-file -s fa2b8fb11030fe6dc2010b5956b7c989bdabefc5 [1ms]
2024-02-06 16:46:56.702 [info] > git show --textconv :bin/rake [10ms]
2024-02-06 16:46:56.704 [info] > git ls-files --stage -- /home/jagaimo/bin/rake [2ms]
2024-02-06 16:46:56.713 [info] > git cat-file -s 4fbf10b960ef780b748861e6a616a4d88b00b50a [2ms]
2024-02-06 16:47:00.851 [info] > git show --textconv :.github/workflows/docker.yml [12ms]
2024-02-06 16:47:00.853 [info] > git ls-files --stage -- /home/jagaimo/.github/workflows/docker.yml [4ms]
2024-02-06 16:47:00.863 [info] > git cat-file -s 14c6c97c2dbd1a26852882b3cd2fc71e75bc3ee0 [2ms]
2024-02-06 16:52:54.003 [info] > git show --textconv :bin/setup [11ms]
2024-02-06 16:52:54.005 [info] > git ls-files --stage -- /home/jagaimo/bin/setup [3ms]
2024-02-06 16:52:54.015 [info] > git cat-file -s fa2b8fb11030fe6dc2010b5956b7c989bdabefc5 [1ms]
2024-02-06 16:53:30.197 [info] > git show --textconv :Procfile.dev [12ms]
2024-02-06 16:53:30.201 [info] > git ls-files --stage -- /home/jagaimo/Procfile.dev [4ms]
2024-02-06 16:53:30.211 [info] > git cat-file -s 7c92cdccc865d6869d185cef2cd9a5bd7a064b74 [1ms]
2024-02-06 17:20:16.096 [info] > git show --textconv :.github/workflows/danger.yml [10ms]
2024-02-06 17:20:16.098 [info] > git ls-files --stage -- /home/jagaimo/.github/workflows/danger.yml [3ms]
2024-02-06 17:20:16.108 [info] > git cat-file -s c1b0c5bbecb67baeb8fce494c1a6450bd1f21d5b [1ms]
2024-02-06 17:20:25.471 [info] > git show --textconv :.github/workflows/reviewdog.yml [8ms]
2024-02-06 17:20:25.473 [info] > git ls-files --stage -- /home/jagaimo/.github/workflows/reviewdog.yml [3ms]
2024-02-06 17:20:25.483 [info] > git cat-file -s 127b0d3867e45c71667235193116a5e09c971338 [1ms]
2024-02-06 17:20:59.945 [info] > git show --textconv :.github/workflows/docker.yml [10ms]
2024-02-06 17:20:59.947 [info] > git ls-files --stage -- /home/jagaimo/.github/workflows/docker.yml [3ms]
2024-02-06 17:20:59.958 [info] > git cat-file -s 14c6c97c2dbd1a26852882b3cd2fc71e75bc3ee0 [1ms]
2024-02-06 17:22:41.579 [info] > git show --textconv :.github/workflows/reviewdog.yml [10ms]
2024-02-06 17:22:41.580 [info] > git ls-files --stage -- /home/jagaimo/.github/workflows/reviewdog.yml [2ms]
2024-02-06 17:22:41.588 [info] > git cat-file -s 127b0d3867e45c71667235193116a5e09c971338 [1ms]
2024-02-06 17:22:48.520 [info] > git show --textconv :.github/workflows/docker.yml [16ms]
2024-02-06 17:22:48.525 [info] > git ls-files --stage -- /home/jagaimo/.github/workflows/docker.yml [11ms]
2024-02-06 17:22:48.537 [info] > git cat-file -s 14c6c97c2dbd1a26852882b3cd2fc71e75bc3ee0 [1ms]
2024-02-06 17:51:10.596 [info] > git ls-files --stage -- /home/jagaimo/compose.yaml [22ms]
2024-02-06 17:51:10.606 [info] > git show --textconv :compose.yaml [43ms]
2024-02-06 17:51:10.608 [info] > git cat-file -s 610253fd5ac93f155a0dd926245d8db80c4fa1ed [2ms]
