2024-01-31 19:34:14.128 [info] Extension host with pid 16699 started
2024-01-31 19:34:14.128 [error] Error: EEXIST: file already exists, open '/home/jagaimo/jagaimo/.vscode-server/data/User/workspaceStorage/b0670bd9501272b8415ef5b27d7ea4aa/vscode.lock'
2024-01-31 19:34:14.135 [info] Lock '/home/jagaimo/jagaimo/.vscode-server/data/User/workspaceStorage/b0670bd9501272b8415ef5b27d7ea4aa/vscode.lock': Could not acquire lock, checking if the file is stale.
2024-01-31 19:34:14.190 [info] ExtensionService#_doActivateExtension vscode.emmet, startup: false, activationEvent: 'onLanguage'
2024-01-31 19:34:14.230 [info] Lock '/home/jagaimo/jagaimo/.vscode-server/data/User/workspaceStorage/b0670bd9501272b8415ef5b27d7ea4aa/vscode.lock': The pid 420 appears to be gone.
2024-01-31 19:34:14.230 [info] Lock '/home/jagaimo/jagaimo/.vscode-server/data/User/workspaceStorage/b0670bd9501272b8415ef5b27d7ea4aa/vscode.lock': Deleting a stale lock.
2024-01-31 19:34:14.310 [info] Lock '/home/jagaimo/jagaimo/.vscode-server/data/User/workspaceStorage/b0670bd9501272b8415ef5b27d7ea4aa/vscode.lock': Lock acquired.
2024-01-31 19:34:14.444 [info] ExtensionService#_doActivateExtension vscode.git-base, startup: true, activationEvent: '*', root cause: vscode.git
2024-01-31 19:34:14.445 [info] ExtensionService#_doActivateExtension HookyQR.beautify, startup: true, activationEvent: '*'
2024-01-31 19:34:14.553 [info] ExtensionService#_doActivateExtension Shopify.ruby-lsp, startup: true, activationEvent: 'workspaceContains:Gemfile.lock'
2024-01-31 19:34:14.719 [info] ExtensionService#_doActivateExtension vscode.git, startup: true, activationEvent: '*'
2024-01-31 19:34:14.721 [info] ExtensionService#_doActivateExtension vscode.github, startup: true, activationEvent: '*'
2024-01-31 19:34:15.313 [info] ExtensionService#_doActivateExtension vscode.json-language-features, startup: false, activationEvent: 'onLanguage:jsonc'
2024-01-31 19:34:15.314 [info] ExtensionService#_doActivateExtension vscode.typescript-language-features, startup: false, activationEvent: 'onLanguage:jsonc'
2024-01-31 19:34:15.581 [info] ExtensionService#_doActivateExtension github.vscode-github-actions, startup: true, activationEvent: 'workspaceContains:**/.github/workflows/**'
2024-01-31 19:34:16.288 [warning] [Decorations] CAPPING events from decorations provider vscode.git 429
2024-01-31 19:34:16.573 [warning] [Decorations] CAPPING events from decorations provider vscode.git 429
2024-01-31 19:34:19.660 [warning] [Decorations] CAPPING events from decorations provider vscode.git 429
2024-01-31 19:34:19.866 [warning] [Decorations] CAPPING events from decorations provider vscode.git 429
2024-01-31 19:34:24.453 [info] ExtensionService#_doActivateExtension vscode.debug-auto-launch, startup: false, activationEvent: 'onStartupFinished'
2024-01-31 19:34:24.453 [info] ExtensionService#_doActivateExtension vscode.merge-conflict, startup: false, activationEvent: 'onStartupFinished'
2024-01-31 19:34:24.453 [info] ExtensionService#_doActivateExtension smallStall.auto-arrange-tabs, startup: false, activationEvent: 'onStartupFinished'
2024-01-31 19:34:24.927 [warning] [Decorations] CAPPING events from decorations provider vscode.git 429
2024-01-31 19:34:29.993 [warning] [Decorations] CAPPING events from decorations provider vscode.git 429
2024-01-31 19:34:35.061 [warning] [Decorations] CAPPING events from decorations provider vscode.git 429
2024-01-31 19:34:40.128 [warning] [Decorations] CAPPING events from decorations provider vscode.git 429
2024-01-31 19:34:45.197 [warning] [Decorations] CAPPING events from decorations provider vscode.git 429
2024-01-31 19:34:50.255 [warning] [Decorations] CAPPING events from decorations provider vscode.git 429
2024-01-31 19:34:55.313 [warning] [Decorations] CAPPING events from decorations provider vscode.git 430
2024-01-31 19:35:07.261 [warning] [Decorations] CAPPING events from decorations provider vscode.git 430
2024-01-31 19:35:12.370 [warning] [Decorations] CAPPING events from decorations provider vscode.git 430
2024-01-31 19:35:18.349 [warning] [Decorations] CAPPING events from decorations provider vscode.git 430
2024-01-31 19:35:29.095 [warning] [Decorations] CAPPING events from decorations provider vscode.git 430
2024-01-31 19:35:34.179 [warning] [Decorations] CAPPING events from decorations provider vscode.git 430
2024-01-31 19:35:39.259 [warning] [Decorations] CAPPING events from decorations provider vscode.git 430
2024-01-31 19:36:05.995 [warning] [Decorations] CAPPING events from decorations provider vscode.git 430
2024-01-31 19:36:21.504 [warning] [Decorations] CAPPING events from decorations provider vscode.git 430
2024-01-31 19:36:26.579 [warning] [Decorations] CAPPING events from decorations provider vscode.git 430
2024-01-31 19:36:31.653 [warning] [Decorations] CAPPING events from decorations provider vscode.git 431
2024-01-31 19:36:36.720 [warning] [Decorations] CAPPING events from decorations provider vscode.git 431
2024-01-31 19:36:41.790 [warning] [Decorations] CAPPING events from decorations provider vscode.git 431
2024-01-31 19:36:55.228 [warning] [Decorations] CAPPING events from decorations provider vscode.git 431
2024-01-31 19:37:00.291 [warning] [Decorations] CAPPING events from decorations provider vscode.git 431
2024-01-31 19:37:05.361 [warning] [Decorations] CAPPING events from decorations provider vscode.git 431
2024-01-31 19:37:10.434 [warning] [Decorations] CAPPING events from decorations provider vscode.git 431
2024-01-31 19:37:15.505 [warning] [Decorations] CAPPING events from decorations provider vscode.git 431
2024-01-31 19:37:20.588 [warning] [Decorations] CAPPING events from decorations provider vscode.git 432
2024-01-31 19:37:25.654 [warning] [Decorations] CAPPING events from decorations provider vscode.git 432
2024-01-31 19:37:30.719 [warning] [Decorations] CAPPING events from decorations provider vscode.git 432
2024-01-31 19:37:35.785 [warning] [Decorations] CAPPING events from decorations provider vscode.git 432
2024-01-31 19:38:20.645 [warning] [Decorations] CAPPING events from decorations provider vscode.git 432
2024-01-31 19:38:25.728 [warning] [Decorations] CAPPING events from decorations provider vscode.git 432
2024-01-31 19:38:30.791 [warning] [Decorations] CAPPING events from decorations provider vscode.git 432
2024-01-31 19:38:35.865 [warning] [Decorations] CAPPING events from decorations provider vscode.git 432
2024-01-31 19:38:40.946 [warning] [Decorations] CAPPING events from decorations provider vscode.git 432
2024-01-31 19:38:46.018 [warning] [Decorations] CAPPING events from decorations provider vscode.git 432
2024-01-31 19:38:51.114 [warning] [Decorations] CAPPING events from decorations provider vscode.git 432
2024-01-31 19:38:56.185 [warning] [Decorations] CAPPING events from decorations provider vscode.git 432
2024-01-31 19:39:01.264 [warning] [Decorations] CAPPING events from decorations provider vscode.git 433
2024-01-31 19:39:06.332 [warning] [Decorations] CAPPING events from decorations provider vscode.git 433
2024-01-31 19:39:11.395 [warning] [Decorations] CAPPING events from decorations provider vscode.git 433
2024-01-31 19:39:18.045 [warning] [Decorations] CAPPING events from decorations provider vscode.git 434
2024-01-31 19:39:23.108 [warning] [Decorations] CAPPING events from decorations provider vscode.git 435
2024-01-31 19:39:28.169 [warning] [Decorations] CAPPING events from decorations provider vscode.git 435
2024-01-31 19:39:33.231 [warning] [Decorations] CAPPING events from decorations provider vscode.git 435
2024-01-31 19:39:39.057 [warning] [Decorations] CAPPING events from decorations provider vscode.git 435
2024-01-31 19:39:44.140 [warning] [Decorations] CAPPING events from decorations provider vscode.git 436
