2024-01-29 10:48:46.588 [info] Extension host with pid 20832 started
2024-01-29 10:48:46.635 [info] ExtensionService#_doActivateExtension vscode.git-base, startup: true, activationEvent: '*', root cause: vscode.git
2024-01-29 10:48:46.638 [info] ExtensionService#_doActivateExtension HookyQR.beautify, startup: true, activationEvent: '*'
2024-01-29 10:48:46.704 [info] ExtensionService#_doActivateExtension Shopify.ruby-lsp, startup: true, activationEvent: 'workspaceContains:Gemfile.lock'
2024-01-29 10:48:46.835 [info] Lock '/home/jagaimo/jagaimo/.vscode-server/data/User/workspaceStorage/05eec0cb8e9457c43af9fade71b95ad7/vscode.lock': Lock acquired.
2024-01-29 10:48:46.907 [info] ExtensionService#_doActivateExtension vscode.git, startup: true, activationEvent: '*'
2024-01-29 10:48:46.909 [info] ExtensionService#_doActivateExtension vscode.github, startup: true, activationEvent: '*'
2024-01-29 10:48:47.051 [info] ExtensionService#_doActivateExtension vscode.json-language-features, startup: false, activationEvent: 'onLanguage:jsonc'
2024-01-29 10:48:47.052 [info] ExtensionService#_doActivateExtension vscode.typescript-language-features, startup: false, activationEvent: 'onLanguage:jsonc'
2024-01-29 10:48:47.053 [info] ExtensionService#_doActivateExtension vscode.emmet, startup: false, activationEvent: 'onLanguage'
2024-01-29 10:48:47.244 [info] ExtensionService#_doActivateExtension github.vscode-github-actions, startup: true, activationEvent: 'workspaceContains:**/.github/workflows/**'
2024-01-29 10:48:56.643 [info] ExtensionService#_doActivateExtension vscode.debug-auto-launch, startup: false, activationEvent: 'onStartupFinished'
2024-01-29 10:48:56.644 [info] ExtensionService#_doActivateExtension vscode.merge-conflict, startup: false, activationEvent: 'onStartupFinished'
2024-01-29 10:48:56.644 [info] ExtensionService#_doActivateExtension smallStall.auto-arrange-tabs, startup: false, activationEvent: 'onStartupFinished'
2024-01-29 13:45:30.145 [warning] [Decorations] CAPPING events from decorations provider vscode.git 251
2024-01-29 15:21:47.847 [warning] [Decorations] CAPPING events from decorations provider vscode.git 252
2024-01-29 15:21:52.915 [warning] [Decorations] CAPPING events from decorations provider vscode.git 252
2024-01-29 15:21:57.964 [warning] [Decorations] CAPPING events from decorations provider vscode.git 253
2024-01-29 15:22:03.019 [warning] [Decorations] CAPPING events from decorations provider vscode.git 253
2024-01-29 15:22:11.965 [warning] [Decorations] CAPPING events from decorations provider vscode.git 253
2024-01-29 15:22:17.023 [warning] [Decorations] CAPPING events from decorations provider vscode.git 253
2024-01-29 15:22:22.073 [warning] [Decorations] CAPPING events from decorations provider vscode.git 253
2024-01-29 15:22:27.136 [warning] [Decorations] CAPPING events from decorations provider vscode.git 253
2024-01-29 15:22:32.190 [warning] [Decorations] CAPPING events from decorations provider vscode.git 253
2024-01-29 15:22:37.252 [warning] [Decorations] CAPPING events from decorations provider vscode.git 253
2024-01-29 15:23:03.177 [warning] [Decorations] CAPPING events from decorations provider vscode.git 253
2024-01-29 15:23:08.235 [warning] [Decorations] CAPPING events from decorations provider vscode.git 253
2024-01-29 15:23:13.290 [warning] [Decorations] CAPPING events from decorations provider vscode.git 254
2024-01-29 15:23:18.350 [warning] [Decorations] CAPPING events from decorations provider vscode.git 254
2024-01-29 15:23:53.820 [warning] [Decorations] CAPPING events from decorations provider vscode.git 254
2024-01-29 15:23:58.875 [warning] [Decorations] CAPPING events from decorations provider vscode.git 255
2024-01-29 15:24:03.938 [warning] [Decorations] CAPPING events from decorations provider vscode.git 255
2024-01-29 15:24:17.325 [warning] [Decorations] CAPPING events from decorations provider vscode.git 255
2024-01-29 15:24:22.392 [warning] [Decorations] CAPPING events from decorations provider vscode.git 255
2024-01-29 15:24:27.448 [warning] [Decorations] CAPPING events from decorations provider vscode.git 255
2024-01-29 15:24:32.502 [warning] [Decorations] CAPPING events from decorations provider vscode.git 255
2024-01-29 15:43:18.765 [warning] [Decorations] CAPPING events from decorations provider vscode.git 255
2024-01-29 15:43:42.303 [warning] [Decorations] CAPPING events from decorations provider vscode.git 255
2024-01-29 15:50:50.143 [warning] [Decorations] CAPPING events from decorations provider vscode.git 255
2024-01-29 15:50:56.099 [warning] [Decorations] CAPPING events from decorations provider vscode.git 255
2024-01-29 15:51:34.906 [warning] [Decorations] CAPPING events from decorations provider vscode.git 255
2024-01-29 15:51:42.997 [warning] [Decorations] CAPPING events from decorations provider vscode.git 255
2024-01-29 15:52:24.193 [warning] [Decorations] CAPPING events from decorations provider vscode.git 255
2024-01-29 15:52:29.244 [warning] [Decorations] CAPPING events from decorations provider vscode.git 255
2024-01-29 15:52:34.300 [warning] [Decorations] CAPPING events from decorations provider vscode.git 255
2024-01-29 15:52:57.456 [warning] [Decorations] CAPPING events from decorations provider vscode.git 255
2024-01-29 15:53:02.520 [warning] [Decorations] CAPPING events from decorations provider vscode.git 255
2024-01-29 15:53:07.576 [warning] [Decorations] CAPPING events from decorations provider vscode.git 255
2024-01-29 15:53:13.254 [warning] [Decorations] CAPPING events from decorations provider vscode.git 255
2024-01-29 15:53:18.308 [warning] [Decorations] CAPPING events from decorations provider vscode.git 255
2024-01-29 15:53:50.350 [warning] [Decorations] CAPPING events from decorations provider vscode.git 255
2024-01-29 15:54:37.059 [warning] [Decorations] CAPPING events from decorations provider vscode.git 255
2024-01-29 15:54:42.112 [warning] [Decorations] CAPPING events from decorations provider vscode.git 255
2024-01-29 15:54:47.254 [warning] [Decorations] CAPPING events from decorations provider vscode.git 255
2024-01-29 15:54:52.315 [warning] [Decorations] CAPPING events from decorations provider vscode.git 255
2024-01-29 15:55:12.333 [warning] [Decorations] CAPPING events from decorations provider vscode.git 255
2024-01-29 15:55:17.426 [warning] [Decorations] CAPPING events from decorations provider vscode.git 255
2024-01-29 15:55:22.482 [warning] [Decorations] CAPPING events from decorations provider vscode.git 255
2024-01-29 15:56:10.414 [warning] [Decorations] CAPPING events from decorations provider vscode.git 255
2024-01-29 15:57:01.430 [warning] [Decorations] CAPPING events from decorations provider vscode.git 255
2024-01-29 15:59:18.997 [warning] [Decorations] CAPPING events from decorations provider vscode.git 255
2024-01-29 15:59:28.837 [warning] [Decorations] CAPPING events from decorations provider vscode.git 255
2024-01-29 15:59:33.902 [warning] [Decorations] CAPPING events from decorations provider vscode.git 255
2024-01-29 15:59:38.961 [warning] [Decorations] CAPPING events from decorations provider vscode.git 255
2024-01-29 15:59:44.014 [warning] [Decorations] CAPPING events from decorations provider vscode.git 256
2024-01-29 15:59:49.064 [warning] [Decorations] CAPPING events from decorations provider vscode.git 256
2024-01-29 15:59:54.114 [warning] [Decorations] CAPPING events from decorations provider vscode.git 256
2024-01-29 15:59:59.165 [warning] [Decorations] CAPPING events from decorations provider vscode.git 256
2024-01-29 16:00:07.744 [warning] [Decorations] CAPPING events from decorations provider vscode.git 258
2024-01-29 16:00:12.804 [warning] [Decorations] CAPPING events from decorations provider vscode.git 258
2024-01-29 16:00:17.854 [warning] [Decorations] CAPPING events from decorations provider vscode.git 258
2024-01-29 16:00:25.502 [warning] [Decorations] CAPPING events from decorations provider vscode.git 258
2024-01-29 16:11:08.436 [warning] [Decorations] CAPPING events from decorations provider vscode.git 258
2024-01-29 16:12:36.828 [warning] [Decorations] CAPPING events from decorations provider vscode.git 258
2024-01-29 16:12:41.884 [warning] [Decorations] CAPPING events from decorations provider vscode.git 258
2024-01-29 16:12:46.935 [warning] [Decorations] CAPPING events from decorations provider vscode.git 258
2024-01-29 16:12:52.186 [warning] [Decorations] CAPPING events from decorations provider vscode.git 258
2024-01-29 16:12:57.240 [warning] [Decorations] CAPPING events from decorations provider vscode.git 258
2024-01-29 16:13:02.295 [warning] [Decorations] CAPPING events from decorations provider vscode.git 258
2024-01-29 16:13:25.125 [warning] [Decorations] CAPPING events from decorations provider vscode.git 258
2024-01-29 16:13:30.197 [warning] [Decorations] CAPPING events from decorations provider vscode.git 258
2024-01-29 16:14:14.696 [warning] [Decorations] CAPPING events from decorations provider vscode.git 259
2024-01-29 16:14:19.750 [warning] [Decorations] CAPPING events from decorations provider vscode.git 259
2024-01-29 16:14:24.802 [warning] [Decorations] CAPPING events from decorations provider vscode.git 259
2024-01-29 16:14:29.860 [warning] [Decorations] CAPPING events from decorations provider vscode.git 259
2024-01-29 16:14:34.915 [warning] [Decorations] CAPPING events from decorations provider vscode.git 259
2024-01-29 16:14:39.969 [warning] [Decorations] CAPPING events from decorations provider vscode.git 259
2024-01-29 16:14:45.033 [warning] [Decorations] CAPPING events from decorations provider vscode.git 259
2024-01-29 16:15:22.377 [warning] [Decorations] CAPPING events from decorations provider vscode.git 259
2024-01-29 16:16:15.948 [warning] [Decorations] CAPPING events from decorations provider vscode.git 259
2024-01-29 16:16:21.018 [warning] [Decorations] CAPPING events from decorations provider vscode.git 259
2024-01-29 16:16:28.411 [warning] [Decorations] CAPPING events from decorations provider vscode.git 259
2024-01-29 16:17:02.094 [warning] [Decorations] CAPPING events from decorations provider vscode.git 259
2024-01-29 16:17:07.742 [warning] [Decorations] CAPPING events from decorations provider vscode.git 259
2024-01-29 16:18:09.269 [warning] [Decorations] CAPPING events from decorations provider vscode.git 259
2024-01-29 16:18:14.458 [warning] [Decorations] CAPPING events from decorations provider vscode.git 259
2024-01-29 16:18:19.674 [warning] [Decorations] CAPPING events from decorations provider vscode.git 259
2024-01-29 16:18:24.743 [warning] [Decorations] CAPPING events from decorations provider vscode.git 259
2024-01-29 16:18:32.402 [warning] [Decorations] CAPPING events from decorations provider vscode.git 260
2024-01-29 16:18:37.457 [warning] [Decorations] CAPPING events from decorations provider vscode.git 260
2024-01-29 16:18:49.310 [warning] [Decorations] CAPPING events from decorations provider vscode.git 260
2024-01-29 16:18:54.364 [warning] [Decorations] CAPPING events from decorations provider vscode.git 260
2024-01-29 16:19:11.477 [warning] [Decorations] CAPPING events from decorations provider vscode.git 260
2024-01-29 16:19:16.530 [warning] [Decorations] CAPPING events from decorations provider vscode.git 260
2024-01-29 16:19:21.594 [warning] [Decorations] CAPPING events from decorations provider vscode.git 261
2024-01-29 16:20:01.946 [warning] [Decorations] CAPPING events from decorations provider vscode.git 261
2024-01-29 16:20:07.001 [warning] [Decorations] CAPPING events from decorations provider vscode.git 261
2024-01-29 16:32:32.081 [warning] [Decorations] CAPPING events from decorations provider vscode.git 261
2024-01-29 16:32:37.133 [warning] [Decorations] CAPPING events from decorations provider vscode.git 261
2024-01-29 16:32:42.876 [warning] [Decorations] CAPPING events from decorations provider vscode.git 261
2024-01-29 16:32:49.813 [warning] [Decorations] CAPPING events from decorations provider vscode.git 261
2024-01-29 16:32:54.876 [warning] [Decorations] CAPPING events from decorations provider vscode.git 261
2024-01-29 16:34:51.302 [warning] [Decorations] CAPPING events from decorations provider vscode.git 261
2024-01-29 16:34:56.359 [warning] [Decorations] CAPPING events from decorations provider vscode.git 261
2024-01-29 16:35:01.413 [warning] [Decorations] CAPPING events from decorations provider vscode.git 261
2024-01-29 16:35:06.463 [warning] [Decorations] CAPPING events from decorations provider vscode.git 261
2024-01-29 16:35:11.515 [warning] [Decorations] CAPPING events from decorations provider vscode.git 261
2024-01-29 16:35:40.193 [warning] [Decorations] CAPPING events from decorations provider vscode.git 261
2024-01-29 16:35:45.253 [warning] [Decorations] CAPPING events from decorations provider vscode.git 261
2024-01-29 16:35:56.011 [warning] [Decorations] CAPPING events from decorations provider vscode.git 261
2024-01-29 16:36:01.069 [warning] [Decorations] CAPPING events from decorations provider vscode.git 261
2024-01-29 16:36:06.128 [warning] [Decorations] CAPPING events from decorations provider vscode.git 261
2024-01-29 16:36:11.179 [warning] [Decorations] CAPPING events from decorations provider vscode.git 261
2024-01-29 16:36:16.232 [warning] [Decorations] CAPPING events from decorations provider vscode.git 261
2024-01-29 16:36:21.284 [warning] [Decorations] CAPPING events from decorations provider vscode.git 261
2024-01-29 16:36:35.412 [warning] [Decorations] CAPPING events from decorations provider vscode.git 261
2024-01-29 16:36:57.614 [warning] [Decorations] CAPPING events from decorations provider vscode.git 261
2024-01-29 16:37:02.670 [warning] [Decorations] CAPPING events from decorations provider vscode.git 261
2024-01-29 16:37:07.721 [warning] [Decorations] CAPPING events from decorations provider vscode.git 261
2024-01-29 16:37:12.780 [warning] [Decorations] CAPPING events from decorations provider vscode.git 261
2024-01-29 16:37:17.833 [warning] [Decorations] CAPPING events from decorations provider vscode.git 261
2024-01-29 16:37:22.886 [warning] [Decorations] CAPPING events from decorations provider vscode.git 261
2024-01-29 16:38:40.513 [warning] [Decorations] CAPPING events from decorations provider vscode.git 261
2024-01-29 16:38:45.565 [warning] [Decorations] CAPPING events from decorations provider vscode.git 261
2024-01-29 16:38:50.633 [warning] [Decorations] CAPPING events from decorations provider vscode.git 261
2024-01-29 16:38:55.687 [warning] [Decorations] CAPPING events from decorations provider vscode.git 261
2024-01-29 16:39:00.756 [warning] [Decorations] CAPPING events from decorations provider vscode.git 261
2024-01-29 16:39:05.810 [warning] [Decorations] CAPPING events from decorations provider vscode.git 261
2024-01-29 16:39:10.860 [warning] [Decorations] CAPPING events from decorations provider vscode.git 261
2024-01-29 16:39:15.913 [warning] [Decorations] CAPPING events from decorations provider vscode.git 261
2024-01-29 16:39:20.965 [warning] [Decorations] CAPPING events from decorations provider vscode.git 261
2024-01-29 16:39:26.025 [warning] [Decorations] CAPPING events from decorations provider vscode.git 261
2024-01-29 16:39:32.320 [warning] [Decorations] CAPPING events from decorations provider vscode.git 261
2024-01-29 16:39:37.372 [warning] [Decorations] CAPPING events from decorations provider vscode.git 261
2024-01-29 16:39:42.422 [warning] [Decorations] CAPPING events from decorations provider vscode.git 261
2024-01-29 16:39:47.475 [warning] [Decorations] CAPPING events from decorations provider vscode.git 261
2024-01-29 16:39:52.531 [warning] [Decorations] CAPPING events from decorations provider vscode.git 261
2024-01-29 16:39:57.590 [warning] [Decorations] CAPPING events from decorations provider vscode.git 261
2024-01-29 16:40:02.646 [warning] [Decorations] CAPPING events from decorations provider vscode.git 261
2024-01-29 16:40:07.703 [warning] [Decorations] CAPPING events from decorations provider vscode.git 261
2024-01-29 16:40:26.492 [warning] [Decorations] CAPPING events from decorations provider vscode.git 261
2024-01-29 16:40:34.468 [warning] [Decorations] CAPPING events from decorations provider vscode.git 261
2024-01-29 16:40:39.614 [warning] [Decorations] CAPPING events from decorations provider vscode.git 261
2024-01-29 16:41:45.180 [warning] [Decorations] CAPPING events from decorations provider vscode.git 261
2024-01-29 16:41:59.206 [warning] [Decorations] CAPPING events from decorations provider vscode.git 261
2024-01-29 16:43:35.910 [warning] [Decorations] CAPPING events from decorations provider vscode.git 261
2024-01-29 16:49:31.848 [warning] [Decorations] CAPPING events from decorations provider vscode.git 261
2024-01-29 16:49:36.909 [warning] [Decorations] CAPPING events from decorations provider vscode.git 261
2024-01-29 16:49:41.961 [warning] [Decorations] CAPPING events from decorations provider vscode.git 261
2024-01-29 16:49:47.830 [warning] [Decorations] CAPPING events from decorations provider vscode.git 261
2024-01-29 16:49:52.887 [warning] [Decorations] CAPPING events from decorations provider vscode.git 262
2024-01-29 16:50:08.100 [warning] [Decorations] CAPPING events from decorations provider vscode.git 263
2024-01-29 16:50:13.155 [warning] [Decorations] CAPPING events from decorations provider vscode.git 263
2024-01-29 16:50:24.789 [warning] [Decorations] CAPPING events from decorations provider vscode.git 264
2024-01-29 16:50:29.934 [warning] [Decorations] CAPPING events from decorations provider vscode.git 264
2024-01-29 16:50:39.734 [warning] [Decorations] CAPPING events from decorations provider vscode.git 264
2024-01-29 16:50:46.803 [warning] [Decorations] CAPPING events from decorations provider vscode.git 264
2024-01-29 16:50:51.857 [warning] [Decorations] CAPPING events from decorations provider vscode.git 264
2024-01-29 16:50:56.912 [warning] [Decorations] CAPPING events from decorations provider vscode.git 265
2024-01-29 16:51:01.963 [warning] [Decorations] CAPPING events from decorations provider vscode.git 265
2024-01-29 16:51:08.900 [warning] [Decorations] CAPPING events from decorations provider vscode.git 265
2024-01-29 16:51:13.956 [warning] [Decorations] CAPPING events from decorations provider vscode.git 265
2024-01-29 16:51:19.022 [warning] [Decorations] CAPPING events from decorations provider vscode.git 266
2024-01-29 16:51:24.082 [warning] [Decorations] CAPPING events from decorations provider vscode.git 266
2024-01-29 16:51:29.729 [warning] [Decorations] CAPPING events from decorations provider vscode.git 266
2024-01-29 16:51:39.557 [warning] [Decorations] CAPPING events from decorations provider vscode.git 266
2024-01-29 16:51:44.619 [warning] [Decorations] CAPPING events from decorations provider vscode.git 266
2024-01-29 16:51:49.678 [warning] [Decorations] CAPPING events from decorations provider vscode.git 267
2024-01-29 16:51:54.737 [warning] [Decorations] CAPPING events from decorations provider vscode.git 267
2024-01-29 16:52:01.567 [warning] [Decorations] CAPPING events from decorations provider vscode.git 267
2024-01-29 16:52:06.627 [warning] [Decorations] CAPPING events from decorations provider vscode.git 267
2024-01-29 16:52:11.681 [warning] [Decorations] CAPPING events from decorations provider vscode.git 268
2024-01-29 16:52:20.003 [warning] [Decorations] CAPPING events from decorations provider vscode.git 268
2024-01-29 16:52:25.076 [warning] [Decorations] CAPPING events from decorations provider vscode.git 268
2024-01-29 16:52:34.028 [warning] [Decorations] CAPPING events from decorations provider vscode.git 268
2024-01-29 16:52:45.517 [warning] [Decorations] CAPPING events from decorations provider vscode.git 268
2024-01-29 16:52:50.578 [warning] [Decorations] CAPPING events from decorations provider vscode.git 268
2024-01-29 16:52:55.642 [warning] [Decorations] CAPPING events from decorations provider vscode.git 269
2024-01-29 16:53:00.695 [warning] [Decorations] CAPPING events from decorations provider vscode.git 269
2024-01-29 16:53:05.757 [warning] [Decorations] CAPPING events from decorations provider vscode.git 269
2024-01-29 16:53:24.364 [warning] [Decorations] CAPPING events from decorations provider vscode.git 269
2024-01-29 16:53:29.414 [warning] [Decorations] CAPPING events from decorations provider vscode.git 269
2024-01-29 16:53:34.464 [warning] [Decorations] CAPPING events from decorations provider vscode.git 269
2024-01-29 16:53:39.516 [warning] [Decorations] CAPPING events from decorations provider vscode.git 269
2024-01-29 16:53:44.567 [warning] [Decorations] CAPPING events from decorations provider vscode.git 269
2024-01-29 16:53:49.630 [warning] [Decorations] CAPPING events from decorations provider vscode.git 269
2024-01-29 16:53:54.785 [warning] [Decorations] CAPPING events from decorations provider vscode.git 269
2024-01-29 16:54:01.220 [warning] [Decorations] CAPPING events from decorations provider vscode.git 269
2024-01-29 16:54:06.271 [warning] [Decorations] CAPPING events from decorations provider vscode.git 269
2024-01-29 16:54:11.330 [warning] [Decorations] CAPPING events from decorations provider vscode.git 269
2024-01-29 16:54:16.384 [warning] [Decorations] CAPPING events from decorations provider vscode.git 269
2024-01-29 16:54:22.010 [warning] [Decorations] CAPPING events from decorations provider vscode.git 269
2024-01-29 16:54:28.015 [warning] [Decorations] CAPPING events from decorations provider vscode.git 269
2024-01-29 16:54:33.065 [warning] [Decorations] CAPPING events from decorations provider vscode.git 269
2024-01-29 16:54:38.117 [warning] [Decorations] CAPPING events from decorations provider vscode.git 269
2024-01-29 16:54:43.173 [warning] [Decorations] CAPPING events from decorations provider vscode.git 269
2024-01-29 16:54:48.225 [warning] [Decorations] CAPPING events from decorations provider vscode.git 270
2024-01-29 16:54:53.274 [warning] [Decorations] CAPPING events from decorations provider vscode.git 270
2024-01-29 16:54:58.329 [warning] [Decorations] CAPPING events from decorations provider vscode.git 270
2024-01-29 16:55:06.040 [warning] [Decorations] CAPPING events from decorations provider vscode.git 270
2024-01-29 16:55:12.040 [warning] [Decorations] CAPPING events from decorations provider vscode.git 270
2024-01-29 16:55:17.091 [warning] [Decorations] CAPPING events from decorations provider vscode.git 270
2024-01-29 16:55:22.146 [warning] [Decorations] CAPPING events from decorations provider vscode.git 270
2024-01-29 16:55:27.198 [warning] [Decorations] CAPPING events from decorations provider vscode.git 270
2024-01-29 16:55:32.250 [warning] [Decorations] CAPPING events from decorations provider vscode.git 270
2024-01-29 16:55:37.317 [warning] [Decorations] CAPPING events from decorations provider vscode.git 271
2024-01-29 16:55:42.388 [warning] [Decorations] CAPPING events from decorations provider vscode.git 271
2024-01-29 16:55:47.444 [warning] [Decorations] CAPPING events from decorations provider vscode.git 271
2024-01-29 16:55:54.077 [warning] [Decorations] CAPPING events from decorations provider vscode.git 272
2024-01-29 16:55:59.128 [warning] [Decorations] CAPPING events from decorations provider vscode.git 272
2024-01-29 16:56:04.180 [warning] [Decorations] CAPPING events from decorations provider vscode.git 272
2024-01-29 16:56:09.231 [warning] [Decorations] CAPPING events from decorations provider vscode.git 272
2024-01-29 16:56:14.282 [warning] [Decorations] CAPPING events from decorations provider vscode.git 272
2024-01-29 16:56:19.335 [warning] [Decorations] CAPPING events from decorations provider vscode.git 272
2024-01-29 16:56:40.812 [warning] [Decorations] CAPPING events from decorations provider vscode.git 272
2024-01-29 16:57:19.642 [warning] [Decorations] CAPPING events from decorations provider vscode.git 272
2024-01-29 16:57:33.254 [warning] [Decorations] CAPPING events from decorations provider vscode.git 272
2024-01-29 16:57:38.307 [warning] [Decorations] CAPPING events from decorations provider vscode.git 272
2024-01-29 16:58:05.636 [warning] [Decorations] CAPPING events from decorations provider vscode.git 273
2024-01-29 16:58:10.696 [warning] [Decorations] CAPPING events from decorations provider vscode.git 273
2024-01-29 16:58:15.758 [warning] [Decorations] CAPPING events from decorations provider vscode.git 273
2024-01-29 16:58:20.831 [warning] [Decorations] CAPPING events from decorations provider vscode.git 273
2024-01-29 16:58:25.884 [warning] [Decorations] CAPPING events from decorations provider vscode.git 273
2024-01-29 16:58:30.938 [warning] [Decorations] CAPPING events from decorations provider vscode.git 273
2024-01-29 16:58:35.998 [warning] [Decorations] CAPPING events from decorations provider vscode.git 273
2024-01-29 16:58:51.230 [warning] [Decorations] CAPPING events from decorations provider vscode.git 273
2024-01-29 16:58:56.280 [warning] [Decorations] CAPPING events from decorations provider vscode.git 273
2024-01-29 16:59:03.164 [warning] [Decorations] CAPPING events from decorations provider vscode.git 274
2024-01-29 16:59:08.214 [warning] [Decorations] CAPPING events from decorations provider vscode.git 274
2024-01-29 17:00:01.551 [warning] [Decorations] CAPPING events from decorations provider vscode.git 274
2024-01-29 17:00:06.606 [warning] [Decorations] CAPPING events from decorations provider vscode.git 274
2024-01-29 17:00:11.658 [warning] [Decorations] CAPPING events from decorations provider vscode.git 274
2024-01-29 17:00:17.905 [warning] [Decorations] CAPPING events from decorations provider vscode.git 274
2024-01-29 17:00:26.983 [warning] [Decorations] CAPPING events from decorations provider vscode.git 274
2024-01-29 17:00:40.189 [warning] [Decorations] CAPPING events from decorations provider vscode.git 274
2024-01-29 17:01:02.941 [warning] [Decorations] CAPPING events from decorations provider vscode.git 274
2024-01-29 17:01:07.990 [warning] [Decorations] CAPPING events from decorations provider vscode.git 274
2024-01-29 17:01:13.061 [warning] [Decorations] CAPPING events from decorations provider vscode.git 275
2024-01-29 17:01:18.117 [warning] [Decorations] CAPPING events from decorations provider vscode.git 275
2024-01-29 17:01:25.153 [warning] [Decorations] CAPPING events from decorations provider vscode.git 275
2024-01-29 17:01:30.205 [warning] [Decorations] CAPPING events from decorations provider vscode.git 275
2024-01-29 17:01:35.260 [warning] [Decorations] CAPPING events from decorations provider vscode.git 275
2024-01-29 17:01:40.313 [warning] [Decorations] CAPPING events from decorations provider vscode.git 275
2024-01-29 17:01:46.242 [warning] [Decorations] CAPPING events from decorations provider vscode.git 275
2024-01-29 17:02:35.401 [warning] [Decorations] CAPPING events from decorations provider vscode.git 275
2024-01-29 17:02:40.496 [warning] [Decorations] CAPPING events from decorations provider vscode.git 275
2024-01-29 17:02:45.552 [warning] [Decorations] CAPPING events from decorations provider vscode.git 276
2024-01-29 17:02:50.649 [warning] [Decorations] CAPPING events from decorations provider vscode.git 276
2024-01-29 17:02:56.260 [warning] [Decorations] CAPPING events from decorations provider vscode.git 276
2024-01-29 17:03:01.329 [warning] [Decorations] CAPPING events from decorations provider vscode.git 276
2024-01-29 17:03:06.376 [warning] [Decorations] CAPPING events from decorations provider vscode.git 276
2024-01-29 17:03:12.266 [warning] [Decorations] CAPPING events from decorations provider vscode.git 276
2024-01-29 17:26:04.871 [warning] [Decorations] CAPPING events from decorations provider vscode.git 277
2024-01-29 17:43:52.026 [warning] [Decorations] CAPPING events from decorations provider vscode.git 277
2024-01-29 18:10:08.382 [warning] [Decorations] CAPPING events from decorations provider vscode.git 277
2024-01-29 18:10:13.484 [warning] [Decorations] CAPPING events from decorations provider vscode.git 277
2024-01-29 18:10:18.542 [warning] [Decorations] CAPPING events from decorations provider vscode.git 277
2024-01-29 18:10:23.599 [warning] [Decorations] CAPPING events from decorations provider vscode.git 277
2024-01-29 18:10:28.652 [warning] [Decorations] CAPPING events from decorations provider vscode.git 278
2024-01-29 18:10:38.466 [warning] [Decorations] CAPPING events from decorations provider vscode.git 278
2024-01-29 18:10:47.675 [warning] [Decorations] CAPPING events from decorations provider vscode.git 278
2024-01-29 18:10:56.084 [warning] [Decorations] CAPPING events from decorations provider vscode.git 278
2024-01-29 18:11:01.155 [warning] [Decorations] CAPPING events from decorations provider vscode.git 278
2024-01-29 18:11:06.224 [warning] [Decorations] CAPPING events from decorations provider vscode.git 278
2024-01-29 18:12:30.726 [warning] [Decorations] CAPPING events from decorations provider vscode.git 278
2024-01-29 18:18:18.204 [warning] [Decorations] CAPPING events from decorations provider vscode.git 278
2024-01-29 18:20:14.455 [warning] [Decorations] CAPPING events from decorations provider vscode.git 278
2024-01-29 18:20:19.509 [warning] [Decorations] CAPPING events from decorations provider vscode.git 278
2024-01-29 18:20:32.274 [warning] [Decorations] CAPPING events from decorations provider vscode.git 278
2024-01-29 18:24:47.130 [warning] [Decorations] CAPPING events from decorations provider vscode.git 278
2024-01-29 18:24:53.730 [warning] [Decorations] CAPPING events from decorations provider vscode.git 278
2024-01-29 18:24:58.782 [warning] [Decorations] CAPPING events from decorations provider vscode.git 278
2024-01-29 18:25:03.833 [warning] [Decorations] CAPPING events from decorations provider vscode.git 278
2024-01-29 18:25:08.883 [warning] [Decorations] CAPPING events from decorations provider vscode.git 278
2024-01-29 18:25:13.935 [warning] [Decorations] CAPPING events from decorations provider vscode.git 279
2024-01-29 18:25:18.985 [warning] [Decorations] CAPPING events from decorations provider vscode.git 278
2024-01-29 18:25:24.050 [warning] [Decorations] CAPPING events from decorations provider vscode.git 278
2024-01-29 18:25:29.105 [warning] [Decorations] CAPPING events from decorations provider vscode.git 280
2024-01-29 18:25:34.154 [warning] [Decorations] CAPPING events from decorations provider vscode.git 280
2024-01-29 18:25:39.214 [warning] [Decorations] CAPPING events from decorations provider vscode.git 280
2024-01-29 18:25:44.265 [warning] [Decorations] CAPPING events from decorations provider vscode.git 280
2024-01-29 18:25:49.314 [warning] [Decorations] CAPPING events from decorations provider vscode.git 280
2024-01-29 18:25:54.363 [warning] [Decorations] CAPPING events from decorations provider vscode.git 280
2024-01-29 18:25:59.412 [warning] [Decorations] CAPPING events from decorations provider vscode.git 280
2024-01-29 18:26:04.460 [warning] [Decorations] CAPPING events from decorations provider vscode.git 280
2024-01-29 18:26:09.512 [warning] [Decorations] CAPPING events from decorations provider vscode.git 280
2024-01-29 18:26:27.809 [warning] [Decorations] CAPPING events from decorations provider vscode.git 280
2024-01-29 18:26:48.646 [warning] [Decorations] CAPPING events from decorations provider vscode.git 280
2024-01-29 18:28:50.164 [warning] [Decorations] CAPPING events from decorations provider vscode.git 280
2024-01-29 18:28:55.218 [warning] [Decorations] CAPPING events from decorations provider vscode.git 280
2024-01-29 18:29:00.293 [warning] [Decorations] CAPPING events from decorations provider vscode.git 280
2024-01-29 18:31:04.011 [warning] [Decorations] CAPPING events from decorations provider vscode.git 281
2024-01-29 18:31:09.062 [warning] [Decorations] CAPPING events from decorations provider vscode.git 281
2024-01-29 18:31:14.114 [warning] [Decorations] CAPPING events from decorations provider vscode.git 281
2024-01-29 18:32:25.590 [warning] [Decorations] CAPPING events from decorations provider vscode.git 281
2024-01-29 18:32:35.921 [warning] [Decorations] CAPPING events from decorations provider vscode.git 281
2024-01-29 18:33:03.324 [warning] [Decorations] CAPPING events from decorations provider vscode.git 281
2024-01-29 18:34:03.716 [warning] [Decorations] CAPPING events from decorations provider vscode.git 281
2024-01-29 18:34:24.290 [warning] [Decorations] CAPPING events from decorations provider vscode.git 281
2024-01-29 18:34:29.352 [warning] [Decorations] CAPPING events from decorations provider vscode.git 281
2024-01-29 18:34:37.731 [warning] [Decorations] CAPPING events from decorations provider vscode.git 281
2024-01-29 18:34:45.906 [warning] [Decorations] CAPPING events from decorations provider vscode.git 281
2024-01-29 18:34:58.510 [warning] [Decorations] CAPPING events from decorations provider vscode.git 281
2024-01-29 18:35:10.170 [warning] [Decorations] CAPPING events from decorations provider vscode.git 281
2024-01-29 18:35:17.095 [warning] [Decorations] CAPPING events from decorations provider vscode.git 281
2024-01-29 18:35:22.726 [warning] [Decorations] CAPPING events from decorations provider vscode.git 281
2024-01-29 18:35:35.963 [warning] [Decorations] CAPPING events from decorations provider vscode.git 281
2024-01-29 18:35:41.028 [warning] [Decorations] CAPPING events from decorations provider vscode.git 281
2024-01-29 18:35:58.994 [warning] [Decorations] CAPPING events from decorations provider vscode.git 281
2024-01-29 18:36:19.326 [warning] [Decorations] CAPPING events from decorations provider vscode.git 281
2024-01-29 18:36:24.381 [warning] [Decorations] CAPPING events from decorations provider vscode.git 281
2024-01-29 18:36:29.436 [warning] [Decorations] CAPPING events from decorations provider vscode.git 281
2024-01-29 18:36:50.193 [warning] [Decorations] CAPPING events from decorations provider vscode.git 281
2024-01-29 18:36:55.243 [warning] [Decorations] CAPPING events from decorations provider vscode.git 281
2024-01-29 18:37:04.226 [warning] [Decorations] CAPPING events from decorations provider vscode.git 281
2024-01-29 18:37:17.241 [warning] [Decorations] CAPPING events from decorations provider vscode.git 281
2024-01-29 18:37:23.285 [warning] [Decorations] CAPPING events from decorations provider vscode.git 281
2024-01-29 18:37:28.463 [warning] [Decorations] CAPPING events from decorations provider vscode.git 281
2024-01-29 18:37:33.971 [warning] [Decorations] CAPPING events from decorations provider vscode.git 281
2024-01-29 18:37:39.021 [warning] [Decorations] CAPPING events from decorations provider vscode.git 281
2024-01-29 18:37:44.089 [warning] [Decorations] CAPPING events from decorations provider vscode.git 281
2024-01-29 18:41:27.163 [warning] [Decorations] CAPPING events from decorations provider vscode.git 281
2024-01-29 18:41:32.215 [warning] [Decorations] CAPPING events from decorations provider vscode.git 281
2024-01-29 18:41:37.266 [warning] [Decorations] CAPPING events from decorations provider vscode.git 282
2024-01-29 18:41:55.550 [warning] [Decorations] CAPPING events from decorations provider vscode.git 283
2024-01-29 18:42:20.326 [warning] [Decorations] CAPPING events from decorations provider vscode.git 284
2024-01-29 18:43:49.529 [warning] [Decorations] CAPPING events from decorations provider vscode.git 284
2024-01-29 18:43:54.589 [warning] [Decorations] CAPPING events from decorations provider vscode.git 284
2024-01-29 18:43:59.648 [warning] [Decorations] CAPPING events from decorations provider vscode.git 284
2024-01-29 18:44:04.863 [warning] [Decorations] CAPPING events from decorations provider vscode.git 284
2024-01-29 18:44:16.409 [warning] [Decorations] CAPPING events from decorations provider vscode.git 284
2024-01-29 18:44:21.460 [warning] [Decorations] CAPPING events from decorations provider vscode.git 284
2024-01-29 18:46:38.352 [warning] [Decorations] CAPPING events from decorations provider vscode.git 285
2024-01-29 18:46:43.505 [warning] [Decorations] CAPPING events from decorations provider vscode.git 284
2024-01-29 18:46:48.563 [warning] [Decorations] CAPPING events from decorations provider vscode.git 284
2024-01-29 18:46:53.612 [warning] [Decorations] CAPPING events from decorations provider vscode.git 284
