2024-02-02 18:26:57.540 [info] Log level: Info
2024-02-02 18:26:57.540 [info] Validating found git in: "git"
2024-02-02 18:26:57.540 [info] Using git "2.30.2" from "git"
2024-02-02 18:26:57.540 [info] > git rev-parse --show-toplevel [7ms]
2024-02-02 18:26:57.540 [info] fatal: not a git repository (or any of the parent directories): .git
2024-02-02 18:26:57.540 [info] > git rev-parse --show-toplevel [6ms]
2024-02-02 18:26:57.540 [info] fatal: not a git repository (or any of the parent directories): .git
2024-02-02 18:26:57.540 [info] > git rev-parse --show-toplevel [8ms]
2024-02-02 18:26:57.540 [info] fatal: not a git repository (or any of the parent directories): .git
2024-02-02 18:26:57.549 [info] > git rev-parse --show-toplevel [4ms]
2024-02-02 18:26:57.550 [info] fatal: not a git repository (or any parent up to mount point /)
Stopping at filesystem boundary (GIT_DISCOVERY_ACROSS_FILESYSTEM not set).
2024-02-02 18:26:57.558 [info] > git rev-parse --show-toplevel [2ms]
2024-02-02 18:26:57.558 [info] fatal: not a git repository (or any of the parent directories): .git
2024-02-02 18:26:57.574 [info] > git rev-parse --show-toplevel [7ms]
2024-02-02 18:26:57.574 [info] fatal: not a git repository (or any of the parent directories): .git
2024-02-02 18:26:57.588 [info] > git rev-parse --show-toplevel [4ms]
2024-02-02 18:26:57.588 [info] fatal: not a git repository (or any of the parent directories): .git
2024-02-02 18:26:57.598 [info] > git rev-parse --show-toplevel [3ms]
2024-02-02 18:26:57.598 [info] fatal: not a git repository (or any of the parent directories): .git
2024-02-02 18:26:57.610 [info] > git rev-parse --show-toplevel [4ms]
2024-02-02 18:26:57.610 [info] fatal: not a git repository (or any of the parent directories): .git
2024-02-02 18:26:57.626 [info] > git rev-parse --show-toplevel [9ms]
2024-02-02 18:26:57.626 [info] fatal: not a git repository (or any of the parent directories): .git
2024-02-02 18:26:57.637 [info] > git rev-parse --show-toplevel [3ms]
2024-02-02 18:26:57.638 [info] fatal: not a git repository (or any of the parent directories): .git
2024-02-02 18:26:57.650 [info] > git rev-parse --show-toplevel [2ms]
2024-02-02 18:26:57.650 [info] fatal: not a git repository (or any parent up to mount point /)
Stopping at filesystem boundary (GIT_DISCOVERY_ACROSS_FILESYSTEM not set).
2024-02-02 18:26:57.674 [info] > git rev-parse --show-toplevel [5ms]
2024-02-02 18:26:57.674 [info] fatal: not a git repository (or any of the parent directories): .git
2024-02-02 18:26:57.684 [info] > git rev-parse --show-toplevel [2ms]
2024-02-02 18:26:57.684 [info] fatal: not a git repository (or any of the parent directories): .git
2024-02-02 18:26:57.695 [info] > git rev-parse --show-toplevel [4ms]
2024-02-02 18:26:57.695 [info] fatal: not a git repository (or any of the parent directories): .git
2024-02-02 18:26:57.704 [info] > git rev-parse --show-toplevel [2ms]
2024-02-02 18:26:57.705 [info] fatal: not a git repository (or any parent up to mount point /)
Stopping at filesystem boundary (GIT_DISCOVERY_ACROSS_FILESYSTEM not set).
2024-02-02 18:26:57.713 [info] > git rev-parse --show-toplevel [2ms]
2024-02-02 18:26:57.713 [info] fatal: not a git repository (or any of the parent directories): .git
2024-02-02 18:26:57.726 [info] > git rev-parse --show-toplevel [4ms]
2024-02-02 18:26:57.726 [info] fatal: not a git repository (or any of the parent directories): .git
2024-02-02 18:26:57.736 [info] > git rev-parse --show-toplevel [3ms]
2024-02-02 18:26:57.737 [info] fatal: not a git repository (or any of the parent directories): .git
2024-02-02 18:28:36.363 [info] > git rev-parse --show-toplevel [28ms]
2024-02-02 18:28:36.375 [info] > git rev-parse --git-dir --git-common-dir [2ms]
2024-02-02 18:28:36.386 [info] Open repository: /home/jagaimo
2024-02-02 18:28:36.397 [info] > git config --get commit.template [3ms]
2024-02-02 18:28:36.410 [info] > git for-each-ref --format=%(refname)%00%(upstream:short)%00%(objectname)%00%(upstream:track)%00%(upstream:remotename)%00%(upstream:remoteref) refs/heads/feature-product-index refs/remotes/feature-product-index [2ms]
2024-02-02 18:28:36.449 [info] > git status -z -uall [31ms]
2024-02-02 18:28:36.479 [info] > git config --get commit.template [11ms]
2024-02-02 18:28:36.517 [info] > git for-each-ref --format=%(refname)%00%(upstream:short)%00%(objectname)%00%(upstream:track)%00%(upstream:remotename)%00%(upstream:remoteref) refs/heads/feature-product-index refs/remotes/feature-product-index [40ms]
2024-02-02 18:28:36.557 [info] > git status -z -uall [31ms]
2024-02-02 18:28:36.898 [info] > git show --textconv :config/environment.rb [10ms]
2024-02-02 18:28:36.898 [info] > git ls-files --stage -- /home/jagaimo/config/environment.rb [3ms]
2024-02-02 18:28:36.908 [info] > git cat-file -s d5abe55806c256100cc029c834f52830829aefc6 [2ms]
2024-02-02 18:28:37.042 [info] > git check-ignore -v -z --stdin [4ms]
2024-02-02 18:28:38.257 [info] > git ls-files --stage -- /home/jagaimo/config/importmap.rb [2ms]
2024-02-02 18:28:38.265 [info] > git show --textconv :config/importmap.rb [16ms]
2024-02-02 18:28:38.265 [info] > git cat-file -s 2bf638f4af5e9f7399cd9f7cbda407d80050a23d [2ms]
2024-02-02 18:28:39.886 [info] > git check-ignore -v -z --stdin [3ms]
2024-02-02 18:28:40.220 [info] > git show --textconv :config/application.rb [8ms]
2024-02-02 18:28:40.222 [info] > git ls-files --stage -- /home/jagaimo/config/application.rb [3ms]
2024-02-02 18:28:40.229 [info] > git cat-file -s 44d68d758c5f002f483a917daeddff0d39446e37 [1ms]
2024-02-02 18:28:40.996 [info] > git show --textconv :config/boot.rb [7ms]
2024-02-02 18:28:40.997 [info] > git ls-files --stage -- /home/jagaimo/config/boot.rb [2ms]
2024-02-02 18:28:41.004 [info] > git cat-file -s c04863fa7dbe449f872f5911a7ec2283a401c527 [1ms]
2024-02-02 18:28:41.411 [info] > git show --textconv :config/application.rb [8ms]
2024-02-02 18:28:41.413 [info] > git ls-files --stage -- /home/jagaimo/config/application.rb [3ms]
2024-02-02 18:28:41.421 [info] > git cat-file -s 44d68d758c5f002f483a917daeddff0d39446e37 [1ms]
2024-02-02 18:28:42.372 [info] > git check-ignore -v -z --stdin [3ms]
2024-02-02 18:28:44.232 [info] > git check-ignore -v -z --stdin [4ms]
2024-02-02 18:28:44.901 [info] > git check-ignore -v -z --stdin [5ms]
2024-02-02 18:28:45.462 [info] > git check-ignore -v -z --stdin [3ms]
2024-02-02 18:28:48.650 [info] > git check-ignore -v -z --stdin [6ms]
2024-02-02 18:28:51.335 [info] > git check-ignore -v -z --stdin [8ms]
2024-02-02 18:29:05.535 [info] > git show --textconv :compose.yaml [8ms]
2024-02-02 18:29:05.538 [info] > git ls-files --stage -- /home/jagaimo/compose.yaml [2ms]
2024-02-02 18:29:05.545 [info] > git cat-file -s 40f743997013010754cb4ee013a848ee66385c81 [1ms]
2024-02-02 18:29:18.396 [info] > git show --textconv :config.ru [8ms]
2024-02-02 18:29:18.398 [info] > git ls-files --stage -- /home/jagaimo/config.ru [3ms]
2024-02-02 18:29:18.405 [info] > git cat-file -s 6dc8321802f96472aa30bf52fbe51248d8787eb4 [1ms]
2024-02-02 18:29:18.799 [info] > git show --textconv :createuser.sh [8ms]
2024-02-02 18:29:18.801 [info] > git ls-files --stage -- /home/jagaimo/createuser.sh [3ms]
2024-02-02 18:29:18.809 [info] > git cat-file -s abe3be944235466c461770e6a8cc02f0f60ef4ca [1ms]
2024-02-02 18:29:19.816 [info] > git show --textconv :Dockerfile [7ms]
2024-02-02 18:29:19.818 [info] > git ls-files --stage -- /home/jagaimo/Dockerfile [3ms]
2024-02-02 18:29:19.824 [info] > git cat-file -s 181331c876d3e8b97df9542dddf3daabde73f8ac [0ms]
2024-02-02 18:29:23.474 [info] > git show --textconv :createuser.sh [7ms]
2024-02-02 18:29:23.477 [info] > git ls-files --stage -- /home/jagaimo/createuser.sh [2ms]
2024-02-02 18:29:23.483 [info] > git cat-file -s abe3be944235466c461770e6a8cc02f0f60ef4ca [0ms]
2024-02-02 18:29:23.866 [info] > git show --textconv :config.ru [7ms]
2024-02-02 18:29:23.868 [info] > git ls-files --stage -- /home/jagaimo/config.ru [3ms]
2024-02-02 18:29:23.876 [info] > git cat-file -s 6dc8321802f96472aa30bf52fbe51248d8787eb4 [2ms]
2024-02-02 18:29:24.353 [info] > git show --textconv :compose.yaml [8ms]
2024-02-02 18:29:24.355 [info] > git ls-files --stage -- /home/jagaimo/compose.yaml [3ms]
2024-02-02 18:29:24.363 [info] > git cat-file -s 40f743997013010754cb4ee013a848ee66385c81 [1ms]
2024-02-02 18:29:38.873 [info] > git check-ignore -v -z --stdin [3ms]
2024-02-02 18:30:42.204 [info] > git check-ignore -v -z --stdin [6ms]
2024-02-02 18:31:42.505 [info] > git show --textconv :config/master.key [8ms]
2024-02-02 18:31:42.508 [info] > git ls-files --stage -- /home/jagaimo/config/master.key [3ms]
2024-02-02 18:31:44.842 [info] > git show --textconv :compose.yaml [10ms]
2024-02-02 18:31:44.843 [info] > git ls-files --stage -- /home/jagaimo/compose.yaml [4ms]
2024-02-02 18:31:44.851 [info] > git cat-file -s 40f743997013010754cb4ee013a848ee66385c81 [1ms]
2024-02-02 18:33:04.450 [info] > git show --textconv :Dockerfile [9ms]
2024-02-02 18:33:04.453 [info] > git ls-files --stage -- /home/jagaimo/Dockerfile [3ms]
2024-02-02 18:33:04.460 [info] > git cat-file -s 181331c876d3e8b97df9542dddf3daabde73f8ac [1ms]
2024-02-02 18:33:24.130 [info] > git check-ignore -v -z --stdin [4ms]
2024-02-02 18:33:25.244 [info] > git check-ignore -v -z --stdin [2ms]
2024-02-02 18:33:58.024 [info] > git check-ignore -v -z --stdin [10ms]
2024-02-02 18:34:00.131 [info] > git check-ignore -v -z --stdin [3ms]
2024-02-02 18:34:01.047 [info] > git check-ignore -v -z --stdin [3ms]
2024-02-02 18:34:01.934 [info] > git show --textconv :.github/workflows/docker.yml [8ms]
2024-02-02 18:34:01.935 [info] > git ls-files --stage -- /home/jagaimo/.github/workflows/docker.yml [2ms]
2024-02-02 18:34:01.943 [info] > git cat-file -s 00828ad893dc1c0b342e697217c86fb7790d60c8 [1ms]
2024-02-02 18:34:02.434 [info] > git config --get commit.template [11ms]
2024-02-02 18:34:02.435 [info] > git for-each-ref --format=%(refname)%00%(upstream:short)%00%(objectname)%00%(upstream:track)%00%(upstream:remotename)%00%(upstream:remoteref) refs/heads/feature-product-index refs/remotes/feature-product-index [2ms]
2024-02-02 18:34:02.544 [info] > git status -z -uall [98ms]
2024-02-02 18:43:46.928 [info] > git ls-files --stage -- /home/jagaimo/compose.yaml [21ms]
2024-02-02 18:43:46.937 [info] > git show --textconv :compose.yaml [41ms]
2024-02-02 18:43:46.938 [info] > git cat-file -s 40f743997013010754cb4ee013a848ee66385c81 [2ms]
2024-02-02 19:03:28.620 [info] > git show --textconv :Dockerfile [9ms]
2024-02-02 19:03:28.622 [info] > git ls-files --stage -- /home/jagaimo/Dockerfile [5ms]
2024-02-02 19:03:28.632 [info] > git cat-file -s 181331c876d3e8b97df9542dddf3daabde73f8ac [2ms]
2024-02-02 19:03:42.286 [info] > git show --textconv :.github/workflows/docker.yml [9ms]
2024-02-02 19:03:42.288 [info] > git ls-files --stage -- /home/jagaimo/.github/workflows/docker.yml [3ms]
2024-02-02 19:03:42.297 [info] > git cat-file -s 00828ad893dc1c0b342e697217c86fb7790d60c8 [1ms]
2024-02-02 19:04:22.260 [info] > git ls-files --stage -- /home/jagaimo/compose.yaml [13ms]
2024-02-02 19:04:22.267 [info] > git show --textconv :compose.yaml [28ms]
2024-02-02 19:04:22.268 [info] > git cat-file -s 40f743997013010754cb4ee013a848ee66385c81 [1ms]
2024-02-02 19:07:52.051 [info] > git ls-files --stage -- /home/jagaimo/.github/workflows/docker.yml [6ms]
2024-02-02 19:07:52.059 [info] > git show --textconv :.github/workflows/docker.yml [23ms]
2024-02-02 19:07:52.060 [info] > git cat-file -s 501a30da1420a7aad9704c857f5be04bcf8d76c2 [2ms]
2024-02-02 19:07:52.465 [info] > git show --textconv :Dockerfile [8ms]
2024-02-02 19:07:52.467 [info] > git ls-files --stage -- /home/jagaimo/Dockerfile [3ms]
2024-02-02 19:07:52.475 [info] > git cat-file -s 181331c876d3e8b97df9542dddf3daabde73f8ac [1ms]
2024-02-02 19:07:52.921 [info] > git show --textconv :.github/workflows/docker.yml [7ms]
2024-02-02 19:07:52.923 [info] > git ls-files --stage -- /home/jagaimo/.github/workflows/docker.yml [2ms]
2024-02-02 19:07:52.930 [info] > git cat-file -s 501a30da1420a7aad9704c857f5be04bcf8d76c2 [1ms]
