2024-01-30 11:38:22.189 [info] Extension host with pid 341 started
2024-01-30 11:38:22.189 [error] Error: EEXIST: file already exists, open '/home/jagaimo/jagaimo/.vscode-server/data/User/workspaceStorage/7a79849c9650f56952255143ade1d646/vscode.lock'
2024-01-30 11:38:22.201 [info] Lock '/home/jagaimo/jagaimo/.vscode-server/data/User/workspaceStorage/7a79849c9650f56952255143ade1d646/vscode.lock': Could not acquire lock, checking if the file is stale.
2024-01-30 11:38:22.214 [info] Lock '/home/jagaimo/jagaimo/.vscode-server/data/User/workspaceStorage/7a79849c9650f56952255143ade1d646/vscode.lock': The pid 64117 appears to be gone.
2024-01-30 11:38:22.214 [info] Lock '/home/jagaimo/jagaimo/.vscode-server/data/User/workspaceStorage/7a79849c9650f56952255143ade1d646/vscode.lock': Deleting a stale lock.
2024-01-30 11:38:22.272 [info] ExtensionService#_doActivateExtension vscode.emmet, startup: false, activationEvent: 'onLanguage'
2024-01-30 11:38:22.308 [info] Lock '/home/jagaimo/jagaimo/.vscode-server/data/User/workspaceStorage/7a79849c9650f56952255143ade1d646/vscode.lock': Lock acquired.
2024-01-30 11:38:22.466 [info] ExtensionService#_doActivateExtension vscode.git-base, startup: true, activationEvent: '*', root cause: vscode.git
2024-01-30 11:38:22.467 [info] ExtensionService#_doActivateExtension HookyQR.beautify, startup: true, activationEvent: '*'
2024-01-30 11:38:22.635 [info] ExtensionService#_doActivateExtension vscode.git, startup: true, activationEvent: '*'
2024-01-30 11:38:22.636 [info] ExtensionService#_doActivateExtension vscode.github, startup: true, activationEvent: '*'
2024-01-30 11:38:23.170 [info] Eager extensions activated
2024-01-30 11:38:23.171 [info] ExtensionService#_doActivateExtension vscode.debug-auto-launch, startup: false, activationEvent: 'onStartupFinished'
2024-01-30 11:38:23.172 [info] ExtensionService#_doActivateExtension vscode.merge-conflict, startup: false, activationEvent: 'onStartupFinished'
2024-01-30 11:38:23.174 [info] ExtensionService#_doActivateExtension smallStall.auto-arrange-tabs, startup: false, activationEvent: 'onStartupFinished'
2024-01-30 12:39:00.006 [info] ExtensionService#_doActivateExtension vscode.npm, startup: false, activationEvent: 'onTerminalQuickFixRequest:ms-vscode.npm-command'
2024-01-30 13:48:42.254 [error] Error: argument does not match one of these constraints: arg instanceof constraint, arg.constructor === constraint, nor constraint(arg) === true
    at s (vscode-file://vscode-app/c:/Users/kuros/AppData/Local/Programs/Microsoft%20VS%20Code/resources/app/out/vs/workbench/workbench.desktop.main.js:93:11061)
    at u (vscode-file://vscode-app/c:/Users/kuros/AppData/Local/Programs/Microsoft%20VS%20Code/resources/app/out/vs/workbench/workbench.desktop.main.js:93:10804)
    at C.handler (vscode-file://vscode-app/c:/Users/kuros/AppData/Local/Programs/Microsoft%20VS%20Code/resources/app/out/vs/workbench/workbench.desktop.main.js:634:21323)
    at g.invokeFunction (vscode-file://vscode-app/c:/Users/kuros/AppData/Local/Programs/Microsoft%20VS%20Code/resources/app/out/vs/workbench/workbench.desktop.main.js:638:326)
    at k.n (vscode-file://vscode-app/c:/Users/kuros/AppData/Local/Programs/Microsoft%20VS%20Code/resources/app/out/vs/workbench/workbench.desktop.main.js:1538:12431)
    at k.executeCommand (vscode-file://vscode-app/c:/Users/kuros/AppData/Local/Programs/Microsoft%20VS%20Code/resources/app/out/vs/workbench/workbench.desktop.main.js:1538:12019)
    at k.$executeCommand (vscode-file://vscode-app/c:/Users/kuros/AppData/Local/Programs/Microsoft%20VS%20Code/resources/app/out/vs/workbench/workbench.desktop.main.js:1547:552)
    at m.S (vscode-file://vscode-app/c:/Users/kuros/AppData/Local/Programs/Microsoft%20VS%20Code/resources/app/out/vs/workbench/workbench.desktop.main.js:1561:18889)
    at m.Q (vscode-file://vscode-app/c:/Users/kuros/AppData/Local/Programs/Microsoft%20VS%20Code/resources/app/out/vs/workbench/workbench.desktop.main.js:1561:18655)
    at m.M (vscode-file://vscode-app/c:/Users/kuros/AppData/Local/Programs/Microsoft%20VS%20Code/resources/app/out/vs/workbench/workbench.desktop.main.js:1561:17748)
    at m.L (vscode-file://vscode-app/c:/Users/kuros/AppData/Local/Programs/Microsoft%20VS%20Code/resources/app/out/vs/workbench/workbench.desktop.main.js:1561:16827)
    at o.value (vscode-file://vscode-app/c:/Users/kuros/AppData/Local/Programs/Microsoft%20VS%20Code/resources/app/out/vs/workbench/workbench.desktop.main.js:1561:15630)
    at u.y (vscode-file://vscode-app/c:/Users/kuros/AppData/Local/Programs/Microsoft%20VS%20Code/resources/app/out/vs/workbench/workbench.desktop.main.js:87:1902)
    at u.fire (vscode-file://vscode-app/c:/Users/kuros/AppData/Local/Programs/Microsoft%20VS%20Code/resources/app/out/vs/workbench/workbench.desktop.main.js:87:2119)
    at s.fire (vscode-file://vscode-app/c:/Users/kuros/AppData/Local/Programs/Microsoft%20VS%20Code/resources/app/out/vs/workbench/workbench.desktop.main.js:616:14449)
    at b.z (vscode-file://vscode-app/c:/Users/kuros/AppData/Local/Programs/Microsoft%20VS%20Code/resources/app/out/vs/workbench/workbench.desktop.main.js:616:17514)
    at o.value (vscode-file://vscode-app/c:/Users/kuros/AppData/Local/Programs/Microsoft%20VS%20Code/resources/app/out/vs/workbench/workbench.desktop.main.js:616:15966)
    at u.y (vscode-file://vscode-app/c:/Users/kuros/AppData/Local/Programs/Microsoft%20VS%20Code/resources/app/out/vs/workbench/workbench.desktop.main.js:87:1902)
    at u.fire (vscode-file://vscode-app/c:/Users/kuros/AppData/Local/Programs/Microsoft%20VS%20Code/resources/app/out/vs/workbench/workbench.desktop.main.js:87:2119)
    at o.acceptChunk (vscode-file://vscode-app/c:/Users/kuros/AppData/Local/Programs/Microsoft%20VS%20Code/resources/app/out/vs/workbench/workbench.desktop.main.js:616:12223)
    at vscode-file://vscode-app/c:/Users/kuros/AppData/Local/Programs/Microsoft%20VS%20Code/resources/app/out/vs/workbench/workbench.desktop.main.js:616:11510
    at o.value (vscode-file://vscode-app/c:/Users/kuros/AppData/Local/Programs/Microsoft%20VS%20Code/resources/app/out/vs/workbench/workbench.desktop.main.js:676:4915)
    at u.y (vscode-file://vscode-app/c:/Users/kuros/AppData/Local/Programs/Microsoft%20VS%20Code/resources/app/out/vs/workbench/workbench.desktop.main.js:87:1902)
    at u.fire (vscode-file://vscode-app/c:/Users/kuros/AppData/Local/Programs/Microsoft%20VS%20Code/resources/app/out/vs/workbench/workbench.desktop.main.js:87:2119)
    at j.onload (vscode-file://vscode-app/c:/Users/kuros/AppData/Local/Programs/Microsoft%20VS%20Code/resources/app/out/vs/workbench/workbench.desktop.main.js:676:3306)
