2024-01-31 07:55:34.487 [info] Extension host with pid 865 started
2024-01-31 07:55:34.487 [error] Error: EEXIST: file already exists, open '/home/jagaimo/jagaimo/.vscode-server/data/User/workspaceStorage/f855b8e3f3189b7b56014d1c87ce3011/vscode.lock'
2024-01-31 07:55:34.496 [info] Lock '/home/jagaimo/jagaimo/.vscode-server/data/User/workspaceStorage/f855b8e3f3189b7b56014d1c87ce3011/vscode.lock': Could not acquire lock, checking if the file is stale.
2024-01-31 07:55:34.535 [info] Lock '/home/jagaimo/jagaimo/.vscode-server/data/User/workspaceStorage/f855b8e3f3189b7b56014d1c87ce3011/vscode.lock': The pid 72352 appears to be gone.
2024-01-31 07:55:34.536 [info] Lock '/home/jagaimo/jagaimo/.vscode-server/data/User/workspaceStorage/f855b8e3f3189b7b56014d1c87ce3011/vscode.lock': Deleting a stale lock.
2024-01-31 07:55:34.569 [info] Lock '/home/jagaimo/jagaimo/.vscode-server/data/User/workspaceStorage/f855b8e3f3189b7b56014d1c87ce3011/vscode.lock': Lock acquired.
2024-01-31 07:55:34.786 [info] ExtensionService#_doActivateExtension vscode.emmet, startup: false, activationEvent: 'onLanguage'
2024-01-31 07:55:35.078 [info] ExtensionService#_doActivateExtension vscode.git-base, startup: true, activationEvent: '*', root cause: vscode.git
2024-01-31 07:55:35.080 [info] ExtensionService#_doActivateExtension HookyQR.beautify, startup: true, activationEvent: '*'
2024-01-31 07:55:35.337 [info] ExtensionService#_doActivateExtension vscode.git, startup: true, activationEvent: '*'
2024-01-31 07:55:35.342 [info] ExtensionService#_doActivateExtension vscode.github, startup: true, activationEvent: '*'
2024-01-31 07:55:35.723 [info] Eager extensions activated
2024-01-31 07:55:35.725 [info] ExtensionService#_doActivateExtension vscode.debug-auto-launch, startup: false, activationEvent: 'onStartupFinished'
2024-01-31 07:55:35.726 [info] ExtensionService#_doActivateExtension vscode.merge-conflict, startup: false, activationEvent: 'onStartupFinished'
2024-01-31 07:55:35.728 [info] ExtensionService#_doActivateExtension smallStall.auto-arrange-tabs, startup: false, activationEvent: 'onStartupFinished'
2024-01-31 07:55:35.884 [info] ExtensionService#_doActivateExtension vscode.json-language-features, startup: false, activationEvent: 'onLanguage:jsonc'
2024-01-31 07:55:35.885 [info] ExtensionService#_doActivateExtension vscode.typescript-language-features, startup: false, activationEvent: 'onLanguage:jsonc'
2024-01-31 07:56:30.868 [info] ExtensionService#_doActivateExtension vscode.npm, startup: false, activationEvent: 'onTerminalQuickFixRequest:ms-vscode.npm-command'
2024-01-31 10:20:20.638 [info] Extension host terminating: received terminate message from renderer
2024-01-31 10:20:20.641 [info] Lock '/home/jagaimo/jagaimo/.vscode-server/data/User/workspaceStorage/f855b8e3f3189b7b56014d1c87ce3011/vscode.lock': Marking the lockfile as scheduled to be released in 6000 ms.
2024-01-31 10:20:20.836 [info] Extension host with pid 865 exiting with code 0
