2024-01-29 09:51:20.290 [info] Log level: Info
2024-01-29 09:51:20.290 [info] Validating found git in: "git"
2024-01-29 09:51:20.290 [info] Using git "2.30.2" from "git"
2024-01-29 09:51:20.290 [info] > git rev-parse --show-toplevel [14ms]
2024-01-29 09:51:20.290 [info] > git rev-parse --git-dir --git-common-dir [91ms]
2024-01-29 09:51:20.290 [info] Open repository: /home/jagaimo
2024-01-29 09:51:20.319 [info] > git config --get commit.template [18ms]
2024-01-29 09:51:20.324 [info] > git rev-parse --show-toplevel [12ms]
2024-01-29 09:51:20.360 [info] > git rev-parse --show-toplevel [14ms]
2024-01-29 09:51:20.361 [info] > git for-each-ref --format=%(refname)%00%(upstream:short)%00%(objectname)%00%(upstream:track)%00%(upstream:remotename)%00%(upstream:remoteref) refs/heads/feature-product-index refs/remotes/feature-product-index [26ms]
2024-01-29 09:51:20.393 [info] > git rev-parse --show-toplevel [6ms]
2024-01-29 09:51:20.405 [info] > git status -z -uall [36ms]
2024-01-29 09:51:20.438 [info] > git rev-parse --show-toplevel [34ms]
2024-01-29 09:51:20.448 [info] > git config --get commit.template [11ms]
2024-01-29 09:51:20.471 [info] > git rev-parse --show-toplevel [23ms]
2024-01-29 09:51:20.493 [info] > git rev-parse --show-toplevel [9ms]
2024-01-29 09:51:20.494 [info] > git for-each-ref --format=%(refname)%00%(upstream:short)%00%(objectname)%00%(upstream:track)%00%(upstream:remotename)%00%(upstream:remoteref) refs/heads/feature-product-index refs/remotes/feature-product-index [16ms]
2024-01-29 09:51:20.605 [info] > git status -z -uall [104ms]
2024-01-29 09:51:20.611 [info] > git rev-parse --show-toplevel [102ms]
2024-01-29 09:51:20.640 [info] > git rev-parse --show-toplevel [3ms]
2024-01-29 09:51:20.688 [info] > git rev-parse --show-toplevel [39ms]
2024-01-29 09:51:20.697 [info] > git rev-parse --show-toplevel [1ms]
2024-01-29 09:51:20.705 [info] > git rev-parse --show-toplevel [1ms]
2024-01-29 09:51:20.781 [info] > git rev-parse --show-toplevel [70ms]
2024-01-29 09:51:20.790 [info] > git rev-parse --show-toplevel [1ms]
2024-01-29 09:51:20.798 [info] > git rev-parse --show-toplevel [1ms]
2024-01-29 09:51:20.808 [info] > git rev-parse --show-toplevel [3ms]
2024-01-29 09:51:20.916 [info] > git check-ignore -v -z --stdin [35ms]
2024-01-29 09:51:21.211 [info] > git config --get commit.template [2ms]
2024-01-29 09:51:21.221 [info] > git for-each-ref --format=%(refname)%00%(upstream:short)%00%(objectname)%00%(upstream:track)%00%(upstream:remotename)%00%(upstream:remoteref) refs/heads/feature-product-index refs/remotes/feature-product-index [2ms]
2024-01-29 09:51:21.256 [info] > git status -z -uall [28ms]
2024-01-29 09:51:25.136 [info] > git config --get commit.template [1ms]
2024-01-29 09:51:25.144 [info] > git for-each-ref --format=%(refname)%00%(upstream:short)%00%(objectname)%00%(upstream:track)%00%(upstream:remotename)%00%(upstream:remoteref) refs/heads/feature-product-index refs/remotes/feature-product-index [1ms]
2024-01-29 09:51:25.175 [info] > git status -z -uall [23ms]
2024-01-29 09:51:31.135 [info] > git config --get commit.template [2ms]
2024-01-29 09:51:31.145 [info] > git for-each-ref --format=%(refname)%00%(upstream:short)%00%(objectname)%00%(upstream:track)%00%(upstream:remotename)%00%(upstream:remoteref) refs/heads/feature-product-index refs/remotes/feature-product-index [1ms]
2024-01-29 09:51:31.172 [info] > git status -z -uall [20ms]
2024-01-29 09:51:36.192 [info] > git config --get commit.template [1ms]
2024-01-29 09:51:36.202 [info] > git for-each-ref --format=%(refname)%00%(upstream:short)%00%(objectname)%00%(upstream:track)%00%(upstream:remotename)%00%(upstream:remoteref) refs/heads/feature-product-index refs/remotes/feature-product-index [1ms]
2024-01-29 09:51:36.230 [info] > git status -z -uall [20ms]
2024-01-29 09:51:41.247 [info] > git config --get commit.template [1ms]
2024-01-29 09:51:41.256 [info] > git for-each-ref --format=%(refname)%00%(upstream:short)%00%(objectname)%00%(upstream:track)%00%(upstream:remotename)%00%(upstream:remoteref) refs/heads/feature-product-index refs/remotes/feature-product-index [1ms]
2024-01-29 09:51:41.281 [info] > git status -z -uall [17ms]
2024-01-29 09:51:46.749 [info] > git config --get commit.template [2ms]
2024-01-29 09:51:46.762 [info] > git for-each-ref --format=%(refname)%00%(upstream:short)%00%(objectname)%00%(upstream:track)%00%(upstream:remotename)%00%(upstream:remoteref) refs/heads/feature-product-index refs/remotes/feature-product-index [2ms]
2024-01-29 09:51:46.791 [info] > git status -z -uall [20ms]
2024-01-29 09:52:09.092 [info] > git config --get commit.template [3ms]
2024-01-29 09:52:09.104 [info] > git for-each-ref --format=%(refname)%00%(upstream:short)%00%(objectname)%00%(upstream:track)%00%(upstream:remotename)%00%(upstream:remoteref) refs/heads/feature-product-index refs/remotes/feature-product-index [1ms]
2024-01-29 09:52:09.134 [info] > git status -z -uall [22ms]
2024-01-29 09:52:14.161 [info] > git config --get commit.template [7ms]
2024-01-29 09:52:14.162 [info] > git for-each-ref --format=%(refname)%00%(upstream:short)%00%(objectname)%00%(upstream:track)%00%(upstream:remotename)%00%(upstream:remoteref) refs/heads/feature-product-index refs/remotes/feature-product-index [2ms]
2024-01-29 09:52:14.187 [info] > git status -z -uall [18ms]
2024-01-29 09:52:19.202 [info] > git config --get commit.template [2ms]
2024-01-29 09:52:19.210 [info] > git for-each-ref --format=%(refname)%00%(upstream:short)%00%(objectname)%00%(upstream:track)%00%(upstream:remotename)%00%(upstream:remoteref) refs/heads/feature-product-index refs/remotes/feature-product-index [1ms]
2024-01-29 09:52:19.236 [info] > git status -z -uall [20ms]
2024-01-29 09:52:24.253 [info] > git config --get commit.template [1ms]
2024-01-29 09:52:24.263 [info] > git for-each-ref --format=%(refname)%00%(upstream:short)%00%(objectname)%00%(upstream:track)%00%(upstream:remotename)%00%(upstream:remoteref) refs/heads/feature-product-index refs/remotes/feature-product-index [1ms]
2024-01-29 09:52:24.288 [info] > git status -z -uall [19ms]
2024-01-29 09:53:15.083 [info] > git config --get commit.template [12ms]
2024-01-29 09:53:15.084 [info] > git for-each-ref --format=%(refname)%00%(upstream:short)%00%(objectname)%00%(upstream:track)%00%(upstream:remotename)%00%(upstream:remoteref) refs/heads/feature-product-index refs/remotes/feature-product-index [2ms]
2024-01-29 09:53:15.113 [info] > git status -z -uall [22ms]
2024-01-29 09:53:18.449 [info] > git show --textconv :.devcontainer/devcontainer.json [9ms]
2024-01-29 09:53:18.452 [info] > git ls-files --stage -- /home/jagaimo/.devcontainer/devcontainer.json [4ms]
2024-01-29 09:53:18.462 [info] > git cat-file -s 6c622f44be3c84541372babaf375c1a6e4ad1f3a [1ms]
2024-01-29 09:53:18.927 [info] > git check-ignore -v -z --stdin [5ms]
2024-01-29 09:53:20.131 [info] > git config --get commit.template [1ms]
2024-01-29 09:53:20.138 [info] > git for-each-ref --format=%(refname)%00%(upstream:short)%00%(objectname)%00%(upstream:track)%00%(upstream:remotename)%00%(upstream:remoteref) refs/heads/feature-product-index refs/remotes/feature-product-index [1ms]
2024-01-29 09:53:20.163 [info] > git status -z -uall [17ms]
2024-01-29 09:53:25.195 [info] > git config --get commit.template [2ms]
2024-01-29 09:53:25.205 [info] > git for-each-ref --format=%(refname)%00%(upstream:short)%00%(objectname)%00%(upstream:track)%00%(upstream:remotename)%00%(upstream:remoteref) refs/heads/feature-product-index refs/remotes/feature-product-index [1ms]
2024-01-29 09:53:25.230 [info] > git status -z -uall [18ms]
2024-01-29 09:53:52.131 [info] > git config --get commit.template [5ms]
2024-01-29 09:53:52.148 [info] > git for-each-ref --format=%(refname)%00%(upstream:short)%00%(objectname)%00%(upstream:track)%00%(upstream:remotename)%00%(upstream:remoteref) refs/heads/feature-product-index refs/remotes/feature-product-index [3ms]
2024-01-29 09:53:52.182 [info] > git status -z -uall [23ms]
2024-01-29 09:53:57.202 [info] > git config --get commit.template [1ms]
2024-01-29 09:53:57.213 [info] > git for-each-ref --format=%(refname)%00%(upstream:short)%00%(objectname)%00%(upstream:track)%00%(upstream:remotename)%00%(upstream:remoteref) refs/heads/feature-product-index refs/remotes/feature-product-index [2ms]
2024-01-29 09:53:57.256 [info] > git status -z -uall [30ms]
2024-01-29 09:54:05.072 [info] > git config --get commit.template [12ms]
2024-01-29 09:54:05.073 [info] > git for-each-ref --format=%(refname)%00%(upstream:short)%00%(objectname)%00%(upstream:track)%00%(upstream:remotename)%00%(upstream:remoteref) refs/heads/feature-product-index refs/remotes/feature-product-index [3ms]
2024-01-29 09:54:05.105 [info] > git status -z -uall [22ms]
2024-01-29 09:54:10.128 [info] > git config --get commit.template [1ms]
2024-01-29 09:54:10.135 [info] > git for-each-ref --format=%(refname)%00%(upstream:short)%00%(objectname)%00%(upstream:track)%00%(upstream:remotename)%00%(upstream:remoteref) refs/heads/feature-product-index refs/remotes/feature-product-index [1ms]
2024-01-29 09:54:10.160 [info] > git status -z -uall [18ms]
2024-01-29 09:54:20.323 [info] > git config --get commit.template [12ms]
2024-01-29 09:54:20.324 [info] > git for-each-ref --format=%(refname)%00%(upstream:short)%00%(objectname)%00%(upstream:track)%00%(upstream:remotename)%00%(upstream:remoteref) refs/heads/feature-product-index refs/remotes/feature-product-index [2ms]
2024-01-29 09:54:20.353 [info] > git status -z -uall [20ms]
2024-01-29 09:54:43.439 [info] > git config --get commit.template [2ms]
2024-01-29 09:54:43.453 [info] > git for-each-ref --format=%(refname)%00%(upstream:short)%00%(objectname)%00%(upstream:track)%00%(upstream:remotename)%00%(upstream:remoteref) refs/heads/feature-product-index refs/remotes/feature-product-index [1ms]
2024-01-29 09:54:43.481 [info] > git status -z -uall [20ms]
2024-01-29 09:54:45.779 [info] > git for-each-ref --sort -committerdate --format %(refname) %(objectname) %(*objectname) [3ms]
2024-01-29 09:55:37.407 [info] > git config --get commit.template [2ms]
2024-01-29 09:55:37.421 [info] > git for-each-ref --format=%(refname)%00%(upstream:short)%00%(objectname)%00%(upstream:track)%00%(upstream:remotename)%00%(upstream:remoteref) refs/heads/feature-product-index refs/remotes/feature-product-index [1ms]
2024-01-29 09:55:37.448 [info] > git status -z -uall [19ms]
2024-01-29 09:55:42.475 [info] > git config --get commit.template [7ms]
2024-01-29 09:55:42.475 [info] > git for-each-ref --format=%(refname)%00%(upstream:short)%00%(objectname)%00%(upstream:track)%00%(upstream:remotename)%00%(upstream:remoteref) refs/heads/feature-product-index refs/remotes/feature-product-index [2ms]
2024-01-29 09:55:42.502 [info] > git status -z -uall [20ms]
2024-01-29 09:55:42.542 [info] > git check-ignore -v -z --stdin [3ms]
2024-01-29 09:55:44.100 [info] > git show --textconv :Dockerfile [7ms]
2024-01-29 09:55:44.103 [info] > git ls-files --stage -- /home/jagaimo/Dockerfile [3ms]
2024-01-29 09:55:44.111 [info] > git cat-file -s 181331c876d3e8b97df9542dddf3daabde73f8ac [1ms]
2024-01-29 09:55:44.995 [info] > git show --textconv :Gemfile.lock [8ms]
2024-01-29 09:55:44.996 [info] > git ls-files --stage -- /home/jagaimo/Gemfile.lock [2ms]
2024-01-29 09:55:45.004 [info] > git cat-file -s c852fa9ea1bdb432c439d022d9edc26d1847693b [1ms]
2024-01-29 09:55:45.428 [info] > git show --textconv :gosuuser.sh [8ms]
2024-01-29 09:55:45.429 [info] > git ls-files --stage -- /home/jagaimo/gosuuser.sh [2ms]
2024-01-29 09:55:45.438 [info] > git cat-file -s e69de29bb2d1d6434b8b29ae775ad8c2e48c5391 [1ms]
2024-01-29 09:55:46.290 [info] > git show --textconv :entrypoint.sh [9ms]
2024-01-29 09:55:46.292 [info] > git ls-files --stage -- /home/jagaimo/entrypoint.sh [3ms]
2024-01-29 09:55:46.301 [info] > git cat-file -s 3af18f7492efffb367589d2121f67d772ff877e5 [2ms]
2024-01-29 09:55:47.156 [info] > git show --textconv :compose.yaml [10ms]
2024-01-29 09:55:47.159 [info] > git ls-files --stage -- /home/jagaimo/compose.yaml [3ms]
2024-01-29 09:55:47.169 [info] > git cat-file -s a1d8be0dbc37a78a83cbe8ebd7b63c79629c34eb [1ms]
2024-01-29 09:55:47.525 [info] > git config --get commit.template [8ms]
2024-01-29 09:55:47.526 [info] > git for-each-ref --format=%(refname)%00%(upstream:short)%00%(objectname)%00%(upstream:track)%00%(upstream:remotename)%00%(upstream:remoteref) refs/heads/feature-product-index refs/remotes/feature-product-index [1ms]
2024-01-29 09:55:47.554 [info] > git status -z -uall [20ms]
2024-01-29 09:55:52.569 [info] > git config --get commit.template [1ms]
2024-01-29 09:55:52.579 [info] > git for-each-ref --format=%(refname)%00%(upstream:short)%00%(objectname)%00%(upstream:track)%00%(upstream:remotename)%00%(upstream:remoteref) refs/heads/feature-product-index refs/remotes/feature-product-index [2ms]
2024-01-29 09:55:52.608 [info] > git status -z -uall [20ms]
2024-01-29 09:56:35.969 [info] > git config --get commit.template [1ms]
2024-01-29 09:56:35.979 [info] > git for-each-ref --format=%(refname)%00%(upstream:short)%00%(objectname)%00%(upstream:track)%00%(upstream:remotename)%00%(upstream:remoteref) refs/heads/feature-product-index refs/remotes/feature-product-index [1ms]
2024-01-29 09:56:36.009 [info] > git status -z -uall [21ms]
2024-01-29 09:56:41.032 [info] > git config --get commit.template [8ms]
2024-01-29 09:56:41.033 [info] > git for-each-ref --format=%(refname)%00%(upstream:short)%00%(objectname)%00%(upstream:track)%00%(upstream:remotename)%00%(upstream:remoteref) refs/heads/feature-product-index refs/remotes/feature-product-index [1ms]
2024-01-29 09:56:41.058 [info] > git status -z -uall [17ms]
2024-01-29 09:56:46.074 [info] > git config --get commit.template [1ms]
2024-01-29 09:56:46.081 [info] > git for-each-ref --format=%(refname)%00%(upstream:short)%00%(objectname)%00%(upstream:track)%00%(upstream:remotename)%00%(upstream:remoteref) refs/heads/feature-product-index refs/remotes/feature-product-index [1ms]
2024-01-29 09:56:46.104 [info] > git status -z -uall [17ms]
2024-01-29 09:56:50.529 [info] > git show --textconv :gosuuser.sh [13ms]
2024-01-29 09:56:50.532 [info] > git ls-files --stage -- /home/jagaimo/gosuuser.sh [4ms]
2024-01-29 09:56:50.545 [info] > git cat-file -s e69de29bb2d1d6434b8b29ae775ad8c2e48c5391 [1ms]
2024-01-29 09:56:50.908 [info] > git show --textconv :Dockerfile [8ms]
2024-01-29 09:56:50.910 [info] > git ls-files --stage -- /home/jagaimo/Dockerfile [3ms]
2024-01-29 09:56:50.917 [info] > git cat-file -s 181331c876d3e8b97df9542dddf3daabde73f8ac [1ms]
2024-01-29 09:56:51.120 [info] > git config --get commit.template [2ms]
2024-01-29 09:56:51.128 [info] > git for-each-ref --format=%(refname)%00%(upstream:short)%00%(objectname)%00%(upstream:track)%00%(upstream:remotename)%00%(upstream:remoteref) refs/heads/feature-product-index refs/remotes/feature-product-index [1ms]
2024-01-29 09:56:51.152 [info] > git status -z -uall [18ms]
2024-01-29 09:56:53.835 [info] > git show --textconv :gosuuser.sh [7ms]
2024-01-29 09:56:53.837 [info] > git ls-files --stage -- /home/jagaimo/gosuuser.sh [2ms]
2024-01-29 09:56:53.844 [info] > git cat-file -s e69de29bb2d1d6434b8b29ae775ad8c2e48c5391 [0ms]
2024-01-29 09:56:56.167 [info] > git config --get commit.template [1ms]
2024-01-29 09:56:56.176 [info] > git for-each-ref --format=%(refname)%00%(upstream:short)%00%(objectname)%00%(upstream:track)%00%(upstream:remotename)%00%(upstream:remoteref) refs/heads/feature-product-index refs/remotes/feature-product-index [2ms]
2024-01-29 09:56:56.202 [info] > git status -z -uall [19ms]
2024-01-29 09:56:58.894 [info] > git show --textconv :Dockerfile [9ms]
2024-01-29 09:56:58.896 [info] > git ls-files --stage -- /home/jagaimo/Dockerfile [3ms]
2024-01-29 09:56:58.905 [info] > git cat-file -s 181331c876d3e8b97df9542dddf3daabde73f8ac [1ms]
2024-01-29 09:56:59.435 [info] > git show --textconv :Gemfile [11ms]
2024-01-29 09:56:59.438 [info] > git ls-files --stage -- /home/jagaimo/Gemfile [3ms]
2024-01-29 09:56:59.451 [info] > git cat-file -s 0a77098cc176a98d00e4355a618b22abca548d03 [2ms]
2024-01-29 09:57:01.217 [info] > git config --get commit.template [1ms]
2024-01-29 09:57:01.225 [info] > git for-each-ref --format=%(refname)%00%(upstream:short)%00%(objectname)%00%(upstream:track)%00%(upstream:remotename)%00%(upstream:remoteref) refs/heads/feature-product-index refs/remotes/feature-product-index [1ms]
2024-01-29 09:57:01.250 [info] > git status -z -uall [18ms]
2024-01-29 09:57:06.265 [info] > git config --get commit.template [1ms]
2024-01-29 09:57:06.274 [info] > git for-each-ref --format=%(refname)%00%(upstream:short)%00%(objectname)%00%(upstream:track)%00%(upstream:remotename)%00%(upstream:remoteref) refs/heads/feature-product-index refs/remotes/feature-product-index [1ms]
2024-01-29 09:57:06.300 [info] > git status -z -uall [19ms]
2024-01-29 09:57:11.313 [info] > git config --get commit.template [1ms]
2024-01-29 09:57:11.321 [info] > git for-each-ref --format=%(refname)%00%(upstream:short)%00%(objectname)%00%(upstream:track)%00%(upstream:remotename)%00%(upstream:remoteref) refs/heads/feature-product-index refs/remotes/feature-product-index [1ms]
2024-01-29 09:57:11.345 [info] > git status -z -uall [17ms]
2024-01-29 09:57:16.359 [info] > git config --get commit.template [1ms]
2024-01-29 09:57:16.367 [info] > git for-each-ref --format=%(refname)%00%(upstream:short)%00%(objectname)%00%(upstream:track)%00%(upstream:remotename)%00%(upstream:remoteref) refs/heads/feature-product-index refs/remotes/feature-product-index [0ms]
2024-01-29 09:57:16.390 [info] > git status -z -uall [17ms]
2024-01-29 09:57:21.414 [info] > git config --get commit.template [11ms]
2024-01-29 09:57:21.415 [info] > git for-each-ref --format=%(refname)%00%(upstream:short)%00%(objectname)%00%(upstream:track)%00%(upstream:remotename)%00%(upstream:remoteref) refs/heads/feature-product-index refs/remotes/feature-product-index [4ms]
2024-01-29 09:57:21.463 [info] > git status -z -uall [42ms]
2024-01-29 09:57:28.734 [info] > git config --get commit.template [1ms]
2024-01-29 09:57:28.747 [info] > git for-each-ref --format=%(refname)%00%(upstream:short)%00%(objectname)%00%(upstream:track)%00%(upstream:remotename)%00%(upstream:remoteref) refs/heads/feature-product-index refs/remotes/feature-product-index [1ms]
2024-01-29 09:57:28.778 [info] > git status -z -uall [23ms]
2024-01-29 09:57:33.797 [info] > git config --get commit.template [1ms]
2024-01-29 09:57:33.805 [info] > git for-each-ref --format=%(refname)%00%(upstream:short)%00%(objectname)%00%(upstream:track)%00%(upstream:remotename)%00%(upstream:remoteref) refs/heads/feature-product-index refs/remotes/feature-product-index [1ms]
2024-01-29 09:57:33.830 [info] > git status -z -uall [18ms]
2024-01-29 09:57:38.845 [info] > git config --get commit.template [1ms]
2024-01-29 09:57:38.852 [info] > git for-each-ref --format=%(refname)%00%(upstream:short)%00%(objectname)%00%(upstream:track)%00%(upstream:remotename)%00%(upstream:remoteref) refs/heads/feature-product-index refs/remotes/feature-product-index [1ms]
2024-01-29 09:57:38.877 [info] > git status -z -uall [18ms]
2024-01-29 09:57:43.899 [info] > git config --get commit.template [9ms]
2024-01-29 09:57:43.900 [info] > git for-each-ref --format=%(refname)%00%(upstream:short)%00%(objectname)%00%(upstream:track)%00%(upstream:remotename)%00%(upstream:remoteref) refs/heads/feature-product-index refs/remotes/feature-product-index [1ms]
2024-01-29 09:57:43.924 [info] > git status -z -uall [18ms]
2024-01-29 09:57:48.938 [info] > git config --get commit.template [1ms]
2024-01-29 09:57:48.946 [info] > git for-each-ref --format=%(refname)%00%(upstream:short)%00%(objectname)%00%(upstream:track)%00%(upstream:remotename)%00%(upstream:remoteref) refs/heads/feature-product-index refs/remotes/feature-product-index [1ms]
2024-01-29 09:57:48.970 [info] > git status -z -uall [17ms]
2024-01-29 09:57:53.992 [info] > git config --get commit.template [7ms]
2024-01-29 09:57:53.993 [info] > git for-each-ref --format=%(refname)%00%(upstream:short)%00%(objectname)%00%(upstream:track)%00%(upstream:remotename)%00%(upstream:remoteref) refs/heads/feature-product-index refs/remotes/feature-product-index [2ms]
2024-01-29 09:57:54.017 [info] > git status -z -uall [18ms]
2024-01-29 09:57:59.031 [info] > git config --get commit.template [1ms]
2024-01-29 09:57:59.039 [info] > git for-each-ref --format=%(refname)%00%(upstream:short)%00%(objectname)%00%(upstream:track)%00%(upstream:remotename)%00%(upstream:remoteref) refs/heads/feature-product-index refs/remotes/feature-product-index [1ms]
2024-01-29 09:57:59.062 [info] > git status -z -uall [16ms]
2024-01-29 09:58:04.076 [info] > git config --get commit.template [0ms]
2024-01-29 09:58:04.083 [info] > git for-each-ref --format=%(refname)%00%(upstream:short)%00%(objectname)%00%(upstream:track)%00%(upstream:remotename)%00%(upstream:remoteref) refs/heads/feature-product-index refs/remotes/feature-product-index [0ms]
2024-01-29 09:58:04.108 [info] > git status -z -uall [17ms]
2024-01-29 09:58:44.824 [info] > git config --get commit.template [2ms]
2024-01-29 09:58:44.837 [info] > git for-each-ref --format=%(refname)%00%(upstream:short)%00%(objectname)%00%(upstream:track)%00%(upstream:remotename)%00%(upstream:remoteref) refs/heads/feature-product-index refs/remotes/feature-product-index [1ms]
2024-01-29 09:58:44.865 [info] > git status -z -uall [18ms]
2024-01-29 09:58:51.812 [info] > git config --get commit.template [4ms]
2024-01-29 09:58:51.823 [info] > git for-each-ref --format=%(refname)%00%(upstream:short)%00%(objectname)%00%(upstream:track)%00%(upstream:remotename)%00%(upstream:remoteref) refs/heads/feature-product-index refs/remotes/feature-product-index [2ms]
2024-01-29 09:58:51.852 [info] > git status -z -uall [20ms]
2024-01-29 09:58:56.868 [info] > git config --get commit.template [1ms]
2024-01-29 09:58:56.876 [info] > git for-each-ref --format=%(refname)%00%(upstream:short)%00%(objectname)%00%(upstream:track)%00%(upstream:remotename)%00%(upstream:remoteref) refs/heads/feature-product-index refs/remotes/feature-product-index [1ms]
2024-01-29 09:58:56.901 [info] > git status -z -uall [18ms]
2024-01-29 09:59:01.923 [info] > git config --get commit.template [8ms]
2024-01-29 09:59:01.924 [info] > git for-each-ref --format=%(refname)%00%(upstream:short)%00%(objectname)%00%(upstream:track)%00%(upstream:remotename)%00%(upstream:remoteref) refs/heads/feature-product-index refs/remotes/feature-product-index [1ms]
2024-01-29 09:59:01.948 [info] > git status -z -uall [17ms]
2024-01-29 09:59:26.873 [info] > git config --get commit.template [1ms]
2024-01-29 09:59:26.883 [info] > git for-each-ref --format=%(refname)%00%(upstream:short)%00%(objectname)%00%(upstream:track)%00%(upstream:remotename)%00%(upstream:remoteref) refs/heads/feature-product-index refs/remotes/feature-product-index [1ms]
2024-01-29 09:59:26.913 [info] > git status -z -uall [19ms]
2024-01-29 09:59:31.928 [info] > git config --get commit.template [1ms]
2024-01-29 09:59:31.937 [info] > git for-each-ref --format=%(refname)%00%(upstream:short)%00%(objectname)%00%(upstream:track)%00%(upstream:remotename)%00%(upstream:remoteref) refs/heads/feature-product-index refs/remotes/feature-product-index [1ms]
2024-01-29 09:59:31.963 [info] > git status -z -uall [19ms]
2024-01-29 09:59:36.986 [info] > git config --get commit.template [8ms]
2024-01-29 09:59:36.987 [info] > git for-each-ref --format=%(refname)%00%(upstream:short)%00%(objectname)%00%(upstream:track)%00%(upstream:remotename)%00%(upstream:remoteref) refs/heads/feature-product-index refs/remotes/feature-product-index [2ms]
2024-01-29 09:59:37.011 [info] > git status -z -uall [18ms]
2024-01-29 09:59:42.026 [info] > git config --get commit.template [1ms]
2024-01-29 09:59:42.033 [info] > git for-each-ref --format=%(refname)%00%(upstream:short)%00%(objectname)%00%(upstream:track)%00%(upstream:remotename)%00%(upstream:remoteref) refs/heads/feature-product-index refs/remotes/feature-product-index [1ms]
2024-01-29 09:59:42.057 [info] > git status -z -uall [17ms]
2024-01-29 09:59:44.107 [info] > git show --textconv :.devcontainer/devcontainer.json [10ms]
2024-01-29 09:59:44.109 [info] > git ls-files --stage -- /home/jagaimo/.devcontainer/devcontainer.json [2ms]
2024-01-29 09:59:44.119 [info] > git cat-file -s 6c622f44be3c84541372babaf375c1a6e4ad1f3a [1ms]
2024-01-29 09:59:47.079 [info] > git config --get commit.template [7ms]
2024-01-29 09:59:47.079 [info] > git for-each-ref --format=%(refname)%00%(upstream:short)%00%(objectname)%00%(upstream:track)%00%(upstream:remotename)%00%(upstream:remoteref) refs/heads/feature-product-index refs/remotes/feature-product-index [1ms]
2024-01-29 09:59:47.102 [info] > git status -z -uall [17ms]
2024-01-29 10:02:50.700 [info] > git config --get commit.template [1ms]
2024-01-29 10:02:50.713 [info] > git for-each-ref --format=%(refname)%00%(upstream:short)%00%(objectname)%00%(upstream:track)%00%(upstream:remotename)%00%(upstream:remoteref) refs/heads/feature-product-index refs/remotes/feature-product-index [2ms]
2024-01-29 10:02:50.744 [info] > git status -z -uall [22ms]
2024-01-29 10:06:45.455 [info] > git config --get commit.template [1ms]
2024-01-29 10:06:45.466 [info] > git for-each-ref --format=%(refname)%00%(upstream:short)%00%(objectname)%00%(upstream:track)%00%(upstream:remotename)%00%(upstream:remoteref) refs/heads/feature-product-index refs/remotes/feature-product-index [1ms]
2024-01-29 10:06:45.498 [info] > git status -z -uall [23ms]
2024-01-29 10:06:50.519 [info] > git config --get commit.template [1ms]
2024-01-29 10:06:50.529 [info] > git for-each-ref --format=%(refname)%00%(upstream:short)%00%(objectname)%00%(upstream:track)%00%(upstream:remotename)%00%(upstream:remoteref) refs/heads/feature-product-index refs/remotes/feature-product-index [2ms]
2024-01-29 10:06:50.555 [info] > git status -z -uall [19ms]
2024-01-29 10:06:55.582 [info] > git config --get commit.template [10ms]
2024-01-29 10:06:55.582 [info] > git for-each-ref --format=%(refname)%00%(upstream:short)%00%(objectname)%00%(upstream:track)%00%(upstream:remotename)%00%(upstream:remoteref) refs/heads/feature-product-index refs/remotes/feature-product-index [1ms]
2024-01-29 10:06:55.611 [info] > git status -z -uall [20ms]
2024-01-29 10:07:18.314 [info] > git config --get commit.template [1ms]
2024-01-29 10:07:18.328 [info] > git for-each-ref --format=%(refname)%00%(upstream:short)%00%(objectname)%00%(upstream:track)%00%(upstream:remotename)%00%(upstream:remoteref) refs/heads/feature-product-index refs/remotes/feature-product-index [2ms]
2024-01-29 10:07:18.359 [info] > git status -z -uall [23ms]
2024-01-29 10:07:23.375 [info] > git config --get commit.template [1ms]
2024-01-29 10:07:23.382 [info] > git for-each-ref --format=%(refname)%00%(upstream:short)%00%(objectname)%00%(upstream:track)%00%(upstream:remotename)%00%(upstream:remoteref) refs/heads/feature-product-index refs/remotes/feature-product-index [0ms]
2024-01-29 10:07:23.409 [info] > git status -z -uall [19ms]
2024-01-29 10:07:28.425 [info] > git config --get commit.template [1ms]
2024-01-29 10:07:28.433 [info] > git for-each-ref --format=%(refname)%00%(upstream:short)%00%(objectname)%00%(upstream:track)%00%(upstream:remotename)%00%(upstream:remoteref) refs/heads/feature-product-index refs/remotes/feature-product-index [1ms]
2024-01-29 10:07:28.459 [info] > git status -z -uall [19ms]
2024-01-29 10:07:41.791 [info] > git config --get commit.template [2ms]
2024-01-29 10:07:41.807 [info] > git for-each-ref --format=%(refname)%00%(upstream:short)%00%(objectname)%00%(upstream:track)%00%(upstream:remotename)%00%(upstream:remoteref) refs/heads/feature-product-index refs/remotes/feature-product-index [2ms]
2024-01-29 10:07:41.855 [info] > git status -z -uall [30ms]
2024-01-29 10:07:46.877 [info] > git config --get commit.template [1ms]
2024-01-29 10:07:46.885 [info] > git for-each-ref --format=%(refname)%00%(upstream:short)%00%(objectname)%00%(upstream:track)%00%(upstream:remotename)%00%(upstream:remoteref) refs/heads/feature-product-index refs/remotes/feature-product-index [1ms]
2024-01-29 10:07:46.909 [info] > git status -z -uall [17ms]
2024-01-29 10:07:51.933 [info] > git config --get commit.template [7ms]
2024-01-29 10:07:51.933 [info] > git for-each-ref --format=%(refname)%00%(upstream:short)%00%(objectname)%00%(upstream:track)%00%(upstream:remotename)%00%(upstream:remoteref) refs/heads/feature-product-index refs/remotes/feature-product-index [1ms]
2024-01-29 10:07:51.958 [info] > git status -z -uall [18ms]
2024-01-29 10:07:56.981 [info] > git config --get commit.template [8ms]
2024-01-29 10:07:56.982 [info] > git for-each-ref --format=%(refname)%00%(upstream:short)%00%(objectname)%00%(upstream:track)%00%(upstream:remotename)%00%(upstream:remoteref) refs/heads/feature-product-index refs/remotes/feature-product-index [1ms]
2024-01-29 10:07:57.007 [info] > git status -z -uall [19ms]
2024-01-29 10:08:02.030 [info] > git config --get commit.template [8ms]
2024-01-29 10:08:02.031 [info] > git for-each-ref --format=%(refname)%00%(upstream:short)%00%(objectname)%00%(upstream:track)%00%(upstream:remotename)%00%(upstream:remoteref) refs/heads/feature-product-index refs/remotes/feature-product-index [1ms]
2024-01-29 10:08:02.058 [info] > git status -z -uall [19ms]
2024-01-29 10:08:07.074 [info] > git config --get commit.template [1ms]
2024-01-29 10:08:07.082 [info] > git for-each-ref --format=%(refname)%00%(upstream:short)%00%(objectname)%00%(upstream:track)%00%(upstream:remotename)%00%(upstream:remoteref) refs/heads/feature-product-index refs/remotes/feature-product-index [1ms]
2024-01-29 10:08:07.108 [info] > git status -z -uall [18ms]
2024-01-29 10:08:12.123 [info] > git config --get commit.template [1ms]
2024-01-29 10:08:12.131 [info] > git for-each-ref --format=%(refname)%00%(upstream:short)%00%(objectname)%00%(upstream:track)%00%(upstream:remotename)%00%(upstream:remoteref) refs/heads/feature-product-index refs/remotes/feature-product-index [0ms]
2024-01-29 10:08:12.156 [info] > git status -z -uall [19ms]
