2024-01-30 18:22:59.744 [info] Log level: Info
2024-01-30 18:22:59.744 [info] Validating found git in: "git"
2024-01-30 18:22:59.744 [info] Using git "2.30.2" from "git"
2024-01-30 18:22:59.744 [info] > git rev-parse --show-toplevel [6ms]
2024-01-30 18:22:59.744 [info] fatal: not a git repository (or any of the parent directories): .git
2024-01-30 18:23:00.227 [info] Log level: Info
2024-01-30 18:23:00.227 [info] Validating found git in: "git"
2024-01-30 18:23:00.227 [info] Using git "2.30.2" from "git"
2024-01-30 18:23:00.227 [info] > git rev-parse --show-toplevel [84ms]
2024-01-30 18:23:00.338 [info] > git rev-parse --git-dir --git-common-dir [85ms]
2024-01-30 18:23:00.351 [info] Open repository: /home/jagaimo
2024-01-30 18:23:00.374 [info] > git rev-parse --show-toplevel [5ms]
2024-01-30 18:23:00.375 [info] > git config --get commit.template [14ms]
2024-01-30 18:23:00.399 [info] > git rev-parse --show-toplevel [14ms]
2024-01-30 18:23:00.415 [info] > git rev-parse --show-toplevel [7ms]
2024-01-30 18:23:00.415 [info] > git for-each-ref --format=%(refname)%00%(upstream:short)%00%(objectname)%00%(upstream:track)%00%(upstream:remotename)%00%(upstream:remoteref) refs/heads/feature-product-index refs/remotes/feature-product-index [19ms]
2024-01-30 18:23:00.435 [info] > git rev-parse --show-toplevel [2ms]
2024-01-30 18:23:00.448 [info] > git rev-parse --show-toplevel [4ms]
2024-01-30 18:23:00.466 [info] > git rev-parse --show-toplevel [1ms]
2024-01-30 18:23:00.591 [info] > git status -z -uall [168ms]
2024-01-30 18:23:00.596 [info] > git rev-parse --show-toplevel [121ms]
2024-01-30 18:23:00.630 [info] > git rev-parse --show-toplevel [22ms]
2024-01-30 18:23:00.639 [info] > git config --get commit.template [11ms]
2024-01-30 18:23:00.644 [info] > git rev-parse --show-toplevel [8ms]
2024-01-30 18:23:00.670 [info] > git rev-parse --show-toplevel [6ms]
2024-01-30 18:23:00.670 [info] > git for-each-ref --format=%(refname)%00%(upstream:short)%00%(objectname)%00%(upstream:track)%00%(upstream:remotename)%00%(upstream:remoteref) refs/heads/feature-product-index refs/remotes/feature-product-index [13ms]
2024-01-30 18:23:00.759 [info] > git status -z -uall [84ms]
2024-01-30 18:23:00.765 [info] > git rev-parse --show-toplevel [81ms]
2024-01-30 18:23:00.774 [info] > git rev-parse --show-toplevel [1ms]
2024-01-30 18:23:00.784 [info] > git rev-parse --show-toplevel [1ms]
2024-01-30 18:23:00.791 [info] > git rev-parse --show-toplevel [1ms]
2024-01-30 18:23:00.800 [info] > git rev-parse --show-toplevel [0ms]
2024-01-30 18:23:00.807 [info] > git rev-parse --show-toplevel [2ms]
2024-01-30 18:23:00.925 [info] > git check-ignore -v -z --stdin [7ms]
2024-01-30 18:23:01.097 [info] > git show --textconv :jagaimo/.ssh/known_hosts [8ms]
2024-01-30 18:23:01.100 [info] > git ls-files --stage -- /home/jagaimo/jagaimo/.ssh/known_hosts [3ms]
2024-01-30 18:23:01.107 [info] > git cat-file -s a1b487526bb73c10df3574e8694fb722b62ecf19 [1ms]
2024-01-30 18:23:01.120 [info] > git config --get commit.template [2ms]
2024-01-30 18:23:01.128 [info] > git for-each-ref --format=%(refname)%00%(upstream:short)%00%(objectname)%00%(upstream:track)%00%(upstream:remotename)%00%(upstream:remoteref) refs/heads/feature-product-index refs/remotes/feature-product-index [2ms]
2024-01-30 18:23:01.156 [info] > git status -z -uall [22ms]
2024-01-30 18:24:05.907 [info] > git check-ignore -v -z --stdin [3ms]
2024-01-30 20:40:07.765 [info] > git config --get commit.template [11ms]
2024-01-30 20:40:07.768 [info] > git for-each-ref --format=%(refname)%00%(upstream:short)%00%(objectname)%00%(upstream:track)%00%(upstream:remotename)%00%(upstream:remoteref) refs/heads/feature-product-index refs/remotes/feature-product-index [7ms]
2024-01-30 20:40:07.898 [info] > git status -z -uall [122ms]
2024-01-30 20:40:12.920 [info] > git config --get commit.template [9ms]
2024-01-30 20:40:12.921 [info] > git for-each-ref --format=%(refname)%00%(upstream:short)%00%(objectname)%00%(upstream:track)%00%(upstream:remotename)%00%(upstream:remoteref) refs/heads/feature-product-index refs/remotes/feature-product-index [2ms]
2024-01-30 20:40:12.949 [info] > git status -z -uall [22ms]
2024-01-30 20:41:45.352 [info] > git config --get commit.template [2ms]
2024-01-30 20:41:45.365 [info] > git for-each-ref --format=%(refname)%00%(upstream:short)%00%(objectname)%00%(upstream:track)%00%(upstream:remotename)%00%(upstream:remoteref) refs/heads/feature-product-index refs/remotes/feature-product-index [2ms]
2024-01-30 20:41:45.401 [info] > git ls-files --stage -- /home/jagaimo/jagaimo/.ssh/known_hosts [4ms]
2024-01-30 20:41:45.413 [info] > git status -z -uall [36ms]
2024-01-30 20:41:45.419 [info] > git cat-file -s a1b487526bb73c10df3574e8694fb722b62ecf19 [7ms]
2024-01-30 20:41:45.449 [info] > git show --textconv :jagaimo/.ssh/known_hosts [5ms]
2024-01-30 20:41:50.436 [info] > git config --get commit.template [9ms]
2024-01-30 20:41:50.437 [info] > git for-each-ref --format=%(refname)%00%(upstream:short)%00%(objectname)%00%(upstream:track)%00%(upstream:remotename)%00%(upstream:remoteref) refs/heads/feature-product-index refs/remotes/feature-product-index [2ms]
2024-01-30 20:41:50.463 [info] > git status -z -uall [20ms]
2024-01-30 20:42:39.882 [info] > git check-ignore -v -z --stdin [7ms]
2024-01-30 20:43:00.442 [info] > git check-ignore -v -z --stdin [4ms]
2024-01-30 20:43:01.741 [info] > git check-ignore -v -z --stdin [4ms]
2024-01-30 20:43:03.379 [info] > git check-ignore -v -z --stdin [3ms]
2024-01-30 20:43:04.270 [info] > git check-ignore -v -z --stdin [3ms]
2024-01-30 20:43:05.464 [info] > git check-ignore -v -z --stdin [2ms]
2024-01-30 20:43:06.972 [info] > git check-ignore -v -z --stdin [4ms]
2024-01-30 20:50:49.802 [info] > git show --textconv :jagaimo/.gitconfig [8ms]
2024-01-30 20:50:49.804 [info] > git ls-files --stage -- /home/jagaimo/jagaimo/.gitconfig [3ms]
2024-01-30 20:50:49.813 [info] > git cat-file -s a2d861d3e3354c96eb905c9a0d6fdea5ea1aadfc [1ms]
2024-01-30 20:50:52.102 [info] > git check-ignore -v -z --stdin [5ms]
2024-01-30 20:50:52.702 [info] > git check-ignore -v -z --stdin [14ms]
2024-01-30 20:50:53.378 [info] > git check-ignore -v -z --stdin [4ms]
2024-01-30 20:50:53.585 [info] > git show --textconv :jagaimo/.vscode-server/bin/8b3775030ed1a69b13e4f4c628c612102e30a681/bin/helpers/browser.sh [9ms]
2024-01-30 20:50:53.587 [info] > git ls-files --stage -- /home/jagaimo/jagaimo/.vscode-server/bin/8b3775030ed1a69b13e4f4c628c612102e30a681/bin/helpers/browser.sh [2ms]
2024-01-30 20:50:53.599 [info] > git cat-file -s e99f88eeec89cf7c60a38dad69893a3c0e260408 [1ms]
