2024-02-02 18:05:57.570 [info] Extension host with pid 423 started
2024-02-02 18:05:57.570 [error] Error: EEXIST: file already exists, open '/home/jagaimo/jagaimo/.vscode-server/data/User/workspaceStorage/60f51436b767e64a709d743a845f2aae/vscode.lock'
2024-02-02 18:05:57.578 [info] Lock '/home/jagaimo/jagaimo/.vscode-server/data/User/workspaceStorage/60f51436b767e64a709d743a845f2aae/vscode.lock': Could not acquire lock, checking if the file is stale.
2024-02-02 18:05:57.591 [info] Lock '/home/jagaimo/jagaimo/.vscode-server/data/User/workspaceStorage/60f51436b767e64a709d743a845f2aae/vscode.lock': The pid 31330 appears to be gone.
2024-02-02 18:05:57.591 [info] Lock '/home/jagaimo/jagaimo/.vscode-server/data/User/workspaceStorage/60f51436b767e64a709d743a845f2aae/vscode.lock': Deleting a stale lock.
2024-02-02 18:05:57.610 [info] Lock '/home/jagaimo/jagaimo/.vscode-server/data/User/workspaceStorage/60f51436b767e64a709d743a845f2aae/vscode.lock': Lock acquired.
2024-02-02 18:05:57.744 [info] ExtensionService#_doActivateExtension vscode.emmet, startup: false, activationEvent: 'onLanguage'
2024-02-02 18:05:57.938 [info] ExtensionService#_doActivateExtension vscode.git-base, startup: true, activationEvent: '*', root cause: vscode.git
2024-02-02 18:05:57.938 [info] ExtensionService#_doActivateExtension HookyQR.beautify, startup: true, activationEvent: '*'
2024-02-02 18:05:58.088 [info] ExtensionService#_doActivateExtension vscode.git, startup: true, activationEvent: '*'
2024-02-02 18:05:58.095 [info] ExtensionService#_doActivateExtension vscode.github, startup: true, activationEvent: '*'
2024-02-02 18:05:58.894 [warning] [Decorations] CAPPING events from decorations provider vscode.git 1142
2024-02-02 18:05:59.351 [warning] [Decorations] CAPPING events from decorations provider vscode.git 1142
2024-02-02 18:06:00.255 [info] ExtensionService#_doActivateExtension github.vscode-github-actions, startup: true, activationEvent: 'workspaceContains:**/.github/workflows/**'
2024-02-02 18:06:01.460 [warning] [Decorations] CAPPING events from decorations provider vscode.git 1143
2024-02-02 18:06:02.828 [info] Eager extensions activated
2024-02-02 18:06:02.828 [info] ExtensionService#_doActivateExtension vscode.debug-auto-launch, startup: false, activationEvent: 'onStartupFinished'
2024-02-02 18:06:02.829 [info] ExtensionService#_doActivateExtension vscode.merge-conflict, startup: false, activationEvent: 'onStartupFinished'
2024-02-02 18:06:02.829 [info] ExtensionService#_doActivateExtension smallStall.auto-arrange-tabs, startup: false, activationEvent: 'onStartupFinished'
2024-02-02 18:06:03.678 [info] ExtensionService#_doActivateExtension vscode.npm, startup: false, activationEvent: 'onTerminalQuickFixRequest:ms-vscode.npm-command'
