2024-01-30 13:49:48.823 [info] Log level: Info
2024-01-30 13:49:48.823 [info] Validating found git in: "git"
2024-01-30 13:49:48.823 [info] Using git "2.30.2" from "git"
2024-01-30 13:49:48.823 [info] > git rev-parse --show-toplevel [4ms]
2024-01-30 13:49:48.823 [info] fatal: not a git repository (or any of the parent directories): .git
2024-01-30 13:49:48.823 [info] > git rev-parse --show-toplevel [43ms]
2024-01-30 13:49:48.823 [info] fatal: not a git repository (or any of the parent directories): .git
2024-01-30 13:49:48.823 [info] > git rev-parse --show-toplevel [3ms]
2024-01-30 13:49:48.823 [info] fatal: not a git repository (or any of the parent directories): .git
2024-01-30 13:49:54.036 [info] > git rev-parse --show-toplevel [1ms]
2024-01-30 13:49:54.036 [info] fatal: not a git repository (or any of the parent directories): .git
2024-01-30 13:49:55.852 [info] > git rev-parse --show-toplevel [1ms]
2024-01-30 13:49:55.852 [info] fatal: not a git repository (or any of the parent directories): .git
2024-01-30 13:49:57.065 [info] > git rev-parse --show-toplevel [1ms]
2024-01-30 13:49:57.066 [info] fatal: not a git repository (or any of the parent directories): .git
2024-01-30 13:50:05.051 [info] > git rev-parse --show-toplevel [3ms]
2024-01-30 13:50:05.052 [info] fatal: not a git repository (or any of the parent directories): .git
2024-01-30 13:53:23.031 [info] > git rev-parse --show-toplevel [2ms]
2024-01-30 13:53:23.031 [info] fatal: not a git repository (or any of the parent directories): .git
2024-01-30 13:53:25.542 [info] > git rev-parse --show-toplevel [1ms]
2024-01-30 13:53:25.543 [info] fatal: not a git repository (or any of the parent directories): .git
2024-01-30 13:53:26.341 [info] > git rev-parse --show-toplevel [2ms]
2024-01-30 13:53:26.341 [info] fatal: not a git repository (or any of the parent directories): .git
2024-01-30 13:54:20.503 [info] > git rev-parse --show-toplevel [1ms]
2024-01-30 13:54:20.503 [info] fatal: not a git repository (or any of the parent directories): .git
